-=#  geomeTRIC started. Version: 0.9.7.2  #=-
geometric-optimize called with the following command line:
apdft-pyscf-calc.py
6 internal coordinates being used (instead of 6 Cartesians)
Internal coordinate system (atoms numbered from 1):
Distance 1-2
Translation-X 1-2
Translation-Y 1-2
Translation-Z 1-2
Rotation-A 1-2
Rotation-B 1-2
Rotation-C 1-2
<class 'geometric.internal.Distance'> : 1
<class 'geometric.internal.TranslationX'> : 1
<class 'geometric.internal.TranslationY'> : 1
<class 'geometric.internal.TranslationZ'> : 1
<class 'geometric.internal.RotationA'> : 1
<class 'geometric.internal.RotationB'> : 1
<class 'geometric.internal.RotationC'> : 1
WARN: beta  nocc = 4  HOMO -0.205226855081572 >= LUMO -0.205226855081566
WARN: system HOMO -0.205226855081566 >= system LUMO -0.205226855081566
Step    0 : Gradient = 2.733e-02/2.733e-02 (rms/max) Energy = -55.1844538540
Hessian Eigenvalues: 5.00000e-02 5.00000e-02 5.00000e-02 ... 5.00000e-02 5.00000e-02 4.76883e-01
Step    1 : Displace = 1.516e-02/1.516e-02 (rms/max) Trust = 1.000e-01 (=) Grad = 3.099e-03/3.099e-03 (rms/max) E (change) = -55.1853015825 (-8.477e-04) Quality = 1.083
Hessian Eigenvalues: 5.00000e-02 5.00000e-02 5.00000e-02 ... 5.00000e-02 5.00000e-02 4.22807e-01
Step    2 : Displace = 1.939e-03/1.939e-03 (rms/max) Trust = 1.414e-01 (+) Grad = 3.503e-04/3.503e-04 (rms/max) E (change) = -55.1853140505 (-1.247e-05) Quality = 1.098
Hessian Eigenvalues: 5.00000e-02 5.00000e-02 5.00000e-02 ... 5.00000e-02 5.00000e-02 3.75007e-01
Step    3 : Displace = 2.472e-04/2.472e-04 (rms/max) Trust = 2.000e-01 (+) Grad = 6.103e-06/6.103e-06 (rms/max) E (change) = -55.1853143225 (-2.720e-07) Quality = 1.662
Converged! =D

    #==========================================================================#
    #| If this code has benefited your research, please support us by citing: |#
    #|                                                                        |#
    #| Wang, L.-P.; Song, C.C. (2016) "Geometry optimization made simple with |#
    #| translation and rotation coordinates", J. Chem, Phys. 144, 214108.     |#
    #| http://dx.doi.org/10.1063/1.4952956                                    |#
    #==========================================================================#
    
Time elapsed since start of run_optimizer: 575.096 seconds
output file: /ihome/jkeith/amm503/projects/apdft/dimer-geo-opt/n.h/n.h.chrg-1.mult2/n.h.chrg-1.mult2.geomopt/n.h.chrg-1.mult2.sep1.0-pyscf.apdft-ccsdt.ccpv5z/n.h.chrg-1.mult2-pyscf-ccsdt.ccpv5z.log
Optimized bond length = 1.0346976985596867 A

