-=#  geomeTRIC started. Version: 0.9.7.2  #=-
geometric-optimize called with the following command line:
apdft-pyscf-calc.py
6 internal coordinates being used (instead of 6 Cartesians)
Internal coordinate system (atoms numbered from 1):
Distance 1-2
Translation-X 1-2
Translation-Y 1-2
Translation-Z 1-2
Rotation-A 1-2
Rotation-B 1-2
Rotation-C 1-2
<class 'geometric.internal.Distance'> : 1
<class 'geometric.internal.TranslationX'> : 1
<class 'geometric.internal.TranslationY'> : 1
<class 'geometric.internal.TranslationZ'> : 1
<class 'geometric.internal.RotationA'> : 1
<class 'geometric.internal.RotationB'> : 1
<class 'geometric.internal.RotationC'> : 1
WARN: system HOMO -0.0801286435089695 >= system LUMO -0.270229664905759
Step    0 : Gradient = 7.087e-02/7.087e-02 (rms/max) Energy = -38.4194081365
Hessian Eigenvalues: 5.00000e-02 5.00000e-02 5.00000e-02 ... 5.00000e-02 5.00000e-02 4.76883e-01
Step    1 : Displace = 3.932e-02/3.932e-02 (rms/max) Trust = 1.000e-01 (=) Grad = 2.465e-03/2.465e-03 (rms/max) E (change) = -38.4244682653 (-5.060e-03) Quality = 0.961
Hessian Eigenvalues: 5.00000e-02 5.00000e-02 5.00000e-02 ... 5.00000e-02 5.00000e-02 4.60296e-01
Step    2 : Displace = 1.417e-03/1.417e-03 (rms/max) Trust = 1.414e-01 (+) Grad = 5.494e-04/5.494e-04 (rms/max) E (change) = -38.4244762708 (-8.005e-06) Quality = 1.213
Hessian Eigenvalues: 5.00000e-02 5.00000e-02 5.00000e-02 ... 5.00000e-02 5.00000e-02 3.57705e-01
Step    3 : Displace = 4.064e-04/4.064e-04 (rms/max) Trust = 2.000e-01 (+) Grad = 6.249e-06/6.249e-06 (rms/max) E (change) = -38.4244766705 (-3.997e-07) Quality = 0.947
Converged! =D

    #==========================================================================#
    #| If this code has benefited your research, please support us by citing: |#
    #|                                                                        |#
    #| Wang, L.-P.; Song, C.C. (2016) "Geometry optimization made simple with |#
    #| translation and rotation coordinates", J. Chem, Phys. 144, 214108.     |#
    #| http://dx.doi.org/10.1063/1.4952956                                    |#
    #==========================================================================#
    
Time elapsed since start of run_optimizer: 684.110 seconds
output file: /ihome/jkeith/amm503/projects/apdft/dimer-geo-opt/c.h/c.h.chrg0.mult4/c.h.chrg0.mult4.geomopt/c.h.chrg0.mult4.sep1.0-pyscf.qa-ccsdt.ccpv5z/c.h.chrg0.mult4-pyscf-ccsdt.ccpv5z.log
Optimized bond length = 1.082292793350291 A

