#INFO: **** input file is /ihome/jkeith/amm503/projects/apdft/dimer-geo-opt/ne.h/ne.h.chrg1.mult3/ne.h.chrg1.mult3.geomopt/ne.h.chrg1.mult3.sep1.0-pyscf.qa-ccsdt.ccpv5z/apdft-pyscf-calc.py ****

import os
import pathlib
import re
import numpy as np
import json
import pyscf
import pyscf.gto
import pyscf.qmmm
from pyscf import scf
import pyscf.dft
import pyscf.lib
import pyscf.mp
from pyscf.geomopt.geometric_solver import optimize
from pyscf import __version__ as pyscf_version
import findiff
import matplotlib.pyplot as plt

try:
    import cclib
    has_cclib = True
except:
    has_cclib = False

try:
    from mpi4pyscf import scf
except:
    pass

# Specifying system.
atoms = ['Ne', 'H']
dimer_sep = 1.0  # `None` if a single atom, float if dimer (in Angstroms).
charge = 1
multiplicity = 3
scf_conv_tol = 1e-09  # Default: 1e-9
scf_conv_tol_grad = 1e-06  # Default: 3.162e-6
cc_conv_tol = 1e-07  # Default: 1e-7
cc_conv_tol_normt = 1e-05  # Default: 1e-5

scf_diis_space = 16  # Default: 8
cc_diis_space = 12  # Default: 6

# Specifying calculation.
qc_method = 'CCSD(T)'
basis_set = 'cc-pV5Z'  # cc-pV5Z
n_cores = 6  # Number of cores used on SMP (used for max memory).





#####     NO CHANGES NEEDED BELOW     #####


# Setting up paths.
work_dir = str(pathlib.Path(__file__).parent.resolve())
if work_dir[-1] == '/': work_dir = work_dir[:-1]  # Ensures path does NOT end in '/'

_element_to_z = {
    'H': 1, 'He': 2, 'Li': 3, 'Be': 4, 'B': 5, 'C': 6, 'N': 7, 'O': 8, 'F': 9,
    'Ne': 10, 'Na': 11, 'Mg': 12, 'Al': 13, 'Si': 14, 'P': 15, 'S': 16,
    'Cl': 17, 'Ar': 18
}

def atoms_by_number(atom_list):
    return [_element_to_z[i] for i in atom_list]

qc_method_lower = qc_method.lower()
atomic_numbers = atoms_by_number(atoms)
qc_method_label = qc_method

# Plot colors
ref_color = 'dimgrey'

def get_sys_label(atoms, charge, multiplicity, dimer_sep=None):
    atoms_label = '.'.join([i.lower() for i in atoms])
    return f'{atoms_label}.chrg{charge}.mult{multiplicity}'

def get_calc_label(sys_label, qc_method, basis_set):
    pattern = re.compile('[\W_]+')
    qc_method_label = pattern.sub('', qc_method.lower())
    basis_set_label = pattern.sub('', basis_set.lower())
    return f'{sys_label}-pyscf-{qc_method_label}.{basis_set_label}'

# Prepares molecular structures.
mol = pyscf.gto.Mole()

## Atomic coordinates in units of Angstrom.
mol.unit = 'angstrom'  # Insures Angstroms are enforced.
coords = np.array([np.zeros(3)])
mol.atom = [[atoms[0], coords[0]]]
if len(atoms) == 2:
    assert dimer_sep is not None
    coords = np.vstack((coords, np.array([dimer_sep, 0, 0])))
    mol.atom.extend([[atoms[1], coords[1]]])
elif len(atoms) == 1:
    assert dimer_sep is None

mol.charge = charge
mol.multiplicity = multiplicity
mol.basis = basis_set

# Handles cores and memory.
os.environ['OMP_NUM_THREADS'] = f'{n_cores}'  # For CRC jobs only.
mol.max_memory = 8000 * n_cores

# Handles calculation logging.
mol.verbose = 4  # Controls print level; 4 is recommended.
system_label = get_sys_label(atoms, charge, multiplicity, dimer_sep=dimer_sep)
calc_label = get_calc_label(system_label, qc_method_label, basis_set)
mol.output = f'{work_dir}/{calc_label}.log'  # Sets the output file.

# Builds the molecular structure. (Must go after everything else).
mol.build()



def _calc_distance(r1, r2):
    """Calculates the Euclidean distance between two points.

    Parameters
    ----------
    r1 : :obj:`numpy.ndarray`
        Cartesian coordinates of a point with shape ``(3,)``.
    r2 : :obj:`numpy.ndarray`
        Cartesian coordinates of a point with shape ``(3,)``.
    """
    return np.linalg.norm(r1 - r2)



calc = scf.HF(mol)

calc.chkfile = None

calc.max_cycle = 200  # Default: 50
calc.conv_tol = scf_conv_tol
calc.conv_tol_grad = scf_conv_tol_grad
calc.diis_space = scf_diis_space

cc_calc = pyscf.cc.CCSD(calc)
cc_calc.max_cycle = 200
cc_calc.conv_tol = cc_conv_tol
cc_calc.conv_tol_normt = cc_conv_tol_normt
cc_calc.diis_space = cc_diis_space

mol_eq = optimize(cc_calc, maxsteps=100)

coords = mol_eq.atom_coords(unit='Angstrom')
distance = _calc_distance(coords[0], coords[1])
print(f'Optimized bond length = {distance} A')
#INFO: ******************** input file end ********************


System: uname_result(system='Linux', node='smp-n7.sam.pitt.edu', release='3.10.0-1160.15.2.el7.x86_64', version='#1 SMP Thu Jan 21 16:15:07 EST 2021', machine='x86_64', processor='x86_64')  Threads 6
Python 3.7.0 (default, Jun 28 2018, 13:15:42) 
[GCC 7.2.0]
numpy 1.21.2  scipy 1.7.1
Date: Mon Nov 15 13:36:42 2021
PySCF version 1.7.6
PySCF path  /ihome/jkeith/amm503/.local/lib/python3.7/site-packages/pyscf

[CONFIG] conf_file None
[INPUT] verbose = 4
[INPUT] num. atoms = 2
[INPUT] num. electrons = 10
[INPUT] charge = 1
[INPUT] spin (= nelec alpha-beta = 2S) = 2
[INPUT] symmetry False subgroup None
[INPUT] Mole.unit = angstrom
[INPUT]  1 Ne     0.000000000000   0.000000000000   0.000000000000 AA    0.000000000000   0.000000000000   0.000000000000 Bohr
[INPUT]  2 H      1.000000000000   0.000000000000   0.000000000000 AA    1.889726124565   0.000000000000   0.000000000000 Bohr

nuclear repulsion = 5.2917721092
number of shells = 35
number of NR pGTOs = 166
number of NR cGTOs = 146
basis = cc-pV5Z
ecp = {}
CPU time:         2.52
Create scanner for <class 'pyscf.grad.uccsd.Gradients'>
Set <class 'pyscf.cc.uccsd.UCCSD'> as a scanner
Create scanner for <class 'pyscf.scf.uhf.UHF'>

Geometry optimization cycle 1
Cartesian coordinates (Angstrom)
 Atom        New coordinates             dX        dY        dZ
  Ne   0.000000   0.000000   0.000000    0.000000  0.000000  0.000000
   H   1.000000   0.000000   0.000000    0.000000  0.000000  0.000000
New geometry
   1 Ne     0.000000000000   0.000000000000   0.000000000000 AA    0.000000000000   0.000000000000   0.000000000000 Bohr

   2 H      1.000000000000   0.000000000000   0.000000000000 AA    1.889726124565   0.000000000000   0.000000000000 Bohr



******** <class 'pyscf.scf.hf.as_scanner.<locals>.SCF_Scanner'> ********
method = SCF_Scanner-UHF
initial guess = minao
damping factor = 0
level_shift factor = 0
DIIS = <class 'pyscf.scf.diis.CDIIS'>
diis_start_cycle = 1
diis_space = 16
SCF conv_tol = 1e-09
SCF conv_tol_grad = 1e-06
SCF max_cycles = 200
direct_scf = True
direct_scf_tol = 1e-13
max_memory 48000 MB (current use 147 MB)
number electrons alpha = 6  beta = 4
init E= -129.224755044697
  alpha nocc = 6  HOMO = 0.0172792606190494  LUMO = 0.27603313259699

WARN: beta  nocc = 4  HOMO -0.813743815695117 >= LUMO -0.813743815695108


WARN: system HOMO 0.0172792606190494 >= system LUMO -0.813743815695108

cycle= 1 E= -127.712563662973  delta_E= 1.51  |g|= 1.01  |ddm|= 1.92
  alpha nocc = 6  HOMO = -0.681191570013169  LUMO = -0.128653146654156
  beta  nocc = 4  HOMO = -2.05863760825339  LUMO = -1.14897873577988

WARN: system HOMO -0.324506201813046 >= system LUMO -1.14897873577988

cycle= 2 E= -128.033264999805  delta_E= -0.321  |g|= 0.457  |ddm|= 1.85
  alpha nocc = 6  HOMO = -0.677694362488136  LUMO = -0.0772953140155497
  beta  nocc = 4  HOMO = -1.6891480519414  LUMO = -0.755147268335273

WARN: system HOMO -0.215278567398908 >= system LUMO -0.755147268335273

cycle= 3 E= -128.070635177645  delta_E= -0.0374  |g|= 0.0589  |ddm|= 0.307
  alpha nocc = 6  HOMO = -0.696675631237905  LUMO = -0.0615643184641212
  beta  nocc = 4  HOMO = -1.64215576899378  LUMO = -0.704732947372571

WARN: system HOMO -0.183705375690051 >= system LUMO -0.704732947372571

cycle= 4 E= -128.075064544489  delta_E= -0.00443  |g|= 0.0211  |ddm|= 0.22
  alpha nocc = 6  HOMO = -0.702320496993856  LUMO = -0.0625395671308764
  beta  nocc = 4  HOMO = -1.63144831448894  LUMO = -0.696889305014321
cycle= 5 E= -128.075837296042  delta_E= -0.000773  |g|= 0.00515  |ddm|= 0.0725
  alpha nocc = 6  HOMO = -0.702946205669666  LUMO = -0.0630653711525707
  beta  nocc = 4  HOMO = -1.62847665286539  LUMO = -0.69507440444245
cycle= 6 E= -128.075874418255  delta_E= -3.71e-05  |g|= 0.000782  |ddm|= 0.0202
  alpha nocc = 6  HOMO = -0.70300736318574  LUMO = -0.0630117649321814
  beta  nocc = 4  HOMO = -1.62831298090387  LUMO = -0.694928621909238
cycle= 7 E= -128.075874786581  delta_E= -3.68e-07  |g|= 0.000184  |ddm|= 0.00491
  alpha nocc = 6  HOMO = -0.70301631449858  LUMO = -0.0630084149467153
  beta  nocc = 4  HOMO = -1.62843825929179  LUMO = -0.695014475842568
cycle= 8 E= -128.075874811241  delta_E= -2.47e-08  |g|= 2.82e-05  |ddm|= 0.000582
  alpha nocc = 6  HOMO = -0.703006833348544  LUMO = -0.0630180152046458
  beta  nocc = 4  HOMO = -1.62845953917117  LUMO = -0.695028815308672
cycle= 9 E= -128.075874811715  delta_E= -4.74e-10  |g|= 4.97e-06  |ddm|= 4.23e-05
  alpha nocc = 6  HOMO = -0.703009322001517  LUMO = -0.0630162621953381
  beta  nocc = 4  HOMO = -1.6284563051428  LUMO = -0.695025603120333
cycle= 10 E= -128.07587481174  delta_E= -2.5e-11  |g|= 8.93e-07  |ddm|= 1.8e-05
  alpha nocc = 6  HOMO = -0.703009073209127  LUMO = -0.0630164821449929
  beta  nocc = 4  HOMO = -1.62845667616289  LUMO = -0.695025809565149
Extra cycle  E= -128.075874811741  delta_E= -6.54e-13  |g|= 3.63e-07  |ddm|= 7.19e-07
converged SCF energy = -128.075874811741  <S^2> = 2.0031046  2S+1 = 3.002069

******** <class 'pyscf.cc.ccsd.as_scanner.<locals>.CCSD_Scanner'> ********
CC2 = 0
CCSD nocc = (6, 4), nmo = (146, 146)
max_cycle = 200
direct = 0
conv_tol = 1e-07
conv_tol_normt = 1e-05
diis_space = 12
diis_start_cycle = 0
diis_start_energy_diff = 1e+09
max_memory 48000 MB (current use 3326 MB)
Init t2, MP2 energy = -0.278847856613152
Init E_corr(CCSD) = -0.278847856613206
cycle = 1  E_corr(CCSD) = -0.286842399502792  dE = -0.00799454289  norm(t1,t2) = 0.0212386
cycle = 2  E_corr(CCSD) = -0.289098471256072  dE = -0.00225607175  norm(t1,t2) = 0.00693206
cycle = 3  E_corr(CCSD) = -0.289791916433596  dE = -0.000693445178  norm(t1,t2) = 0.00327168
cycle = 4  E_corr(CCSD) = -0.289809284051666  dE = -1.73676181e-05  norm(t1,t2) = 0.000797933
cycle = 5  E_corr(CCSD) = -0.289772935052864  dE = 3.63489988e-05  norm(t1,t2) = 0.000327817
cycle = 6  E_corr(CCSD) = -0.289777148145708  dE = -4.21309284e-06  norm(t1,t2) = 8.39126e-05
cycle = 7  E_corr(CCSD) = -0.289778958679312  dE = -1.8105336e-06  norm(t1,t2) = 3.04961e-05
cycle = 8  E_corr(CCSD) = -0.289777891615511  dE = 1.0670638e-06  norm(t1,t2) = 1.03391e-05
cycle = 9  E_corr(CCSD) = -0.289777979286816  dE = -8.76713049e-08  norm(t1,t2) = 2.35405e-06
CCSD_Scanner converged
E(CCSD_Scanner) = -128.3656527910275  E_corr = -0.2897779792868156
cycle = 1  norm(lambda1,lambda2) = 0.00376506
cycle = 2  norm(lambda1,lambda2) = 0.000578456
cycle = 3  norm(lambda1,lambda2) = 0.000256918
cycle = 4  norm(lambda1,lambda2) = 7.99427e-05
cycle = 5  norm(lambda1,lambda2) = 2.75303e-05
cycle = 6  norm(lambda1,lambda2) = 4.47358e-06
--------------- CCSD_Scanner gradients ---------------
         x                y                z
0 Ne     0.3846893117     0.0000000000     0.0000000000
1 H    -0.3846893117    -0.0000000000    -0.0000000000
----------------------------------------------
cycle 1: E = -128.365652791  dE = -128.366  norm(grad) = 0.544033

Geometry optimization cycle 2
Cartesian coordinates (Angstrom)
 Atom        New coordinates             dX        dY        dZ
  Ne  -0.100000  -0.000000  -0.000000   -0.100000 -0.000000 -0.000000
   H   1.100000   0.000000   0.000000    0.100000  0.000000  0.000000
New geometry
   1 Ne    -0.100000000000  -0.000000000000  -0.000000000000 AA   -0.188972612457  -0.000000000000  -0.000000000000 Bohr

   2 H      1.100000000000   0.000000000000   0.000000000000 AA    2.078698737021   0.000000000000   0.000000000000 Bohr



******** <class 'pyscf.scf.hf.as_scanner.<locals>.SCF_Scanner'> ********
method = SCF_Scanner-UHF
initial guess = minao
damping factor = 0
level_shift factor = 0
DIIS = <class 'pyscf.scf.diis.CDIIS'>
diis_start_cycle = 1
diis_space = 16
SCF conv_tol = 1e-09
SCF conv_tol_grad = 1e-06
SCF max_cycles = 200
direct_scf = True
direct_scf_tol = 1e-13
max_memory 48000 MB (current use 509 MB)
number electrons alpha = 6  beta = 4
init E= -128.280586894512
  alpha nocc = 6  HOMO = -0.766502222325505  LUMO = -0.0273393297319422
  beta  nocc = 4  HOMO = -1.52785699790038  LUMO = -0.610588327158168
cycle= 1 E= -128.188600206967  delta_E= 0.092  |g|= 0.0414  |ddm|= 0.217
  alpha nocc = 6  HOMO = -0.762669033705286  LUMO = -0.0592707351962375
  beta  nocc = 4  HOMO = -1.58826544269034  LUMO = -0.659711877197049
cycle= 2 E= -128.189519614795  delta_E= -0.000919  |g|= 0.0139  |ddm|= 0.0252
  alpha nocc = 6  HOMO = -0.762113565545493  LUMO = -0.0590194276147436
  beta  nocc = 4  HOMO = -1.57920774836983  LUMO = -0.650875933993011
cycle= 3 E= -128.189654717636  delta_E= -0.000135  |g|= 0.00437  |ddm|= 0.0144
  alpha nocc = 6  HOMO = -0.762943234880111  LUMO = -0.0591525752252181
  beta  nocc = 4  HOMO = -1.5805476180685  LUMO = -0.652145183392788
cycle= 4 E= -128.189666628924  delta_E= -1.19e-05  |g|= 0.00113  |ddm|= 0.00494
  alpha nocc = 6  HOMO = -0.763141803792943  LUMO = -0.0591720322098695
  beta  nocc = 4  HOMO = -1.57992406740012  LUMO = -0.651516121574968
cycle= 5 E= -128.189667463384  delta_E= -8.34e-07  |g|= 0.000201  |ddm|= 0.00159
  alpha nocc = 6  HOMO = -0.763166618611361  LUMO = -0.0591796130136755
  beta  nocc = 4  HOMO = -1.5799827887374  LUMO = -0.651560037556235
cycle= 6 E= -128.189667492837  delta_E= -2.95e-08  |g|= 3.93e-05  |ddm|= 0.000257
  alpha nocc = 6  HOMO = -0.763167970432195  LUMO = -0.0591805980277582
  beta  nocc = 4  HOMO = -1.57999023724243  LUMO = -0.651561335823851
cycle= 7 E= -128.189667494377  delta_E= -1.54e-09  |g|= 6.47e-06  |ddm|= 0.000121
  alpha nocc = 6  HOMO = -0.763167527477088  LUMO = -0.0591808064288403
  beta  nocc = 4  HOMO = -1.57999326359319  LUMO = -0.651562864795629
cycle= 8 E= -128.189667494409  delta_E= -3.16e-11  |g|= 8.05e-07  |ddm|= 2.37e-05
  alpha nocc = 6  HOMO = -0.763167477395641  LUMO = -0.0591808013459531
  beta  nocc = 4  HOMO = -1.57999346414106  LUMO = -0.651562919548281
Extra cycle  E= -128.189667494409  delta_E= -3.69e-13  |g|= 3e-07  |ddm|= 7.12e-07
converged SCF energy = -128.189667494409  <S^2> = 2.0030886  2S+1 = 3.0020584

******** <class 'pyscf.cc.ccsd.as_scanner.<locals>.CCSD_Scanner'> ********
CC2 = 0
CCSD nocc = (6, 4), nmo = (146, 146)
max_cycle = 200
direct = 0
conv_tol = 1e-07
conv_tol_normt = 1e-05
diis_space = 12
diis_start_cycle = 0
diis_start_energy_diff = 1e+09
max_memory 48000 MB (current use 3510 MB)
Init E_corr(CCSD) = -0.0342001642919386
cycle = 1  E_corr(CCSD) = -0.277837984331744  dE = -0.24363782  norm(t1,t2) = 0.206592
cycle = 2  E_corr(CCSD) = -0.284257282624091  dE = -0.00641929829  norm(t1,t2) = 0.0252572
cycle = 3  E_corr(CCSD) = -0.286350308561525  dE = -0.00209302594  norm(t1,t2) = 0.00668044
cycle = 4  E_corr(CCSD) = -0.286431859970717  dE = -8.15514092e-05  norm(t1,t2) = 0.00212628
cycle = 5  E_corr(CCSD) = -0.286417889851359  dE = 1.39701194e-05  norm(t1,t2) = 0.000661736
cycle = 6  E_corr(CCSD) = -0.286426414442066  dE = -8.52459071e-06  norm(t1,t2) = 0.000205967
cycle = 7  E_corr(CCSD) = -0.286426103743672  dE = 3.10698393e-07  norm(t1,t2) = 7.19623e-05
cycle = 8  E_corr(CCSD) = -0.286426114964547  dE = -1.12208746e-08  norm(t1,t2) = 2.74093e-05
cycle = 9  E_corr(CCSD) = -0.286426266578034  dE = -1.51613488e-07  norm(t1,t2) = 1.25386e-05
cycle = 10  E_corr(CCSD) = -0.286426190762329  dE = 7.58157058e-08  norm(t1,t2) = 1.00147e-05
cycle = 11  E_corr(CCSD) = -0.286426175797999  dE = 1.49643299e-08  norm(t1,t2) = 9.4454e-06
CCSD_Scanner converged
E(CCSD_Scanner) = -128.476093670207  E_corr = -0.2864261757979986
cycle = 1  norm(lambda1,lambda2) = 0.206996
cycle = 2  norm(lambda1,lambda2) = 0.0229646
cycle = 3  norm(lambda1,lambda2) = 0.00617533
cycle = 4  norm(lambda1,lambda2) = 0.00201786
cycle = 5  norm(lambda1,lambda2) = 0.000626961
cycle = 6  norm(lambda1,lambda2) = 0.000191445
cycle = 7  norm(lambda1,lambda2) = 6.96532e-05
cycle = 8  norm(lambda1,lambda2) = 2.56505e-05
cycle = 9  norm(lambda1,lambda2) = 1.04355e-05
cycle = 10  norm(lambda1,lambda2) = 7.78327e-06
--------------- CCSD_Scanner gradients ---------------
         x                y                z
0 Ne     0.2152145981    -0.0000002714    -0.0000006549
1 H    -0.2152145981     0.0000002714     0.0000006549
----------------------------------------------
cycle 2: E = -128.47609367  dE = -0.110441  norm(grad) = 0.304359

Geometry optimization cycle 3
Cartesian coordinates (Angstrom)
 Atom        New coordinates             dX        dY        dZ
  Ne  -0.226989   0.000023   0.000055   -0.126989  0.000023  0.000055
   H   1.226989  -0.000023  -0.000055    0.126989 -0.000023 -0.000055
New geometry
   1 Ne    -0.226989206802   0.000022755791   0.000054904103 AA   -0.428947434088   0.000043002213   0.000103753718 Bohr

   2 H      1.226989206811  -0.000022755791  -0.000054904103 AA    2.318673558669  -0.000043002213  -0.000103753718 Bohr



******** <class 'pyscf.scf.hf.as_scanner.<locals>.SCF_Scanner'> ********
method = SCF_Scanner-UHF
initial guess = minao
damping factor = 0
level_shift factor = 0
DIIS = <class 'pyscf.scf.diis.CDIIS'>
diis_start_cycle = 1
diis_space = 16
SCF conv_tol = 1e-09
SCF conv_tol_grad = 1e-06
SCF max_cycles = 200
direct_scf = True
direct_scf_tol = 1e-13
max_memory 48000 MB (current use 642 MB)
number electrons alpha = 6  beta = 4
init E= -128.356300024083
  alpha nocc = 6  HOMO = -0.786305878889763  LUMO = -0.0223279092784174
  beta  nocc = 4  HOMO = -1.4958319270483  LUMO = -0.587504510370837
cycle= 1 E= -128.264766638369  delta_E= 0.0915  |g|= 0.0358  |ddm|= 0.158
  alpha nocc = 6  HOMO = -0.78657394416046  LUMO = -0.0489533613335652
  beta  nocc = 4  HOMO = -1.55876282543467  LUMO = -0.632366025338076
cycle= 2 E= -128.265346094079  delta_E= -0.000579  |g|= 0.0112  |ddm|= 0.0191
  alpha nocc = 6  HOMO = -0.78556847665552  LUMO = -0.0486958780756613
  beta  nocc = 4  HOMO = -1.5513846541949  LUMO = -0.624892552718381
cycle= 3 E= -128.265408969308  delta_E= -6.29e-05  |g|= 0.00377  |ddm|= 0.00747
  alpha nocc = 6  HOMO = -0.785857515737272  LUMO = -0.0487559462944071
  beta  nocc = 4  HOMO = -1.55294762042099  LUMO = -0.626255391848803
cycle= 4 E= -128.265415212072  delta_E= -6.24e-06  |g|= 0.0008  |ddm|= 0.00248
  alpha nocc = 6  HOMO = -0.78596636078886  LUMO = -0.0487651405722768
  beta  nocc = 4  HOMO = -1.55264423768415  LUMO = -0.625895897841657
cycle= 5 E= -128.265415535795  delta_E= -3.24e-07  |g|= 0.000163  |ddm|= 0.000749
  alpha nocc = 6  HOMO = -0.785980800772769  LUMO = -0.0487687650010545
  beta  nocc = 4  HOMO = -1.55270514029098  LUMO = -0.625930007475861
cycle= 6 E= -128.265415548603  delta_E= -1.28e-08  |g|= 3.24e-05  |ddm|= 0.000129
  alpha nocc = 6  HOMO = -0.785981135178347  LUMO = -0.0487690420944798
  beta  nocc = 4  HOMO = -1.55271559945931  LUMO = -0.625931082078807
cycle= 7 E= -128.265415549316  delta_E= -7.13e-10  |g|= 5.29e-06  |ddm|= 3.45e-05
  alpha nocc = 6  HOMO = -0.785980891990472  LUMO = -0.0487690766544981
  beta  nocc = 4  HOMO = -1.55271833499718  LUMO = -0.625931896587107
cycle= 8 E= -128.265415549335  delta_E= -1.89e-11  |g|= 7.95e-07  |ddm|= 6.74e-06
  alpha nocc = 6  HOMO = -0.785980865623583  LUMO = -0.0487690707576982
  beta  nocc = 4  HOMO = -1.55271841239953  LUMO = -0.625931878548969
Extra cycle  E= -128.265415549335  delta_E= -5.4e-13  |g|= 6.25e-07  |ddm|= 4.61e-07
converged SCF energy = -128.265415549335  <S^2> = 2.0028992  2S+1 = 3.0019321

******** <class 'pyscf.cc.ccsd.as_scanner.<locals>.CCSD_Scanner'> ********
CC2 = 0
CCSD nocc = (6, 4), nmo = (146, 146)
max_cycle = 200
direct = 0
conv_tol = 1e-07
conv_tol_normt = 1e-05
diis_space = 12
diis_start_cycle = 0
diis_start_energy_diff = 1e+09
max_memory 48000 MB (current use 3668 MB)
Init E_corr(CCSD) = -0.0518538371509082
cycle = 1  E_corr(CCSD) = -0.275304730735405  dE = -0.223450894  norm(t1,t2) = 0.200762
cycle = 2  E_corr(CCSD) = -0.281355199628359  dE = -0.00605046889  norm(t1,t2) = 0.0238601
cycle = 3  E_corr(CCSD) = -0.283123199439399  dE = -0.00176799981  norm(t1,t2) = 0.00590249
cycle = 4  E_corr(CCSD) = -0.283270978059119  dE = -0.00014777862  norm(t1,t2) = 0.00189658
cycle = 5  E_corr(CCSD) = -0.283257612673276  dE = 1.33653858e-05  norm(t1,t2) = 0.000636281
cycle = 6  E_corr(CCSD) = -0.283263285580591  dE = -5.67290731e-06  norm(t1,t2) = 0.000181424
cycle = 7  E_corr(CCSD) = -0.283264344218783  dE = -1.05863819e-06  norm(t1,t2) = 5.40522e-05
cycle = 8  E_corr(CCSD) = -0.283263866374153  dE = 4.7784463e-07  norm(t1,t2) = 1.53968e-05
cycle = 9  E_corr(CCSD) = -0.283263956763128  dE = -9.03889752e-08  norm(t1,t2) = 8.05268e-06
CCSD_Scanner converged
E(CCSD_Scanner) = -128.5486795060985  E_corr = -0.283263956763128
cycle = 1  norm(lambda1,lambda2) = 0.201018
cycle = 2  norm(lambda1,lambda2) = 0.022145
cycle = 3  norm(lambda1,lambda2) = 0.00548897
cycle = 4  norm(lambda1,lambda2) = 0.00183409
cycle = 5  norm(lambda1,lambda2) = 0.000600212
cycle = 6  norm(lambda1,lambda2) = 0.000173978
cycle = 7  norm(lambda1,lambda2) = 4.97445e-05
cycle = 8  norm(lambda1,lambda2) = 1.27954e-05
cycle = 9  norm(lambda1,lambda2) = 7.01946e-06
--------------- CCSD_Scanner gradients ---------------
         x                y                z
0 Ne     0.1008974261    -0.0000028408    -0.0000068893
1 H    -0.1008974261     0.0000028408     0.0000068893
----------------------------------------------
cycle 3: E = -128.548679506  dE = -0.0725858  norm(grad) = 0.142691

Geometry optimization cycle 4
Cartesian coordinates (Angstrom)
 Atom        New coordinates             dX        dY        dZ
  Ne  -0.339071   0.000008   0.000024   -0.112082 -0.000014 -0.000031
   H   1.339071  -0.000008  -0.000024    0.112082  0.000014  0.000031
New geometry
   1 Ne    -0.339071096408   0.000008363642   0.000023608727 AA   -0.640751508968   0.000015804993   0.000044614029 Bohr

   2 H      1.339071096421  -0.000008363642  -0.000023608728 AA    2.530477633556  -0.000015804993  -0.000044614029 Bohr



******** <class 'pyscf.scf.hf.as_scanner.<locals>.SCF_Scanner'> ********
method = SCF_Scanner-UHF
initial guess = minao
damping factor = 0
level_shift factor = 0
DIIS = <class 'pyscf.scf.diis.CDIIS'>
diis_start_cycle = 1
diis_space = 16
SCF conv_tol = 1e-09
SCF conv_tol_grad = 1e-06
SCF max_cycles = 200
direct_scf = True
direct_scf_tol = 1e-13
max_memory 48000 MB (current use 642 MB)
number electrons alpha = 6  beta = 4
init E= -128.344793070193
  alpha nocc = 6  HOMO = -0.77827766192877  LUMO = -0.0249625623051451
  beta  nocc = 4  HOMO = -1.5141178527965  LUMO = -0.595683134756216
cycle= 1 E= -128.297717664566  delta_E= 0.0471  |g|= 0.0202  |ddm|= 0.0787
  alpha nocc = 6  HOMO = -0.779676164844478  LUMO = -0.037866147122019
  beta  nocc = 4  HOMO = -1.54538576881287  LUMO = -0.619838114245083
cycle= 2 E= -128.297903977127  delta_E= -0.000186  |g|= 0.0063  |ddm|= 0.012
  alpha nocc = 6  HOMO = -0.77915721942533  LUMO = -0.0376947944889037
  beta  nocc = 4  HOMO = -1.54175415328156  LUMO = -0.615513420871615
cycle= 3 E= -128.29792329391  delta_E= -1.93e-05  |g|= 0.00216  |ddm|= 0.00415
  alpha nocc = 6  HOMO = -0.779196266377938  LUMO = -0.0377048079254888
  beta  nocc = 4  HOMO = -1.54291180738508  LUMO = -0.616270627010094
cycle= 4 E= -128.297925555232  delta_E= -2.26e-06  |g|= 0.0004  |ddm|= 0.00154
  alpha nocc = 6  HOMO = -0.779235296058824  LUMO = -0.0377079731219267
  beta  nocc = 4  HOMO = -1.5428530287801  LUMO = -0.616116336067863
cycle= 5 E= -128.297925644623  delta_E= -8.94e-08  |g|= 8.19e-05  |ddm|= 0.000354
  alpha nocc = 6  HOMO = -0.779240670701541  LUMO = -0.0377092621015876
  beta  nocc = 4  HOMO = -1.54288180252461  LUMO = -0.616129416865385
cycle= 6 E= -128.297925647762  delta_E= -3.14e-09  |g|= 1.61e-05  |ddm|= 6.37e-05
  alpha nocc = 6  HOMO = -0.779240862174592  LUMO = -0.0377093284453577
  beta  nocc = 4  HOMO = -1.54288645406658  LUMO = -0.616129198737958
cycle= 7 E= -128.297925647918  delta_E= -1.56e-10  |g|= 2.81e-06  |ddm|= 1.25e-05
  alpha nocc = 6  HOMO = -0.779240790267199  LUMO = -0.0377093503441546
  beta  nocc = 4  HOMO = -1.54288792451128  LUMO = -0.616129579275054
cycle= 8 E= -128.297925647923  delta_E= -5.51e-12  |g|= 2.65e-07  |ddm|= 2.85e-06
  alpha nocc = 6  HOMO = -0.779240785086913  LUMO = -0.0377093482295141
  beta  nocc = 4  HOMO = -1.54288795203012  LUMO = -0.616129565083765
Extra cycle  E= -128.297925647924  delta_E= -2.84e-13  |g|= 1.03e-07  |ddm|= 1.34e-07
converged SCF energy = -128.297925647924  <S^2> = 2.0027737  2S+1 = 3.0018485

******** <class 'pyscf.cc.ccsd.as_scanner.<locals>.CCSD_Scanner'> ********
CC2 = 0
CCSD nocc = (6, 4), nmo = (146, 146)
max_cycle = 200
direct = 0
conv_tol = 1e-07
conv_tol_normt = 1e-05
diis_space = 12
diis_start_cycle = 0
diis_start_energy_diff = 1e+09
max_memory 48000 MB (current use 3622 MB)
Init E_corr(CCSD) = -0.0639107686590354
cycle = 1  E_corr(CCSD) = -0.273509921452272  dE = -0.209599153  norm(t1,t2) = 0.198282
cycle = 2  E_corr(CCSD) = -0.27963834788331  dE = -0.00612842643  norm(t1,t2) = 0.0271394
cycle = 3  E_corr(CCSD) = -0.28144279587091  dE = -0.00180444799  norm(t1,t2) = 0.00660621
cycle = 4  E_corr(CCSD) = -0.281590306335556  dE = -0.000147510465  norm(t1,t2) = 0.00198651
cycle = 5  E_corr(CCSD) = -0.281572222495689  dE = 1.80838399e-05  norm(t1,t2) = 0.000580369
cycle = 6  E_corr(CCSD) = -0.281578878271786  dE = -6.6557761e-06  norm(t1,t2) = 0.000175514
cycle = 7  E_corr(CCSD) = -0.281581255852985  dE = -2.3775812e-06  norm(t1,t2) = 5.83451e-05
cycle = 8  E_corr(CCSD) = -0.281580969511831  dE = 2.86341154e-07  norm(t1,t2) = 2.17442e-05
cycle = 9  E_corr(CCSD) = -0.281581068650554  dE = -9.91387229e-08  norm(t1,t2) = 1.59823e-05
cycle = 10  E_corr(CCSD) = -0.281581092400097  dE = -2.37495439e-08  norm(t1,t2) = 1.50629e-05
cycle = 11  E_corr(CCSD) = -0.281581063596  dE = 2.88040976e-08  norm(t1,t2) = 1.4869e-05
cycle = 12  E_corr(CCSD) = -0.281581052757581  dE = 1.08384188e-08  norm(t1,t2) = 1.479e-05
cycle = 13  E_corr(CCSD) = -0.281581060545756  dE = -7.78817461e-09  norm(t1,t2) = 1.45439e-05
cycle = 14  E_corr(CCSD) = -0.281581111308419  dE = -5.07626634e-08  norm(t1,t2) = 1.25506e-05
cycle = 15  E_corr(CCSD) = -0.281581164127355  dE = -5.2818936e-08  norm(t1,t2) = 6.46698e-06
CCSD_Scanner converged
E(CCSD_Scanner) = -128.5795068120509  E_corr = -0.2815811641273551
cycle = 1  norm(lambda1,lambda2) = 0.19865
cycle = 2  norm(lambda1,lambda2) = 0.0250016
cycle = 3  norm(lambda1,lambda2) = 0.00610566
cycle = 4  norm(lambda1,lambda2) = 0.00191909
cycle = 5  norm(lambda1,lambda2) = 0.000554956
cycle = 6  norm(lambda1,lambda2) = 0.000171515
cycle = 7  norm(lambda1,lambda2) = 5.64352e-05
cycle = 8  norm(lambda1,lambda2) = 2.02736e-05
cycle = 9  norm(lambda1,lambda2) = 1.47277e-05
cycle = 10  norm(lambda1,lambda2) = 1.37394e-05
cycle = 11  norm(lambda1,lambda2) = 1.35359e-05
cycle = 12  norm(lambda1,lambda2) = 1.34634e-05
cycle = 13  norm(lambda1,lambda2) = 1.32511e-05
cycle = 14  norm(lambda1,lambda2) = 1.15913e-05
cycle = 15  norm(lambda1,lambda2) = 5.99745e-06
--------------- CCSD_Scanner gradients ---------------
         x                y                z
0 Ne     0.0500665599    -0.0000004465    -0.0000013062
1 H    -0.0500665599     0.0000004465     0.0000013062
----------------------------------------------
cycle 4: E = -128.579506812  dE = -0.0308273  norm(grad) = 0.0708048

Geometry optimization cycle 5
Cartesian coordinates (Angstrom)
 Atom        New coordinates             dX        dY        dZ
  Ne  -0.449468   0.000001   0.000011   -0.110397 -0.000008 -0.000013
   H   1.449468  -0.000001  -0.000011    0.110397  0.000008  0.000013
New geometry
   1 Ne    -0.449467690895   0.000000750311   0.000010738086 AA   -0.849370837633   0.000001417882   0.000020292041 Bohr

   2 H      1.449467690892  -0.000000750311  -0.000010738086 AA    2.739096962191  -0.000001417882  -0.000020292041 Bohr



******** <class 'pyscf.scf.hf.as_scanner.<locals>.SCF_Scanner'> ********
method = SCF_Scanner-UHF
initial guess = minao
damping factor = 0
level_shift factor = 0
DIIS = <class 'pyscf.scf.diis.CDIIS'>
diis_start_cycle = 1
diis_space = 16
SCF conv_tol = 1e-09
SCF conv_tol_grad = 1e-06
SCF max_cycles = 200
direct_scf = True
direct_scf_tol = 1e-13
max_memory 48000 MB (current use 713 MB)
number electrons alpha = 6  beta = 4
init E= -128.338940421928
  alpha nocc = 6  HOMO = -0.761712522478133  LUMO = -0.0200971100550329
  beta  nocc = 4  HOMO = -1.5237017844602  LUMO = -0.601105664432707
cycle= 1 E= -128.313731647025  delta_E= 0.0252  |g|= 0.0123  |ddm|= 0.0483
  alpha nocc = 6  HOMO = -0.762892385275983  LUMO = -0.0266575730407393
  beta  nocc = 4  HOMO = -1.54015390943182  LUMO = -0.614406143373415
cycle= 2 E= -128.313810517575  delta_E= -7.89e-05  |g|= 0.00389  |ddm|= 0.00851
  alpha nocc = 6  HOMO = -0.762660682015332  LUMO = -0.02654672997566
  beta  nocc = 4  HOMO = -1.53793284125607  LUMO = -0.611823049415674
cycle= 3 E= -128.313819083135  delta_E= -8.57e-06  |g|= 0.00134  |ddm|= 0.00294
  alpha nocc = 6  HOMO = -0.762660061893389  LUMO = -0.0265439389303739
  beta  nocc = 4  HOMO = -1.53861516115035  LUMO = -0.612274848470646
cycle= 4 E= -128.313820150037  delta_E= -1.07e-06  |g|= 0.000237  |ddm|= 0.00117
  alpha nocc = 6  HOMO = -0.762676308340408  LUMO = -0.0265451792301862
  beta  nocc = 4  HOMO = -1.5385912760995  LUMO = -0.612194273579097
cycle= 5 E= -128.313820189213  delta_E= -3.92e-08  |g|= 4.56e-05  |ddm|= 0.000238
  alpha nocc = 6  HOMO = -0.762678425981586  LUMO = -0.0265456812937394
  beta  nocc = 4  HOMO = -1.53860791507762  LUMO = -0.612199059953017
cycle= 6 E= -128.3138201903  delta_E= -1.09e-09  |g|= 8.8e-06  |ddm|= 3.83e-05
  alpha nocc = 6  HOMO = -0.762678642680687  LUMO = -0.0265457323615228
  beta  nocc = 4  HOMO = -1.53860870573153  LUMO = -0.612198277089554
cycle= 7 E= -128.313820190347  delta_E= -4.76e-11  |g|= 1.67e-06  |ddm|= 6.9e-06
  alpha nocc = 6  HOMO = -0.76267861872152  LUMO = -0.0265457548632571
  beta  nocc = 4  HOMO = -1.53860921410802  LUMO = -0.612198433235522
cycle= 8 E= -128.313820190349  delta_E= -1.68e-12  |g|= 1.72e-07  |ddm|= 1.73e-06
  alpha nocc = 6  HOMO = -0.762678619005655  LUMO = -0.0265457535913201
  beta  nocc = 4  HOMO = -1.53860922408118  LUMO = -0.612198420080831
Extra cycle  E= -128.313820190349  delta_E= -3.13e-13  |g|= 6.47e-08  |ddm|= 8.58e-08
converged SCF energy = -128.313820190349  <S^2> = 2.0027079  2S+1 = 3.0018048

******** <class 'pyscf.cc.ccsd.as_scanner.<locals>.CCSD_Scanner'> ********
CC2 = 0
CCSD nocc = (6, 4), nmo = (146, 146)
max_cycle = 200
direct = 0
conv_tol = 1e-07
conv_tol_normt = 1e-05
diis_space = 12
diis_start_cycle = 0
diis_start_energy_diff = 1e+09
max_memory 48000 MB (current use 3579 MB)
Init E_corr(CCSD) = -0.0371942361360083
cycle = 1  E_corr(CCSD) = -0.271689134852564  dE = -0.234494899  norm(t1,t2) = 0.205919
cycle = 2  E_corr(CCSD) = -0.27827528564963  dE = -0.0065861508  norm(t1,t2) = 0.0270437
cycle = 3  E_corr(CCSD) = -0.280430174923657  dE = -0.00215488927  norm(t1,t2) = 0.00713063
cycle = 4  E_corr(CCSD) = -0.280516074405094  dE = -8.58994814e-05  norm(t1,t2) = 0.00212243
cycle = 5  E_corr(CCSD) = -0.280513240140358  dE = 2.83426474e-06  norm(t1,t2) = 0.000783035
cycle = 6  E_corr(CCSD) = -0.280524999272067  dE = -1.17591317e-05  norm(t1,t2) = 0.000256136
cycle = 7  E_corr(CCSD) = -0.28052389550904  dE = 1.10376303e-06  norm(t1,t2) = 9.09426e-05
cycle = 8  E_corr(CCSD) = -0.280523232360337  dE = 6.63148702e-07  norm(t1,t2) = 3.46108e-05
cycle = 9  E_corr(CCSD) = -0.280523542698465  dE = -3.10338127e-07  norm(t1,t2) = 1.07797e-05
cycle = 10  E_corr(CCSD) = -0.280523466252632  dE = 7.64458329e-08  norm(t1,t2) = 3.78348e-06
CCSD_Scanner converged
E(CCSD_Scanner) = -128.5943436566019  E_corr = -0.280523466252632
cycle = 1  norm(lambda1,lambda2) = 0.206742
cycle = 2  norm(lambda1,lambda2) = 0.0245599
cycle = 3  norm(lambda1,lambda2) = 0.00657771
cycle = 4  norm(lambda1,lambda2) = 0.00201605
cycle = 5  norm(lambda1,lambda2) = 0.000738092
cycle = 6  norm(lambda1,lambda2) = 0.000238435
cycle = 7  norm(lambda1,lambda2) = 8.74437e-05
cycle = 8  norm(lambda1,lambda2) = 3.21018e-05
cycle = 9  norm(lambda1,lambda2) = 1.00666e-05
cycle = 10  norm(lambda1,lambda2) = 3.06269e-06
--------------- CCSD_Scanner gradients ---------------
         x                y                z
0 Ne     0.0238897501     0.0000000819    -0.0000000529
1 H    -0.0238897501    -0.0000000819     0.0000000529
----------------------------------------------
cycle 5: E = -128.594343657  dE = -0.0148368  norm(grad) = 0.0337852

Geometry optimization cycle 6
Cartesian coordinates (Angstrom)
 Atom        New coordinates             dX        dY        dZ
  Ne  -0.550219  -0.000021  -0.000032   -0.100751 -0.000021 -0.000043
   H   1.550219   0.000021   0.000032    0.100751  0.000021  0.000043
New geometry
   1 Ne    -0.550218968530  -0.000020661379  -0.000032357190 AA   -1.039763159062  -0.000039044349  -0.000061146228 Bohr

   2 H      1.550218968505   0.000020661379   0.000032357190 AA    2.929489283581   0.000039044349   0.000061146228 Bohr



******** <class 'pyscf.scf.hf.as_scanner.<locals>.SCF_Scanner'> ********
method = SCF_Scanner-UHF
initial guess = minao
damping factor = 0
level_shift factor = 0
DIIS = <class 'pyscf.scf.diis.CDIIS'>
diis_start_cycle = 1
diis_space = 16
SCF conv_tol = 1e-09
SCF conv_tol_grad = 1e-06
SCF max_cycles = 200
direct_scf = True
direct_scf_tol = 1e-13
max_memory 48000 MB (current use 783 MB)
number electrons alpha = 6  beta = 4
init E= -128.331409893916
  alpha nocc = 6  HOMO = -0.744456736257282  LUMO = -0.0142540936188654
  beta  nocc = 4  HOMO = -1.53120919806448  LUMO = -0.606270537535712
cycle= 1 E= -128.320880659085  delta_E= 0.0105  |g|= 0.00682  |ddm|= 0.029
  alpha nocc = 6  HOMO = -0.745022816541751  LUMO = -0.0168601645404673
  beta  nocc = 4  HOMO = -1.5385906540674  LUMO = -0.612318515898351
cycle= 2 E= -128.320909325901  delta_E= -2.87e-05  |g|= 0.00217  |ddm|= 0.00543
  alpha nocc = 6  HOMO = -0.7449306624948  LUMO = -0.0167945780329128
  beta  nocc = 4  HOMO = -1.53745924126879  LUMO = -0.61099535660833
cycle= 3 E= -128.320912588046  delta_E= -3.26e-06  |g|= 0.000751  |ddm|= 0.00197
  alpha nocc = 6  HOMO = -0.744926827396261  LUMO = -0.0167895833544362
  beta  nocc = 4  HOMO = -1.5378503953307  LUMO = -0.611267797020165
cycle= 4 E= -128.320912968546  delta_E= -3.8e-07  |g|= 0.000132  |ddm|= 0.000756
  alpha nocc = 6  HOMO = -0.744932661876647  LUMO = -0.0167893538860153
  beta  nocc = 4  HOMO = -1.53784444281875  LUMO = -0.611231516172872
cycle= 5 E= -128.320912982985  delta_E= -1.44e-08  |g|= 2.34e-05  |ddm|= 0.000156
  alpha nocc = 6  HOMO = -0.744933288318829  LUMO = -0.0167893923900795
  beta  nocc = 4  HOMO = -1.5378513214965  LUMO = -0.611232718973357
cycle= 6 E= -128.320912983309  delta_E= -3.24e-10  |g|= 4.61e-06  |ddm|= 2.06e-05
  alpha nocc = 6  HOMO = -0.744933437053543  LUMO = -0.0167894375914167
  beta  nocc = 4  HOMO = -1.53785134206332  LUMO = -0.611231987581559
cycle= 7 E= -128.320912983324  delta_E= -1.46e-11  |g|= 8.96e-07  |ddm|= 3.91e-06
  alpha nocc = 6  HOMO = -0.744933429493618  LUMO = -0.016789449958577
  beta  nocc = 4  HOMO = -1.53785149340186  LUMO = -0.61123203748124
Extra cycle  E= -128.320912983324  delta_E= -4.55e-13  |g|= 3.69e-07  |ddm|= 7.33e-07
converged SCF energy = -128.320912983324  <S^2> = 2.0026792  2S+1 = 3.0017856

******** <class 'pyscf.cc.ccsd.as_scanner.<locals>.CCSD_Scanner'> ********
CC2 = 0
CCSD nocc = (6, 4), nmo = (146, 146)
max_cycle = 200
direct = 0
conv_tol = 1e-07
conv_tol_normt = 1e-05
diis_space = 12
diis_start_cycle = 0
diis_start_energy_diff = 1e+09
max_memory 48000 MB (current use 3718 MB)
Init E_corr(CCSD) = -0.158334639227966
cycle = 1  E_corr(CCSD) = -0.275938541886737  dE = -0.117603903  norm(t1,t2) = 0.146731
cycle = 2  E_corr(CCSD) = -0.278989364522101  dE = -0.00305082264  norm(t1,t2) = 0.0203417
cycle = 3  E_corr(CCSD) = -0.27981908305755  dE = -0.000829718535  norm(t1,t2) = 0.00414432
cycle = 4  E_corr(CCSD) = -0.27988875579785  dE = -6.96727403e-05  norm(t1,t2) = 0.00113292
cycle = 5  E_corr(CCSD) = -0.279884255542357  dE = 4.50025549e-06  norm(t1,t2) = 0.00030017
cycle = 6  E_corr(CCSD) = -0.279886865745547  dE = -2.61020319e-06  norm(t1,t2) = 9.90741e-05
cycle = 7  E_corr(CCSD) = -0.279888597929892  dE = -1.73218434e-06  norm(t1,t2) = 4.14103e-05
cycle = 8  E_corr(CCSD) = -0.279888412801663  dE = 1.85128229e-07  norm(t1,t2) = 1.38915e-05
cycle = 9  E_corr(CCSD) = -0.279888370874902  dE = 4.19267603e-08  norm(t1,t2) = 5.0971e-06
CCSD_Scanner converged
E(CCSD_Scanner) = -128.6008013541992  E_corr = -0.2798883708749024
cycle = 1  norm(lambda1,lambda2) = 0.146269
cycle = 2  norm(lambda1,lambda2) = 0.0190338
cycle = 3  norm(lambda1,lambda2) = 0.00389439
cycle = 4  norm(lambda1,lambda2) = 0.00109721
cycle = 5  norm(lambda1,lambda2) = 0.000290241
cycle = 6  norm(lambda1,lambda2) = 9.66771e-05
cycle = 7  norm(lambda1,lambda2) = 3.88334e-05
cycle = 8  norm(lambda1,lambda2) = 1.26557e-05
cycle = 9  norm(lambda1,lambda2) = 4.81147e-06
--------------- CCSD_Scanner gradients ---------------
         x                y                z
0 Ne     0.0113330436     0.0000002335     0.0000003764
1 H    -0.0113330436    -0.0000002335    -0.0000003764
----------------------------------------------
cycle 6: E = -128.600801354  dE = -0.0064577  norm(grad) = 0.0160273

Geometry optimization cycle 7
Cartesian coordinates (Angstrom)
 Atom        New coordinates             dX        dY        dZ
  Ne  -0.641152  -0.000037  -0.000066   -0.090933 -0.000017 -0.000033
   H   1.641152   0.000037   0.000066    0.090933  0.000017  0.000033
New geometry
   1 Ne    -0.641151938297  -0.000037226551  -0.000065804961 AA   -1.211601567616  -0.000070347986  -0.000124353354 Bohr

   2 H      1.641151938287   0.000037226551   0.000065804961 AA    3.101327692161   0.000070347986   0.000124353354 Bohr



******** <class 'pyscf.scf.hf.as_scanner.<locals>.SCF_Scanner'> ********
method = SCF_Scanner-UHF
initial guess = minao
damping factor = 0
level_shift factor = 0
DIIS = <class 'pyscf.scf.diis.CDIIS'>
diis_start_cycle = 1
diis_space = 16
SCF conv_tol = 1e-09
SCF conv_tol_grad = 1e-06
SCF max_cycles = 200
direct_scf = True
direct_scf_tol = 1e-13
max_memory 48000 MB (current use 783 MB)
number electrons alpha = 6  beta = 4
init E= -128.327777270577
  alpha nocc = 6  HOMO = -0.728731539592272  LUMO = -0.00799525369675887
  beta  nocc = 4  HOMO = -1.53546053336273  LUMO = -0.609332601638327
cycle= 1 E= -128.324025565195  delta_E= 0.00375  |g|= 0.00393  |ddm|= 0.0184
  alpha nocc = 6  HOMO = -0.728985949502945  LUMO = -0.00879000457400043
  beta  nocc = 4  HOMO = -1.53872558197712  LUMO = -0.612002778568154
cycle= 2 E= -128.324036609453  delta_E= -1.1e-05  |g|= 0.00126  |ddm|= 0.00346
  alpha nocc = 6  HOMO = -0.728945976950872  LUMO = -0.00875045715198012
  beta  nocc = 4  HOMO = -1.53816790719183  LUMO = -0.611335657996163
cycle= 3 E= -128.32403791144  delta_E= -1.3e-06  |g|= 0.000428  |ddm|= 0.00134
  alpha nocc = 6  HOMO = -0.728942910444936  LUMO = -0.00874667630145601
  beta  nocc = 4  HOMO = -1.53841199608918  LUMO = -0.611518121344454
cycle= 4 E= -128.324038040092  delta_E= -1.29e-07  |g|= 7.43e-05  |ddm|= 0.000465
  alpha nocc = 6  HOMO = -0.728944640969232  LUMO = -0.00874580418950145
  beta  nocc = 4  HOMO = -1.53841493592435  LUMO = -0.611504389628086
cycle= 5 E= -128.324038045106  delta_E= -5.01e-09  |g|= 1.24e-05  |ddm|= 0.000101
  alpha nocc = 6  HOMO = -0.728944783291896  LUMO = -0.0087456467282437
  beta  nocc = 4  HOMO = -1.53841842257543  LUMO = -0.611504751787463
cycle= 6 E= -128.324038045204  delta_E= -9.77e-11  |g|= 2.48e-06  |ddm|= 1.17e-05
  alpha nocc = 6  HOMO = -0.728944863005118  LUMO = -0.00874566689269101
  beta  nocc = 4  HOMO = -1.53841850817437  LUMO = -0.61150431793046
cycle= 7 E= -128.324038045208  delta_E= -4.18e-12  |g|= 5.06e-07  |ddm|= 1.88e-06
  alpha nocc = 6  HOMO = -0.728944859500004  LUMO = -0.00874567452248139
  beta  nocc = 4  HOMO = -1.53841857767758  LUMO = -0.61150432787145
Extra cycle  E= -128.324038045208  delta_E= -2.56e-13  |g|= 2.12e-07  |ddm|= 4.56e-07
converged SCF energy = -128.324038045208  <S^2> = 2.0026671  2S+1 = 3.0017775

******** <class 'pyscf.cc.ccsd.as_scanner.<locals>.CCSD_Scanner'> ********
CC2 = 0
CCSD nocc = (6, 4), nmo = (146, 146)
max_cycle = 200
direct = 0
conv_tol = 1e-07
conv_tol_normt = 1e-05
diis_space = 12
diis_start_cycle = 0
diis_start_energy_diff = 1e+09
max_memory 48000 MB (current use 3651 MB)
Init E_corr(CCSD) = -0.154074511643136
cycle = 1  E_corr(CCSD) = -0.27553136234766  dE = -0.121456851  norm(t1,t2) = 0.155613
cycle = 2  E_corr(CCSD) = -0.278409577482016  dE = -0.00287821513  norm(t1,t2) = 0.023745
cycle = 3  E_corr(CCSD) = -0.279366401950326  dE = -0.000956824468  norm(t1,t2) = 0.00546809
cycle = 4  E_corr(CCSD) = -0.279500895875527  dE = -0.000134493925  norm(t1,t2) = 0.00183847
cycle = 5  E_corr(CCSD) = -0.279494927052592  dE = 5.96882293e-06  norm(t1,t2) = 0.000514113
cycle = 6  E_corr(CCSD) = -0.279497883611807  dE = -2.95655921e-06  norm(t1,t2) = 0.000162164
cycle = 7  E_corr(CCSD) = -0.27950056449194  dE = -2.68088013e-06  norm(t1,t2) = 5.46092e-05
cycle = 8  E_corr(CCSD) = -0.279500379982277  dE = 1.84509662e-07  norm(t1,t2) = 1.24831e-05
cycle = 9  E_corr(CCSD) = -0.279500366342954  dE = 1.36393227e-08  norm(t1,t2) = 4.11061e-06
CCSD_Scanner converged
E(CCSD_Scanner) = -128.6035384115513  E_corr = -0.2795003663429544
cycle = 1  norm(lambda1,lambda2) = 0.155268
cycle = 2  norm(lambda1,lambda2) = 0.0219779
cycle = 3  norm(lambda1,lambda2) = 0.00514233
cycle = 4  norm(lambda1,lambda2) = 0.00174923
cycle = 5  norm(lambda1,lambda2) = 0.000493172
cycle = 6  norm(lambda1,lambda2) = 0.000158928
cycle = 7  norm(lambda1,lambda2) = 5.16823e-05
cycle = 8  norm(lambda1,lambda2) = 1.16414e-05
cycle = 9  norm(lambda1,lambda2) = 3.56863e-06
--------------- CCSD_Scanner gradients ---------------
         x                y                z
0 Ne     0.0052014035     0.0000001802     0.0000003212
1 H    -0.0052014035    -0.0000001802    -0.0000003212
----------------------------------------------
cycle 7: E = -128.603538412  dE = -0.00273706  norm(grad) = 0.0073559

Geometry optimization cycle 8
Cartesian coordinates (Angstrom)
 Atom        New coordinates             dX        dY        dZ
  Ne  -0.718289  -0.000054  -0.000100   -0.077137 -0.000017 -0.000034
   H   1.718289   0.000054   0.000100    0.077137  0.000017  0.000034
New geometry
   1 Ne    -0.718289383381  -0.000054441036  -0.000100125751 AA   -1.357370212774  -0.000102878647  -0.000189210248 Bohr

   2 H      1.718289383340   0.000054441036   0.000100125751 AA    3.247096337261   0.000102878647   0.000189210248 Bohr



******** <class 'pyscf.scf.hf.as_scanner.<locals>.SCF_Scanner'> ********
method = SCF_Scanner-UHF
initial guess = minao
damping factor = 0
level_shift factor = 0
DIIS = <class 'pyscf.scf.diis.CDIIS'>
diis_start_cycle = 1
diis_space = 16
SCF conv_tol = 1e-09
SCF conv_tol_grad = 1e-06
SCF max_cycles = 200
direct_scf = True
direct_scf_tol = 1e-13
max_memory 48000 MB (current use 724 MB)
number electrons alpha = 6  beta = 4
init E= -128.326145489088
  alpha nocc = 6  HOMO = -0.715986241593179  LUMO = -0.00274368905206188
  beta  nocc = 4  HOMO = -1.53802549910699  LUMO = -0.611244766171249
cycle= 1 E= -128.325314457514  delta_E= 0.000831  |g|= 0.0023  |ddm|= 0.012
  alpha nocc = 6  HOMO = -0.716091540831238  LUMO = -0.00279563161851385
  beta  nocc = 4  HOMO = -1.53942797698403  LUMO = -0.612373150622673
cycle= 2 E= -128.325318762167  delta_E= -4.3e-06  |g|= 0.000746  |ddm|= 0.00218
  alpha nocc = 6  HOMO = -0.716072402665964  LUMO = -0.00277470806922045
  beta  nocc = 4  HOMO = -1.53917753802921  LUMO = -0.612057542894018
cycle= 3 E= -128.325319300727  delta_E= -5.39e-07  |g|= 0.000243  |ddm|= 0.000918
  alpha nocc = 6  HOMO = -0.716070362409703  LUMO = -0.00277349922390777
  beta  nocc = 4  HOMO = -1.53933668292112  LUMO = -0.612185650523592
cycle= 4 E= -128.325319340405  delta_E= -3.97e-08  |g|= 3.92e-05  |ddm|= 0.000265
  alpha nocc = 6  HOMO = -0.716070637855125  LUMO = -0.00277283697696537
  beta  nocc = 4  HOMO = -1.53934155991548  LUMO = -0.612182266949951
cycle= 5 E= -128.32531934182  delta_E= -1.41e-09  |g|= 6.28e-06  |ddm|= 5.7e-05
  alpha nocc = 6  HOMO = -0.716070636582917  LUMO = -0.00277269152078865
  beta  nocc = 4  HOMO = -1.53934380315718  LUMO = -0.612182824158388
cycle= 6 E= -128.325319341844  delta_E= -2.37e-11  |g|= 1.32e-06  |ddm|= 6.54e-06
  alpha nocc = 6  HOMO = -0.716070664523208  LUMO = -0.00277269554735127
  beta  nocc = 4  HOMO = -1.53934410937344  LUMO = -0.612182757690877
cycle= 7 E= -128.325319341845  delta_E= -1.02e-12  |g|= 2.94e-07  |ddm|= 7.5e-07
  alpha nocc = 6  HOMO = -0.716070662128708  LUMO = -0.00277269927489228
  beta  nocc = 4  HOMO = -1.53934415705889  LUMO = -0.61218276403662
Extra cycle  E= -128.325319341844  delta_E= 1.99e-13  |g|= 1.35e-07  |ddm|= 2.4e-07
converged SCF energy = -128.325319341844  <S^2> = 2.0026624  2S+1 = 3.0017744

******** <class 'pyscf.cc.ccsd.as_scanner.<locals>.CCSD_Scanner'> ********
CC2 = 0
CCSD nocc = (6, 4), nmo = (146, 146)
max_cycle = 200
direct = 0
conv_tol = 1e-07
conv_tol_normt = 1e-05
diis_space = 12
diis_start_cycle = 0
diis_start_energy_diff = 1e+09
max_memory 48000 MB (current use 3704 MB)
Init E_corr(CCSD) = -0.220724873581953
cycle = 1  E_corr(CCSD) = -0.277899654417222  dE = -0.0571747808  norm(t1,t2) = 0.104849
cycle = 2  E_corr(CCSD) = -0.278851279875027  dE = -0.000951625458  norm(t1,t2) = 0.0163831
cycle = 3  E_corr(CCSD) = -0.2792373728883  dE = -0.000386093013  norm(t1,t2) = 0.00326897
cycle = 4  E_corr(CCSD) = -0.279266197708563  dE = -2.88248203e-05  norm(t1,t2) = 0.000858865
cycle = 5  E_corr(CCSD) = -0.27926520294627  dE = 9.94762293e-07  norm(t1,t2) = 0.000217071
cycle = 6  E_corr(CCSD) = -0.27926774857459  dE = -2.54562832e-06  norm(t1,t2) = 6.30715e-05
cycle = 7  E_corr(CCSD) = -0.279269033749389  dE = -1.2851748e-06  norm(t1,t2) = 2.32958e-05
cycle = 8  E_corr(CCSD) = -0.279269059916869  dE = -2.61674801e-08  norm(t1,t2) = 6.83059e-06
CCSD_Scanner converged
E(CCSD_Scanner) = -128.6045884017612  E_corr = -0.2792690599168692
cycle = 1  norm(lambda1,lambda2) = 0.104295
cycle = 2  norm(lambda1,lambda2) = 0.0152398
cycle = 3  norm(lambda1,lambda2) = 0.00309176
cycle = 4  norm(lambda1,lambda2) = 0.0008279
cycle = 5  norm(lambda1,lambda2) = 0.000212384
cycle = 6  norm(lambda1,lambda2) = 6.26738e-05
cycle = 7  norm(lambda1,lambda2) = 2.29233e-05
cycle = 8  norm(lambda1,lambda2) = 6.44496e-06
--------------- CCSD_Scanner gradients ---------------
         x                y                z
0 Ne     0.0022652633     0.0000001169     0.0000002166
1 H    -0.0022652633    -0.0000001169    -0.0000002166
----------------------------------------------
cycle 8: E = -128.604588402  dE = -0.00104999  norm(grad) = 0.00320357

Geometry optimization cycle 9
Cartesian coordinates (Angstrom)
 Atom        New coordinates             dX        dY        dZ
  Ne  -0.777802  -0.000072  -0.000134   -0.059512 -0.000017 -0.000034
   H   1.777802   0.000072   0.000134    0.059512  0.000017  0.000034
New geometry
   1 Ne    -0.777801741034  -0.000071647150  -0.000134271433 AA   -1.469832269764  -0.000135393491  -0.000253736235 Bohr

   2 H      1.777801741042   0.000071647150   0.000134271433 AA    3.359558394345   0.000135393491   0.000253736235 Bohr



******** <class 'pyscf.scf.hf.as_scanner.<locals>.SCF_Scanner'> ********
method = SCF_Scanner-UHF
initial guess = minao
damping factor = 0
level_shift factor = 0
DIIS = <class 'pyscf.scf.diis.CDIIS'>
diis_start_cycle = 1
diis_space = 16
SCF conv_tol = 1e-09
SCF conv_tol_grad = 1e-06
SCF max_cycles = 200
direct_scf = True
direct_scf_tol = 1e-13
max_memory 48000 MB (current use 666 MB)
number electrons alpha = 6  beta = 4
init E= -128.325631304634
  alpha nocc = 6  HOMO = -0.706699417659077  LUMO = 0.000998968095682713
  beta  nocc = 4  HOMO = -1.53956432855132  LUMO = -0.612420476428022
cycle= 1 E= -128.325794431363  delta_E= -0.000163  |g|= 0.00137  |ddm|= 0.00772
  alpha nocc = 6  HOMO = -0.706740751370001  LUMO = 0.0011594148510937
  beta  nocc = 4  HOMO = -1.54016819707679  LUMO = -0.612894841661098
cycle= 2 E= -128.325796143488  delta_E= -1.71e-06  |g|= 0.000458  |ddm|= 0.00139
  alpha nocc = 6  HOMO = -0.706730681626668  LUMO = 0.00116724940678399
  beta  nocc = 4  HOMO = -1.54007199193126  LUMO = -0.612759334978834
cycle= 3 E= -128.325796380065  delta_E= -2.37e-07  |g|= 0.000138  |ddm|= 0.000641
  alpha nocc = 6  HOMO = -0.706729442665865  LUMO = 0.00116663465194321
  beta  nocc = 4  HOMO = -1.54017349112257  LUMO = -0.612845861753484
cycle= 4 E= -128.325796391838  delta_E= -1.18e-08  |g|= 2.01e-05  |ddm|= 0.000143
  alpha nocc = 6  HOMO = -0.706729358609484  LUMO = 0.00116688705436217
  beta  nocc = 4  HOMO = -1.54017639905222  LUMO = -0.612845187277437
cycle= 5 E= -128.325796392217  delta_E= -3.79e-10  |g|= 3.1e-06  |ddm|= 2.83e-05
  alpha nocc = 6  HOMO = -0.706729335951278  LUMO = 0.00116693804054425
  beta  nocc = 4  HOMO = -1.54017779043565  LUMO = -0.61284579556928
cycle= 6 E= -128.325796392225  delta_E= -7.9e-12  |g|= 6.92e-07  |ddm|= 3.67e-06
  alpha nocc = 6  HOMO = -0.706729341565186  LUMO = 0.00116692742935897
  beta  nocc = 4  HOMO = -1.54017795971047  LUMO = -0.612845843413717
Extra cycle  E= -128.325796392225  delta_E= -5.68e-14  |g|= 3.03e-07  |ddm|= 4.73e-07
converged SCF energy = -128.325796392225  <S^2> = 2.0026608  2S+1 = 3.0017734

******** <class 'pyscf.cc.ccsd.as_scanner.<locals>.CCSD_Scanner'> ********
CC2 = 0
CCSD nocc = (6, 4), nmo = (146, 146)
max_cycle = 200
direct = 0
conv_tol = 1e-07
conv_tol_normt = 1e-05
diis_space = 12
diis_start_cycle = 0
diis_start_energy_diff = 1e+09
max_memory 48000 MB (current use 3645 MB)
Init E_corr(CCSD) = -0.228908040750086
cycle = 1  E_corr(CCSD) = -0.277629923169848  dE = -0.0487218824  norm(t1,t2) = 0.103034
cycle = 2  E_corr(CCSD) = -0.278725442320294  dE = -0.00109551915  norm(t1,t2) = 0.0167621
cycle = 3  E_corr(CCSD) = -0.279099936633392  dE = -0.000374494313  norm(t1,t2) = 0.00318653
cycle = 4  E_corr(CCSD) = -0.279136999765525  dE = -3.70631321e-05  norm(t1,t2) = 0.000768297
cycle = 5  E_corr(CCSD) = -0.279135229513112  dE = 1.77025241e-06  norm(t1,t2) = 0.000153257
cycle = 6  E_corr(CCSD) = -0.279135579810956  dE = -3.50297845e-07  norm(t1,t2) = 4.31813e-05
cycle = 7  E_corr(CCSD) = -0.279135926436534  dE = -3.46625577e-07  norm(t1,t2) = 1.4413e-05
cycle = 8  E_corr(CCSD) = -0.279135876125991  dE = 5.03105422e-08  norm(t1,t2) = 5.11466e-06
CCSD_Scanner converged
E(CCSD_Scanner) = -128.6049322683512  E_corr = -0.2791358761259914
cycle = 1  norm(lambda1,lambda2) = 0.102392
cycle = 2  norm(lambda1,lambda2) = 0.0156798
cycle = 3  norm(lambda1,lambda2) = 0.00303394
cycle = 4  norm(lambda1,lambda2) = 0.000737277
cycle = 5  norm(lambda1,lambda2) = 0.000146587
cycle = 6  norm(lambda1,lambda2) = 4.22058e-05
cycle = 7  norm(lambda1,lambda2) = 1.38309e-05
cycle = 8  norm(lambda1,lambda2) = 4.70179e-06
--------------- CCSD_Scanner gradients ---------------
         x                y                z
0 Ne     0.0008959400     0.0000000630     0.0000001213
1 H    -0.0008959400    -0.0000000630    -0.0000001213
----------------------------------------------
cycle 9: E = -128.604932268  dE = -0.000343867  norm(grad) = 0.00126705

Geometry optimization cycle 10
Cartesian coordinates (Angstrom)
 Atom        New coordinates             dX        dY        dZ
  Ne  -0.816740  -0.000085  -0.000161   -0.038939 -0.000013 -0.000027
   H   1.816740   0.000085   0.000161    0.038939  0.000013  0.000027
New geometry
   1 Ne    -0.816740319339  -0.000084927175  -0.000161080883 AA   -1.543415518441  -0.000160489100  -0.000304398752 Bohr

   2 H      1.816740319328   0.000084927175   0.000161080882 AA    3.433141642985   0.000160489100   0.000304398752 Bohr



******** <class 'pyscf.scf.hf.as_scanner.<locals>.SCF_Scanner'> ********
method = SCF_Scanner-UHF
initial guess = minao
damping factor = 0
level_shift factor = 0
DIIS = <class 'pyscf.scf.diis.CDIIS'>
diis_start_cycle = 1
diis_space = 16
SCF conv_tol = 1e-09
SCF conv_tol_grad = 1e-06
SCF max_cycles = 200
direct_scf = True
direct_scf_tol = 1e-13
max_memory 48000 MB (current use 669 MB)
number electrons alpha = 6  beta = 4
init E= -128.325627715218
  alpha nocc = 6  HOMO = -0.700911597013073  LUMO = 0.00324744946468406
  beta  nocc = 4  HOMO = -1.54045169599364  LUMO = -0.613109307781439
cycle= 1 E= -128.325951200141  delta_E= -0.000323  |g|= 0.000772  |ddm|= 0.00457
  alpha nocc = 6  HOMO = -0.70092628092138  LUMO = 0.00339972072284685
  beta  nocc = 4  HOMO = -1.54070895528306  LUMO = -0.6133075924478
cycle= 2 E= -128.325951800346  delta_E= -6e-07  |g|= 0.000267  |ddm|= 0.000843
  alpha nocc = 6  HOMO = -0.700920944001874  LUMO = 0.00340063858099891
  beta  nocc = 4  HOMO = -1.54068182056823  LUMO = -0.613258427687341
cycle= 3 E= -128.325951891535  delta_E= -9.12e-08  |g|= 7.32e-05  |ddm|= 0.000415
  alpha nocc = 6  HOMO = -0.700920270384697  LUMO = 0.00339969039896076
  beta  nocc = 4  HOMO = -1.5407386902883  LUMO = -0.613308606024505
cycle= 4 E= -128.325951894593  delta_E= -3.06e-09  |g|= 1.02e-05  |ddm|= 6.95e-05
  alpha nocc = 6  HOMO = -0.700920166697882  LUMO = 0.0033997486708441
  beta  nocc = 4  HOMO = -1.54073961355972  LUMO = -0.613308137874446
cycle= 5 E= -128.325951894695  delta_E= -1.02e-10  |g|= 1.66e-06  |ddm|= 1.3e-05
  alpha nocc = 6  HOMO = -0.700920151754969  LUMO = 0.00339974857257344
  beta  nocc = 4  HOMO = -1.54074034871065  LUMO = -0.613308543457578
cycle= 6 E= -128.325951894698  delta_E= -3.47e-12  |g|= 3.71e-07  |ddm|= 2.45e-06
  alpha nocc = 6  HOMO = -0.700920153199287  LUMO = 0.00339973884412508
  beta  nocc = 4  HOMO = -1.54074042917345  LUMO = -0.613308582612185
Extra cycle  E= -128.325951894698  delta_E= 5.68e-14  |g|= 1.67e-07  |ddm|= 3.92e-07
converged SCF energy = -128.325951894698  <S^2> = 2.0026603  2S+1 = 3.001773

******** <class 'pyscf.cc.ccsd.as_scanner.<locals>.CCSD_Scanner'> ********
CC2 = 0
CCSD nocc = (6, 4), nmo = (146, 146)
max_cycle = 200
direct = 0
conv_tol = 1e-07
conv_tol_normt = 1e-05
diis_space = 12
diis_start_cycle = 0
diis_start_energy_diff = 1e+09
max_memory 48000 MB (current use 3648 MB)
Init E_corr(CCSD) = -0.234725788638118
cycle = 1  E_corr(CCSD) = -0.27726448710823  dE = -0.0425386985  norm(t1,t2) = 0.0962777
cycle = 2  E_corr(CCSD) = -0.278543133494948  dE = -0.00127864639  norm(t1,t2) = 0.0184717
cycle = 3  E_corr(CCSD) = -0.279008443786946  dE = -0.000465310292  norm(t1,t2) = 0.00403762
cycle = 4  E_corr(CCSD) = -0.279067508465499  dE = -5.90646786e-05  norm(t1,t2) = 0.00127715
cycle = 5  E_corr(CCSD) = -0.279064128255398  dE = 3.3802101e-06  norm(t1,t2) = 0.000202854
cycle = 6  E_corr(CCSD) = -0.279064736876881  dE = -6.08621484e-07  norm(t1,t2) = 4.73513e-05
cycle = 7  E_corr(CCSD) = -0.27906537088467  dE = -6.34007789e-07  norm(t1,t2) = 1.88978e-05
cycle = 8  E_corr(CCSD) = -0.279065457374681  dE = -8.6490011e-08  norm(t1,t2) = 5.77653e-06
CCSD_Scanner converged
E(CCSD_Scanner) = -128.605017352073  E_corr = -0.279065457374681
cycle = 1  norm(lambda1,lambda2) = 0.0955043
cycle = 2  norm(lambda1,lambda2) = 0.0171088
cycle = 3  norm(lambda1,lambda2) = 0.00379332
cycle = 4  norm(lambda1,lambda2) = 0.00118492
cycle = 5  norm(lambda1,lambda2) = 0.000194562
cycle = 6  norm(lambda1,lambda2) = 4.7705e-05
cycle = 7  norm(lambda1,lambda2) = 1.89933e-05
cycle = 8  norm(lambda1,lambda2) = 5.59627e-06
--------------- CCSD_Scanner gradients ---------------
         x                y                z
0 Ne     0.0002937818     0.0000000184     0.0000000374
1 H    -0.0002937818    -0.0000000184    -0.0000000374
----------------------------------------------
cycle 10: E = -128.605017352  dE = -8.50837e-05  norm(grad) = 0.00041547

Geometry optimization cycle 11
Cartesian coordinates (Angstrom)
 Atom        New coordinates             dX        dY        dZ
  Ne  -0.835738  -0.000091  -0.000173   -0.018997 -0.000006 -0.000012
   H   1.835738   0.000091   0.000173    0.018997  0.000006  0.000012
New geometry
   1 Ne    -0.835737729680  -0.000090550245  -0.000172920249 AA   -1.579315421061  -0.000171115164  -0.000326771911 Bohr

   2 H      1.835737729635   0.000090550245   0.000172920249 AA    3.469041545542   0.000171115164   0.000326771911 Bohr



******** <class 'pyscf.scf.hf.as_scanner.<locals>.SCF_Scanner'> ********
method = SCF_Scanner-UHF
initial guess = minao
damping factor = 0
level_shift factor = 0
DIIS = <class 'pyscf.scf.diis.CDIIS'>
diis_start_cycle = 1
diis_space = 16
SCF conv_tol = 1e-09
SCF conv_tol_grad = 1e-06
SCF max_cycles = 200
direct_scf = True
direct_scf_tol = 1e-13
max_memory 48000 MB (current use 670 MB)
number electrons alpha = 6  beta = 4
init E= -128.325795215459
  alpha nocc = 6  HOMO = -0.698173143972444  LUMO = 0.00430865579690935
  beta  nocc = 4  HOMO = -1.54089565129102  LUMO = -0.613454837966241
cycle= 1 E= -128.325994642064  delta_E= -0.000199  |g|= 0.000351  |ddm|= 0.00213
  alpha nocc = 6  HOMO = -0.698177200735877  LUMO = 0.00439004043509405
  beta  nocc = 4  HOMO = -1.54099268341382  LUMO = -0.613528897186473
cycle= 2 E= -128.325994774145  delta_E= -1.32e-07  |g|= 0.000125  |ddm|= 0.000404
  alpha nocc = 6  HOMO = -0.698174805664873  LUMO = 0.00438929949682837
  beta  nocc = 4  HOMO = -1.54098860340603  LUMO = -0.613514911242995
cycle= 3 E= -128.325994795362  delta_E= -2.12e-08  |g|= 3.13e-05  |ddm|= 0.000206
  alpha nocc = 6  HOMO = -0.698174513794692  LUMO = 0.00438876168726176
  beta  nocc = 4  HOMO = -1.5410134356891  LUMO = -0.613537193188578
cycle= 4 E= -128.325994795896  delta_E= -5.34e-10  |g|= 4.43e-06  |ddm|= 2.78e-05
  alpha nocc = 6  HOMO = -0.698174460269634  LUMO = 0.00438877235025048
  beta  nocc = 4  HOMO = -1.54101355766715  LUMO = -0.613536842556077
cycle= 5 E= -128.325994795916  delta_E= -1.94e-11  |g|= 7.63e-07  |ddm|= 5.25e-06
  alpha nocc = 6  HOMO = -0.698174456440616  LUMO = 0.00438876682455915
  beta  nocc = 4  HOMO = -1.54101376287654  LUMO = -0.61353696739009
Extra cycle  E= -128.325994795916  delta_E= -4.55e-13  |g|= 3.15e-07  |ddm|= 9.74e-07
converged SCF energy = -128.325994795916  <S^2> = 2.0026602  2S+1 = 3.001773

******** <class 'pyscf.cc.ccsd.as_scanner.<locals>.CCSD_Scanner'> ********
CC2 = 0
CCSD nocc = (6, 4), nmo = (146, 146)
max_cycle = 200
direct = 0
conv_tol = 1e-07
conv_tol_normt = 1e-05
diis_space = 12
diis_start_cycle = 0
diis_start_energy_diff = 1e+09
max_memory 48000 MB (current use 3605 MB)
Init E_corr(CCSD) = -0.246512728483508
cycle = 1  E_corr(CCSD) = -0.278009488036888  dE = -0.0314967596  norm(t1,t2) = 0.0861997
cycle = 2  E_corr(CCSD) = -0.278629174215849  dE = -0.000619686179  norm(t1,t2) = 0.0214084
cycle = 3  E_corr(CCSD) = -0.278980104498095  dE = -0.000350930282  norm(t1,t2) = 0.0050176
cycle = 4  E_corr(CCSD) = -0.279031766052882  dE = -5.16615548e-05  norm(t1,t2) = 0.00200698
cycle = 5  E_corr(CCSD) = -0.279028366518484  dE = 3.3995344e-06  norm(t1,t2) = 0.000473321
cycle = 6  E_corr(CCSD) = -0.279033368560708  dE = -5.00204222e-06  norm(t1,t2) = 0.000117707
cycle = 7  E_corr(CCSD) = -0.279035089772221  dE = -1.72121151e-06  norm(t1,t2) = 2.84684e-05
cycle = 8  E_corr(CCSD) = -0.279035197372522  dE = -1.07600302e-07  norm(t1,t2) = 5.53493e-06
cycle = 9  E_corr(CCSD) = -0.279035258841442  dE = -6.146892e-08  norm(t1,t2) = 1.81883e-06
CCSD_Scanner converged
E(CCSD_Scanner) = -128.6050300547577  E_corr = -0.2790352588414424
cycle = 1  norm(lambda1,lambda2) = 0.0855456
cycle = 2  norm(lambda1,lambda2) = 0.0195366
cycle = 3  norm(lambda1,lambda2) = 0.00469328
cycle = 4  norm(lambda1,lambda2) = 0.00188022
cycle = 5  norm(lambda1,lambda2) = 0.000456726
cycle = 6  norm(lambda1,lambda2) = 0.000111583
cycle = 7  norm(lambda1,lambda2) = 2.70163e-05
cycle = 8  norm(lambda1,lambda2) = 5.18378e-06
--------------- CCSD_Scanner gradients ---------------
         x                y                z
0 Ne     0.0000656574     0.0000000109     0.0000000234
1 H    -0.0000656574    -0.0000000109    -0.0000000234
----------------------------------------------
cycle 11: E = -128.605030055  dE = -1.27027e-05  norm(grad) = 9.28535e-05

Geometry optimization cycle 12
Cartesian coordinates (Angstrom)
 Atom        New coordinates             dX        dY        dZ
  Ne  -0.841205  -0.000093  -0.000179   -0.005468 -0.000003 -0.000006
   H   1.841205   0.000093   0.000179    0.005468  0.000003  0.000006
New geometry
   1 Ne    -0.841205446463  -0.000093459932  -0.000179206451 AA   -1.589647908307  -0.000176613675  -0.000338651112 Bohr

   2 H      1.841205446440   0.000093459932   0.000179206451 AA    3.479374032829   0.000176613675   0.000338651111 Bohr



******** <class 'pyscf.scf.hf.as_scanner.<locals>.SCF_Scanner'> ********
method = SCF_Scanner-UHF
initial guess = minao
damping factor = 0
level_shift factor = 0
DIIS = <class 'pyscf.scf.diis.CDIIS'>
diis_start_cycle = 1
diis_space = 16
SCF conv_tol = 1e-09
SCF conv_tol_grad = 1e-06
SCF max_cycles = 200
direct_scf = True
direct_scf_tol = 1e-13
max_memory 48000 MB (current use 703 MB)
number electrons alpha = 6  beta = 4
init E= -128.325941813862
  alpha nocc = 6  HOMO = -0.697395024775973  LUMO = 0.00463786767123118
  beta  nocc = 4  HOMO = -1.54106044729465  LUMO = -0.613580660968028
cycle= 1 E= -128.326003772294  delta_E= -6.2e-05  |g|= 9.86e-05  |ddm|= 0.000603
  alpha nocc = 6  HOMO = -0.697395744602776  LUMO = 0.0046618697980911
  beta  nocc = 4  HOMO = -1.54108534761785  LUMO = -0.613599576583491
cycle= 2 E= -128.32600378297  delta_E= -1.07e-08  |g|= 3.53e-05  |ddm|= 0.000116
  alpha nocc = 6  HOMO = -0.697395065970302  LUMO = 0.00466152642128221
  beta  nocc = 4  HOMO = -1.54108532094472  LUMO = -0.613596772434144
cycle= 3 E= -128.326003784725  delta_E= -1.75e-09  |g|= 8.47e-06  |ddm|= 5.99e-05
  alpha nocc = 6  HOMO = -0.697394986603563  LUMO = 0.0046613704465879
  beta  nocc = 4  HOMO = -1.54109209296816  LUMO = -0.613602886163244
cycle= 4 E= -128.326003784763  delta_E= -3.82e-11  |g|= 1.22e-06  |ddm|= 7.26e-06
  alpha nocc = 6  HOMO = -0.697394971498112  LUMO = 0.00466137255380085
  beta  nocc = 4  HOMO = -1.54109208508291  LUMO = -0.613602763157245
cycle= 5 E= -128.326003784764  delta_E= -1.65e-12  |g|= 2.27e-07  |ddm|= 1.42e-06
  alpha nocc = 6  HOMO = -0.697394970382875  LUMO = 0.00466137039055534
  beta  nocc = 4  HOMO = -1.54109213931388  LUMO = -0.613602797465558
Extra cycle  E= -128.326003784765  delta_E= -5.68e-14  |g|= 1.14e-07  |ddm|= 2.94e-07
converged SCF energy = -128.326003784765  <S^2> = 2.0026602  2S+1 = 3.0017729

******** <class 'pyscf.cc.ccsd.as_scanner.<locals>.CCSD_Scanner'> ********
CC2 = 0
CCSD nocc = (6, 4), nmo = (146, 146)
max_cycle = 200
direct = 0
conv_tol = 1e-07
conv_tol_normt = 1e-05
diis_space = 12
diis_start_cycle = 0
diis_start_energy_diff = 1e+09
max_memory 48000 MB (current use 3682 MB)
Init E_corr(CCSD) = -0.277761903337996
cycle = 1  E_corr(CCSD) = -0.279026130917706  dE = -0.00126422758  norm(t1,t2) = 0.0113628
cycle = 2  E_corr(CCSD) = -0.279024535072794  dE = 1.59584491e-06  norm(t1,t2) = 0.00139911
cycle = 3  E_corr(CCSD) = -0.27902801413247  dE = -3.47905968e-06  norm(t1,t2) = 0.000198696
cycle = 4  E_corr(CCSD) = -0.279027407499262  dE = 6.06633208e-07  norm(t1,t2) = 5.21321e-05
cycle = 5  E_corr(CCSD) = -0.279027085061376  dE = 3.22437886e-07  norm(t1,t2) = 9.45886e-06
cycle = 6  E_corr(CCSD) = -0.279027062712224  dE = 2.23491519e-08  norm(t1,t2) = 2.54064e-06
CCSD_Scanner converged
E(CCSD_Scanner) = -128.6050308474767  E_corr = -0.2790270627122239
cycle = 1  norm(lambda1,lambda2) = 0.0112447
cycle = 2  norm(lambda1,lambda2) = 0.00129819
cycle = 3  norm(lambda1,lambda2) = 0.000192644
cycle = 4  norm(lambda1,lambda2) = 4.91883e-05
cycle = 5  norm(lambda1,lambda2) = 9.09803e-06
--------------- CCSD_Scanner gradients ---------------
         x                y                z
0 Ne     0.0000069333     0.0000000072     0.0000000166
1 H    -0.0000069333    -0.0000000072    -0.0000000166
----------------------------------------------
cycle 12: E = -128.605030847  dE = -7.92719e-07  norm(grad) = 9.80524e-06

Geometry optimization cycle 13
Cartesian coordinates (Angstrom)
 Atom        New coordinates             dX        dY        dZ
  Ne  -0.841851  -0.000095  -0.000182   -0.000646 -0.000001 -0.000003
   H   1.841851   0.000095   0.000182    0.000646  0.000001  0.000003
New geometry
   1 Ne    -0.841851001476  -0.000094831931  -0.000182356281 AA   -1.590867830480  -0.000179206377  -0.000344603428 Bohr

   2 H      1.841851001466   0.000094831931   0.000182356281 AA    3.480593955026   0.000179206377   0.000344603428 Bohr



******** <class 'pyscf.scf.hf.as_scanner.<locals>.SCF_Scanner'> ********
method = SCF_Scanner-UHF
initial guess = minao
damping factor = 0
level_shift factor = 0
DIIS = <class 'pyscf.scf.diis.CDIIS'>
diis_start_cycle = 1
diis_space = 16
SCF conv_tol = 1e-09
SCF conv_tol_grad = 1e-06
SCF max_cycles = 200
direct_scf = True
direct_scf_tol = 1e-13
max_memory 48000 MB (current use 633 MB)
number electrons alpha = 6  beta = 4
init E= -128.325997285687
  alpha nocc = 6  HOMO = -0.697303279487569  LUMO = 0.00469041424434323
  beta  nocc = 4  HOMO = -1.5410977175175  LUMO = -0.613608007268059
cycle= 1 E= -128.326004753613  delta_E= -7.47e-06  |g|= 1.16e-05  |ddm|= 7.09e-05
  alpha nocc = 6  HOMO = -0.697303347168485  LUMO = 0.00469326439374058
  beta  nocc = 4  HOMO = -1.54110057020929  LUMO = -0.613610170307102
cycle= 2 E= -128.326004753761  delta_E= -1.48e-10  |g|= 4.16e-06  |ddm|= 1.37e-05
  alpha nocc = 6  HOMO = -0.697303266915063  LUMO = 0.00469322031688681
  beta  nocc = 4  HOMO = -1.54110060670741  LUMO = -0.613609879379139
cycle= 3 E= -128.326004753785  delta_E= -2.42e-11  |g|= 9.86e-07  |ddm|= 7.09e-06
  alpha nocc = 6  HOMO = -0.697303260816264  LUMO = 0.00469320246000283
  beta  nocc = 4  HOMO = -1.54110146830875  LUMO = -0.613610674408478
Extra cycle  E= -128.326004753786  delta_E= -7.11e-13  |g|= 3.35e-07  |ddm|= 6.05e-07
converged SCF energy = -128.326004753786  <S^2> = 2.0026602  2S+1 = 3.0017729

******** <class 'pyscf.cc.ccsd.as_scanner.<locals>.CCSD_Scanner'> ********
CC2 = 0
CCSD nocc = (6, 4), nmo = (146, 146)
max_cycle = 200
direct = 0
conv_tol = 1e-07
conv_tol_normt = 1e-05
diis_space = 12
diis_start_cycle = 0
diis_start_energy_diff = 1e+09
max_memory 48000 MB (current use 3612 MB)
Init E_corr(CCSD) = -0.279020577851543
cycle = 1  E_corr(CCSD) = -0.279026124646441  dE = -5.5467949e-06  norm(t1,t2) = 0.000908922
cycle = 2  E_corr(CCSD) = -0.279026088941891  dE = 3.570455e-08  norm(t1,t2) = 0.000146473
cycle = 3  E_corr(CCSD) = -0.279026090364942  dE = -1.42305062e-09  norm(t1,t2) = 2.11669e-05
cycle = 4  E_corr(CCSD) = -0.279026085696173  dE = 4.66876898e-09  norm(t1,t2) = 5.68742e-06
CCSD_Scanner converged
E(CCSD_Scanner) = -128.6050308394818  E_corr = -0.279026085696173
cycle = 1  norm(lambda1,lambda2) = 0.000900017
cycle = 2  norm(lambda1,lambda2) = 0.000134991
cycle = 3  norm(lambda1,lambda2) = 2.0562e-05
cycle = 4  norm(lambda1,lambda2) = 5.376e-06
--------------- CCSD_Scanner gradients ---------------
         x                y                z
0 Ne     0.0000001918     0.0000000069     0.0000000161
1 H    -0.0000001918    -0.0000000069    -0.0000000161
----------------------------------------------
cycle 13: E = -128.605030839  dE = 7.99494e-09  norm(grad) = 2.72426e-07
