-=#  geomeTRIC started. Version: 0.9.7.2  #=-
geometric-optimize called with the following command line:
apdft-pyscf-calc.py
6 internal coordinates being used (instead of 6 Cartesians)
Internal coordinate system (atoms numbered from 1):
Distance 1-2
Translation-X 1-2
Translation-Y 1-2
Translation-Z 1-2
Rotation-A 1-2
Rotation-B 1-2
Rotation-C 1-2
<class 'geometric.internal.Distance'> : 1
<class 'geometric.internal.TranslationX'> : 1
<class 'geometric.internal.TranslationY'> : 1
<class 'geometric.internal.TranslationZ'> : 1
<class 'geometric.internal.RotationA'> : 1
<class 'geometric.internal.RotationB'> : 1
<class 'geometric.internal.RotationC'> : 1
WARN: system HOMO -0.20522685508157 >= system LUMO -0.39976938677461
Step    0 : Gradient = 6.012e-02/6.012e-02 (rms/max) Energy = -54.6903300442
Hessian Eigenvalues: 5.00000e-02 5.00000e-02 5.00000e-02 ... 5.00000e-02 5.00000e-02 4.76883e-01
Step    1 : Displace = 3.336e-02/3.336e-02 (rms/max) Trust = 1.000e-01 (=) Grad = 1.114e-02/1.114e-02 (rms/max) E (change) = -54.6945939097 (-4.264e-03) Quality = 1.125
Hessian Eigenvalues: 5.00000e-02 5.00000e-02 5.00000e-02 ... 5.00000e-02 5.00000e-02 3.88532e-01
Step    2 : Displace = 7.585e-03/7.585e-03 (rms/max) Trust = 1.414e-01 (+) Grad = 2.752e-03/2.752e-03 (rms/max) E (change) = -54.6947909905 (-1.971e-04) Quality = 1.234
Hessian Eigenvalues: 5.00000e-02 5.00000e-02 5.00000e-02 ... 5.00000e-02 5.00000e-02 2.92531e-01
Step    3 : Displace = 2.489e-03/2.489e-03 (rms/max) Trust = 2.000e-01 (+) Grad = 1.848e-04/1.848e-04 (rms/max) E (change) = -54.6948046349 (-1.364e-05) Quality = 1.054
Hessian Eigenvalues: 5.00000e-02 5.00000e-02 5.00000e-02 ... 5.00000e-02 5.00000e-02 2.72884e-01
Step    4 : Displace = 1.792e-04/1.792e-04 (rms/max) Trust = 2.828e-01 (+) Grad = 3.838e-06/3.838e-06 (rms/max) E (change) = -54.6948049355 (-3.006e-07) Quality = 4.801
Converged! =D

    #==========================================================================#
    #| If this code has benefited your research, please support us by citing: |#
    #|                                                                        |#
    #| Wang, L.-P.; Song, C.C. (2016) "Geometry optimization made simple with |#
    #| translation and rotation coordinates", J. Chem, Phys. 144, 214108.     |#
    #| http://dx.doi.org/10.1063/1.4952956                                    |#
    #==========================================================================#
    
Time elapsed since start of run_optimizer: 679.283 seconds
output file: /ihome/jkeith/amm503/projects/apdft/dimer-geo-opt/n.h/n.h.chrg1.mult4/n.h.chrg1.mult4.geomopt/n.h.chrg1.mult4.sep1.0-pyscf.qa-ccsdt.ccpv5z/n.h.chrg1.mult4-pyscf-ccsdt.ccpv5z.log
Optimized bond length = 1.0872219337151392 A

