-=#  geomeTRIC started. Version: 0.9.7.2  #=-
geometric-optimize called with the following command line:
apdft-pyscf-calc.py
6 internal coordinates being used (instead of 6 Cartesians)
Internal coordinate system (atoms numbered from 1):
Distance 1-2
Translation-X 1-2
Translation-Y 1-2
Translation-Z 1-2
Rotation-A 1-2
Rotation-B 1-2
Rotation-C 1-2
<class 'geometric.internal.Distance'> : 1
<class 'geometric.internal.TranslationX'> : 1
<class 'geometric.internal.TranslationY'> : 1
<class 'geometric.internal.TranslationZ'> : 1
<class 'geometric.internal.RotationA'> : 1
<class 'geometric.internal.RotationB'> : 1
<class 'geometric.internal.RotationC'> : 1
WARN: system HOMO -0.0801286435089616 >= system LUMO -0.0801286435089653
Step    0 : Gradient = 9.398e-02/9.398e-02 (rms/max) Energy = -38.4757090488
Hessian Eigenvalues: 5.00000e-02 5.00000e-02 5.00000e-02 ... 5.00000e-02 5.00000e-02 4.76883e-01
Step    1 : Displace = 5.214e-02/5.214e-02 (rms/max) Trust = 1.000e-01 (=) Grad = 1.289e-02/1.289e-02 (rms/max) E (change) = -38.4854015870 (-9.693e-03) Quality = 1.047
Hessian Eigenvalues: 5.00000e-02 5.00000e-02 5.00000e-02 ... 5.00000e-02 5.00000e-02 4.11449e-01
Step    2 : Displace = 8.292e-03/8.292e-03 (rms/max) Trust = 1.414e-01 (+) Grad = 4.196e-03/4.196e-03 (rms/max) E (change) = -38.4856669405 (-2.654e-04) Quality = 1.313
Hessian Eigenvalues: 5.00000e-02 5.00000e-02 5.00000e-02 ... 5.00000e-02 5.00000e-02 2.77562e-01
Step    3 : Displace = 4.000e-03/4.000e-03 (rms/max) Trust = 2.000e-01 (+) Grad = 3.257e-04/3.257e-04 (rms/max) E (change) = -38.4857008299 (-3.389e-05) Quality = 1.069
Hessian Eigenvalues: 5.00000e-02 5.00000e-02 5.00000e-02 ... 5.00000e-02 5.00000e-02 2.56015e-01
Step    4 : Displace = 3.366e-04/3.366e-04 (rms/max) Trust = 2.828e-01 (+) Grad = 9.022e-06/9.022e-06 (rms/max) E (change) = -38.4857010762 (-2.463e-07) Quality = 1.189
Converged! =D

    #==========================================================================#
    #| If this code has benefited your research, please support us by citing: |#
    #|                                                                        |#
    #| Wang, L.-P.; Song, C.C. (2016) "Geometry optimization made simple with |#
    #| translation and rotation coordinates", J. Chem, Phys. 144, 214108.     |#
    #| http://dx.doi.org/10.1063/1.4952956                                    |#
    #==========================================================================#
    
Time elapsed since start of run_optimizer: 767.677 seconds
output file: /ihome/jkeith/amm503/projects/apdft/dimer-geo-opt/c.h/c.h.chrg-1.mult3/c.h.chrg-1.mult3.geomopt/c.h.chrg-1.mult3.sep1.0-pyscf.qa-ccsdt.ccpv5z/c.h.chrg-1.mult3-pyscf-ccsdt.ccpv5z.log
Optimized bond length = 1.1295399504586914 A
