-=#  geomeTRIC started. Version: 0.9.7.2  #=-
geometric-optimize called with the following command line:
apdft-pyscf-calc.py
6 internal coordinates being used (instead of 6 Cartesians)
Internal coordinate system (atoms numbered from 1):
Distance 1-2
Translation-X 1-2
Translation-Y 1-2
Translation-Z 1-2
Rotation-A 1-2
Rotation-B 1-2
Rotation-C 1-2
<class 'geometric.internal.Distance'> : 1
<class 'geometric.internal.TranslationX'> : 1
<class 'geometric.internal.TranslationY'> : 1
<class 'geometric.internal.TranslationZ'> : 1
<class 'geometric.internal.RotationA'> : 1
<class 'geometric.internal.RotationB'> : 1
<class 'geometric.internal.RotationC'> : 1
WARN: HOMO -0.205226855081582 == LUMO -0.205226855081573
Step    0 : Gradient = 2.493e-02/2.493e-02 (rms/max) Energy = -55.1145426568
Hessian Eigenvalues: 5.00000e-02 5.00000e-02 5.00000e-02 ... 5.00000e-02 5.00000e-02 4.76883e-01
Step    1 : Displace = 1.383e-02/1.383e-02 (rms/max) Trust = 1.000e-01 (=) Grad = 1.376e-03/1.376e-03 (rms/max) E (change) = -55.1152119993 (-6.693e-04) Quality = 1.027
Hessian Eigenvalues: 5.00000e-02 5.00000e-02 5.00000e-02 ... 5.00000e-02 5.00000e-02 4.50556e-01
Step    2 : Displace = 8.083e-04/8.083e-04 (rms/max) Trust = 1.414e-01 (+) Grad = 1.276e-04/1.276e-04 (rms/max) E (change) = -55.1152143814 (-2.382e-06) Quality = 1.133
Hessian Eigenvalues: 4.99999e-02 5.00000e-02 5.00000e-02 ... 5.00000e-02 5.00000e-02 4.08783e-01
Step    3 : Displace = 8.261e-05/8.261e-05 (rms/max) Trust = 2.000e-01 (+) Grad = 6.554e-07/6.554e-07 (rms/max) E (change) = -55.1152143773 (+4.039e-09) Quality = -0.203
Converged! =D

    #==========================================================================#
    #| If this code has benefited your research, please support us by citing: |#
    #|                                                                        |#
    #| Wang, L.-P.; Song, C.C. (2016) "Geometry optimization made simple with |#
    #| translation and rotation coordinates", J. Chem, Phys. 144, 214108.     |#
    #| http://dx.doi.org/10.1063/1.4952956                                    |#
    #==========================================================================#
    
Time elapsed since start of run_optimizer: 236.449 seconds
output file: /ihome/jkeith/amm503/projects/apdft/dimer-geo-opt/n.h/n.h.chrg0.mult1/n.h.chrg0.mult1.geomopt/n.h.chrg0.mult1.sep1.0-pyscf.apdft-ccsdt.ccpv5z/n.h.chrg0.mult1-pyscf-ccsdt.ccpv5z.log
Optimized bond length = 1.0294494095437192 A

