-=#  geomeTRIC started. Version: 0.9.7.2  #=-
geometric-optimize called with the following command line:
apdft-pyscf-calc.py
6 internal coordinates being used (instead of 6 Cartesians)
Internal coordinate system (atoms numbered from 1):
Distance 1-2
Translation-X 1-2
Translation-Y 1-2
Translation-Z 1-2
Rotation-A 1-2
Rotation-B 1-2
Rotation-C 1-2
<class 'geometric.internal.Distance'> : 1
<class 'geometric.internal.TranslationX'> : 1
<class 'geometric.internal.TranslationY'> : 1
<class 'geometric.internal.TranslationZ'> : 1
<class 'geometric.internal.RotationA'> : 1
<class 'geometric.internal.RotationB'> : 1
<class 'geometric.internal.RotationC'> : 1
WARN: alpha nocc = 4  HOMO -0.0801286435089685 >= LUMO -0.0801286435089661
WARN: system HOMO -0.0801286435089685 >= system LUMO -0.929731041296897
Step    0 : Gradient = 3.184e-01/3.184e-01 (rms/max) Energy = -36.8170825433
Hessian Eigenvalues: 5.00000e-02 5.00000e-02 5.00000e-02 ... 5.00000e-02 5.00000e-02 4.76883e-01
Step    1 : Displace = 1.000e-01/1.000e-01 (rms/max) Trust = 1.000e-01 (=) Grad = 1.437e-01/1.437e-01 (rms/max) E (change) = -36.8995612645 (-8.248e-02) Quality = 0.956
Hessian Eigenvalues: 5.00000e-02 5.00000e-02 5.00000e-02 ... 5.00000e-02 5.00000e-02 4.62421e-01
Step    2 : Displace = 8.221e-02/8.221e-02 (rms/max) Trust = 1.414e-01 (+) Grad = 7.931e-02/7.931e-02 (rms/max) E (change) = -36.9330608598 (-3.350e-02) Quality = 1.501
Hessian Eigenvalues: 5.00000e-02 5.00000e-02 5.00000e-02 ... 5.00000e-02 5.00000e-02 2.07164e-01
Step    3 : Displace = 1.013e-01/1.013e-01 (rms/max) Trust = 2.000e-01 (+) Grad = 4.317e-02/4.317e-02 (rms/max) E (change) = -36.9554186080 (-2.236e-02) Quality = 1.473
Hessian Eigenvalues: 5.00000e-02 5.00000e-02 5.00000e-02 ... 5.00000e-02 5.00000e-02 9.43850e-02
Step    4 : Displace = 1.210e-01/1.210e-01 (rms/max) Trust = 2.828e-01 (+) Grad = 3.062e-02/3.062e-02 (rms/max) E (change) = -36.9714930417 (-1.607e-02) Quality = 1.628
Hessian Eigenvalues: 2.74361e-02 5.00000e-02 5.00000e-02 ... 5.00000e-02 5.00000e-02 5.00000e-02
Step    5 : Displace = 2.953e-01/2.953e-01 (rms/max) Trust = 3.000e-01 (+) Grad = 3.256e-02/3.256e-02 (rms/max) E (change) = -37.0063894982 (-3.490e-02) Quality = 2.042
Eigenvalues below 1.0000e-05 (-1.7296e-03) - returning guess
Hessian Eigenvalues: 5.00000e-02 5.00000e-02 5.00000e-02 ... 5.00000e-02 5.00000e-02 4.76883e-01
Step    6 : Displace = 1.806e-02/1.806e-02 (rms/max) Trust = 3.000e-01 (=) Grad = 3.247e-02/3.247e-02 (rms/max) E (change) = -37.0086094604 (-2.220e-03) Quality = 1.998
Hessian Eigenvalues: 1.17990e-03 5.00000e-02 5.00000e-02 ... 5.00000e-02 5.00000e-02 5.00000e-02
Step    7 : Displace = 3.000e-01/3.000e-01 (rms/max) Trust = 3.000e-01 (=) Grad = 2.656e-02/2.656e-02 (rms/max) E (change) = -37.0425916186 (-3.398e-02) Quality = 0.942
Hessian Eigenvalues: 5.21838e-03 5.00000e-02 5.00000e-02 ... 5.00000e-02 5.00000e-02 5.00000e-02
Step    8 : Displace = 3.000e-01/3.000e-01 (rms/max) Trust = 3.000e-01 (=) Grad = 1.977e-02/1.977e-02 (rms/max) E (change) = -37.0686869037 (-2.610e-02) Quality = 0.975
Hessian Eigenvalues: 5.98247e-03 5.00000e-02 5.00000e-02 ... 5.00000e-02 5.00000e-02 5.00000e-02
Step    9 : Displace = 3.000e-01/3.000e-01 (rms/max) Trust = 3.000e-01 (=) Grad = 1.494e-02/1.494e-02 (rms/max) E (change) = -37.0881940421 (-1.951e-02) Quality = 1.050
Hessian Eigenvalues: 4.26548e-03 5.00000e-02 5.00000e-02 ... 5.00000e-02 5.00000e-02 5.00000e-02
Step   10 : Displace = 3.000e-01/3.000e-01 (rms/max) Trust = 3.000e-01 (=) Grad = 1.161e-02/1.161e-02 (rms/max) E (change) = -37.1031299726 (-1.494e-02) Quality = 1.052
Hessian Eigenvalues: 2.93658e-03 5.00000e-02 5.00000e-02 ... 5.00000e-02 5.00000e-02 5.00000e-02
Step   11 : Displace = 3.000e-01/3.000e-01 (rms/max) Trust = 3.000e-01 (=) Grad = 9.259e-03/9.259e-03 (rms/max) E (change) = -37.1148863062 (-1.176e-02) Quality = 1.043
Hessian Eigenvalues: 2.07262e-03 5.00000e-02 5.00000e-02 ... 5.00000e-02 5.00000e-02 5.00000e-02
Step   12 : Displace = 3.000e-01/3.000e-01 (rms/max) Trust = 3.000e-01 (=) Grad = 7.548e-03/7.548e-03 (rms/max) E (change) = -37.1243655244 (-9.479e-03) Quality = 1.034
Hessian Eigenvalues: 1.50866e-03 5.00000e-02 5.00000e-02 ... 5.00000e-02 5.00000e-02 5.00000e-02
Step   13 : Displace = 3.000e-01/3.000e-01 (rms/max) Trust = 3.000e-01 (=) Grad = 6.267e-03/6.267e-03 (rms/max) E (change) = -37.1321643380 (-7.799e-03) Quality = 1.028
Hessian Eigenvalues: 1.12953e-03 5.00000e-02 5.00000e-02 ... 5.00000e-02 5.00000e-02 5.00000e-02
Step   14 : Displace = 3.000e-01/3.000e-01 (rms/max) Trust = 3.000e-01 (=) Grad = 5.285e-03/5.285e-03 (rms/max) E (change) = -37.1386899789 (-6.526e-03) Quality = 1.023
Hessian Eigenvalues: 8.66472e-04 5.00000e-02 5.00000e-02 ... 5.00000e-02 5.00000e-02 5.00000e-02
Step   15 : Displace = 3.000e-01/3.000e-01 (rms/max) Trust = 3.000e-01 (=) Grad = 4.515e-03/4.515e-03 (rms/max) E (change) = -37.1442289324 (-5.539e-03) Quality = 1.019
Hessian Eigenvalues: 6.78640e-04 5.00000e-02 5.00000e-02 ... 5.00000e-02 5.00000e-02 5.00000e-02
Step   16 : Displace = 3.000e-01/3.000e-01 (rms/max) Trust = 3.000e-01 (=) Grad = 3.902e-03/3.902e-03 (rms/max) E (change) = -37.1489882458 (-4.759e-03) Quality = 1.016
Hessian Eigenvalues: 5.41133e-04 5.00000e-02 5.00000e-02 ... 5.00000e-02 5.00000e-02 5.00000e-02
Step   17 : Displace = 3.000e-01/3.000e-01 (rms/max) Trust = 3.000e-01 (=) Grad = 3.405e-03/3.405e-03 (rms/max) E (change) = -37.1531210723 (-4.133e-03) Quality = 1.014
Hessian Eigenvalues: 4.38257e-04 5.00000e-02 5.00000e-02 ... 5.00000e-02 5.00000e-02 5.00000e-02
Step   18 : Displace = 3.000e-01/3.000e-01 (rms/max) Trust = 3.000e-01 (=) Grad = 2.997e-03/2.997e-03 (rms/max) E (change) = -37.1567431524 (-3.622e-03) Quality = 1.012
Hessian Eigenvalues: 3.59807e-04 5.00000e-02 5.00000e-02 ... 5.00000e-02 5.00000e-02 5.00000e-02
Step   19 : Displace = 3.000e-01/3.000e-01 (rms/max) Trust = 3.000e-01 (=) Grad = 2.658e-03/2.658e-03 (rms/max) E (change) = -37.1599433602 (-3.200e-03) Quality = 1.011
Hessian Eigenvalues: 2.98969e-04 5.00000e-02 5.00000e-02 ... 5.00000e-02 5.00000e-02 5.00000e-02
Step   20 : Displace = 3.000e-01/3.000e-01 (rms/max) Trust = 3.000e-01 (=) Grad = 2.373e-03/2.373e-03 (rms/max) E (change) = -37.1627911908 (-2.848e-03) Quality = 1.009
Hessian Eigenvalues: 2.51078e-04 5.00000e-02 5.00000e-02 ... 5.00000e-02 5.00000e-02 5.00000e-02
Step   21 : Displace = 3.000e-01/3.000e-01 (rms/max) Trust = 3.000e-01 (=) Grad = 2.132e-03/2.132e-03 (rms/max) E (change) = -37.1653416955 (-2.551e-03) Quality = 1.008
Hessian Eigenvalues: 2.12874e-04 5.00000e-02 5.00000e-02 ... 5.00000e-02 5.00000e-02 5.00000e-02
Step   22 : Displace = 3.000e-01/3.000e-01 (rms/max) Trust = 3.000e-01 (=) Grad = 1.926e-03/1.926e-03 (rms/max) E (change) = -37.1676390448 (-2.297e-03) Quality = 1.007
Hessian Eigenvalues: 1.82031e-04 5.00000e-02 5.00000e-02 ... 5.00000e-02 5.00000e-02 5.00000e-02
Step   23 : Displace = 3.000e-01/3.000e-01 (rms/max) Trust = 3.000e-01 (=) Grad = 1.748e-03/1.748e-03 (rms/max) E (change) = -37.1697190954 (-2.080e-03) Quality = 1.007
Hessian Eigenvalues: 1.56861e-04 5.00000e-02 5.00000e-02 ... 5.00000e-02 5.00000e-02 5.00000e-02
Step   24 : Displace = 3.000e-01/3.000e-01 (rms/max) Trust = 3.000e-01 (=) Grad = 1.593e-03/1.593e-03 (rms/max) E (change) = -37.1716112374 (-1.892e-03) Quality = 1.006
Hessian Eigenvalues: 1.36119e-04 5.00000e-02 5.00000e-02 ... 5.00000e-02 5.00000e-02 5.00000e-02
Step   25 : Displace = 3.000e-01/3.000e-01 (rms/max) Trust = 3.000e-01 (=) Grad = 1.459e-03/1.459e-03 (rms/max) E (change) = -37.1733398052 (-1.729e-03) Quality = 1.005
Hessian Eigenvalues: 1.18875e-04 5.00000e-02 5.00000e-02 ... 5.00000e-02 5.00000e-02 5.00000e-02
Step   26 : Displace = 3.000e-01/3.000e-01 (rms/max) Trust = 3.000e-01 (=) Grad = 1.340e-03/1.340e-03 (rms/max) E (change) = -37.1749251096 (-1.585e-03) Quality = 1.005
Hessian Eigenvalues: 1.04421e-04 5.00000e-02 5.00000e-02 ... 5.00000e-02 5.00000e-02 5.00000e-02
Step   27 : Displace = 3.000e-01/3.000e-01 (rms/max) Trust = 3.000e-01 (=) Grad = 1.236e-03/1.236e-03 (rms/max) E (change) = -37.1763842281 (-1.459e-03) Quality = 1.005
Hessian Eigenvalues: 9.22172e-05 5.00000e-02 5.00000e-02 ... 5.00000e-02 5.00000e-02 5.00000e-02
Step   28 : Displace = 3.000e-01/3.000e-01 (rms/max) Trust = 3.000e-01 (=) Grad = 1.143e-03/1.143e-03 (rms/max) E (change) = -37.1777316215 (-1.347e-03) Quality = 1.004
Hessian Eigenvalues: 8.18414e-05 5.00000e-02 5.00000e-02 ... 5.00000e-02 5.00000e-02 5.00000e-02
Step   29 : Displace = 3.000e-01/3.000e-01 (rms/max) Trust = 3.000e-01 (=) Grad = 1.060e-03/1.060e-03 (rms/max) E (change) = -37.1789796938 (-1.248e-03) Quality = 1.004
Hessian Eigenvalues: 7.29644e-05 5.00000e-02 5.00000e-02 ... 5.00000e-02 5.00000e-02 5.00000e-02
Step   30 : Displace = 3.000e-01/3.000e-01 (rms/max) Trust = 3.000e-01 (=) Grad = 9.861e-04/9.861e-04 (rms/max) E (change) = -37.1801389746 (-1.159e-03) Quality = 1.004
Hessian Eigenvalues: 6.53252e-05 5.00000e-02 5.00000e-02 ... 5.00000e-02 5.00000e-02 5.00000e-02
Step   31 : Displace = 3.000e-01/3.000e-01 (rms/max) Trust = 3.000e-01 (=) Grad = 9.195e-04/9.195e-04 (rms/max) E (change) = -37.1812186237 (-1.080e-03) Quality = 1.003
Hessian Eigenvalues: 5.87155e-05 5.00000e-02 5.00000e-02 ... 5.00000e-02 5.00000e-02 5.00000e-02
Step   32 : Displace = 3.000e-01/3.000e-01 (rms/max) Trust = 3.000e-01 (=) Grad = 8.594e-04/8.594e-04 (rms/max) E (change) = -37.1822265473 (-1.008e-03) Quality = 1.003
Hessian Eigenvalues: 5.29678e-05 5.00000e-02 5.00000e-02 ... 5.00000e-02 5.00000e-02 5.00000e-02
Step   33 : Displace = 3.000e-01/3.000e-01 (rms/max) Trust = 3.000e-01 (=) Grad = 8.051e-04/8.051e-04 (rms/max) E (change) = -37.1831696966 (-9.431e-04) Quality = 1.003
Hessian Eigenvalues: 4.79461e-05 5.00000e-02 5.00000e-02 ... 5.00000e-02 5.00000e-02 5.00000e-02
Step   34 : Displace = 3.000e-01/3.000e-01 (rms/max) Trust = 3.000e-01 (=) Grad = 7.557e-04/7.557e-04 (rms/max) E (change) = -37.1840541006 (-8.844e-04) Quality = 1.003
Hessian Eigenvalues: 4.35392e-05 5.00000e-02 5.00000e-02 ... 5.00000e-02 5.00000e-02 5.00000e-02
Step   35 : Displace = 3.000e-01/3.000e-01 (rms/max) Trust = 3.000e-01 (=) Grad = 7.108e-04/7.108e-04 (rms/max) E (change) = -37.1848850791 (-8.310e-04) Quality = 1.003
Hessian Eigenvalues: 3.96561e-05 5.00000e-02 5.00000e-02 ... 5.00000e-02 5.00000e-02 5.00000e-02
Step   36 : Displace = 3.000e-01/3.000e-01 (rms/max) Trust = 3.000e-01 (=) Grad = 6.697e-04/6.697e-04 (rms/max) E (change) = -37.1856673494 (-7.823e-04) Quality = 1.002
Hessian Eigenvalues: 3.62211e-05 5.00000e-02 5.00000e-02 ... 5.00000e-02 5.00000e-02 5.00000e-02
Step   37 : Displace = 3.000e-01/3.000e-01 (rms/max) Trust = 3.000e-01 (=) Grad = 6.321e-04/6.321e-04 (rms/max) E (change) = -37.1864050324 (-7.377e-04) Quality = 1.002
Hessian Eigenvalues: 3.31714e-05 5.00000e-02 5.00000e-02 ... 5.00000e-02 5.00000e-02 5.00000e-02
Step   38 : Displace = 3.000e-01/3.000e-01 (rms/max) Trust = 3.000e-01 (=) Grad = 5.975e-04/5.975e-04 (rms/max) E (change) = -37.1871018503 (-6.968e-04) Quality = 1.002
Hessian Eigenvalues: 3.04546e-05 5.00000e-02 5.00000e-02 ... 5.00000e-02 5.00000e-02 5.00000e-02
Step   39 : Displace = 3.000e-01/3.000e-01 (rms/max) Trust = 3.000e-01 (=) Grad = 5.658e-04/5.658e-04 (rms/max) E (change) = -37.1877611058 (-6.593e-04) Quality = 1.002
Hessian Eigenvalues: 2.80265e-05 5.00000e-02 5.00000e-02 ... 5.00000e-02 5.00000e-02 5.00000e-02
Step   40 : Displace = 3.000e-01/3.000e-01 (rms/max) Trust = 3.000e-01 (=) Grad = 5.365e-04/5.365e-04 (rms/max) E (change) = -37.1883857552 (-6.246e-04) Quality = 1.002
Hessian Eigenvalues: 2.58497e-05 5.00000e-02 5.00000e-02 ... 5.00000e-02 5.00000e-02 5.00000e-02
Step   41 : Displace = 3.000e-01/3.000e-01 (rms/max) Trust = 3.000e-01 (=) Grad = 5.094e-04/5.094e-04 (rms/max) E (change) = -37.1889784528 (-5.927e-04) Quality = 1.002
Hessian Eigenvalues: 2.38925e-05 5.00000e-02 5.00000e-02 ... 5.00000e-02 5.00000e-02 5.00000e-02
Step   42 : Displace = 3.000e-01/3.000e-01 (rms/max) Trust = 3.000e-01 (=) Grad = 4.843e-04/4.843e-04 (rms/max) E (change) = -37.1895415888 (-5.631e-04) Quality = 1.002
Hessian Eigenvalues: 2.21280e-05 5.00000e-02 5.00000e-02 ... 5.00000e-02 5.00000e-02 5.00000e-02
Step   43 : Displace = 3.000e-01/3.000e-01 (rms/max) Trust = 3.000e-01 (=) Grad = 4.610e-04/4.610e-04 (rms/max) E (change) = -37.1900773188 (-5.357e-04) Quality = 1.002
Hessian Eigenvalues: 2.05330e-05 5.00000e-02 5.00000e-02 ... 5.00000e-02 5.00000e-02 5.00000e-02
Step   44 : Displace = 3.000e-01/3.000e-01 (rms/max) Trust = 3.000e-01 (=) Grad = 4.394e-04/4.394e-04 (rms/max) E (change) = -37.1905875951 (-5.103e-04) Quality = 1.002
Hessian Eigenvalues: 1.90876e-05 5.00000e-02 5.00000e-02 ... 5.00000e-02 5.00000e-02 5.00000e-02
Step   45 : Displace = 3.000e-01/3.000e-01 (rms/max) Trust = 3.000e-01 (=) Grad = 4.192e-04/4.192e-04 (rms/max) E (change) = -37.1910741918 (-4.866e-04) Quality = 1.001
Hessian Eigenvalues: 1.77747e-05 5.00000e-02 5.00000e-02 ... 5.00000e-02 5.00000e-02 5.00000e-02
Step   46 : Displace = 3.000e-01/3.000e-01 (rms/max) Trust = 3.000e-01 (=) Grad = 4.004e-04/4.004e-04 (rms/max) E (change) = -37.1915387173 (-4.645e-04) Quality = 1.001
Hessian Eigenvalues: 1.65795e-05 5.00000e-02 5.00000e-02 ... 5.00000e-02 5.00000e-02 5.00000e-02
Step   47 : Displace = 3.000e-01/3.000e-01 (rms/max) Trust = 3.000e-01 (=) Grad = 3.828e-04/3.828e-04 (rms/max) E (change) = -37.1919826397 (-4.439e-04) Quality = 1.001
Hessian Eigenvalues: 1.54891e-05 5.00000e-02 5.00000e-02 ... 5.00000e-02 5.00000e-02 5.00000e-02
Step   48 : Displace = 3.000e-01/3.000e-01 (rms/max) Trust = 3.000e-01 (=) Grad = 3.664e-04/3.664e-04 (rms/max) E (change) = -37.1924072997 (-4.247e-04) Quality = 1.001
Hessian Eigenvalues: 1.44922e-05 5.00000e-02 5.00000e-02 ... 5.00000e-02 5.00000e-02 5.00000e-02
Step   49 : Displace = 3.000e-01/3.000e-01 (rms/max) Trust = 3.000e-01 (=) Grad = 3.510e-04/3.510e-04 (rms/max) E (change) = -37.1928139245 (-4.066e-04) Quality = 1.001
Hessian Eigenvalues: 1.35790e-05 5.00000e-02 5.00000e-02 ... 5.00000e-02 5.00000e-02 5.00000e-02
Step   50 : Displace = 3.000e-01/3.000e-01 (rms/max) Trust = 3.000e-01 (=) Grad = 3.366e-04/3.366e-04 (rms/max) E (change) = -37.1932036277 (-3.897e-04) Quality = 1.001
Hessian Eigenvalues: 1.27410e-05 5.00000e-02 5.00000e-02 ... 5.00000e-02 5.00000e-02 5.00000e-02
Step   51 : Displace = 3.000e-01/3.000e-01 (rms/max) Trust = 3.000e-01 (=) Grad = 3.230e-04/3.230e-04 (rms/max) E (change) = -37.1935774646 (-3.738e-04) Quality = 1.001
Hessian Eigenvalues: 1.19705e-05 5.00000e-02 5.00000e-02 ... 5.00000e-02 5.00000e-02 5.00000e-02
Step   52 : Displace = 3.000e-01/3.000e-01 (rms/max) Trust = 3.000e-01 (=) Grad = 3.102e-04/3.102e-04 (rms/max) E (change) = -37.1939363823 (-3.589e-04) Quality = 1.001
Hessian Eigenvalues: 1.12609e-05 5.00000e-02 5.00000e-02 ... 5.00000e-02 5.00000e-02 5.00000e-02
Step   53 : Displace = 3.000e-01/3.000e-01 (rms/max) Trust = 3.000e-01 (=) Grad = 2.982e-04/2.982e-04 (rms/max) E (change) = -37.1942812441 (-3.449e-04) Quality = 1.001
Hessian Eigenvalues: 1.06062e-05 5.00000e-02 5.00000e-02 ... 5.00000e-02 5.00000e-02 5.00000e-02
Step   54 : Displace = 3.000e-01/3.000e-01 (rms/max) Trust = 3.000e-01 (=) Grad = 2.869e-04/2.869e-04 (rms/max) E (change) = -37.1946128638 (-3.316e-04) Quality = 1.001
Hessian Eigenvalues: 1.00014e-05 5.00000e-02 5.00000e-02 ... 5.00000e-02 5.00000e-02 5.00000e-02
Step   55 : Displace = 3.000e-01/3.000e-01 (rms/max) Trust = 3.000e-01 (=) Grad = 2.762e-04/2.762e-04 (rms/max) E (change) = -37.1949319891 (-3.191e-04) Quality = 1.001
Eigenvalues below 1.0000e-05 (9.4417e-06) - returning guess
Hessian Eigenvalues: 5.00000e-02 5.00000e-02 5.00000e-02 ... 5.00000e-02 5.00000e-02 4.76883e-01
Step   56 : Displace = 1.532e-04/1.532e-04 (rms/max) Trust = 3.000e-01 (=) Grad = 2.761e-04/2.761e-04 (rms/max) E (change) = -37.1949321494 (-1.602e-07) Quality = 2.004
Converged! =D

    #==========================================================================#
    #| If this code has benefited your research, please support us by citing: |#
    #|                                                                        |#
    #| Wang, L.-P.; Song, C.C. (2016) "Geometry optimization made simple with |#
    #| translation and rotation coordinates", J. Chem, Phys. 144, 214108.     |#
    #| http://dx.doi.org/10.1063/1.4952956                                    |#
    #==========================================================================#
    
Time elapsed since start of run_optimizer: 5676.226 seconds
output file: /ihome/jkeith/amm503/projects/apdft/dimer-geo-opt/c.h/c.h.chrg2.mult4/c.h.chrg2.mult4.geomopt/c.h.chrg2.mult4.sep1.0-pyscf.apdft-ccsdt.ccpv5z/c.h.chrg2.mult4-pyscf-ccsdt.ccpv5z.log
Optimized bond length = 31.836161619035952 A
============================================================================
                               JOB STATISTICS                              
============================================================================
      SubmitTime: 2021-11-15T13:35:37
         EndTime: 2021-11-18T13:36:14
         RunTime: 01:35:06
           JobId: 4675344
            TRES: cpu=6,mem=24108M,node=1,billing=4
       Partition: smp
        NodeList: smp-n210
         Command: /ihome/jkeith/amm503/projects/apdft/dimer-geo-opt/c.h/c.h.chrg2.mult4/c.h.chrg2.mult4.geomopt/c.h.chrg2.mult4.sep1.0-pyscf.apdft-ccsdt.ccpv5z/submit-pyscf-apdft.slurm
          StdOut: /ihome/jkeith/amm503/projects/apdft/dimer-geo-opt/c.h/c.h.chrg2.mult4/c.h.chrg2.mult4.geomopt/c.h.chrg2.mult4.sep1.0-pyscf.apdft-ccsdt.ccpv5z/c.h.chrg2.mult4.sep1.0-pyscf.apdft-ccsdt.ccpv5z.out
More information:
    - `sacct -M smp -j 4675344 -S 2021-11-15T13:35:37 -E 2021-11-18T13:36:14`
   Print control:
    - List of all possible fields: `sacct --helpformat`
    - Add `--format=<field1,field2,etc>` with fields of interest
============================================================================
