-=#  geomeTRIC started. Version: 0.9.7.2  #=-
geometric-optimize called with the following command line:
apdft-pyscf-calc.py
6 internal coordinates being used (instead of 6 Cartesians)
Internal coordinate system (atoms numbered from 1):
Distance 1-2
Translation-X 1-2
Translation-Y 1-2
Translation-Z 1-2
Rotation-A 1-2
Rotation-B 1-2
Rotation-C 1-2
<class 'geometric.internal.Distance'> : 1
<class 'geometric.internal.TranslationX'> : 1
<class 'geometric.internal.TranslationY'> : 1
<class 'geometric.internal.TranslationZ'> : 1
<class 'geometric.internal.RotationA'> : 1
<class 'geometric.internal.RotationB'> : 1
<class 'geometric.internal.RotationC'> : 1
WARN: system HOMO 0.100981328402515 >= system LUMO -0.205226855081576
Step    0 : Gradient = 4.807e-02/4.807e-02 (rms/max) Energy = -55.1050909396
Hessian Eigenvalues: 5.00000e-02 5.00000e-02 5.00000e-02 ... 5.00000e-02 5.00000e-02 4.76883e-01
Step    1 : Displace = 2.667e-02/2.667e-02 (rms/max) Trust = 1.000e-01 (=) Grad = 1.180e-02/1.180e-02 (rms/max) E (change) = -55.1079790063 (-2.888e-03) Quality = 1.192
Hessian Eigenvalues: 5.00000e-02 5.00000e-02 5.00000e-02 ... 5.00000e-02 5.00000e-02 3.59767e-01
Step    2 : Displace = 8.682e-03/8.682e-03 (rms/max) Trust = 1.414e-01 (+) Grad = 3.068e-03/3.068e-03 (rms/max) E (change) = -55.1082192506 (-2.402e-04) Quality = 1.241
Hessian Eigenvalues: 5.00000e-02 5.00000e-02 5.00000e-02 ... 5.00000e-02 5.00000e-02 2.66250e-01
Step    3 : Displace = 3.049e-03/3.049e-03 (rms/max) Trust = 2.000e-01 (+) Grad = 3.093e-04/3.093e-04 (rms/max) E (change) = -55.1082386551 (-1.940e-05) Quality = 1.097
Hessian Eigenvalues: 5.00000e-02 5.00000e-02 5.00000e-02 ... 5.00000e-02 5.00000e-02 2.39412e-01
Step    4 : Displace = 3.418e-04/3.418e-04 (rms/max) Trust = 2.828e-01 (+) Grad = 9.411e-06/9.411e-06 (rms/max) E (change) = -55.1082387932 (-1.381e-07) Quality = 0.691
Converged! =D

    #==========================================================================#
    #| If this code has benefited your research, please support us by citing: |#
    #|                                                                        |#
    #| Wang, L.-P.; Song, C.C. (2016) "Geometry optimization made simple with |#
    #| translation and rotation coordinates", J. Chem, Phys. 144, 214108.     |#
    #| http://dx.doi.org/10.1063/1.4952956                                    |#
    #==========================================================================#
    
Time elapsed since start of run_optimizer: 789.048 seconds
output file: /ihome/jkeith/amm503/projects/apdft/dimer-geo-opt/n.h/n.h.chrg-1.mult4/n.h.chrg-1.mult4.geomopt/n.h.chrg-1.mult4.sep1.0-pyscf.qa-ccsdt.ccpv5z/n.h.chrg-1.mult4-pyscf-ccsdt.ccpv5z.log
Optimized bond length = 1.0774831930637552 A

