-=#  geomeTRIC started. Version: 0.9.7.2  #=-
geometric-optimize called with the following command line:
apdft-pyscf-calc.py
6 internal coordinates being used (instead of 6 Cartesians)
Internal coordinate system (atoms numbered from 1):
Distance 1-2
Translation-X 1-2
Translation-Y 1-2
Translation-Z 1-2
Rotation-A 1-2
Rotation-B 1-2
Rotation-C 1-2
<class 'geometric.internal.Distance'> : 1
<class 'geometric.internal.TranslationX'> : 1
<class 'geometric.internal.TranslationY'> : 1
<class 'geometric.internal.TranslationZ'> : 1
<class 'geometric.internal.RotationA'> : 1
<class 'geometric.internal.RotationB'> : 1
<class 'geometric.internal.RotationC'> : 1
Step    0 : Gradient = 1.952e-01/1.952e-01 (rms/max) Energy = -24.0614580884
Hessian Eigenvalues: 5.00000e-02 5.00000e-02 5.00000e-02 ... 5.00000e-02 5.00000e-02 4.76883e-01
Step    1 : Displace = 1.083e-01/1.083e-01 (rms/max) Trust = 1.000e-01 (=) Grad = 4.326e-02/4.326e-02 (rms/max) E (change) = -24.1044019612 (-4.294e-02) Quality = 1.075
Hessian Eigenvalues: 5.00000e-02 5.00000e-02 5.00000e-02 ... 5.00000e-02 5.00000e-02 3.71172e-01
Step    2 : Displace = 3.084e-02/3.084e-02 (rms/max) Trust = 1.414e-01 (+) Grad = 2.491e-02/2.491e-02 (rms/max) E (change) = -24.1083044823 (-3.903e-03) Quality = 1.548
Hessian Eigenvalues: 5.00000e-02 5.00000e-02 5.00000e-02 ... 5.00000e-02 5.00000e-02 1.57407e-01
Step    3 : Displace = 4.188e-02/4.188e-02 (rms/max) Trust = 2.000e-01 (+) Grad = 9.462e-03/9.462e-03 (rms/max) E (change) = -24.1109077504 (-2.603e-03) Quality = 1.320
Hessian Eigenvalues: 5.00000e-02 5.00000e-02 5.00000e-02 ... 5.00000e-02 5.00000e-02 9.76233e-02
Step    4 : Displace = 2.565e-02/2.565e-02 (rms/max) Trust = 2.828e-01 (+) Grad = 3.696e-03/3.696e-03 (rms/max) E (change) = -24.1115272866 (-6.195e-04) Quality = 1.351
Hessian Eigenvalues: 5.00000e-02 5.00000e-02 5.00000e-02 ... 5.00000e-02 5.00000e-02 5.94897e-02
Step    5 : Displace = 1.644e-02/1.644e-02 (rms/max) Trust = 3.000e-01 (+) Grad = 1.065e-03/1.065e-03 (rms/max) E (change) = -24.1116713961 (-1.441e-04) Quality = 1.255
Hessian Eigenvalues: 4.23549e-02 5.00000e-02 5.00000e-02 ... 5.00000e-02 5.00000e-02 5.00000e-02
Step    6 : Displace = 6.651e-03/6.651e-03 (rms/max) Trust = 3.000e-01 (=) Grad = 1.960e-04/1.960e-04 (rms/max) E (change) = -24.1116869975 (-1.560e-05) Quality = 1.166
Hessian Eigenvalues: 3.45579e-02 5.00000e-02 5.00000e-02 ... 5.00000e-02 5.00000e-02 5.00000e-02
Step    7 : Displace = 1.501e-03/1.501e-03 (rms/max) Trust = 3.000e-01 (=) Grad = 1.451e-05/1.451e-05 (rms/max) E (change) = -24.1116875917 (-5.942e-07) Quality = 1.069
Hessian Eigenvalues: 3.19992e-02 5.00000e-02 5.00000e-02 ... 5.00000e-02 5.00000e-02 5.00000e-02
Step    8 : Displace = 1.200e-04/1.200e-04 (rms/max) Trust = 3.000e-01 (=) Grad = 2.352e-07/2.352e-07 (rms/max) E (change) = -24.1116875945 (-2.868e-09) Quality = 0.872
Converged! =D

    #==========================================================================#
    #| If this code has benefited your research, please support us by citing: |#
    #|                                                                        |#
    #| Wang, L.-P.; Song, C.C. (2016) "Geometry optimization made simple with |#
    #| translation and rotation coordinates", J. Chem, Phys. 144, 214108.     |#
    #| http://dx.doi.org/10.1063/1.4952956                                    |#
    #==========================================================================#
    
Time elapsed since start of run_optimizer: 607.765 seconds
output file: /ihome/jkeith/amm503/projects/apdft/dimer-geo-opt/b.h/b.h.chrg2.mult1/b.h.chrg2.mult1.geomopt/b.h.chrg2.mult1.sep1.0-pyscf.apdft-ccsdt.ccpv5z/b.h.chrg2.mult1-pyscf-ccsdt.ccpv5z.log
Optimized bond length = 1.4626970321066946 A
============================================================================
                               JOB STATISTICS                              
============================================================================
      SubmitTime: 2021-11-15T13:35:29
         EndTime: 2021-11-18T13:36:14
         RunTime: 00:10:37
           JobId: 4675321
            TRES: cpu=6,mem=24108M,node=1,billing=4
       Partition: smp
        NodeList: smp-n87
         Command: /ihome/jkeith/amm503/projects/apdft/dimer-geo-opt/b.h/b.h.chrg2.mult1/b.h.chrg2.mult1.geomopt/b.h.chrg2.mult1.sep1.0-pyscf.apdft-ccsdt.ccpv5z/submit-pyscf-apdft.slurm
          StdOut: /ihome/jkeith/amm503/projects/apdft/dimer-geo-opt/b.h/b.h.chrg2.mult1/b.h.chrg2.mult1.geomopt/b.h.chrg2.mult1.sep1.0-pyscf.apdft-ccsdt.ccpv5z/b.h.chrg2.mult1.sep1.0-pyscf.apdft-ccsdt.ccpv5z.out
More information:
    - `sacct -M smp -j 4675321 -S 2021-11-15T13:35:29 -E 2021-11-18T13:36:14`
   Print control:
    - List of all possible fields: `sacct --helpformat`
    - Add `--format=<field1,field2,etc>` with fields of interest
============================================================================
