-=#  geomeTRIC started. Version: 0.9.7.2  #=-
geometric-optimize called with the following command line:
apdft-pyscf-calc.py
6 internal coordinates being used (instead of 6 Cartesians)
Internal coordinate system (atoms numbered from 1):
Distance 1-2
Translation-X 1-2
Translation-Y 1-2
Translation-Z 1-2
Rotation-A 1-2
Rotation-B 1-2
Rotation-C 1-2
<class 'geometric.internal.Distance'> : 1
<class 'geometric.internal.TranslationX'> : 1
<class 'geometric.internal.TranslationY'> : 1
<class 'geometric.internal.TranslationZ'> : 1
<class 'geometric.internal.RotationA'> : 1
<class 'geometric.internal.RotationB'> : 1
<class 'geometric.internal.RotationC'> : 1
WARN: beta  nocc = 4  HOMO -0.651916571480653 >= LUMO -0.651916571480638
WARN: system HOMO 0.0410986186648382 >= system LUMO -0.651916571480638
Step    0 : Gradient = 1.650e-01/1.650e-01 (rms/max) Energy = -100.0706249825
Hessian Eigenvalues: 5.00000e-02 5.00000e-02 5.00000e-02 ... 5.00000e-02 5.00000e-02 4.76883e-01
Step    1 : Displace = 9.153e-02/9.153e-02 (rms/max) Trust = 1.000e-01 (=) Grad = 1.103e-01/1.103e-01 (rms/max) E (change) = -100.1176199124 (-4.699e-02) Quality = 1.647
Hessian Eigenvalues: 5.00000e-02 5.00000e-02 5.00000e-02 ... 5.00000e-02 5.00000e-02 1.58108e-01
Step    2 : Displace = 1.414e-01/1.414e-01 (rms/max) Trust = 1.414e-01 (+) Grad = 5.303e-02/5.303e-02 (rms/max) E (change) = -100.1598401141 (-4.222e-02) Quality = 1.161
Hessian Eigenvalues: 5.00000e-02 5.00000e-02 5.00000e-02 ... 5.00000e-02 5.00000e-02 1.07090e-01
Step    3 : Displace = 1.310e-01/1.310e-01 (rms/max) Trust = 2.000e-01 (+) Grad = 2.519e-02/2.519e-02 (rms/max) E (change) = -100.1784237777 (-1.858e-02) Quality = 1.415
Hessian Eigenvalues: 5.00000e-02 5.00000e-02 5.00000e-02 ... 5.00000e-02 5.00000e-02 5.62170e-02
Step    4 : Displace = 1.186e-01/1.186e-01 (rms/max) Trust = 2.828e-01 (+) Grad = 1.242e-02/1.242e-02 (rms/max) E (change) = -100.1865398467 (-8.116e-03) Quality = 1.438
Hessian Eigenvalues: 2.85066e-02 5.00000e-02 5.00000e-02 ... 5.00000e-02 5.00000e-02 5.00000e-02
Step    5 : Displace = 1.153e-01/1.153e-01 (rms/max) Trust = 3.000e-01 (+) Grad = 6.031e-03/6.031e-03 (rms/max) E (change) = -100.1904037158 (-3.864e-03) Quality = 1.428
Hessian Eigenvalues: 1.46635e-02 5.00000e-02 5.00000e-02 ... 5.00000e-02 5.00000e-02 5.00000e-02
Step    6 : Displace = 1.088e-01/1.088e-01 (rms/max) Trust = 3.000e-01 (=) Grad = 2.944e-03/2.944e-03 (rms/max) E (change) = -100.1921793933 (-1.776e-03) Quality = 1.432
Hessian Eigenvalues: 7.50466e-03 5.00000e-02 5.00000e-02 ... 5.00000e-02 5.00000e-02 5.00000e-02
Step    7 : Displace = 1.038e-01/1.038e-01 (rms/max) Trust = 3.000e-01 (=) Grad = 1.429e-03/1.429e-03 (rms/max) E (change) = -100.1930047966 (-8.254e-04) Quality = 1.429
Hessian Eigenvalues: 3.86143e-03 5.00000e-02 5.00000e-02 ... 5.00000e-02 5.00000e-02 5.00000e-02
Step    8 : Displace = 9.794e-02/9.794e-02 (rms/max) Trust = 3.000e-01 (=) Grad = 6.910e-04/6.910e-04 (rms/max) E (change) = -100.1933822289 (-3.774e-04) Quality = 1.427
Hessian Eigenvalues: 1.99459e-03 5.00000e-02 5.00000e-02 ... 5.00000e-02 5.00000e-02 5.00000e-02
Step    9 : Displace = 9.166e-02/9.166e-02 (rms/max) Trust = 3.000e-01 (=) Grad = 3.304e-04/3.304e-04 (rms/max) E (change) = -100.1935524902 (-1.703e-04) Quality = 1.422
Hessian Eigenvalues: 1.04102e-03 5.00000e-02 5.00000e-02 ... 5.00000e-02 5.00000e-02 5.00000e-02
Step   10 : Displace = 8.396e-02/8.396e-02 (rms/max) Trust = 3.000e-01 (=) Grad = 1.550e-04/1.550e-04 (rms/max) E (change) = -100.1936268149 (-7.432e-05) Quality = 1.418
Hessian Eigenvalues: 5.52682e-04 5.00000e-02 5.00000e-02 ... 5.00000e-02 5.00000e-02 5.00000e-02
Step   11 : Displace = 7.419e-02/7.419e-02 (rms/max) Trust = 3.000e-01 (=) Grad = 7.065e-05/7.065e-05 (rms/max) E (change) = -100.1936570734 (-3.026e-05) Quality = 1.393
Hessian Eigenvalues: 3.00723e-04 5.00000e-02 5.00000e-02 ... 5.00000e-02 5.00000e-02 5.00000e-02
Step   12 : Displace = 6.216e-02/6.216e-02 (rms/max) Trust = 3.000e-01 (=) Grad = 3.063e-05/3.063e-05 (rms/max) E (change) = -100.1936685728 (-1.150e-05) Quality = 1.386
Hessian Eigenvalues: 1.70336e-04 5.00000e-02 5.00000e-02 ... 5.00000e-02 5.00000e-02 5.00000e-02
Step   13 : Displace = 4.758e-02/4.758e-02 (rms/max) Trust = 3.000e-01 (=) Grad = 1.197e-05/1.197e-05 (rms/max) E (change) = -100.1936722364 (-3.664e-06) Quality = 1.330
Hessian Eigenvalues: 1.03754e-04 5.00000e-02 5.00000e-02 ... 5.00000e-02 5.00000e-02 5.00000e-02
Step   14 : Displace = 3.053e-02/3.053e-02 (rms/max) Trust = 3.000e-01 (=) Grad = 3.776e-06/3.776e-06 (rms/max) E (change) = -100.1936731948 (-9.584e-07) Quality = 1.387
Hessian Eigenvalues: 7.10305e-05 5.00000e-02 5.00000e-02 ... 5.00000e-02 5.00000e-02 5.00000e-02
Step   15 : Displace = 1.407e-02/1.407e-02 (rms/max) Trust = 3.000e-01 (=) Grad = 7.662e-07/7.662e-07 (rms/max) E (change) = -100.1936732186 (-2.380e-08) Quality = 0.237
Hessian Eigenvalues: 5.66200e-05 5.00000e-02 5.00000e-02 ... 5.00000e-02 5.00000e-02 5.00000e-02
Step   16 : Displace = 3.580e-03/3.580e-03 (rms/max) Trust = 1.500e-01 (-) Grad = 6.384e-08/6.384e-08 (rms/max) E (change) = -100.1936732954 (-7.675e-08) Quality = 14.807
Hessian Eigenvalues: 5.66200e-05 5.00000e-02 5.00000e-02 ... 5.00000e-02 5.00000e-02 5.00000e-02
Step   17 : Displace = 2.953e-04/2.953e-04 (rms/max) Trust = 2.121e-01 (+) Grad = 1.057e-08/1.057e-08 (rms/max) E (change) = -100.1936733016 (-6.255e-09) Quality = 177.168
Converged! =D

    #==========================================================================#
    #| If this code has benefited your research, please support us by citing: |#
    #|                                                                        |#
    #| Wang, L.-P.; Song, C.C. (2016) "Geometry optimization made simple with |#
    #| translation and rotation coordinates", J. Chem, Phys. 144, 214108.     |#
    #| http://dx.doi.org/10.1063/1.4952956                                    |#
    #==========================================================================#
    
Time elapsed since start of run_optimizer: 3181.014 seconds
output file: /ihome/jkeith/amm503/projects/apdft/dimer-geo-opt/f.h/f.h.chrg0.mult3/f.h.chrg0.mult3.geomopt/f.h.chrg0.mult3.sep1.0-pyscf.apdft-ccsdt.ccpv5z/f.h.chrg0.mult3-pyscf-ccsdt.ccpv5z.log
Optimized bond length = 3.6328119467086886 A

