-=#  geomeTRIC started. Version: 0.9.7.2  #=-
geometric-optimize called with the following command line:
apdft-pyscf-calc.py
6 internal coordinates being used (instead of 6 Cartesians)
Internal coordinate system (atoms numbered from 1):
Distance 1-2
Translation-X 1-2
Translation-Y 1-2
Translation-Z 1-2
Rotation-A 1-2
Rotation-B 1-2
Rotation-C 1-2
<class 'geometric.internal.Distance'> : 1
<class 'geometric.internal.TranslationX'> : 1
<class 'geometric.internal.TranslationY'> : 1
<class 'geometric.internal.TranslationZ'> : 1
<class 'geometric.internal.RotationA'> : 1
<class 'geometric.internal.RotationB'> : 1
<class 'geometric.internal.RotationC'> : 1
WARN: alpha nocc = 4  HOMO -0.20522685508158 >= LUMO -0.205226855081569
WARN: system HOMO -0.20522685508158 >= system LUMO -0.20522685508158
Step    0 : Gradient = 5.130e-02/5.130e-02 (rms/max) Energy = -54.6921344021
Hessian Eigenvalues: 5.00000e-02 5.00000e-02 5.00000e-02 ... 5.00000e-02 5.00000e-02 4.76883e-01
Step    1 : Displace = 2.846e-02/2.846e-02 (rms/max) Trust = 1.000e-01 (=) Grad = 5.423e-03/5.423e-03 (rms/max) E (change) = -54.6950378860 (-2.903e-03) Quality = 1.052
Hessian Eigenvalues: 5.00000e-02 5.00000e-02 5.00000e-02 ... 5.00000e-02 5.00000e-02 4.26475e-01
Step    2 : Displace = 3.364e-03/3.364e-03 (rms/max) Trust = 1.414e-01 (+) Grad = 1.018e-03/1.018e-03 (rms/max) E (change) = -54.6950786677 (-4.078e-05) Quality = 1.183
Hessian Eigenvalues: 5.00000e-02 5.00000e-02 5.00000e-02 ... 5.00000e-02 5.00000e-02 3.46436e-01
Step    3 : Displace = 7.773e-04/7.773e-04 (rms/max) Trust = 2.000e-01 (+) Grad = 2.675e-05/2.675e-05 (rms/max) E (change) = -54.6950802186 (-1.551e-06) Quality = 1.037
Hessian Eigenvalues: 5.00000e-02 5.00000e-02 5.00000e-02 ... 5.00000e-02 5.00000e-02 3.37330e-01
Step    4 : Displace = 2.098e-05/2.098e-05 (rms/max) Trust = 2.828e-01 (+) Grad = 6.840e-08/6.840e-08 (rms/max) E (change) = -54.6950801894 (+2.925e-08) Quality = -27.581
Converged! =D

    #==========================================================================#
    #| If this code has benefited your research, please support us by citing: |#
    #|                                                                        |#
    #| Wang, L.-P.; Song, C.C. (2016) "Geometry optimization made simple with |#
    #| translation and rotation coordinates", J. Chem, Phys. 144, 214108.     |#
    #| http://dx.doi.org/10.1063/1.4952956                                    |#
    #==========================================================================#
    
Time elapsed since start of run_optimizer: 658.457 seconds
output file: /ihome/jkeith/amm503/projects/apdft/dimer-geo-opt/n.h/n.h.chrg1.mult2/n.h.chrg1.mult2.geomopt/n.h.chrg1.mult2.sep1.0-pyscf.qa-ccsdt.ccpv5z/n.h.chrg1.mult2-pyscf-ccsdt.ccpv5z.log
Optimized bond length = 1.0652529871657306 A

