-=#  geomeTRIC started. Version: 0.9.7.2  #=-
geometric-optimize called with the following command line:
apdft-pyscf-calc.py
6 internal coordinates being used (instead of 6 Cartesians)
Internal coordinate system (atoms numbered from 1):
Distance 1-2
Translation-X 1-2
Translation-Y 1-2
Translation-Z 1-2
Rotation-A 1-2
Rotation-B 1-2
Rotation-C 1-2
<class 'geometric.internal.Distance'> : 1
<class 'geometric.internal.TranslationX'> : 1
<class 'geometric.internal.TranslationY'> : 1
<class 'geometric.internal.TranslationZ'> : 1
<class 'geometric.internal.RotationA'> : 1
<class 'geometric.internal.RotationB'> : 1
<class 'geometric.internal.RotationC'> : 1
Step    0 : Gradient = 2.061e-01/2.061e-01 (rms/max) Energy = -14.8755528993
Hessian Eigenvalues: 5.00000e-02 5.00000e-02 5.00000e-02 ... 5.00000e-02 5.00000e-02 4.76883e-01
Step    1 : Displace = 1.000e-01/1.000e-01 (rms/max) Trust = 1.000e-01 (=) Grad = 4.529e-02/4.529e-02 (rms/max) E (change) = -14.9190527873 (-4.350e-02) Quality = 0.993
Hessian Eigenvalues: 5.00000e-02 5.00000e-02 5.00000e-02 ... 5.00000e-02 5.00000e-02 4.25411e-01
Step    2 : Displace = 2.817e-02/2.817e-02 (rms/max) Trust = 1.414e-01 (+) Grad = 1.838e-02/1.838e-02 (rms/max) E (change) = -14.9223875512 (-3.335e-03) Quality = 1.383
Hessian Eigenvalues: 5.00000e-02 5.00000e-02 5.00000e-02 ... 5.00000e-02 5.00000e-02 2.52784e-01
Step    3 : Displace = 1.924e-02/1.924e-02 (rms/max) Trust = 2.000e-01 (+) Grad = 3.347e-03/3.347e-03 (rms/max) E (change) = -14.9231615797 (-7.740e-04) Quality = 1.159
Hessian Eigenvalues: 5.00000e-02 5.00000e-02 5.00000e-02 ... 5.00000e-02 5.00000e-02 2.06741e-01
Step    4 : Displace = 4.284e-03/4.284e-03 (rms/max) Trust = 2.828e-01 (+) Grad = 3.424e-04/3.424e-04 (rms/max) E (change) = -14.9231913584 (-2.978e-05) Quality = 1.099
Hessian Eigenvalues: 5.00000e-02 5.00000e-02 5.00000e-02 ... 5.00000e-02 5.00000e-02 1.85591e-01
Step    5 : Displace = 4.882e-04/4.882e-04 (rms/max) Trust = 3.000e-01 (+) Grad = 7.481e-06/7.481e-06 (rms/max) E (change) = -14.9231916725 (-3.141e-07) Quality = 0.994
Converged! =D

    #==========================================================================#
    #| If this code has benefited your research, please support us by citing: |#
    #|                                                                        |#
    #| Wang, L.-P.; Song, C.C. (2016) "Geometry optimization made simple with |#
    #| translation and rotation coordinates", J. Chem, Phys. 144, 214108.     |#
    #| http://dx.doi.org/10.1063/1.4952956                                    |#
    #==========================================================================#
    
Time elapsed since start of run_optimizer: 323.548 seconds
output file: /ihome/jkeith/amm503/projects/apdft/dimer-geo-opt/be.h/be.h.chrg1.mult1/be.h.chrg1.mult1.geomopt/be.h.chrg1.mult1.sep1.0-pyscf.qa-ccsdt.ccpv5z/be.h.chrg1.mult1-pyscf-ccsdt.ccpv5z.log
Optimized bond length = 1.3043493785755604 A

