#INFO: **** input file is /ihome/jkeith/amm503/projects/apdft/dimer-geo-opt/f.h/f.h.chrg0.mult3/f.h.chrg0.mult3.geomopt/f.h.chrg0.mult3.sep1.0-pyscf.qa-ccsdt.ccpv5z/apdft-pyscf-calc.py ****

import os
import pathlib
import re
import numpy as np
import json
import pyscf
import pyscf.gto
import pyscf.qmmm
from pyscf import scf
import pyscf.dft
import pyscf.lib
import pyscf.mp
from pyscf.geomopt.geometric_solver import optimize
from pyscf import __version__ as pyscf_version
import findiff
import matplotlib.pyplot as plt

try:
    import cclib
    has_cclib = True
except:
    has_cclib = False

try:
    from mpi4pyscf import scf
except:
    pass

# Specifying system.
atoms = ['F', 'H']
dimer_sep = 1.0  # `None` if a single atom, float if dimer (in Angstroms).
charge = 0
multiplicity = 3
scf_conv_tol = 1e-09  # Default: 1e-9
scf_conv_tol_grad = 1e-06  # Default: 3.162e-6
cc_conv_tol = 1e-07  # Default: 1e-7
cc_conv_tol_normt = 1e-05  # Default: 1e-5

scf_diis_space = 16  # Default: 8
cc_diis_space = 12  # Default: 6

# Specifying calculation.
qc_method = 'CCSD(T)'
basis_set = 'cc-pV5Z'  # cc-pV5Z
n_cores = 6  # Number of cores used on SMP (used for max memory).





#####     NO CHANGES NEEDED BELOW     #####


# Setting up paths.
work_dir = str(pathlib.Path(__file__).parent.resolve())
if work_dir[-1] == '/': work_dir = work_dir[:-1]  # Ensures path does NOT end in '/'

_element_to_z = {
    'H': 1, 'He': 2, 'Li': 3, 'Be': 4, 'B': 5, 'C': 6, 'N': 7, 'O': 8, 'F': 9,
    'Ne': 10, 'Na': 11, 'Mg': 12, 'Al': 13, 'Si': 14, 'P': 15, 'S': 16,
    'Cl': 17, 'Ar': 18
}

def atoms_by_number(atom_list):
    return [_element_to_z[i] for i in atom_list]

qc_method_lower = qc_method.lower()
atomic_numbers = atoms_by_number(atoms)
qc_method_label = qc_method

# Plot colors
ref_color = 'dimgrey'

def get_sys_label(atoms, charge, multiplicity, dimer_sep=None):
    atoms_label = '.'.join([i.lower() for i in atoms])
    return f'{atoms_label}.chrg{charge}.mult{multiplicity}'

def get_calc_label(sys_label, qc_method, basis_set):
    pattern = re.compile('[\W_]+')
    qc_method_label = pattern.sub('', qc_method.lower())
    basis_set_label = pattern.sub('', basis_set.lower())
    return f'{sys_label}-pyscf-{qc_method_label}.{basis_set_label}'

# Prepares molecular structures.
mol = pyscf.gto.Mole()

## Atomic coordinates in units of Angstrom.
mol.unit = 'angstrom'  # Insures Angstroms are enforced.
coords = np.array([np.zeros(3)])
mol.atom = [[atoms[0], coords[0]]]
if len(atoms) == 2:
    assert dimer_sep is not None
    coords = np.vstack((coords, np.array([dimer_sep, 0, 0])))
    mol.atom.extend([[atoms[1], coords[1]]])
elif len(atoms) == 1:
    assert dimer_sep is None

mol.charge = charge
mol.multiplicity = multiplicity
mol.basis = basis_set

# Handles cores and memory.
os.environ['OMP_NUM_THREADS'] = f'{n_cores}'  # For CRC jobs only.
mol.max_memory = 8000 * n_cores

# Handles calculation logging.
mol.verbose = 4  # Controls print level; 4 is recommended.
system_label = get_sys_label(atoms, charge, multiplicity, dimer_sep=dimer_sep)
calc_label = get_calc_label(system_label, qc_method_label, basis_set)
mol.output = f'{work_dir}/{calc_label}.log'  # Sets the output file.

# Builds the molecular structure. (Must go after everything else).
mol.build()



def _calc_distance(r1, r2):
    """Calculates the Euclidean distance between two points.

    Parameters
    ----------
    r1 : :obj:`numpy.ndarray`
        Cartesian coordinates of a point with shape ``(3,)``.
    r2 : :obj:`numpy.ndarray`
        Cartesian coordinates of a point with shape ``(3,)``.
    """
    return np.linalg.norm(r1 - r2)



calc = scf.HF(mol)

calc.chkfile = None

calc.max_cycle = 200  # Default: 50
calc.conv_tol = scf_conv_tol
calc.conv_tol_grad = scf_conv_tol_grad
calc.diis_space = scf_diis_space

cc_calc = pyscf.cc.CCSD(calc)
cc_calc.max_cycle = 200
cc_calc.conv_tol = cc_conv_tol
cc_calc.conv_tol_normt = cc_conv_tol_normt
cc_calc.diis_space = cc_diis_space

mol_eq = optimize(cc_calc, maxsteps=100)

coords = mol_eq.atom_coords(unit='Angstrom')
distance = _calc_distance(coords[0], coords[1])
print(f'Optimized bond length = {distance} A')
#INFO: ******************** input file end ********************


System: uname_result(system='Linux', node='smp-n176.crc.pitt.edu', release='3.10.0-1160.15.2.el7.x86_64', version='#1 SMP Thu Jan 21 16:15:07 EST 2021', machine='x86_64', processor='x86_64')  Threads 6
Python 3.7.0 (default, Jun 28 2018, 13:15:42) 
[GCC 7.2.0]
numpy 1.21.2  scipy 1.7.1
Date: Mon Nov 15 13:36:42 2021
PySCF version 1.7.6
PySCF path  /ihome/jkeith/amm503/.local/lib/python3.7/site-packages/pyscf

[CONFIG] conf_file None
[INPUT] verbose = 4
[INPUT] num. atoms = 2
[INPUT] num. electrons = 10
[INPUT] charge = 0
[INPUT] spin (= nelec alpha-beta = 2S) = 2
[INPUT] symmetry False subgroup None
[INPUT] Mole.unit = angstrom
[INPUT]  1 F      0.000000000000   0.000000000000   0.000000000000 AA    0.000000000000   0.000000000000   0.000000000000 Bohr
[INPUT]  2 H      1.000000000000   0.000000000000   0.000000000000 AA    1.889726124565   0.000000000000   0.000000000000 Bohr

nuclear repulsion = 4.76259489828
number of shells = 35
number of NR pGTOs = 166
number of NR cGTOs = 146
basis = cc-pV5Z
ecp = {}
CPU time:         1.82
Create scanner for <class 'pyscf.grad.uccsd.Gradients'>
Set <class 'pyscf.cc.uccsd.UCCSD'> as a scanner
Create scanner for <class 'pyscf.scf.uhf.UHF'>

Geometry optimization cycle 1
Cartesian coordinates (Angstrom)
 Atom        New coordinates             dX        dY        dZ
   F   0.000000   0.000000   0.000000    0.000000  0.000000  0.000000
   H   1.000000   0.000000   0.000000    0.000000  0.000000  0.000000
New geometry
   1 F      0.000000000000   0.000000000000   0.000000000000 AA    0.000000000000   0.000000000000   0.000000000000 Bohr

   2 H      1.000000000000   0.000000000000   0.000000000000 AA    1.889726124565   0.000000000000   0.000000000000 Bohr



******** <class 'pyscf.scf.hf.as_scanner.<locals>.SCF_Scanner'> ********
method = SCF_Scanner-UHF
initial guess = minao
damping factor = 0
level_shift factor = 0
DIIS = <class 'pyscf.scf.diis.CDIIS'>
diis_start_cycle = 1
diis_space = 16
SCF conv_tol = 1e-09
SCF conv_tol_grad = 1e-06
SCF max_cycles = 200
direct_scf = True
direct_scf_tol = 1e-13
max_memory 48000 MB (current use 148 MB)
number electrons alpha = 6  beta = 4
init E= -99.78993122634
  alpha nocc = 6  HOMO = 0.0410986186648382  LUMO = 0.292810048696571

WARN: beta  nocc = 4  HOMO -0.651916571480653 >= LUMO -0.651916571480638


WARN: system HOMO 0.0410986186648382 >= system LUMO -0.651916571480638

cycle= 1 E= -99.7196229638195  delta_E= 0.0703  |g|= 0.369  |ddm|= 2.15
  alpha nocc = 6  HOMO = -0.249440587721719  LUMO = 0.21808289849561
  beta  nocc = 4  HOMO = -0.995015078193284  LUMO = -0.232950790324185
cycle= 2 E= -99.7711382977905  delta_E= -0.0515  |g|= 0.183  |ddm|= 1.05
  alpha nocc = 6  HOMO = -0.237670500564815  LUMO = 0.23896155392499
  beta  nocc = 4  HOMO = -0.856989473073993  LUMO = -0.0966686409907612
cycle= 3 E= -99.7788653574561  delta_E= -0.00773  |g|= 0.0312  |ddm|= 0.176
  alpha nocc = 6  HOMO = -0.240386144496161  LUMO = 0.242375405724826
  beta  nocc = 4  HOMO = -0.848060563130651  LUMO = -0.0849412340609996
cycle= 4 E= -99.7799890425429  delta_E= -0.00112  |g|= 0.0119  |ddm|= 0.163
  alpha nocc = 6  HOMO = -0.242930122153694  LUMO = 0.240784754882507
  beta  nocc = 4  HOMO = -0.840408087974618  LUMO = -0.0796234914325242
cycle= 5 E= -99.7802809346177  delta_E= -0.000292  |g|= 0.00504  |ddm|= 0.081
  alpha nocc = 6  HOMO = -0.244097865832791  LUMO = 0.239972247741579
  beta  nocc = 4  HOMO = -0.835854694836421  LUMO = -0.0770251458567062
cycle= 6 E= -99.7803448313372  delta_E= -6.39e-05  |g|= 0.00124  |ddm|= 0.0432
  alpha nocc = 6  HOMO = -0.244333016069306  LUMO = 0.239761185084278
  beta  nocc = 4  HOMO = -0.834331031491146  LUMO = -0.0760092515855816
cycle= 7 E= -99.7803481136316  delta_E= -3.28e-06  |g|= 0.000252  |ddm|= 0.00974
  alpha nocc = 6  HOMO = -0.244361087481597  LUMO = 0.239734116102391
  beta  nocc = 4  HOMO = -0.834340065463317  LUMO = -0.0759767174375463
cycle= 8 E= -99.7803481856212  delta_E= -7.2e-08  |g|= 6.97e-05  |ddm|= 0.00122
  alpha nocc = 6  HOMO = -0.244371500978858  LUMO = 0.239728643983155
  beta  nocc = 4  HOMO = -0.834351416131419  LUMO = -0.0759724780408351
cycle= 9 E= -99.7803481919391  delta_E= -6.32e-09  |g|= 1.32e-05  |ddm|= 0.000277
  alpha nocc = 6  HOMO = -0.244372565919727  LUMO = 0.239727714570889
  beta  nocc = 4  HOMO = -0.834350687620675  LUMO = -0.0759722324446439
cycle= 10 E= -99.7803481920922  delta_E= -1.53e-10  |g|= 1.83e-06  |ddm|= 7.47e-05
  alpha nocc = 6  HOMO = -0.244372234889786  LUMO = 0.239727951574202
  beta  nocc = 4  HOMO = -0.834351426173705  LUMO = -0.0759726631514325
cycle= 11 E= -99.7803481920969  delta_E= -4.63e-12  |g|= 2.29e-07  |ddm|= 1.4e-05
  alpha nocc = 6  HOMO = -0.244372212670041  LUMO = 0.239727945404972
  beta  nocc = 4  HOMO = -0.834351453593157  LUMO = -0.0759727019303099
Extra cycle  E= -99.7803481920969  delta_E= -5.68e-14  |g|= 9.75e-08  |ddm|= 1.35e-06
converged SCF energy = -99.7803481920969  <S^2> = 2.004699  2S+1 = 3.0031311

******** <class 'pyscf.cc.ccsd.as_scanner.<locals>.CCSD_Scanner'> ********
CC2 = 0
CCSD nocc = (6, 4), nmo = (146, 146)
max_cycle = 200
direct = 0
conv_tol = 1e-07
conv_tol_normt = 1e-05
diis_space = 12
diis_start_cycle = 0
diis_start_energy_diff = 1e+09
max_memory 48000 MB (current use 3324 MB)
Init t2, MP2 energy = -0.279346517648009
Init E_corr(CCSD) = -0.279346517648017
cycle = 1  E_corr(CCSD) = -0.286082890672086  dE = -0.00673637302  norm(t1,t2) = 0.0311833
cycle = 2  E_corr(CCSD) = -0.289287295984096  dE = -0.00320440531  norm(t1,t2) = 0.0103516
cycle = 3  E_corr(CCSD) = -0.290125004965222  dE = -0.000837708981  norm(t1,t2) = 0.00501127
cycle = 4  E_corr(CCSD) = -0.290319598679302  dE = -0.000194593714  norm(t1,t2) = 0.00144766
cycle = 5  E_corr(CCSD) = -0.290272180699096  dE = 4.74179802e-05  norm(t1,t2) = 0.000561833
cycle = 6  E_corr(CCSD) = -0.290271122241577  dE = 1.05845752e-06  norm(t1,t2) = 0.000117025
cycle = 7  E_corr(CCSD) = -0.290277278359496  dE = -6.15611792e-06  norm(t1,t2) = 3.90618e-05
cycle = 8  E_corr(CCSD) = -0.290276843265732  dE = 4.35093764e-07  norm(t1,t2) = 1.07566e-05
cycle = 9  E_corr(CCSD) = -0.290276692929598  dE = 1.50336134e-07  norm(t1,t2) = 2.74187e-06
cycle = 10  E_corr(CCSD) = -0.290276793462877  dE = -1.00533279e-07  norm(t1,t2) = 8.47485e-07
cycle = 11  E_corr(CCSD) = -0.290276790392884  dE = 3.06999315e-09  norm(t1,t2) = 1.87211e-07
CCSD_Scanner converged
E(CCSD_Scanner) = -100.0706249824898  E_corr = -0.2902767903928841
cycle = 1  norm(lambda1,lambda2) = 0.00720631
cycle = 2  norm(lambda1,lambda2) = 0.00126272
cycle = 3  norm(lambda1,lambda2) = 0.000658714
cycle = 4  norm(lambda1,lambda2) = 0.000258463
cycle = 5  norm(lambda1,lambda2) = 8.21693e-05
cycle = 6  norm(lambda1,lambda2) = 1.69443e-05
cycle = 7  norm(lambda1,lambda2) = 5.24408e-06
--------------- CCSD_Scanner gradients ---------------
         x                y                z
0 F     0.1649673640     0.0000000000    -0.0000000000
1 H    -0.1649673640    -0.0000000000     0.0000000000
----------------------------------------------
cycle 1: E = -100.070624982  dE = -100.071  norm(grad) = 0.233299

Geometry optimization cycle 2
Cartesian coordinates (Angstrom)
 Atom        New coordinates             dX        dY        dZ
   F  -0.091529  -0.000000   0.000000   -0.091529 -0.000000  0.000000
   H   1.091529   0.000000  -0.000000    0.091529  0.000000 -0.000000
New geometry
   1 F     -0.091528650101  -0.000000000000   0.000000000000 AA   -0.172964081243  -0.000000000000   0.000000000000 Bohr

   2 H      1.091528650105   0.000000000000  -0.000000000000 AA    2.062690205815   0.000000000000  -0.000000000000 Bohr



******** <class 'pyscf.scf.hf.as_scanner.<locals>.SCF_Scanner'> ********
method = SCF_Scanner-UHF
initial guess = minao
damping factor = 0
level_shift factor = 0
DIIS = <class 'pyscf.scf.diis.CDIIS'>
diis_start_cycle = 1
diis_space = 16
SCF conv_tol = 1e-09
SCF conv_tol_grad = 1e-06
SCF max_cycles = 200
direct_scf = True
direct_scf_tol = 1e-13
max_memory 48000 MB (current use 521 MB)
number electrons alpha = 6  beta = 4
init E= -99.751537414097
  alpha nocc = 6  HOMO = -0.331147690675945  LUMO = 0.210144701580967
  beta  nocc = 4  HOMO = -0.819303607622615  LUMO = -0.0665151964326624
cycle= 1 E= -99.8243932263106  delta_E= -0.0729  |g|= 0.0578  |ddm|= 0.323
  alpha nocc = 6  HOMO = -0.306224672018127  LUMO = 0.21077755822609
  beta  nocc = 4  HOMO = -0.772162865859547  LUMO = -0.0263020229037342
cycle= 2 E= -99.827072413963  delta_E= -0.00268  |g|= 0.0256  |ddm|= 0.104
  alpha nocc = 6  HOMO = -0.312493973963565  LUMO = 0.208449721453268
  beta  nocc = 4  HOMO = -0.778801829474692  LUMO = -0.0326137158742062
cycle= 3 E= -99.8278182375009  delta_E= -0.000746  |g|= 0.0139  |ddm|= 0.0604
  alpha nocc = 6  HOMO = -0.3164631662762  LUMO = 0.207164086573685
  beta  nocc = 4  HOMO = -0.767250094537249  LUMO = -0.0238303790980493
cycle= 4 E= -99.8281811402061  delta_E= -0.000363  |g|= 0.0036  |ddm|= 0.0632
  alpha nocc = 6  HOMO = -0.317178988943859  LUMO = 0.206394344396549
  beta  nocc = 4  HOMO = -0.764760627020475  LUMO = -0.0221342961750969
cycle= 5 E= -99.8282097194337  delta_E= -2.86e-05  |g|= 0.000853  |ddm|= 0.0212
  alpha nocc = 6  HOMO = -0.317177512604253  LUMO = 0.20627373798949
  beta  nocc = 4  HOMO = -0.764616396020296  LUMO = -0.0220776984031785
cycle= 6 E= -99.8282105046086  delta_E= -7.85e-07  |g|= 0.000306  |ddm|= 0.00147
  alpha nocc = 6  HOMO = -0.317236455821345  LUMO = 0.206328028529087
  beta  nocc = 4  HOMO = -0.764752150362756  LUMO = -0.0221936173792783
cycle= 7 E= -99.8282106253854  delta_E= -1.21e-07  |g|= 5.41e-05  |ddm|= 0.0012
  alpha nocc = 6  HOMO = -0.31720008294645  LUMO = 0.206314464370134
  beta  nocc = 4  HOMO = -0.764777693087232  LUMO = -0.0222044807664569
cycle= 8 E= -99.8282106290463  delta_E= -3.66e-09  |g|= 1.29e-05  |ddm|= 0.000196
  alpha nocc = 6  HOMO = -0.317204091760792  LUMO = 0.206318463103608
  beta  nocc = 4  HOMO = -0.764782799547744  LUMO = -0.0222036980948122
cycle= 9 E= -99.8282106292147  delta_E= -1.68e-10  |g|= 3.26e-06  |ddm|= 4.49e-05
  alpha nocc = 6  HOMO = -0.317203075696213  LUMO = 0.206317594404073
  beta  nocc = 4  HOMO = -0.764785150524032  LUMO = -0.0222041169393573
cycle= 10 E= -99.8282106292245  delta_E= -9.78e-12  |g|= 4.52e-07  |ddm|= 7.69e-06
  alpha nocc = 6  HOMO = -0.317203295385978  LUMO = 0.20631776103666
  beta  nocc = 4  HOMO = -0.764785009917538  LUMO = -0.0222039378574069
Extra cycle  E= -99.8282106292248  delta_E= -3.13e-13  |g|= 1.94e-07  |ddm|= 1.54e-06
converged SCF energy = -99.8282106292248  <S^2> = 2.0054482  2S+1 = 3.0036299

******** <class 'pyscf.cc.ccsd.as_scanner.<locals>.CCSD_Scanner'> ********
CC2 = 0
CCSD nocc = (6, 4), nmo = (146, 146)
max_cycle = 200
direct = 0
conv_tol = 1e-07
conv_tol_normt = 1e-05
diis_space = 12
diis_start_cycle = 0
diis_start_energy_diff = 1e+09
max_memory 48000 MB (current use 3567 MB)
Init E_corr(CCSD) = -0.0658153628109074
cycle = 1  E_corr(CCSD) = -0.282184034683749  dE = -0.216368672  norm(t1,t2) = 0.22014
cycle = 2  E_corr(CCSD) = -0.286947849581068  dE = -0.0047638149  norm(t1,t2) = 0.0345987
cycle = 3  E_corr(CCSD) = -0.28922242905265  dE = -0.00227457947  norm(t1,t2) = 0.0083562
cycle = 4  E_corr(CCSD) = -0.289420261739517  dE = -0.000197832687  norm(t1,t2) = 0.00320892
cycle = 5  E_corr(CCSD) = -0.289395173873492  dE = 2.5087866e-05  norm(t1,t2) = 0.000953445
cycle = 6  E_corr(CCSD) = -0.289406790113239  dE = -1.16162397e-05  norm(t1,t2) = 0.000295003
cycle = 7  E_corr(CCSD) = -0.289408987047435  dE = -2.1969342e-06  norm(t1,t2) = 0.000107628
cycle = 8  E_corr(CCSD) = -0.28940882595526  dE = 1.61092175e-07  norm(t1,t2) = 6.15436e-05
cycle = 9  E_corr(CCSD) = -0.289409583869511  dE = -7.57914252e-07  norm(t1,t2) = 5.16983e-05
cycle = 10  E_corr(CCSD) = -0.289409584527633  dE = -6.58122057e-10  norm(t1,t2) = 4.22063e-05
cycle = 11  E_corr(CCSD) = -0.289409349173159  dE = 2.35354474e-07  norm(t1,t2) = 2.32052e-05
cycle = 12  E_corr(CCSD) = -0.289409283174908  dE = 6.59982516e-08  norm(t1,t2) = 7.11473e-06
CCSD_Scanner converged
E(CCSD_Scanner) = -100.1176199123997  E_corr = -0.2894092831749078
cycle = 1  norm(lambda1,lambda2) = 0.219814
cycle = 2  norm(lambda1,lambda2) = 0.0319789
cycle = 3  norm(lambda1,lambda2) = 0.00770404
cycle = 4  norm(lambda1,lambda2) = 0.00306894
cycle = 5  norm(lambda1,lambda2) = 0.000919309
cycle = 6  norm(lambda1,lambda2) = 0.000294148
cycle = 7  norm(lambda1,lambda2) = 0.000106896
cycle = 8  norm(lambda1,lambda2) = 5.55293e-05
cycle = 9  norm(lambda1,lambda2) = 4.6251e-05
cycle = 10  norm(lambda1,lambda2) = 3.85591e-05
cycle = 11  norm(lambda1,lambda2) = 2.32498e-05
cycle = 12  norm(lambda1,lambda2) = 7.86839e-06
--------------- CCSD_Scanner gradients ---------------
         x                y                z
0 F     0.1102734317    -0.0000000260    -0.0000000260
1 H    -0.1102734317     0.0000000260     0.0000000260
----------------------------------------------
cycle 2: E = -100.117619912  dE = -0.0469949  norm(grad) = 0.15595

Geometry optimization cycle 3
Cartesian coordinates (Angstrom)
 Atom        New coordinates             dX        dY        dZ
   F  -0.232950   0.000001   0.000001   -0.141421  0.000001  0.000001
   H   1.232950  -0.000001  -0.000001    0.141421 -0.000001 -0.000001
New geometry
   1 F     -0.232950006342   0.000000999139   0.000000997712 AA   -0.440211712703   0.000001888098   0.000001885402 Bohr

   2 H      1.232950006349  -0.000000999139  -0.000000997712 AA    2.329937837281  -0.000001888098  -0.000001885402 Bohr



******** <class 'pyscf.scf.hf.as_scanner.<locals>.SCF_Scanner'> ********
method = SCF_Scanner-UHF
initial guess = minao
damping factor = 0
level_shift factor = 0
DIIS = <class 'pyscf.scf.diis.CDIIS'>
diis_start_cycle = 1
diis_space = 16
SCF conv_tol = 1e-09
SCF conv_tol_grad = 1e-06
SCF max_cycles = 200
direct_scf = True
direct_scf_tol = 1e-13
max_memory 48000 MB (current use 585 MB)
number electrons alpha = 6  beta = 4
init E= -99.8536361875569
  alpha nocc = 6  HOMO = -0.421191840133708  LUMO = 0.208203912526014
  beta  nocc = 4  HOMO = -0.698708669894817  LUMO = 0.00764129499351091
cycle= 1 E= -99.8724490627607  delta_E= -0.0188  |g|= 0.0449  |ddm|= 0.214
  alpha nocc = 6  HOMO = -0.399918536102986  LUMO = 0.190442297242977
  beta  nocc = 4  HOMO = -0.713945136434665  LUMO = 0.0160543706834471
cycle= 2 E= -99.8741700391832  delta_E= -0.00172  |g|= 0.0202  |ddm|= 0.0497
  alpha nocc = 6  HOMO = -0.403383289663632  LUMO = 0.189292296954363
  beta  nocc = 4  HOMO = -0.720755455768891  LUMO = 0.011358391134461
cycle= 3 E= -99.8746089377408  delta_E= -0.000439  |g|= 0.0107  |ddm|= 0.028
  alpha nocc = 6  HOMO = -0.405017341245497  LUMO = 0.188522531748893
  beta  nocc = 4  HOMO = -0.714690486926983  LUMO = 0.0172407753526687
cycle= 4 E= -99.8747434861178  delta_E= -0.000135  |g|= 0.00235  |ddm|= 0.0211
  alpha nocc = 6  HOMO = -0.405566037364946  LUMO = 0.188119948374438
  beta  nocc = 4  HOMO = -0.714255160513951  LUMO = 0.0175769276474704
cycle= 5 E= -99.8747515716063  delta_E= -8.09e-06  |g|= 0.000521  |ddm|= 0.00519
  alpha nocc = 6  HOMO = -0.405625649277194  LUMO = 0.188153427418425
  beta  nocc = 4  HOMO = -0.714409780078126  LUMO = 0.0174824945075883
cycle= 6 E= -99.8747518931961  delta_E= -3.22e-07  |g|= 0.000132  |ddm|= 0.000722
  alpha nocc = 6  HOMO = -0.405594689224543  LUMO = 0.188153771037212
  beta  nocc = 4  HOMO = -0.714463634026089  LUMO = 0.017459228057975
cycle= 7 E= -99.8747519148674  delta_E= -2.17e-08  |g|= 2.88e-05  |ddm|= 0.000317
  alpha nocc = 6  HOMO = -0.405590024442406  LUMO = 0.188155437384444
  beta  nocc = 4  HOMO = -0.714473527932763  LUMO = 0.0174596201519189
cycle= 8 E= -99.8747519156837  delta_E= -8.16e-10  |g|= 8.34e-06  |ddm|= 4.41e-05
  alpha nocc = 6  HOMO = -0.405589403836858  LUMO = 0.188155614047326
  beta  nocc = 4  HOMO = -0.714478199617682  LUMO = 0.0174594445632453
cycle= 9 E= -99.8747519157514  delta_E= -6.77e-11  |g|= 1.85e-06  |ddm|= 1.37e-05
  alpha nocc = 6  HOMO = -0.40558938869752  LUMO = 0.188155520876879
  beta  nocc = 4  HOMO = -0.714479046679132  LUMO = 0.017459562214898
cycle= 10 E= -99.8747519157549  delta_E= -3.51e-12  |g|= 2.68e-07  |ddm|= 2.76e-06
  alpha nocc = 6  HOMO = -0.405589436687564  LUMO = 0.188155527706387
  beta  nocc = 4  HOMO = -0.714479081064384  LUMO = 0.0174595856810004
Extra cycle  E= -99.874751915755  delta_E= -9.95e-14  |g|= 1.18e-07  |ddm|= 4.35e-07
converged SCF energy = -99.874751915755  <S^2> = 2.0057181  2S+1 = 3.0038097

******** <class 'pyscf.cc.ccsd.as_scanner.<locals>.CCSD_Scanner'> ********
CC2 = 0
CCSD nocc = (6, 4), nmo = (146, 146)
max_cycle = 200
direct = 0
conv_tol = 1e-07
conv_tol_normt = 1e-05
diis_space = 12
diis_start_cycle = 0
diis_start_energy_diff = 1e+09
max_memory 48000 MB (current use 3610 MB)
Init E_corr(CCSD) = -0.0704500649211307
cycle = 1  E_corr(CCSD) = -0.278627106839874  dE = -0.208177042  norm(t1,t2) = 0.222723
cycle = 2  E_corr(CCSD) = -0.282767440300405  dE = -0.00414033346  norm(t1,t2) = 0.0371055
cycle = 3  E_corr(CCSD) = -0.285017468351044  dE = -0.00225002805  norm(t1,t2) = 0.0104375
cycle = 4  E_corr(CCSD) = -0.285162570898556  dE = -0.000145102548  norm(t1,t2) = 0.00426175
cycle = 5  E_corr(CCSD) = -0.285084921750458  dE = 7.76491481e-05  norm(t1,t2) = 0.00122751
cycle = 6  E_corr(CCSD) = -0.28508817327739  dE = -3.25152693e-06  norm(t1,t2) = 0.000371039
cycle = 7  E_corr(CCSD) = -0.28508887798547  dE = -7.0470808e-07  norm(t1,t2) = 0.000146846
cycle = 8  E_corr(CCSD) = -0.285087879973625  dE = 9.98011845e-07  norm(t1,t2) = 6.66024e-05
cycle = 9  E_corr(CCSD) = -0.285088208231077  dE = -3.28257453e-07  norm(t1,t2) = 5.4883e-05
cycle = 10  E_corr(CCSD) = -0.285088383008042  dE = -1.74776964e-07  norm(t1,t2) = 5.1617e-05
cycle = 11  E_corr(CCSD) = -0.28508796583475  dE = 4.17173292e-07  norm(t1,t2) = 4.60934e-05
cycle = 12  E_corr(CCSD) = -0.285088250905171  dE = -2.85070421e-07  norm(t1,t2) = 2.9123e-05
cycle = 13  E_corr(CCSD) = -0.285088182237856  dE = 6.86673153e-08  norm(t1,t2) = 1.11479e-05
cycle = 14  E_corr(CCSD) = -0.285088198361472  dE = -1.6123616e-08  norm(t1,t2) = 4.24101e-06
CCSD_Scanner converged
E(CCSD_Scanner) = -100.1598401141165  E_corr = -0.2850881983614719
cycle = 1  norm(lambda1,lambda2) = 0.222757
cycle = 2  norm(lambda1,lambda2) = 0.0331279
cycle = 3  norm(lambda1,lambda2) = 0.00910161
cycle = 4  norm(lambda1,lambda2) = 0.00379405
cycle = 5  norm(lambda1,lambda2) = 0.00107174
cycle = 6  norm(lambda1,lambda2) = 0.000345452
cycle = 7  norm(lambda1,lambda2) = 0.000128795
cycle = 8  norm(lambda1,lambda2) = 5.6113e-05
cycle = 9  norm(lambda1,lambda2) = 4.47854e-05
cycle = 10  norm(lambda1,lambda2) = 4.19022e-05
cycle = 11  norm(lambda1,lambda2) = 3.79507e-05
cycle = 12  norm(lambda1,lambda2) = 2.69018e-05
cycle = 13  norm(lambda1,lambda2) = 1.05447e-05
cycle = 14  norm(lambda1,lambda2) = 3.60329e-06
--------------- CCSD_Scanner gradients ---------------
         x                y                z
0 F     0.0530343543    -0.0000000752    -0.0000000727
1 H    -0.0530343543     0.0000000752     0.0000000727
----------------------------------------------
cycle 3: E = -100.159840114  dE = -0.0422202  norm(grad) = 0.0750019

Geometry optimization cycle 4
Cartesian coordinates (Angstrom)
 Atom        New coordinates             dX        dY        dZ
   F  -0.363983   0.000001   0.000001   -0.131033  0.000000  0.000000
   H   1.363983  -0.000001  -0.000001    0.131033 -0.000000 -0.000000
New geometry
   1 F     -0.363982696917   0.000001472862   0.000001265160 AA   -0.687827611254   0.000002783305   0.000002390805 Bohr

   2 H      1.363982696919  -0.000001472862  -0.000001265160 AA    2.577553735822  -0.000002783305  -0.000002390805 Bohr



******** <class 'pyscf.scf.hf.as_scanner.<locals>.SCF_Scanner'> ********
method = SCF_Scanner-UHF
initial guess = minao
damping factor = 0
level_shift factor = 0
DIIS = <class 'pyscf.scf.diis.CDIIS'>
diis_start_cycle = 1
diis_space = 16
SCF conv_tol = 1e-09
SCF conv_tol_grad = 1e-06
SCF max_cycles = 200
direct_scf = True
direct_scf_tol = 1e-13
max_memory 48000 MB (current use 670 MB)
number electrons alpha = 6  beta = 4
init E= -99.9077791758834
  alpha nocc = 6  HOMO = -0.458915492927542  LUMO = 0.1979754413296
  beta  nocc = 4  HOMO = -0.667100581989012  LUMO = 0.0405692387418006
cycle= 1 E= -99.8959901138372  delta_E= 0.0118  |g|= 0.0211  |ddm|= 0.101
  alpha nocc = 6  HOMO = -0.451200895878248  LUMO = 0.184164785606724
  beta  nocc = 4  HOMO = -0.691340833719132  LUMO = 0.031607917470236
cycle= 2 E= -99.8963788569251  delta_E= -0.000389  |g|= 0.00891  |ddm|= 0.0168
  alpha nocc = 6  HOMO = -0.451548431820283  LUMO = 0.183697145540584
  beta  nocc = 4  HOMO = -0.692674625785985  LUMO = 0.032966070175252
cycle= 3 E= -99.8964791481569  delta_E= -0.0001  |g|= 0.00275  |ddm|= 0.0109
  alpha nocc = 6  HOMO = -0.452031401406824  LUMO = 0.183435139284101
  beta  nocc = 4  HOMO = -0.692872992088029  LUMO = 0.0339329585367692
cycle= 4 E= -99.8964883028761  delta_E= -9.15e-06  |g|= 0.000812  |ddm|= 0.00369
  alpha nocc = 6  HOMO = -0.452162145207359  LUMO = 0.18339044540719
  beta  nocc = 4  HOMO = -0.693549937972555  LUMO = 0.0337117241234405
cycle= 5 E= -99.8964888834487  delta_E= -5.81e-07  |g|= 0.000271  |ddm|= 0.000833
  alpha nocc = 6  HOMO = -0.452155051181343  LUMO = 0.183395075666396
  beta  nocc = 4  HOMO = -0.693553455048397  LUMO = 0.0337859604501279
cycle= 6 E= -99.896488929008  delta_E= -4.56e-08  |g|= 8.5e-05  |ddm|= 0.000178
  alpha nocc = 6  HOMO = -0.452151855267064  LUMO = 0.183399062201036
  beta  nocc = 4  HOMO = -0.693618763140439  LUMO = 0.0337594246660345
cycle= 7 E= -99.896488936518  delta_E= -7.51e-09  |g|= 2.09e-05  |ddm|= 0.000109
  alpha nocc = 6  HOMO = -0.452148645152284  LUMO = 0.183399696846645
  beta  nocc = 4  HOMO = -0.693623103712683  LUMO = 0.0337597115561287
cycle= 8 E= -99.8964889369735  delta_E= -4.55e-10  |g|= 3.44e-06  |ddm|= 3e-05
  alpha nocc = 6  HOMO = -0.452148388240172  LUMO = 0.183399722170231
  beta  nocc = 4  HOMO = -0.693622848358033  LUMO = 0.033759921291994
cycle= 9 E= -99.8964889369853  delta_E= -1.18e-11  |g|= 5.24e-07  |ddm|= 4.99e-06
  alpha nocc = 6  HOMO = -0.452148385627413  LUMO = 0.183399705364286
  beta  nocc = 4  HOMO = -0.693622777753387  LUMO = 0.0337599353023743
Extra cycle  E= -99.8964889369856  delta_E= -2.84e-13  |g|= 2.27e-07  |ddm|= 5.51e-07
converged SCF energy = -99.8964889369856  <S^2> = 2.0051485  2S+1 = 3.0034303

******** <class 'pyscf.cc.ccsd.as_scanner.<locals>.CCSD_Scanner'> ********
CC2 = 0
CCSD nocc = (6, 4), nmo = (146, 146)
max_cycle = 200
direct = 0
conv_tol = 1e-07
conv_tol_normt = 1e-05
diis_space = 12
diis_start_cycle = 0
diis_start_energy_diff = 1e+09
max_memory 48000 MB (current use 3604 MB)
Init E_corr(CCSD) = -0.0595299193630615
cycle = 1  E_corr(CCSD) = -0.274733090685626  dE = -0.215203171  norm(t1,t2) = 0.236003
cycle = 2  E_corr(CCSD) = -0.27885196832953  dE = -0.00411887764  norm(t1,t2) = 0.0424491
cycle = 3  E_corr(CCSD) = -0.281695452157786  dE = -0.00284348383  norm(t1,t2) = 0.0139924
cycle = 4  E_corr(CCSD) = -0.281983293596746  dE = -0.000287841439  norm(t1,t2) = 0.0070883
cycle = 5  E_corr(CCSD) = -0.281910287257003  dE = 7.30063397e-05  norm(t1,t2) = 0.00256472
cycle = 6  E_corr(CCSD) = -0.281932319749  dE = -2.2032492e-05  norm(t1,t2) = 0.000756076
cycle = 7  E_corr(CCSD) = -0.281935725359953  dE = -3.40561095e-06  norm(t1,t2) = 0.000209944
cycle = 8  E_corr(CCSD) = -0.281934096724644  dE = 1.62863531e-06  norm(t1,t2) = 6.35873e-05
cycle = 9  E_corr(CCSD) = -0.281934795192075  dE = -6.98467431e-07  norm(t1,t2) = 3.62165e-05
cycle = 10  E_corr(CCSD) = -0.281934961834512  dE = -1.66642437e-07  norm(t1,t2) = 3.17857e-05
cycle = 11  E_corr(CCSD) = -0.281934813364098  dE = 1.48470413e-07  norm(t1,t2) = 3.08186e-05
cycle = 12  E_corr(CCSD) = -0.281934693118196  dE = 1.20245902e-07  norm(t1,t2) = 2.98952e-05
cycle = 13  E_corr(CCSD) = -0.281934745316438  dE = -5.21982418e-08  norm(t1,t2) = 2.57707e-05
cycle = 14  E_corr(CCSD) = -0.281934686483463  dE = 5.88329754e-08  norm(t1,t2) = 1.23079e-05
cycle = 15  E_corr(CCSD) = -0.281934884908114  dE = -1.98424652e-07  norm(t1,t2) = 5.20211e-06
cycle = 16  E_corr(CCSD) = -0.281934840716006  dE = 4.41921082e-08  norm(t1,t2) = 3.9592e-06
CCSD_Scanner converged
E(CCSD_Scanner) = -100.1784237777016  E_corr = -0.2819348407160062
cycle = 1  norm(lambda1,lambda2) = 0.237506
cycle = 2  norm(lambda1,lambda2) = 0.0371122
cycle = 3  norm(lambda1,lambda2) = 0.0121252
cycle = 4  norm(lambda1,lambda2) = 0.00620501
cycle = 5  norm(lambda1,lambda2) = 0.00223517
cycle = 6  norm(lambda1,lambda2) = 0.000689419
cycle = 7  norm(lambda1,lambda2) = 0.000185853
cycle = 8  norm(lambda1,lambda2) = 5.49094e-05
cycle = 9  norm(lambda1,lambda2) = 3.00277e-05
cycle = 10  norm(lambda1,lambda2) = 2.55949e-05
cycle = 11  norm(lambda1,lambda2) = 2.47837e-05
cycle = 12  norm(lambda1,lambda2) = 2.4062e-05
cycle = 13  norm(lambda1,lambda2) = 2.10606e-05
cycle = 14  norm(lambda1,lambda2) = 1.10466e-05
cycle = 15  norm(lambda1,lambda2) = 3.66012e-06
--------------- CCSD_Scanner gradients ---------------
         x                y                z
0 F     0.0251939059    -0.0000000366    -0.0000000220
1 H    -0.0251939059     0.0000000366     0.0000000220
----------------------------------------------
cycle 4: E = -100.178423778  dE = -0.0185837  norm(grad) = 0.0356296

Geometry optimization cycle 5
Cartesian coordinates (Angstrom)
 Atom        New coordinates             dX        dY        dZ
   F  -0.482559   0.000001  -0.000000   -0.118577 -0.000000 -0.000002
   H   1.482559  -0.000001   0.000000    0.118577  0.000000  0.000002
New geometry
   1 F     -0.482559281223   0.000001036187  -0.000000299131 AA   -0.911904880379   0.000001958109  -0.000000565277 Bohr

   2 H      1.482559281233  -0.000001036187   0.000000299131 AA    2.801631004962  -0.000001958109   0.000000565277 Bohr



******** <class 'pyscf.scf.hf.as_scanner.<locals>.SCF_Scanner'> ********
method = SCF_Scanner-UHF
initial guess = minao
damping factor = 0
level_shift factor = 0
DIIS = <class 'pyscf.scf.diis.CDIIS'>
diis_start_cycle = 1
diis_space = 16
SCF conv_tol = 1e-09
SCF conv_tol_grad = 1e-06
SCF max_cycles = 200
direct_scf = True
direct_scf_tol = 1e-13
max_memory 48000 MB (current use 700 MB)
number electrons alpha = 6  beta = 4
init E= -99.9163728693679
  alpha nocc = 6  HOMO = -0.477399694268075  LUMO = 0.19057897500533
  beta  nocc = 4  HOMO = -0.669641492819906  LUMO = 0.0470160586038108
cycle= 1 E= -99.9062717684974  delta_E= 0.0101  |g|= 0.0114  |ddm|= 0.0543
  alpha nocc = 6  HOMO = -0.474548528177737  LUMO = 0.182769060122918
  beta  nocc = 4  HOMO = -0.684617507365546  LUMO = 0.0395123715082507
cycle= 2 E= -99.906379921953  delta_E= -0.000108  |g|= 0.00469  |ddm|= 0.00815
  alpha nocc = 6  HOMO = -0.474449381612238  LUMO = 0.182608936636996
  beta  nocc = 4  HOMO = -0.684089794924591  LUMO = 0.0412922407695853
cycle= 3 E= -99.9064033194591  delta_E= -2.34e-05  |g|= 0.00174  |ddm|= 0.00443
  alpha nocc = 6  HOMO = -0.474636834941172  LUMO = 0.182506488157767
  beta  nocc = 4  HOMO = -0.685262718917539  LUMO = 0.0408769437956378
cycle= 4 E= -99.9064058593042  delta_E= -2.54e-06  |g|= 0.000624  |ddm|= 0.00147
  alpha nocc = 6  HOMO = -0.474689860879484  LUMO = 0.182478273645351
  beta  nocc = 4  HOMO = -0.685274670022736  LUMO = 0.0410901024361446
cycle= 5 E= -99.9064061476964  delta_E= -2.88e-07  |g|= 0.000166  |ddm|= 0.000558
  alpha nocc = 6  HOMO = -0.474697840465307  LUMO = 0.182477622003726
  beta  nocc = 4  HOMO = -0.685401873499657  LUMO = 0.0410516201753806
cycle= 6 E= -99.9064061709185  delta_E= -2.32e-08  |g|= 4.43e-05  |ddm|= 0.000152
  alpha nocc = 6  HOMO = -0.474695186142111  LUMO = 0.182479774043928
  beta  nocc = 4  HOMO = -0.685420255026154  LUMO = 0.0410479745861501
cycle= 7 E= -99.9064061729557  delta_E= -2.04e-09  |g|= 1e-05  |ddm|= 5.1e-05
  alpha nocc = 6  HOMO = -0.474694310221272  LUMO = 0.182479980275903
  beta  nocc = 4  HOMO = -0.685422291154633  LUMO = 0.0410477261169819
cycle= 8 E= -99.9064061730573  delta_E= -1.02e-10  |g|= 1.71e-06  |ddm|= 1.26e-05
  alpha nocc = 6  HOMO = -0.474694232622968  LUMO = 0.18247996874536
  beta  nocc = 4  HOMO = -0.68542201048123  LUMO = 0.0410479491508146
cycle= 9 E= -99.9064061730601  delta_E= -2.81e-12  |g|= 2.05e-07  |ddm|= 2.28e-06
  alpha nocc = 6  HOMO = -0.474694226967571  LUMO = 0.182479964391307
  beta  nocc = 4  HOMO = -0.6854219986808  LUMO = 0.0410479380575041
Extra cycle  E= -99.9064061730602  delta_E= -1.42e-13  |g|= 8.17e-08  |ddm|= 2.21e-07
converged SCF energy = -99.9064061730602  <S^2> = 2.0046828  2S+1 = 3.0031202

******** <class 'pyscf.cc.ccsd.as_scanner.<locals>.CCSD_Scanner'> ********
CC2 = 0
CCSD nocc = (6, 4), nmo = (146, 146)
max_cycle = 200
direct = 0
conv_tol = 1e-07
conv_tol_normt = 1e-05
diis_space = 12
diis_start_cycle = 0
diis_start_energy_diff = 1e+09
max_memory 48000 MB (current use 3679 MB)
Init E_corr(CCSD) = -0.0770385588482345
cycle = 1  E_corr(CCSD) = -0.2726539305876  dE = -0.195615372  norm(t1,t2) = 0.231017
cycle = 2  E_corr(CCSD) = -0.277676106389923  dE = -0.0050221758  norm(t1,t2) = 0.0357355
cycle = 3  E_corr(CCSD) = -0.279863852968736  dE = -0.00218774658  norm(t1,t2) = 0.00943166
cycle = 4  E_corr(CCSD) = -0.280137444194803  dE = -0.000273591226  norm(t1,t2) = 0.00340713
cycle = 5  E_corr(CCSD) = -0.28012286836608  dE = 1.45758287e-05  norm(t1,t2) = 0.00110908
cycle = 6  E_corr(CCSD) = -0.280128684571887  dE = -5.81620581e-06  norm(t1,t2) = 0.000412496
cycle = 7  E_corr(CCSD) = -0.280134149557042  dE = -5.46498515e-06  norm(t1,t2) = 0.000158148
cycle = 8  E_corr(CCSD) = -0.280133360010008  dE = 7.89547034e-07  norm(t1,t2) = 4.89661e-05
cycle = 9  E_corr(CCSD) = -0.280133499923494  dE = -1.39913486e-07  norm(t1,t2) = 2.79839e-05
cycle = 10  E_corr(CCSD) = -0.280133681746509  dE = -1.81823015e-07  norm(t1,t2) = 2.43675e-05
cycle = 11  E_corr(CCSD) = -0.28013369149219  dE = -9.7456811e-09  norm(t1,t2) = 2.3847e-05
cycle = 12  E_corr(CCSD) = -0.280133627163887  dE = 6.43283024e-08  norm(t1,t2) = 2.35799e-05
cycle = 13  E_corr(CCSD) = -0.28013364327778  dE = -1.61138929e-08  norm(t1,t2) = 2.27372e-05
cycle = 14  E_corr(CCSD) = -0.2801334196399  dE = 2.2363788e-07  norm(t1,t2) = 1.84133e-05
cycle = 15  E_corr(CCSD) = -0.280133660807338  dE = -2.41167438e-07  norm(t1,t2) = 9.18989e-06
cycle = 16  E_corr(CCSD) = -0.280133673640416  dE = -1.28330785e-08  norm(t1,t2) = 5.04524e-06
CCSD_Scanner converged
E(CCSD_Scanner) = -100.1865398467006  E_corr = -0.2801336736404162
cycle = 1  norm(lambda1,lambda2) = 0.231177
cycle = 2  norm(lambda1,lambda2) = 0.0325038
cycle = 3  norm(lambda1,lambda2) = 0.00856217
cycle = 4  norm(lambda1,lambda2) = 0.00319026
cycle = 5  norm(lambda1,lambda2) = 0.00100922
cycle = 6  norm(lambda1,lambda2) = 0.000401169
cycle = 7  norm(lambda1,lambda2) = 0.000143206
cycle = 8  norm(lambda1,lambda2) = 4.48282e-05
cycle = 9  norm(lambda1,lambda2) = 2.48042e-05
cycle = 10  norm(lambda1,lambda2) = 2.12999e-05
cycle = 11  norm(lambda1,lambda2) = 2.08206e-05
cycle = 12  norm(lambda1,lambda2) = 2.05728e-05
cycle = 13  norm(lambda1,lambda2) = 1.99022e-05
cycle = 14  norm(lambda1,lambda2) = 1.62616e-05
cycle = 15  norm(lambda1,lambda2) = 7.68623e-06
--------------- CCSD_Scanner gradients ---------------
         x                y                z
0 F     0.0124185457     0.0000000052     0.0000000378
1 H    -0.0124185457    -0.0000000052    -0.0000000378
----------------------------------------------
cycle 5: E = -100.186539847  dE = -0.00811607  norm(grad) = 0.0175625

Geometry optimization cycle 6
Cartesian coordinates (Angstrom)
 Atom        New coordinates             dX        dY        dZ
   F  -0.597824  -0.000002  -0.000006   -0.115265 -0.000003 -0.000006
   H   1.597824   0.000002   0.000006    0.115265  0.000003  0.000006
New geometry
   1 F     -0.597824033838  -0.000001969078  -0.000006470657 AA   -1.129723694637  -0.000003721018  -0.000012227770 Bohr

   2 H      1.597824033828   0.000001969078   0.000006470657 AA    3.019449819183   0.000003721018   0.000012227770 Bohr



******** <class 'pyscf.scf.hf.as_scanner.<locals>.SCF_Scanner'> ********
method = SCF_Scanner-UHF
initial guess = minao
damping factor = 0
level_shift factor = 0
DIIS = <class 'pyscf.scf.diis.CDIIS'>
diis_start_cycle = 1
diis_space = 16
SCF conv_tol = 1e-09
SCF conv_tol_grad = 1e-06
SCF max_cycles = 200
direct_scf = True
direct_scf_tol = 1e-13
max_memory 48000 MB (current use 648 MB)
number electrons alpha = 6  beta = 4
init E= -99.9178167110851
  alpha nocc = 6  HOMO = -0.487479092187163  LUMO = 0.187485050047114
  beta  nocc = 4  HOMO = -0.673293920071347  LUMO = 0.0485105908606613
cycle= 1 E= -99.9112778129577  delta_E= 0.00654  |g|= 0.00661  |ddm|= 0.0337
  alpha nocc = 6  HOMO = -0.48626365537609  LUMO = 0.18304780833102
  beta  nocc = 4  HOMO = -0.681845106664752  LUMO = 0.0437679677174435
cycle= 2 E= -99.9113142321049  delta_E= -3.64e-05  |g|= 0.00266  |ddm|= 0.00492
  alpha nocc = 6  HOMO = -0.486197270924949  LUMO = 0.182980381798009
  beta  nocc = 4  HOMO = -0.681275167591396  LUMO = 0.0449310008245963
cycle= 3 E= -99.9113210811134  delta_E= -6.85e-06  |g|= 0.00112  |ddm|= 0.00231
  alpha nocc = 6  HOMO = -0.486258238428022  LUMO = 0.182933553654273
  beta  nocc = 4  HOMO = -0.682025468150862  LUMO = 0.0446236004738651
cycle= 4 E= -99.9113219606399  delta_E= -8.8e-07  |g|= 0.00036  |ddm|= 0.000813
  alpha nocc = 6  HOMO = -0.48628452639419  LUMO = 0.182918198554782
  beta  nocc = 4  HOMO = -0.682071064988661  LUMO = 0.0447196795237319
cycle= 5 E= -99.9113220629657  delta_E= -1.02e-07  |g|= 9.45e-05  |ddm|= 0.000331
  alpha nocc = 6  HOMO = -0.486286909526064  LUMO = 0.182918231089079
  beta  nocc = 4  HOMO = -0.682136336811084  LUMO = 0.0447043214786056
cycle= 6 E= -99.911322070892  delta_E= -7.93e-09  |g|= 2.45e-05  |ddm|= 9.28e-05
  alpha nocc = 6  HOMO = -0.486285830243423  LUMO = 0.182919293083119
  beta  nocc = 4  HOMO = -0.682145768826272  LUMO = 0.0447024454382807
cycle= 7 E= -99.9113220715105  delta_E= -6.18e-10  |g|= 5.38e-06  |ddm|= 2.68e-05
  alpha nocc = 6  HOMO = -0.486285544274873  LUMO = 0.182919380705707
  beta  nocc = 4  HOMO = -0.682146867583197  LUMO = 0.0447022541952885
cycle= 8 E= -99.9113220715386  delta_E= -2.82e-11  |g|= 9.8e-07  |ddm|= 6.43e-06
  alpha nocc = 6  HOMO = -0.486285536663036  LUMO = 0.182919371055499
  beta  nocc = 4  HOMO = -0.68214667413485  LUMO = 0.0447023831637671
Extra cycle  E= -99.9113220715394  delta_E= -7.53e-13  |g|= 4.59e-07  |ddm|= 7.17e-07
converged SCF energy = -99.9113220715394  <S^2> = 2.0044105  2S+1 = 3.0029389

******** <class 'pyscf.cc.ccsd.as_scanner.<locals>.CCSD_Scanner'> ********
CC2 = 0
CCSD nocc = (6, 4), nmo = (146, 146)
max_cycle = 200
direct = 0
conv_tol = 1e-07
conv_tol_normt = 1e-05
diis_space = 12
diis_start_cycle = 0
diis_start_energy_diff = 1e+09
max_memory 48000 MB (current use 3627 MB)
Init E_corr(CCSD) = -0.129704620160883
cycle = 1  E_corr(CCSD) = -0.273768818021011  dE = -0.144064198  norm(t1,t2) = 0.187951
cycle = 2  E_corr(CCSD) = -0.277600995207041  dE = -0.00383217719  norm(t1,t2) = 0.0294839
cycle = 3  E_corr(CCSD) = -0.278946415048396  dE = -0.00134541984  norm(t1,t2) = 0.00687655
cycle = 4  E_corr(CCSD) = -0.279111412900226  dE = -0.000164997852  norm(t1,t2) = 0.00269215
cycle = 5  E_corr(CCSD) = -0.279079506611456  dE = 3.19062888e-05  norm(t1,t2) = 0.000699376
cycle = 6  E_corr(CCSD) = -0.279079512584098  dE = -5.97264183e-09  norm(t1,t2) = 0.000281027
cycle = 7  E_corr(CCSD) = -0.279081881885109  dE = -2.36930101e-06  norm(t1,t2) = 0.000109792
cycle = 8  E_corr(CCSD) = -0.279081396511569  dE = 4.85373541e-07  norm(t1,t2) = 3.37081e-05
cycle = 9  E_corr(CCSD) = -0.279081519992411  dE = -1.23480843e-07  norm(t1,t2) = 1.16667e-05
cycle = 10  E_corr(CCSD) = -0.279081627909516  dE = -1.07917105e-07  norm(t1,t2) = 5.38172e-06
cycle = 11  E_corr(CCSD) = -0.279081644295087  dE = -1.63855714e-08  norm(t1,t2) = 4.7292e-06
CCSD_Scanner converged
E(CCSD_Scanner) = -100.1904037158345  E_corr = -0.2790816442950873
cycle = 1  norm(lambda1,lambda2) = 0.187083
cycle = 2  norm(lambda1,lambda2) = 0.0271633
cycle = 3  norm(lambda1,lambda2) = 0.00632194
cycle = 4  norm(lambda1,lambda2) = 0.0025053
cycle = 5  norm(lambda1,lambda2) = 0.000639687
cycle = 6  norm(lambda1,lambda2) = 0.000262617
cycle = 7  norm(lambda1,lambda2) = 0.000100822
cycle = 8  norm(lambda1,lambda2) = 3.22506e-05
cycle = 9  norm(lambda1,lambda2) = 1.00302e-05
cycle = 10  norm(lambda1,lambda2) = 3.00996e-06
--------------- CCSD_Scanner gradients ---------------
         x                y                z
0 F     0.0060305587     0.0000000035     0.0000000221
1 H    -0.0060305587    -0.0000000035    -0.0000000221
----------------------------------------------
cycle 6: E = -100.190403716  dE = -0.00386387  norm(grad) = 0.0085285

Geometry optimization cycle 7
Cartesian coordinates (Angstrom)
 Atom        New coordinates             dX        dY        dZ
   F  -0.706639  -0.000002  -0.000007   -0.108815 -0.000000 -0.000001
   H   1.706639   0.000002   0.000007    0.108815  0.000000  0.000001
New geometry
   1 F     -0.706639353838  -0.000002094894  -0.000007303383 AA   -1.335354847594  -0.000003958777  -0.000013801393 Bohr

   2 H      1.706639353830   0.000002094894   0.000007303383 AA    3.225080972143   0.000003958777   0.000013801393 Bohr



******** <class 'pyscf.scf.hf.as_scanner.<locals>.SCF_Scanner'> ********
method = SCF_Scanner-UHF
initial guess = minao
damping factor = 0
level_shift factor = 0
DIIS = <class 'pyscf.scf.diis.CDIIS'>
diis_start_cycle = 1
diis_space = 16
SCF conv_tol = 1e-09
SCF conv_tol_grad = 1e-06
SCF max_cycles = 200
direct_scf = True
direct_scf_tol = 1e-13
max_memory 48000 MB (current use 666 MB)
number electrons alpha = 6  beta = 4
init E= -99.9173734982134
  alpha nocc = 6  HOMO = -0.492596175685886  LUMO = 0.186182780621337
  beta  nocc = 4  HOMO = -0.67620316935254  LUMO = 0.0486482643380369
cycle= 1 E= -99.9136717597209  delta_E= 0.0037  |g|= 0.00371  |ddm|= 0.0214
  alpha nocc = 6  HOMO = -0.492060827380071  LUMO = 0.183814320744764
  beta  nocc = 4  HOMO = -0.680718908099745  LUMO = 0.0459919789537734
cycle= 2 E= -99.9136835133988  delta_E= -1.18e-05  |g|= 0.00145  |ddm|= 0.00303
  alpha nocc = 6  HOMO = -0.492029617878078  LUMO = 0.183785320263298
  beta  nocc = 4  HOMO = -0.680331840420021  LUMO = 0.0466543316547523
cycle= 3 E= -99.9136854870639  delta_E= -1.97e-06  |g|= 0.000636  |ddm|= 0.00128
  alpha nocc = 6  HOMO = -0.492048791676312  LUMO = 0.1837638307067
  beta  nocc = 4  HOMO = -0.680748759094674  LUMO = 0.0464765170473473
cycle= 4 E= -99.9136857581954  delta_E= -2.71e-07  |g|= 0.000197  |ddm|= 0.000457
  alpha nocc = 6  HOMO = -0.492059944635834  LUMO = 0.183756290201131
  beta  nocc = 4  HOMO = -0.680783705873064  LUMO = 0.0465218763691072
cycle= 5 E= -99.9136857897508  delta_E= -3.16e-08  |g|= 5.08e-05  |ddm|= 0.000187
  alpha nocc = 6  HOMO = -0.492060569315401  LUMO = 0.183756469208906
  beta  nocc = 4  HOMO = -0.680816088556337  LUMO = 0.0465154506594295
cycle= 6 E= -99.9136857920681  delta_E= -2.32e-09  |g|= 1.33e-05  |ddm|= 5.03e-05
  alpha nocc = 6  HOMO = -0.492060225240041  LUMO = 0.183756949812503
  beta  nocc = 4  HOMO = -0.680821245815674  LUMO = 0.0465144990692956
cycle= 7 E= -99.9136857922505  delta_E= -1.82e-10  |g|= 2.85e-06  |ddm|= 1.42e-05
  alpha nocc = 6  HOMO = -0.492060121437019  LUMO = 0.183756993348288
  beta  nocc = 4  HOMO = -0.680821908382679  LUMO = 0.0465143581995038
cycle= 8 E= -99.9136857922582  delta_E= -7.74e-12  |g|= 5.52e-07  |ddm|= 3.29e-06
  alpha nocc = 6  HOMO = -0.49206011994686  LUMO = 0.183756988322224
  beta  nocc = 4  HOMO = -0.680821799470543  LUMO = 0.0465144273198922
Extra cycle  E= -99.9136857922585  delta_E= -2.42e-13  |g|= 2.59e-07  |ddm|= 4e-07
converged SCF energy = -99.9136857922585  <S^2> = 2.0042721  2S+1 = 3.0028467

******** <class 'pyscf.cc.ccsd.as_scanner.<locals>.CCSD_Scanner'> ********
CC2 = 0
CCSD nocc = (6, 4), nmo = (146, 146)
max_cycle = 200
direct = 0
conv_tol = 1e-07
conv_tol_normt = 1e-05
diis_space = 12
diis_start_cycle = 0
diis_start_energy_diff = 1e+09
max_memory 48000 MB (current use 3601 MB)
Init E_corr(CCSD) = -0.172487827834921
cycle = 1  E_corr(CCSD) = -0.275478496263552  dE = -0.102990668  norm(t1,t2) = 0.17005
cycle = 2  E_corr(CCSD) = -0.277164969221322  dE = -0.00168647296  norm(t1,t2) = 0.0359348
cycle = 3  E_corr(CCSD) = -0.278255328879908  dE = -0.00109035966  norm(t1,t2) = 0.00879872
cycle = 4  E_corr(CCSD) = -0.278502445618541  dE = -0.000247116739  norm(t1,t2) = 0.00410034
cycle = 5  E_corr(CCSD) = -0.278480435744229  dE = 2.20098743e-05  norm(t1,t2) = 0.0012175
cycle = 6  E_corr(CCSD) = -0.278484289669543  dE = -3.85392531e-06  norm(t1,t2) = 0.000447761
cycle = 7  E_corr(CCSD) = -0.278492466959549  dE = -8.17729001e-06  norm(t1,t2) = 0.000165567
cycle = 8  E_corr(CCSD) = -0.278493020659949  dE = -5.53700401e-07  norm(t1,t2) = 5.0676e-05
cycle = 9  E_corr(CCSD) = -0.278493314190936  dE = -2.93530987e-07  norm(t1,t2) = 1.80383e-05
cycle = 10  E_corr(CCSD) = -0.278493542653959  dE = -2.28463022e-07  norm(t1,t2) = 9.80509e-06
cycle = 11  E_corr(CCSD) = -0.278493601009409  dE = -5.83554504e-08  norm(t1,t2) = 8.87774e-06
CCSD_Scanner converged
E(CCSD_Scanner) = -100.1921793932679  E_corr = -0.2784936010094089
cycle = 1  norm(lambda1,lambda2) = 0.169029
cycle = 2  norm(lambda1,lambda2) = 0.032676
cycle = 3  norm(lambda1,lambda2) = 0.00817315
cycle = 4  norm(lambda1,lambda2) = 0.00370974
cycle = 5  norm(lambda1,lambda2) = 0.00113238
cycle = 6  norm(lambda1,lambda2) = 0.000432121
cycle = 7  norm(lambda1,lambda2) = 0.000152243
cycle = 8  norm(lambda1,lambda2) = 4.75985e-05
cycle = 9  norm(lambda1,lambda2) = 1.54369e-05
cycle = 10  norm(lambda1,lambda2) = 6.50725e-06
--------------- CCSD_Scanner gradients ---------------
         x                y                z
0 F     0.0029441738     0.0000001897     0.0000003399
1 H    -0.0029441738    -0.0000001897    -0.0000003399
----------------------------------------------
cycle 7: E = -100.192179393  dE = -0.00177568  norm(grad) = 0.00416369

Geometry optimization cycle 8
Cartesian coordinates (Angstrom)
 Atom        New coordinates             dX        dY        dZ
   F  -0.810441  -0.000051  -0.000094   -0.103801 -0.000049 -0.000087
   H   1.810441   0.000051   0.000094    0.103801  0.000049  0.000087
New geometry
   1 F     -0.810440808242  -0.000051345280  -0.000093940949 AA   -1.531511167748  -0.000097028517  -0.000177522665 Bohr

   2 H      1.810440808254   0.000051345280   0.000093940949 AA    3.421237292336   0.000097028517   0.000177522665 Bohr



******** <class 'pyscf.scf.hf.as_scanner.<locals>.SCF_Scanner'> ********
method = SCF_Scanner-UHF
initial guess = minao
damping factor = 0
level_shift factor = 0
DIIS = <class 'pyscf.scf.diis.CDIIS'>
diis_start_cycle = 1
diis_space = 16
SCF conv_tol = 1e-09
SCF conv_tol_grad = 1e-06
SCF max_cycles = 200
direct_scf = True
direct_scf_tol = 1e-13
max_memory 48000 MB (current use 719 MB)
number electrons alpha = 6  beta = 4
init E= -99.9169005673372
  alpha nocc = 6  HOMO = -0.495298881550645  LUMO = 0.185735882966295
  beta  nocc = 4  HOMO = -0.677831917588358  LUMO = 0.0480384691350829
cycle= 1 E= -99.9148431582179  delta_E= 0.00206  |g|= 0.00213  |ddm|= 0.0143
  alpha nocc = 6  HOMO = -0.495051703409471  LUMO = 0.184467846795273
  beta  nocc = 4  HOMO = -0.6802165805103  LUMO = 0.0459415978044956
cycle= 2 E= -99.9148471778677  delta_E= -4.02e-06  |g|= 0.000799  |ddm|= 0.00194
  alpha nocc = 6  HOMO = -0.495037569251614  LUMO = 0.184454641772761
  beta  nocc = 4  HOMO = -0.67998443887939  LUMO = 0.0459260154099623
cycle= 3 E= -99.9148477846722  delta_E= -6.07e-07  |g|= 0.000353  |ddm|= 0.000753
  alpha nocc = 6  HOMO = -0.495043777311177  LUMO = 0.184444653745052
  beta  nocc = 4  HOMO = -0.680211797268102  LUMO = 0.0459125126969304
cycle= 4 E= -99.9148478672028  delta_E= -8.25e-08  |g|= 0.00011  |ddm|= 0.000258
  alpha nocc = 6  HOMO = -0.495048483492384  LUMO = 0.184440884960449
  beta  nocc = 4  HOMO = -0.680233732219754  LUMO = 0.045907993125247
cycle= 5 E= -99.9148478773698  delta_E= -1.02e-08  |g|= 2.72e-05  |ddm|= 0.000109
  alpha nocc = 6  HOMO = -0.495048618095191  LUMO = 0.18444105082898
  beta  nocc = 4  HOMO = -0.680249825633969  LUMO = 0.0459089879295554
cycle= 6 E= -99.914847878035  delta_E= -6.65e-10  |g|= 7.36e-06  |ddm|= 2.65e-05
  alpha nocc = 6  HOMO = -0.495048540137029  LUMO = 0.184441255892155
  beta  nocc = 4  HOMO = -0.680252856748054  LUMO = 0.0459094909389842
cycle= 7 E= -99.914847878092  delta_E= -5.7e-11  |g|= 1.55e-06  |ddm|= 7.81e-06
  alpha nocc = 6  HOMO = -0.495048497034311  LUMO = 0.18444127894247
  beta  nocc = 4  HOMO = -0.680253275095154  LUMO = 0.045909495415736
cycle= 8 E= -99.9148478780942  delta_E= -2.16e-12  |g|= 3.15e-07  |ddm|= 1.74e-06
  alpha nocc = 6  HOMO = -0.495048496636441  LUMO = 0.184441276637459
  beta  nocc = 4  HOMO = -0.680253215682155  LUMO = 0.0459094780352032
Extra cycle  E= -99.9148478780943  delta_E= -1.71e-13  |g|= 1.5e-07  |ddm|= 2.3e-07
converged SCF energy = -99.9148478780943  <S^2> = 2.0042029  2S+1 = 3.0028006

******** <class 'pyscf.cc.ccsd.as_scanner.<locals>.CCSD_Scanner'> ********
CC2 = 0
CCSD nocc = (6, 4), nmo = (146, 146)
max_cycle = 200
direct = 0
conv_tol = 1e-07
conv_tol_normt = 1e-05
diis_space = 12
diis_start_cycle = 0
diis_start_energy_diff = 1e+09
max_memory 48000 MB (current use 3629 MB)
Init E_corr(CCSD) = -0.157256956193569
cycle = 1  E_corr(CCSD) = -0.273317936801028  dE = -0.116060981  norm(t1,t2) = 0.189017
cycle = 2  E_corr(CCSD) = -0.276342652695814  dE = -0.00302471589  norm(t1,t2) = 0.0364237
cycle = 3  E_corr(CCSD) = -0.277726019704339  dE = -0.00138336701  norm(t1,t2) = 0.00873336
cycle = 4  E_corr(CCSD) = -0.278103045151884  dE = -0.000377025448  norm(t1,t2) = 0.00391214
cycle = 5  E_corr(CCSD) = -0.2781365741384  dE = -3.35289865e-05  norm(t1,t2) = 0.00130595
cycle = 6  E_corr(CCSD) = -0.278147633484804  dE = -1.10593464e-05  norm(t1,t2) = 0.000536332
cycle = 7  E_corr(CCSD) = -0.27815662426488  dE = -8.99078008e-06  norm(t1,t2) = 0.000188576
cycle = 8  E_corr(CCSD) = -0.278156600952008  dE = 2.33128717e-08  norm(t1,t2) = 5.3688e-05
cycle = 9  E_corr(CCSD) = -0.278156610802972  dE = -9.85096388e-09  norm(t1,t2) = 2.38049e-05
cycle = 10  E_corr(CCSD) = -0.278156829710077  dE = -2.18907105e-07  norm(t1,t2) = 1.84208e-05
cycle = 11  E_corr(CCSD) = -0.278156857923398  dE = -2.82133205e-08  norm(t1,t2) = 1.79345e-05
cycle = 12  E_corr(CCSD) = -0.278156846657035  dE = 1.12663626e-08  norm(t1,t2) = 1.78768e-05
cycle = 13  E_corr(CCSD) = -0.278156830199741  dE = 1.64572938e-08  norm(t1,t2) = 1.78519e-05
cycle = 14  E_corr(CCSD) = -0.278156772995199  dE = 5.72045428e-08  norm(t1,t2) = 1.77142e-05
cycle = 15  E_corr(CCSD) = -0.278156742922749  dE = 3.00724493e-08  norm(t1,t2) = 1.71685e-05
cycle = 16  E_corr(CCSD) = -0.278156987671753  dE = -2.44749004e-07  norm(t1,t2) = 1.40479e-05
cycle = 17  E_corr(CCSD) = -0.278156918520086  dE = 6.91516665e-08  norm(t1,t2) = 7.45433e-06
CCSD_Scanner converged
E(CCSD_Scanner) = -100.1930047966144  E_corr = -0.2781569185200863
cycle = 1  norm(lambda1,lambda2) = 0.188222
cycle = 2  norm(lambda1,lambda2) = 0.033484
cycle = 3  norm(lambda1,lambda2) = 0.00829762
cycle = 4  norm(lambda1,lambda2) = 0.00360709
cycle = 5  norm(lambda1,lambda2) = 0.00124427
cycle = 6  norm(lambda1,lambda2) = 0.000524123
cycle = 7  norm(lambda1,lambda2) = 0.000173124
cycle = 8  norm(lambda1,lambda2) = 5.04099e-05
cycle = 9  norm(lambda1,lambda2) = 2.01713e-05
cycle = 10  norm(lambda1,lambda2) = 1.46698e-05
cycle = 11  norm(lambda1,lambda2) = 1.40924e-05
cycle = 12  norm(lambda1,lambda2) = 1.40285e-05
cycle = 13  norm(lambda1,lambda2) = 1.40071e-05
cycle = 14  norm(lambda1,lambda2) = 1.39207e-05
cycle = 15  norm(lambda1,lambda2) = 1.35913e-05
cycle = 16  norm(lambda1,lambda2) = 1.17703e-05
cycle = 17  norm(lambda1,lambda2) = 6.60343e-06
--------------- CCSD_Scanner gradients ---------------
         x                y                z
0 F     0.0014292867     0.0000000843     0.0000001511
1 H    -0.0014292867    -0.0000000843    -0.0000001511
----------------------------------------------
cycle 8: E = -100.193004797  dE = -0.000825403  norm(grad) = 0.00202132

Geometry optimization cycle 9
Cartesian coordinates (Angstrom)
 Atom        New coordinates             dX        dY        dZ
   F  -0.908377  -0.000088  -0.000159   -0.097936 -0.000037 -0.000065
   H   1.908377   0.000088   0.000159    0.097936  0.000037  0.000065
New geometry
   1 F     -0.908376832507  -0.000088480009  -0.000159227415 AA   -1.716583431339  -0.000167202984  -0.000300896206 Bohr

   2 H      1.908376832519   0.000088480009   0.000159227415 AA    3.606309555925   0.000167202984   0.000300896206 Bohr



******** <class 'pyscf.scf.hf.as_scanner.<locals>.SCF_Scanner'> ********
method = SCF_Scanner-UHF
initial guess = minao
damping factor = 0
level_shift factor = 0
DIIS = <class 'pyscf.scf.diis.CDIIS'>
diis_start_cycle = 1
diis_space = 16
SCF conv_tol = 1e-09
SCF conv_tol_grad = 1e-06
SCF max_cycles = 200
direct_scf = True
direct_scf_tol = 1e-13
max_memory 48000 MB (current use 789 MB)
number electrons alpha = 6  beta = 4
init E= -99.9165145100151
  alpha nocc = 6  HOMO = -0.496773613631377  LUMO = 0.185601188561661
  beta  nocc = 4  HOMO = -0.678749077099283  LUMO = 0.0449992315971566
cycle= 1 E= -99.915420043799  delta_E= 0.00109  |g|= 0.00124  |ddm|= 0.00978
  alpha nocc = 6  HOMO = -0.496650525506133  LUMO = 0.184933272017806
  beta  nocc = 4  HOMO = -0.679982020991445  LUMO = 0.0438819699556937
cycle= 2 E= -99.9154214567571  delta_E= -1.41e-06  |g|= 0.000438  |ddm|= 0.00125
  alpha nocc = 6  HOMO = -0.496644150785763  LUMO = 0.184927043307612
  beta  nocc = 4  HOMO = -0.679855489587465  LUMO = 0.0438652715974128
cycle= 3 E= -99.9154216475506  delta_E= -1.91e-07  |g|= 0.00019  |ddm|= 0.000455
  alpha nocc = 6  HOMO = -0.496646267837174  LUMO = 0.184922490985248
  beta  nocc = 4  HOMO = -0.679976890405709  LUMO = 0.0438564013070721
cycle= 4 E= -99.9154216713642  delta_E= -2.38e-08  |g|= 6.21e-05  |ddm|= 0.000141
  alpha nocc = 6  HOMO = -0.496648211333059  LUMO = 0.184920642382832
  beta  nocc = 4  HOMO = -0.679989009783768  LUMO = 0.0438531360918175
cycle= 5 E= -99.9154216746582  delta_E= -3.29e-09  |g|= 1.44e-05  |ddm|= 6.35e-05
  alpha nocc = 6  HOMO = -0.496648228209982  LUMO = 0.184920757607745
  beta  nocc = 4  HOMO = -0.679996987609878  LUMO = 0.0438537170837231
cycle= 6 E= -99.9154216748454  delta_E= -1.87e-10  |g|= 4.04e-06  |ddm|= 1.37e-05
  alpha nocc = 6  HOMO = -0.496648227736335  LUMO = 0.184920834543689
  beta  nocc = 4  HOMO = -0.679998752708699  LUMO = 0.0438540199487878
cycle= 7 E= -99.9154216748627  delta_E= -1.73e-11  |g|= 8.43e-07  |ddm|= 4.28e-06
  alpha nocc = 6  HOMO = -0.496648213665999  LUMO = 0.184920841382909
  beta  nocc = 4  HOMO = -0.679998866288117  LUMO = 0.0438540200271819
Extra cycle  E= -99.9154216748633  delta_E= -6.39e-13  |g|= 4.16e-07  |ddm|= 5.93e-07
converged SCF energy = -99.9154216748633  <S^2> = 2.0041684  2S+1 = 3.0027776

******** <class 'pyscf.cc.ccsd.as_scanner.<locals>.CCSD_Scanner'> ********
CC2 = 0
CCSD nocc = (6, 4), nmo = (146, 146)
max_cycle = 200
direct = 0
conv_tol = 1e-07
conv_tol_normt = 1e-05
diis_space = 12
diis_start_cycle = 0
diis_start_energy_diff = 1e+09
max_memory 48000 MB (current use 3656 MB)
Init E_corr(CCSD) = -0.174699362335545
cycle = 1  E_corr(CCSD) = -0.274863526035949  dE = -0.100164164  norm(t1,t2) = 0.186929
cycle = 2  E_corr(CCSD) = -0.276154692017719  dE = -0.00129116598  norm(t1,t2) = 0.0444786
cycle = 3  E_corr(CCSD) = -0.277575740490081  dE = -0.00142104847  norm(t1,t2) = 0.0119404
cycle = 4  E_corr(CCSD) = -0.277933132841348  dE = -0.000357392351  norm(t1,t2) = 0.0058234
cycle = 5  E_corr(CCSD) = -0.277936295650405  dE = -3.16280906e-06  norm(t1,t2) = 0.00172374
cycle = 6  E_corr(CCSD) = -0.277949622646176  dE = -1.33269958e-05  norm(t1,t2) = 0.000600087
cycle = 7  E_corr(CCSD) = -0.277959494706798  dE = -9.87206062e-06  norm(t1,t2) = 0.000230384
cycle = 8  E_corr(CCSD) = -0.277959830245168  dE = -3.35538369e-07  norm(t1,t2) = 6.08247e-05
cycle = 9  E_corr(CCSD) = -0.277960137901682  dE = -3.07656515e-07  norm(t1,t2) = 1.96066e-05
cycle = 10  E_corr(CCSD) = -0.277960473573065  dE = -3.35671383e-07  norm(t1,t2) = 6.58443e-06
cycle = 11  E_corr(CCSD) = -0.277960553996843  dE = -8.04237783e-08  norm(t1,t2) = 3.73452e-06
CCSD_Scanner converged
E(CCSD_Scanner) = -100.1933822288602  E_corr = -0.2779605539968434
cycle = 1  norm(lambda1,lambda2) = 0.186406
cycle = 2  norm(lambda1,lambda2) = 0.0396824
cycle = 3  norm(lambda1,lambda2) = 0.0110055
cycle = 4  norm(lambda1,lambda2) = 0.00526628
cycle = 5  norm(lambda1,lambda2) = 0.00161326
cycle = 6  norm(lambda1,lambda2) = 0.00057417
cycle = 7  norm(lambda1,lambda2) = 0.00021071
cycle = 8  norm(lambda1,lambda2) = 5.73272e-05
cycle = 9  norm(lambda1,lambda2) = 1.76919e-05
cycle = 10  norm(lambda1,lambda2) = 5.59864e-06
--------------- CCSD_Scanner gradients ---------------
         x                y                z
0 F     0.0006910012     0.0000000747     0.0000001288
1 H    -0.0006910012    -0.0000000747    -0.0000001288
----------------------------------------------
cycle 9: E = -100.193382229  dE = -0.000377432  norm(grad) = 0.000977223

Geometry optimization cycle 10
Cartesian coordinates (Angstrom)
 Atom        New coordinates             dX        dY        dZ
   F  -1.000040  -0.000134  -0.000238   -0.091664 -0.000045 -0.000078
   H   2.000040   0.000134   0.000238    0.091664  0.000045  0.000078
New geometry
   1 F     -1.000040434325  -0.000133869735  -0.000237638863 AA   -1.889802534365  -0.000252977135  -0.000449072368 Bohr

   2 H      2.000040434316   0.000133869735   0.000237638863 AA    3.779528658914   0.000252977135   0.000449072368 Bohr



******** <class 'pyscf.scf.hf.as_scanner.<locals>.SCF_Scanner'> ********
method = SCF_Scanner-UHF
initial guess = minao
damping factor = 0
level_shift factor = 0
DIIS = <class 'pyscf.scf.diis.CDIIS'>
diis_start_cycle = 1
diis_space = 16
SCF conv_tol = 1e-09
SCF conv_tol_grad = 1e-06
SCF max_cycles = 200
direct_scf = True
direct_scf_tol = 1e-13
max_memory 48000 MB (current use 785 MB)
number electrons alpha = 6  beta = 4
init E= -99.9162713917453
  alpha nocc = 6  HOMO = -0.497620666276669  LUMO = 0.185602533224054
  beta  nocc = 4  HOMO = -0.679235918741096  LUMO = 0.0430474745886917
cycle= 1 E= -99.915709293475  delta_E= 0.000562  |g|= 0.000736  |ddm|= 0.00677
  alpha nocc = 6  HOMO = -0.497552453328949  LUMO = 0.185252336842251
  beta  nocc = 4  HOMO = -0.679866623568558  LUMO = 0.0424535492710594
cycle= 2 E= -99.9157098166414  delta_E= -5.23e-07  |g|= 0.000242  |ddm|= 0.000816
  alpha nocc = 6  HOMO = -0.497549308496775  LUMO = 0.185249473796574
  beta  nocc = 4  HOMO = -0.679802951501249  LUMO = 0.0424408511076357
cycle= 3 E= -99.9157098792147  delta_E= -6.26e-08  |g|= 0.0001  |ddm|= 0.000281
  alpha nocc = 6  HOMO = -0.497550077577821  LUMO = 0.185247451771046
  beta  nocc = 4  HOMO = -0.679867265517838  LUMO = 0.0424355748728426
cycle= 4 E= -99.9157098859535  delta_E= -6.74e-09  |g|= 3.53e-05  |ddm|= 7.46e-05
  alpha nocc = 6  HOMO = -0.497550872765422  LUMO = 0.185246588064841
  beta  nocc = 4  HOMO = -0.679873077721526  LUMO = 0.0424333387123253
cycle= 5 E= -99.9157098870269  delta_E= -1.07e-09  |g|= 7.7e-06  |ddm|= 3.7e-05
  alpha nocc = 6  HOMO = -0.497550879160097  LUMO = 0.185246653053588
  beta  nocc = 4  HOMO = -0.679877181106942  LUMO = 0.0424336810524817
cycle= 6 E= -99.9157098870819  delta_E= -5.5e-11  |g|= 2.17e-06  |ddm|= 7.39e-06
  alpha nocc = 6  HOMO = -0.497550891313155  LUMO = 0.185246675390906
  beta  nocc = 4  HOMO = -0.679878175472689  LUMO = 0.0424338466432439
cycle= 7 E= -99.9157098870869  delta_E= -5.03e-12  |g|= 4.54e-07  |ddm|= 2.3e-06
  alpha nocc = 6  HOMO = -0.497550883760504  LUMO = 0.185246679205053
  beta  nocc = 4  HOMO = -0.679878241709206  LUMO = 0.0424338489912819
Extra cycle  E= -99.9157098870871  delta_E= -1.56e-13  |g|= 2.26e-07  |ddm|= 3.19e-07
converged SCF energy = -99.9157098870871  <S^2> = 2.0041508  2S+1 = 3.0027659

******** <class 'pyscf.cc.ccsd.as_scanner.<locals>.CCSD_Scanner'> ********
CC2 = 0
CCSD nocc = (6, 4), nmo = (146, 146)
max_cycle = 200
direct = 0
conv_tol = 1e-07
conv_tol_normt = 1e-05
diis_space = 12
diis_start_cycle = 0
diis_start_energy_diff = 1e+09
max_memory 48000 MB (current use 3764 MB)
Init E_corr(CCSD) = -0.203555371291035
cycle = 1  E_corr(CCSD) = -0.276852059960579  dE = -0.0732966887  norm(t1,t2) = 0.166368
cycle = 2  E_corr(CCSD) = -0.276561183323955  dE = 0.000290876637  norm(t1,t2) = 0.0500938
cycle = 3  E_corr(CCSD) = -0.27765971188633  dE = -0.00109852856  norm(t1,t2) = 0.0118122
cycle = 4  E_corr(CCSD) = -0.277870471420539  dE = -0.000210759534  norm(t1,t2) = 0.00605675
cycle = 5  E_corr(CCSD) = -0.277840641147691  dE = 2.98302728e-05  norm(t1,t2) = 0.00117596
cycle = 6  E_corr(CCSD) = -0.277835794047156  dE = 4.84710054e-06  norm(t1,t2) = 0.000458364
cycle = 7  E_corr(CCSD) = -0.277841548702806  dE = -5.75465565e-06  norm(t1,t2) = 0.00016457
cycle = 8  E_corr(CCSD) = -0.277842188916591  dE = -6.40213785e-07  norm(t1,t2) = 5.9825e-05
cycle = 9  E_corr(CCSD) = -0.277842233946602  dE = -4.50300103e-08  norm(t1,t2) = 2.00305e-05
cycle = 10  E_corr(CCSD) = -0.277842506799957  dE = -2.72853356e-07  norm(t1,t2) = 7.03345e-06
cycle = 11  E_corr(CCSD) = -0.277842603145439  dE = -9.63454816e-08  norm(t1,t2) = 3.65183e-06
CCSD_Scanner converged
E(CCSD_Scanner) = -100.1935524902325  E_corr = -0.2778426031454388
cycle = 1  norm(lambda1,lambda2) = 0.165356
cycle = 2  norm(lambda1,lambda2) = 0.0443206
cycle = 3  norm(lambda1,lambda2) = 0.0108681
cycle = 4  norm(lambda1,lambda2) = 0.00526243
cycle = 5  norm(lambda1,lambda2) = 0.0010873
cycle = 6  norm(lambda1,lambda2) = 0.000431898
cycle = 7  norm(lambda1,lambda2) = 0.000154648
cycle = 8  norm(lambda1,lambda2) = 5.66931e-05
cycle = 9  norm(lambda1,lambda2) = 1.82492e-05
cycle = 10  norm(lambda1,lambda2) = 6.02712e-06
--------------- CCSD_Scanner gradients ---------------
         x                y                z
0 F     0.0003303531     0.0000000463     0.0000000814
1 H    -0.0003303531    -0.0000000463    -0.0000000814
----------------------------------------------
cycle 10: E = -100.19355249  dE = -0.000170261  norm(grad) = 0.00046719

Geometry optimization cycle 11
Cartesian coordinates (Angstrom)
 Atom        New coordinates             dX        dY        dZ
   F  -1.084004  -0.000181  -0.000319   -0.083964 -0.000047 -0.000082
   H   2.084004   0.000181   0.000319    0.083964  0.000047  0.000082
New geometry
   1 F     -1.084004162015  -0.000180752596  -0.000319207368 AA   -2.048470984096  -0.000341572902  -0.000603214503 Bohr

   2 H      2.084004161906   0.000180752596   0.000319207368 AA    3.938197108456   0.000341572902   0.000603214503 Bohr



******** <class 'pyscf.scf.hf.as_scanner.<locals>.SCF_Scanner'> ********
method = SCF_Scanner-UHF
initial guess = minao
damping factor = 0
level_shift factor = 0
DIIS = <class 'pyscf.scf.diis.CDIIS'>
diis_start_cycle = 1
diis_space = 16
SCF conv_tol = 1e-09
SCF conv_tol_grad = 1e-06
SCF max_cycles = 200
direct_scf = True
direct_scf_tol = 1e-13
max_memory 48000 MB (current use 621 MB)
number electrons alpha = 6  beta = 4
init E= -99.9161281542439
  alpha nocc = 6  HOMO = -0.498129885385303  LUMO = 0.185496984231359
  beta  nocc = 4  HOMO = -0.679491373292461  LUMO = 0.0417701876913502
cycle= 1 E= -99.9158562462469  delta_E= 0.000272  |g|= 0.000449  |ddm|= 0.0047
  alpha nocc = 6  HOMO = -0.498087251673205  LUMO = 0.18531614595734
  beta  nocc = 4  HOMO = -0.679807270349885  LUMO = 0.0414575037476662
cycle= 2 E= -99.9158564478877  delta_E= -2.02e-07  |g|= 0.000135  |ddm|= 0.000533
  alpha nocc = 6  HOMO = -0.498085474999379  LUMO = 0.185314943665211
  beta  nocc = 4  HOMO = -0.679779437317555  LUMO = 0.0414490524695938
cycle= 3 E= -99.9158564690941  delta_E= -2.12e-08  |g|= 5.14e-05  |ddm|= 0.000174
  alpha nocc = 6  HOMO = -0.49808576603218  LUMO = 0.185314083846048
  beta  nocc = 4  HOMO = -0.679812699812614  LUMO = 0.0414460437350585
cycle= 4 E= -99.9158564709839  delta_E= -1.89e-09  |g|= 2e-05  |ddm|= 3.95e-05
  alpha nocc = 6  HOMO = -0.498086077849602  LUMO = 0.185313734651356
  beta  nocc = 4  HOMO = -0.679814579491847  LUMO = 0.0414446527284691
cycle= 5 E= -99.9158564713142  delta_E= -3.3e-10  |g|= 4.2e-06  |ddm|= 2.07e-05
  alpha nocc = 6  HOMO = -0.498086092659564  LUMO = 0.185313762406209
  beta  nocc = 4  HOMO = -0.679816810059996  LUMO = 0.0414448507358075
cycle= 6 E= -99.9158564713307  delta_E= -1.65e-11  |g|= 1.12e-06  |ddm|= 4.2e-06
  alpha nocc = 6  HOMO = -0.498086100844972  LUMO = 0.185313764796109
  beta  nocc = 4  HOMO = -0.679817348309261  LUMO = 0.0414449327987059
cycle= 7 E= -99.915856471332  delta_E= -1.35e-12  |g|= 2.32e-07  |ddm|= 1.19e-06
  alpha nocc = 6  HOMO = -0.498086096660712  LUMO = 0.185313766928373
  beta  nocc = 4  HOMO = -0.679817380684417  LUMO = 0.0414449342842826
Extra cycle  E= -99.9158564713321  delta_E= -1.28e-13  |g|= 1.17e-07  |ddm|= 1.64e-07
converged SCF energy = -99.9158564713321  <S^2> = 2.0041416  2S+1 = 3.0027598

******** <class 'pyscf.cc.ccsd.as_scanner.<locals>.CCSD_Scanner'> ********
CC2 = 0
CCSD nocc = (6, 4), nmo = (146, 146)
max_cycle = 200
direct = 0
conv_tol = 1e-07
conv_tol_normt = 1e-05
diis_space = 12
diis_start_cycle = 0
diis_start_energy_diff = 1e+09
max_memory 48000 MB (current use 3600 MB)
Init E_corr(CCSD) = -0.2155960254959
cycle = 1  E_corr(CCSD) = -0.276259680891452  dE = -0.0606636554  norm(t1,t2) = 0.136031
cycle = 2  E_corr(CCSD) = -0.27693145272452  dE = -0.000671771833  norm(t1,t2) = 0.0265852
cycle = 3  E_corr(CCSD) = -0.277612264475317  dE = -0.000680811751  norm(t1,t2) = 0.0055903
cycle = 4  E_corr(CCSD) = -0.277755650669926  dE = -0.000143386195  norm(t1,t2) = 0.00214236
cycle = 5  E_corr(CCSD) = -0.277761738984961  dE = -6.08831504e-06  norm(t1,t2) = 0.000580624
cycle = 6  E_corr(CCSD) = -0.277766760338617  dE = -5.02135366e-06  norm(t1,t2) = 0.000202828
cycle = 7  E_corr(CCSD) = -0.277769452891188  dE = -2.69255257e-06  norm(t1,t2) = 7.66519e-05
cycle = 8  E_corr(CCSD) = -0.277769774595405  dE = -3.21704217e-07  norm(t1,t2) = 2.86085e-05
cycle = 9  E_corr(CCSD) = -0.27776999016555  dE = -2.15570145e-07  norm(t1,t2) = 1.40047e-05
cycle = 10  E_corr(CCSD) = -0.277770168817555  dE = -1.78652005e-07  norm(t1,t2) = 1.07454e-05
cycle = 11  E_corr(CCSD) = -0.277770214727217  dE = -4.59096629e-08  norm(t1,t2) = 1.04314e-05
cycle = 12  E_corr(CCSD) = -0.277770214391292  dE = 3.35925399e-10  norm(t1,t2) = 1.03594e-05
cycle = 13  E_corr(CCSD) = -0.277770218466363  dE = -4.07507139e-09  norm(t1,t2) = 1.03272e-05
cycle = 14  E_corr(CCSD) = -0.277770212499735  dE = 5.9666288e-09  norm(t1,t2) = 1.02555e-05
cycle = 15  E_corr(CCSD) = -0.277770200228748  dE = 1.22709864e-08  norm(t1,t2) = 1.00622e-05
cycle = 16  E_corr(CCSD) = -0.277770416802947  dE = -2.16574198e-07  norm(t1,t2) = 8.74306e-06
cycle = 17  E_corr(CCSD) = -0.277770343523254  dE = 7.32796925e-08  norm(t1,t2) = 4.67862e-06
CCSD_Scanner converged
E(CCSD_Scanner) = -100.1936268148554  E_corr = -0.277770343523254
cycle = 1  norm(lambda1,lambda2) = 0.134933
cycle = 2  norm(lambda1,lambda2) = 0.0244253
cycle = 3  norm(lambda1,lambda2) = 0.00527995
cycle = 4  norm(lambda1,lambda2) = 0.00197876
cycle = 5  norm(lambda1,lambda2) = 0.00054871
cycle = 6  norm(lambda1,lambda2) = 0.00020241
cycle = 7  norm(lambda1,lambda2) = 7.49811e-05
cycle = 8  norm(lambda1,lambda2) = 2.75924e-05
cycle = 9  norm(lambda1,lambda2) = 1.24787e-05
cycle = 10  norm(lambda1,lambda2) = 9.10293e-06
--------------- CCSD_Scanner gradients ---------------
         x                y                z
0 F     0.0001549667     0.0000000400     0.0000000670
1 H    -0.0001549667    -0.0000000400    -0.0000000670
----------------------------------------------
cycle 11: E = -100.193626815  dE = -7.43246e-05  norm(grad) = 0.000219156

Geometry optimization cycle 12
Cartesian coordinates (Angstrom)
 Atom        New coordinates             dX        dY        dZ
   F  -1.158192  -0.000232  -0.000407   -0.074188 -0.000051 -0.000088
   H   2.158192   0.000232   0.000407    0.074188  0.000051  0.000088
New geometry
   1 F     -1.158192277488  -0.000231857880  -0.000406863061 AA   -2.188666204038  -0.000438147893  -0.000768859755 Bohr

   2 H      2.158192277371   0.000231857880   0.000406863061 AA    4.078392328382   0.000438147892   0.000768859755 Bohr



******** <class 'pyscf.scf.hf.as_scanner.<locals>.SCF_Scanner'> ********
method = SCF_Scanner-UHF
initial guess = minao
damping factor = 0
level_shift factor = 0
DIIS = <class 'pyscf.scf.diis.CDIIS'>
diis_start_cycle = 1
diis_space = 16
SCF conv_tol = 1e-09
SCF conv_tol_grad = 1e-06
SCF max_cycles = 200
direct_scf = True
direct_scf_tol = 1e-13
max_memory 48000 MB (current use 678 MB)
number electrons alpha = 6  beta = 4
init E= -99.9160511349147
  alpha nocc = 6  HOMO = -0.498447040912859  LUMO = 0.185153091266533
  beta  nocc = 4  HOMO = -0.679621950690389  LUMO = 0.0409201711749112
cycle= 1 E= -99.9159318231266  delta_E= 0.000119  |g|= 0.000279  |ddm|= 0.00324
  alpha nocc = 6  HOMO = -0.498418106587048  LUMO = 0.185061764909194
  beta  nocc = 4  HOMO = -0.679775886398706  LUMO = 0.0407575749130791
cycle= 2 E= -99.9159319032729  delta_E= -8.01e-08  |g|= 7.7e-05  |ddm|= 0.000347
  alpha nocc = 6  HOMO = -0.498417027818825  LUMO = 0.185061298089356
  beta  nocc = 4  HOMO = -0.679767138317336  LUMO = 0.0407523199869302
cycle= 3 E= -99.9159319106866  delta_E= -7.41e-09  |g|= 2.56e-05  |ddm|= 0.000108
  alpha nocc = 6  HOMO = -0.498417142136074  LUMO = 0.185060946802729
  beta  nocc = 4  HOMO = -0.679783688860403  LUMO = 0.040750504742652
cycle= 4 E= -99.9159319112453  delta_E= -5.59e-10  |g|= 1.08e-05  |ddm|= 2.28e-05
  alpha nocc = 6  HOMO = -0.498417250065636  LUMO = 0.185060848525561
  beta  nocc = 4  HOMO = -0.679783254629996  LUMO = 0.0407498033351919
cycle= 5 E= -99.9159319113285  delta_E= -8.31e-11  |g|= 2.34e-06  |ddm|= 1.01e-05
  alpha nocc = 6  HOMO = -0.49841726933781  LUMO = 0.185060853665985
  beta  nocc = 4  HOMO = -0.679784557367271  LUMO = 0.0407499076326136
cycle= 6 E= -99.9159319113337  delta_E= -5.26e-12  |g|= 5.79e-07  |ddm|= 2.46e-06
  alpha nocc = 6  HOMO = -0.498417270041171  LUMO = 0.185060852442556
  beta  nocc = 4  HOMO = -0.679784694748509  LUMO = 0.0407499312303004
Extra cycle  E= -99.9159319113342  delta_E= -4.83e-13  |g|= 3.03e-07  |ddm|= 3.75e-07
converged SCF energy = -99.9159319113342  <S^2> = 2.0041368  2S+1 = 3.0027566

******** <class 'pyscf.cc.ccsd.as_scanner.<locals>.CCSD_Scanner'> ********
CC2 = 0
CCSD nocc = (6, 4), nmo = (146, 146)
max_cycle = 200
direct = 0
conv_tol = 1e-07
conv_tol_normt = 1e-05
diis_space = 12
diis_start_cycle = 0
diis_start_energy_diff = 1e+09
max_memory 48000 MB (current use 3613 MB)
Init E_corr(CCSD) = -0.266316562725041
cycle = 1  E_corr(CCSD) = -0.277662062293222  dE = -0.0113454996  norm(t1,t2) = 0.0608566
cycle = 2  E_corr(CCSD) = -0.277605644691266  dE = 5.6417602e-05  norm(t1,t2) = 0.013201
cycle = 3  E_corr(CCSD) = -0.277704583969064  dE = -9.89392778e-05  norm(t1,t2) = 0.00219757
cycle = 4  E_corr(CCSD) = -0.277721955137808  dE = -1.73711687e-05  norm(t1,t2) = 0.000709496
cycle = 5  E_corr(CCSD) = -0.2777234167518  dE = -1.46161399e-06  norm(t1,t2) = 0.000138457
cycle = 6  E_corr(CCSD) = -0.277724425152074  dE = -1.00840027e-06  norm(t1,t2) = 6.19014e-05
cycle = 7  E_corr(CCSD) = -0.277724989731547  dE = -5.64579472e-07  norm(t1,t2) = 1.92067e-05
cycle = 8  E_corr(CCSD) = -0.277725140588885  dE = -1.50857339e-07  norm(t1,t2) = 8.16722e-06
cycle = 9  E_corr(CCSD) = -0.277725162074314  dE = -2.14854289e-08  norm(t1,t2) = 2.59864e-06
CCSD_Scanner converged
E(CCSD_Scanner) = -100.1936570734086  E_corr = -0.2777251620743142
cycle = 1  norm(lambda1,lambda2) = 0.06018
cycle = 2  norm(lambda1,lambda2) = 0.0119553
cycle = 3  norm(lambda1,lambda2) = 0.00212221
cycle = 4  norm(lambda1,lambda2) = 0.00065792
cycle = 5  norm(lambda1,lambda2) = 0.000133126
cycle = 6  norm(lambda1,lambda2) = 6.01185e-05
cycle = 7  norm(lambda1,lambda2) = 2.07865e-05
cycle = 8  norm(lambda1,lambda2) = 1.13663e-05
cycle = 9  norm(lambda1,lambda2) = 8.43588e-06
--------------- CCSD_Scanner gradients ---------------
         x                y                z
0 F     0.0000706468     0.0000000223     0.0000000375
1 H    -0.0000706468    -0.0000000223    -0.0000000375
----------------------------------------------
cycle 12: E = -100.193657073  dE = -3.02586e-05  norm(grad) = 9.99097e-05

Geometry optimization cycle 13
Cartesian coordinates (Angstrom)
 Atom        New coordinates             dX        dY        dZ
   F  -1.220350  -0.000279  -0.000487   -0.062158 -0.000047 -0.000081
   H   2.220350   0.000279   0.000487    0.062158  0.000047  0.000081
New geometry
   1 F     -1.220350268278  -0.000278800307  -0.000487370785 AA   -2.306127783085  -0.000526856223  -0.000920997304 Bohr

   2 H      2.220350268174   0.000278800307   0.000487370785 AA    4.195853907453   0.000526856223   0.000920997304 Bohr



******** <class 'pyscf.scf.hf.as_scanner.<locals>.SCF_Scanner'> ********
method = SCF_Scanner-UHF
initial guess = minao
damping factor = 0
level_shift factor = 0
DIIS = <class 'pyscf.scf.diis.CDIIS'>
diis_start_cycle = 1
diis_space = 16
SCF conv_tol = 1e-09
SCF conv_tol_grad = 1e-06
SCF max_cycles = 200
direct_scf = True
direct_scf_tol = 1e-13
max_memory 48000 MB (current use 710 MB)
number electrons alpha = 6  beta = 4
init E= -99.9160154784007
  alpha nocc = 6  HOMO = -0.498648259266493  LUMO = 0.184636030322872
  beta  nocc = 4  HOMO = -0.679686455666895  LUMO = 0.0403517407966973
cycle= 1 E= -99.9159712384343  delta_E= 4.42e-05  |g|= 0.000176  |ddm|= 0.00219
  alpha nocc = 6  HOMO = -0.498628246410693  LUMO = 0.184590961814303
  beta  nocc = 4  HOMO = -0.679759271627265  LUMO = 0.0402680495926309
cycle= 2 E= -99.9159712706459  delta_E= -3.22e-08  |g|= 4.49e-05  |ddm|= 0.000224
  alpha nocc = 6  HOMO = -0.498627604391075  LUMO = 0.184590771784841
  beta  nocc = 4  HOMO = -0.679759314784844  LUMO = 0.0402649000199785
cycle= 3 E= -99.915971273304  delta_E= -2.66e-09  |g|= 1.29e-05  |ddm|= 6.67e-05
  alpha nocc = 6  HOMO = -0.498627644928981  LUMO = 0.184590645307879
  beta  nocc = 4  HOMO = -0.679766716482321  LUMO = 0.0402636452944226
cycle= 4 E= -99.9159712734919  delta_E= -1.88e-10  |g|= 4.72e-06  |ddm|= 1.56e-05
  alpha nocc = 6  HOMO = -0.498627678157131  LUMO = 0.184590636421391
  beta  nocc = 4  HOMO = -0.679765735016133  LUMO = 0.0402634592724768
cycle= 5 E= -99.915971273503  delta_E= -1.11e-11  |g|= 1.32e-06  |ddm|= 3.13e-06
  alpha nocc = 6  HOMO = -0.498627693985058  LUMO = 0.184590632209886
  beta  nocc = 4  HOMO = -0.679766564960741  LUMO = 0.0402635039996309
cycle= 6 E= -99.9159712735048  delta_E= -1.79e-12  |g|= 3.35e-07  |ddm|= 1.37e-06
  alpha nocc = 6  HOMO = -0.498627692770949  LUMO = 0.184590632194575
  beta  nocc = 4  HOMO = -0.679766635113897  LUMO = 0.0402635181118293
Extra cycle  E= -99.9159712735051  delta_E= -2.56e-13  |g|= 1.76e-07  |ddm|= 2.14e-07
converged SCF energy = -99.9159712735051  <S^2> = 2.0041342  2S+1 = 3.0027548

******** <class 'pyscf.cc.ccsd.as_scanner.<locals>.CCSD_Scanner'> ********
CC2 = 0
CCSD nocc = (6, 4), nmo = (146, 146)
max_cycle = 200
direct = 0
conv_tol = 1e-07
conv_tol_normt = 1e-05
diis_space = 12
diis_start_cycle = 0
diis_start_energy_diff = 1e+09
max_memory 48000 MB (current use 3645 MB)
Init E_corr(CCSD) = -0.246657870216132
cycle = 1  E_corr(CCSD) = -0.276341866859047  dE = -0.0296839966  norm(t1,t2) = 0.1017
cycle = 2  E_corr(CCSD) = -0.277166449671627  dE = -0.000824582813  norm(t1,t2) = 0.0180123
cycle = 3  E_corr(CCSD) = -0.277563820188553  dE = -0.000397370517  norm(t1,t2) = 0.00341734
cycle = 4  E_corr(CCSD) = -0.277659453524422  dE = -9.56333359e-05  norm(t1,t2) = 0.00112391
cycle = 5  E_corr(CCSD) = -0.277687013120865  dE = -2.75595964e-05  norm(t1,t2) = 0.000407452
cycle = 6  E_corr(CCSD) = -0.277695624760082  dE = -8.61163922e-06  norm(t1,t2) = 0.000173037
cycle = 7  E_corr(CCSD) = -0.277697552605238  dE = -1.92784516e-06  norm(t1,t2) = 6.16143e-05
cycle = 8  E_corr(CCSD) = -0.277697420347931  dE = 1.32257306e-07  norm(t1,t2) = 1.53117e-05
cycle = 9  E_corr(CCSD) = -0.27769728374885  dE = 1.36599082e-07  norm(t1,t2) = 5.28203e-06
cycle = 10  E_corr(CCSD) = -0.277697299307689  dE = -1.55588397e-08  norm(t1,t2) = 1.51815e-06
CCSD_Scanner converged
E(CCSD_Scanner) = -100.1936685728128  E_corr = -0.2776972993076893
cycle = 1  norm(lambda1,lambda2) = 0.100422
cycle = 2  norm(lambda1,lambda2) = 0.0165971
cycle = 3  norm(lambda1,lambda2) = 0.00330742
cycle = 4  norm(lambda1,lambda2) = 0.00108395
cycle = 5  norm(lambda1,lambda2) = 0.00040694
cycle = 6  norm(lambda1,lambda2) = 0.0001702
cycle = 7  norm(lambda1,lambda2) = 5.99164e-05
cycle = 8  norm(lambda1,lambda2) = 1.61917e-05
cycle = 9  norm(lambda1,lambda2) = 8.5215e-06
--------------- CCSD_Scanner gradients ---------------
         x                y                z
0 F     0.0000306310     0.0000000127     0.0000000217
1 H    -0.0000306310    -0.0000000127    -0.0000000217
----------------------------------------------
cycle 13: E = -100.193668573  dE = -1.14994e-05  norm(grad) = 4.33187e-05

Geometry optimization cycle 14
Cartesian coordinates (Angstrom)
 Atom        New coordinates             dX        dY        dZ
   F  -1.267930  -0.000317  -0.000553   -0.047580 -0.000038 -0.000065
   H   2.267930   0.000317   0.000553    0.047580  0.000038  0.000065
New geometry
   1 F     -1.267930388243  -0.000316907260  -0.000552828090 AA   -2.396041178792  -0.000598867929  -0.001044693685 Bohr

   2 H      2.267930388135   0.000316907260   0.000552828090 AA    4.285767303153   0.000598867929   0.001044693685 Bohr



******** <class 'pyscf.scf.hf.as_scanner.<locals>.SCF_Scanner'> ********
method = SCF_Scanner-UHF
initial guess = minao
damping factor = 0
level_shift factor = 0
DIIS = <class 'pyscf.scf.diis.CDIIS'>
diis_start_cycle = 1
diis_space = 16
SCF conv_tol = 1e-09
SCF conv_tol_grad = 1e-06
SCF max_cycles = 200
direct_scf = True
direct_scf_tol = 1e-13
max_memory 48000 MB (current use 715 MB)
number electrons alpha = 6  beta = 4
init E= -99.9160027179455
  alpha nocc = 6  HOMO = -0.4987729595119  LUMO = 0.184110151666989
  beta  nocc = 4  HOMO = -0.679718154538978  LUMO = 0.0399829712400641
cycle= 1 E= -99.915991758322  delta_E= 1.1e-05  |g|= 0.000109  |ddm|= 0.00142
  alpha nocc = 6  HOMO = -0.498759668000879  LUMO = 0.184088662611447
  beta  nocc = 4  HOMO = -0.679751040220695  LUMO = 0.0399408356009234
cycle= 2 E= -99.9159917705644  delta_E= -1.22e-08  |g|= 2.63e-05  |ddm|= 0.000139
  alpha nocc = 6  HOMO = -0.498759312508125  LUMO = 0.184088567906183
  beta  nocc = 4  HOMO = -0.679753952228588  LUMO = 0.0399390118544627
cycle= 3 E= -99.9159917714914  delta_E= -9.27e-10  |g|= 7.06e-06  |ddm|= 3.98e-05
  alpha nocc = 6  HOMO = -0.498759315699814  LUMO = 0.184088551795635
  beta  nocc = 4  HOMO = -0.679755679019026  LUMO = 0.0399382178747958
cycle= 4 E= -99.915991771555  delta_E= -6.35e-11  |g|= 1.35e-06  |ddm|= 1.01e-05
  alpha nocc = 6  HOMO = -0.49875934062428  LUMO = 0.184088540295932
  beta  nocc = 4  HOMO = -0.679756365180119  LUMO = 0.0399381938016678
cycle= 5 E= -99.9159917715567  delta_E= -1.71e-12  |g|= 4.4e-07  |ddm|= 1.29e-06
  alpha nocc = 6  HOMO = -0.498759339620026  LUMO = 0.184088541608908
  beta  nocc = 4  HOMO = -0.679756424484113  LUMO = 0.0399382121325007
Extra cycle  E= -99.9159917715567  delta_E=    0  |g|= 2.3e-07  |ddm|= 2.63e-07
converged SCF energy = -99.9159917715567  <S^2> = 2.0041328  2S+1 = 3.0027539

******** <class 'pyscf.cc.ccsd.as_scanner.<locals>.CCSD_Scanner'> ********
CC2 = 0
CCSD nocc = (6, 4), nmo = (146, 146)
max_cycle = 200
direct = 0
conv_tol = 1e-07
conv_tol_normt = 1e-05
diis_space = 12
diis_start_cycle = 0
diis_start_energy_diff = 1e+09
max_memory 48000 MB (current use 3649 MB)
Init E_corr(CCSD) = -0.248363713138421
cycle = 1  E_corr(CCSD) = -0.277334124627986  dE = -0.0289704115  norm(t1,t2) = 0.0967821
cycle = 2  E_corr(CCSD) = -0.277382244194486  dE = -4.81195665e-05  norm(t1,t2) = 0.0196749
cycle = 3  E_corr(CCSD) = -0.277644906204986  dE = -0.00026266201  norm(t1,t2) = 0.00362642
cycle = 4  E_corr(CCSD) = -0.277678575013357  dE = -3.36688084e-05  norm(t1,t2) = 0.00108304
cycle = 5  E_corr(CCSD) = -0.277678767519175  dE = -1.92505818e-07  norm(t1,t2) = 0.000189332
cycle = 6  E_corr(CCSD) = -0.277679693281132  dE = -9.25761956e-07  norm(t1,t2) = 6.75605e-05
cycle = 7  E_corr(CCSD) = -0.277680393460781  dE = -7.00179649e-07  norm(t1,t2) = 1.93308e-05
cycle = 8  E_corr(CCSD) = -0.277680464858037  dE = -7.13972562e-08  norm(t1,t2) = 7.47475e-06
CCSD_Scanner converged
E(CCSD_Scanner) = -100.1936722364147  E_corr = -0.277680464858037
cycle = 1  norm(lambda1,lambda2) = 0.0959942
cycle = 2  norm(lambda1,lambda2) = 0.0180803
cycle = 3  norm(lambda1,lambda2) = 0.00339708
cycle = 4  norm(lambda1,lambda2) = 0.000995348
cycle = 5  norm(lambda1,lambda2) = 0.000169703
cycle = 6  norm(lambda1,lambda2) = 6.34505e-05
cycle = 7  norm(lambda1,lambda2) = 2.06812e-05
cycle = 8  norm(lambda1,lambda2) = 1.04256e-05
cycle = 9  norm(lambda1,lambda2) = 7.34236e-06
--------------- CCSD_Scanner gradients ---------------
         x                y                z
0 F     0.0000119731     0.0000000084     0.0000000138
1 H    -0.0000119731    -0.0000000084    -0.0000000138
----------------------------------------------
cycle 14: E = -100.193672236  dE = -3.6636e-06  norm(grad) = 1.69326e-05

Geometry optimization cycle 15
Cartesian coordinates (Angstrom)
 Atom        New coordinates             dX        dY        dZ
   F  -1.298464  -0.000343  -0.000598   -0.030533 -0.000026 -0.000045
   H   2.298464   0.000343   0.000598    0.030533  0.000026  0.000045
New geometry
   1 F     -1.298463681395  -0.000343347062  -0.000597927834 AA   -2.453740740530  -0.000648831912  -0.001129919848 Bohr

   2 H      2.298463681355   0.000343347062   0.000597927834 AA    4.343466865021   0.000648831912   0.001129919848 Bohr



******** <class 'pyscf.scf.hf.as_scanner.<locals>.SCF_Scanner'> ********
method = SCF_Scanner-UHF
initial guess = minao
damping factor = 0
level_shift factor = 0
DIIS = <class 'pyscf.scf.diis.CDIIS'>
diis_start_cycle = 1
diis_space = 16
SCF conv_tol = 1e-09
SCF conv_tol_grad = 1e-06
SCF max_cycles = 200
direct_scf = True
direct_scf_tol = 1e-13
max_memory 48000 MB (current use 708 MB)
number electrons alpha = 6  beta = 4
init E= -99.9160010568911
  alpha nocc = 6  HOMO = -0.498841280350902  LUMO = 0.183724956461818
  beta  nocc = 4  HOMO = -0.679734334898698  LUMO = 0.0397690018957592
cycle= 1 E= -99.9160017500815  delta_E= -6.93e-07  |g|= 6.01e-05  |ddm|= 0.000807
  alpha nocc = 6  HOMO = -0.498833483058445  LUMO = 0.183715539219371
  beta  nocc = 4  HOMO = -0.679747830149037  LUMO = 0.0397493967568788
cycle= 2 E= -99.9160017538189  delta_E= -3.74e-09  |g|= 1.42e-05  |ddm|= 7.7e-05
  alpha nocc = 6  HOMO = -0.498833308374655  LUMO = 0.183715485945629
  beta  nocc = 4  HOMO = -0.67975060752468  LUMO = 0.0397484345975462
cycle= 3 E= -99.9160017540879  delta_E= -2.69e-10  |g|= 3.86e-06  |ddm|= 2.14e-05
  alpha nocc = 6  HOMO = -0.498833302247604  LUMO = 0.183715498631294
  beta  nocc = 4  HOMO = -0.679750282432449  LUMO = 0.0397480614476559
cycle= 4 E= -99.9160017541058  delta_E= -1.78e-11  |g|= 1.28e-06  |ddm|= 4.89e-06
  alpha nocc = 6  HOMO = -0.498833310642148  LUMO = 0.183715491423046
  beta  nocc = 4  HOMO = -0.679751175268644  LUMO = 0.0397480045803526
cycle= 5 E= -99.9160017541065  delta_E= -7.11e-13  |g|= 3.98e-07  |ddm|= 8.7e-07
  alpha nocc = 6  HOMO = -0.49883331431884  LUMO = 0.183715490412963
  beta  nocc = 4  HOMO = -0.679751175415512  LUMO = 0.039748011119211
Extra cycle  E= -99.9160017541067  delta_E= -2.7e-13  |g|= 1.99e-07  |ddm|= 2.5e-07
converged SCF energy = -99.9160017541067  <S^2> = 2.0041321  2S+1 = 3.0027534

******** <class 'pyscf.cc.ccsd.as_scanner.<locals>.CCSD_Scanner'> ********
CC2 = 0
CCSD nocc = (6, 4), nmo = (146, 146)
max_cycle = 200
direct = 0
conv_tol = 1e-07
conv_tol_normt = 1e-05
diis_space = 12
diis_start_cycle = 0
diis_start_energy_diff = 1e+09
max_memory 48000 MB (current use 3642 MB)
Init E_corr(CCSD) = -0.275869074012493
cycle = 1  E_corr(CCSD) = -0.277589408963888  dE = -0.00172033495  norm(t1,t2) = 0.0195547
cycle = 2  E_corr(CCSD) = -0.277652103194508  dE = -6.26942306e-05  norm(t1,t2) = 0.00334432
cycle = 3  E_corr(CCSD) = -0.277667762423842  dE = -1.56592293e-05  norm(t1,t2) = 0.000747786
cycle = 4  E_corr(CCSD) = -0.277670467147384  dE = -2.70472354e-06  norm(t1,t2) = 0.000221682
cycle = 5  E_corr(CCSD) = -0.277671352659685  dE = -8.85512301e-07  norm(t1,t2) = 4.63466e-05
cycle = 6  E_corr(CCSD) = -0.277671438330454  dE = -8.5670769e-08  norm(t1,t2) = 1.71605e-05
cycle = 7  E_corr(CCSD) = -0.277671440727139  dE = -2.3966843e-09  norm(t1,t2) = 5.92889e-06
CCSD_Scanner converged
E(CCSD_Scanner) = -100.1936731948339  E_corr = -0.2776714407271387
cycle = 1  norm(lambda1,lambda2) = 0.0191678
cycle = 2  norm(lambda1,lambda2) = 0.00319854
cycle = 3  norm(lambda1,lambda2) = 0.000724038
cycle = 4  norm(lambda1,lambda2) = 0.000205489
cycle = 5  norm(lambda1,lambda2) = 4.41352e-05
cycle = 6  norm(lambda1,lambda2) = 1.70172e-05
cycle = 7  norm(lambda1,lambda2) = 8.73017e-06
--------------- CCSD_Scanner gradients ---------------
         x                y                z
0 F     0.0000037763     0.0000000062     0.0000000103
1 H    -0.0000037763    -0.0000000062    -0.0000000103
----------------------------------------------
cycle 15: E = -100.193673195  dE = -9.58419e-07  norm(grad) = 5.34049e-06

Geometry optimization cycle 16
Cartesian coordinates (Angstrom)
 Atom        New coordinates             dX        dY        dZ
   F  -1.312530  -0.000357  -0.000621   -0.014067 -0.000014 -0.000023
   H   2.312530   0.000357   0.000621    0.014067  0.000014  0.000023
New geometry
   1 F     -1.312530375860  -0.000357116625  -0.000621340147 AA   -2.480322940548  -0.000674852615  -0.001174162708 Bohr

   2 H      2.312530375824   0.000357116625   0.000621340147 AA    4.370049065044   0.000674852615   0.001174162707 Bohr



******** <class 'pyscf.scf.hf.as_scanner.<locals>.SCF_Scanner'> ********
method = SCF_Scanner-UHF
initial guess = minao
damping factor = 0
level_shift factor = 0
DIIS = <class 'pyscf.scf.diis.CDIIS'>
diis_start_cycle = 1
diis_space = 16
SCF conv_tol = 1e-09
SCF conv_tol_grad = 1e-06
SCF max_cycles = 200
direct_scf = True
direct_scf_tol = 1e-13
max_memory 48000 MB (current use 709 MB)
number electrons alpha = 6  beta = 4
init E= -99.9160035785115
  alpha nocc = 6  HOMO = -0.498868555135124  LUMO = 0.183536755594139
  beta  nocc = 4  HOMO = -0.679743032677208  LUMO = 0.0396728534785882
cycle= 1 E= -99.9160056805595  delta_E= -2.1e-06  |g|= 2.55e-05  |ddm|= 0.000347
  alpha nocc = 6  HOMO = -0.498865094576523  LUMO = 0.183533382451957
  beta  nocc = 4  HOMO = -0.679747563948452  LUMO = 0.0396654634629585
cycle= 2 E= -99.9160056812321  delta_E= -6.73e-10  |g|= 6.01e-06  |ddm|= 3.26e-05
  alpha nocc = 6  HOMO = -0.498865026302898  LUMO = 0.183533357737133
  beta  nocc = 4  HOMO = -0.679749047389339  LUMO = 0.039665063868168
cycle= 3 E= -99.9160056812795  delta_E= -4.74e-11  |g|= 1.69e-06  |ddm|= 8.96e-06
  alpha nocc = 6  HOMO = -0.498865022515477  LUMO = 0.183533366235492
  beta  nocc = 4  HOMO = -0.679748670628772  LUMO = 0.039664924196423
cycle= 4 E= -99.9160056812827  delta_E= -3.18e-12  |g|= 6.61e-07  |ddm|= 1.88e-06
  alpha nocc = 6  HOMO = -0.498865026049467  LUMO = 0.18353336275881
  beta  nocc = 4  HOMO = -0.679749165449872  LUMO = 0.0396649021509075
Extra cycle  E= -99.9160056812827  delta_E= -4.26e-14  |g|= 3.1e-07  |ddm|= 3.68e-07
converged SCF energy = -99.9160056812827  <S^2> = 2.0041318  2S+1 = 3.0027532

******** <class 'pyscf.cc.ccsd.as_scanner.<locals>.CCSD_Scanner'> ********
CC2 = 0
CCSD nocc = (6, 4), nmo = (146, 146)
max_cycle = 200
direct = 0
conv_tol = 1e-07
conv_tol_normt = 1e-05
diis_space = 12
diis_start_cycle = 0
diis_start_energy_diff = 1e+09
max_memory 48000 MB (current use 3643 MB)
Init E_corr(CCSD) = -0.259234142377865
cycle = 1  E_corr(CCSD) = -0.277355850683336  dE = -0.0181217083  norm(t1,t2) = 0.0843049
cycle = 2  E_corr(CCSD) = -0.277298741359037  dE = 5.71093243e-05  norm(t1,t2) = 0.0212083
cycle = 3  E_corr(CCSD) = -0.277630419456498  dE = -0.000331678097  norm(t1,t2) = 0.005021
cycle = 4  E_corr(CCSD) = -0.277673600105972  dE = -4.31806495e-05  norm(t1,t2) = 0.00177029
cycle = 5  E_corr(CCSD) = -0.277668958816101  dE = 4.64128987e-06  norm(t1,t2) = 0.000340854
cycle = 6  E_corr(CCSD) = -0.277667615874916  dE = 1.34294119e-06  norm(t1,t2) = 0.000100087
cycle = 7  E_corr(CCSD) = -0.277667581829079  dE = 3.4045837e-08  norm(t1,t2) = 2.72303e-05
cycle = 8  E_corr(CCSD) = -0.277667537350414  dE = 4.44786654e-08  norm(t1,t2) = 9.58865e-06
CCSD_Scanner converged
E(CCSD_Scanner) = -100.1936732186332  E_corr = -0.2776675373504139
cycle = 1  norm(lambda1,lambda2) = 0.0838477
cycle = 2  norm(lambda1,lambda2) = 0.0190331
cycle = 3  norm(lambda1,lambda2) = 0.00458465
cycle = 4  norm(lambda1,lambda2) = 0.00159315
cycle = 5  norm(lambda1,lambda2) = 0.000304193
cycle = 6  norm(lambda1,lambda2) = 9.24917e-05
cycle = 7  norm(lambda1,lambda2) = 2.64923e-05
cycle = 8  norm(lambda1,lambda2) = 1.14439e-05
cycle = 9  norm(lambda1,lambda2) = 7.24096e-06
--------------- CCSD_Scanner gradients ---------------
         x                y                z
0 F     0.0000007661     0.0000000050     0.0000000082
1 H    -0.0000007661    -0.0000000050    -0.0000000082
----------------------------------------------
cycle 16: E = -100.193673219  dE = -2.37993e-08  norm(grad) = 1.08353e-06

Geometry optimization cycle 17
Cartesian coordinates (Angstrom)
 Atom        New coordinates             dX        dY        dZ
   F  -1.316111  -0.000362  -0.000629   -0.003580 -0.000005 -0.000008
   H   2.316111   0.000362   0.000629    0.003580  0.000005  0.000008
New geometry
   1 F     -1.316110537648  -0.000361958130  -0.000629473386 AA   -2.487088465808  -0.000684001734  -0.001189532302 Bohr

   2 H      2.316110537634   0.000361958130   0.000629473386 AA    4.376814590347   0.000684001734   0.001189532302 Bohr



******** <class 'pyscf.scf.hf.as_scanner.<locals>.SCF_Scanner'> ********
method = SCF_Scanner-UHF
initial guess = minao
damping factor = 0
level_shift factor = 0
DIIS = <class 'pyscf.scf.diis.CDIIS'>
diis_start_cycle = 1
diis_space = 16
SCF conv_tol = 1e-09
SCF conv_tol_grad = 1e-06
SCF max_cycles = 200
direct_scf = True
direct_scf_tol = 1e-13
max_memory 48000 MB (current use 712 MB)
number electrons alpha = 6  beta = 4
init E= -99.9160058945309
  alpha nocc = 6  HOMO = -0.498873770144079  LUMO = 0.183486922698869
  beta  nocc = 4  HOMO = -0.679747154970507  LUMO = 0.0396460390446262
cycle= 1 E= -99.9160066203266  delta_E= -7.26e-07  |g|= 6.32e-06  |ddm|= 8.59e-05
  alpha nocc = 6  HOMO = -0.498872894111204  LUMO = 0.183486157632046
  beta  nocc = 4  HOMO = -0.679748239520878  LUMO = 0.0396443127205402
cycle= 2 E= -99.9160066203679  delta_E= -4.14e-11  |g|= 1.51e-06  |ddm|= 8.06e-06
  alpha nocc = 6  HOMO = -0.49887287795246  LUMO = 0.183486151250061
  beta  nocc = 4  HOMO = -0.679748618795607  LUMO = 0.0396442125452191
cycle= 3 E= -99.9160066203709  delta_E= -2.93e-12  |g|= 4.27e-07  |ddm|= 2.23e-06
  alpha nocc = 6  HOMO = -0.498872877537727  LUMO = 0.18348615314103
  beta  nocc = 4  HOMO = -0.679748543973399  LUMO = 0.0396441873169095
Extra cycle  E= -99.916006620371  delta_E= -1.71e-13  |g|= 1.99e-07  |ddm|= 3.42e-07
converged SCF energy = -99.916006620371  <S^2> = 2.0041317  2S+1 = 3.0027532

******** <class 'pyscf.cc.ccsd.as_scanner.<locals>.CCSD_Scanner'> ********
CC2 = 0
CCSD nocc = (6, 4), nmo = (146, 146)
max_cycle = 200
direct = 0
conv_tol = 1e-07
conv_tol_normt = 1e-05
diis_space = 12
diis_start_cycle = 0
diis_start_energy_diff = 1e+09
max_memory 48000 MB (current use 3623 MB)
Init E_corr(CCSD) = -0.277663108439161
cycle = 1  E_corr(CCSD) = -0.277666692600828  dE = -3.58416167e-06  norm(t1,t2) = 0.000616507
cycle = 2  E_corr(CCSD) = -0.277666609921533  dE = 8.26792952e-08  norm(t1,t2) = 0.000189947
cycle = 3  E_corr(CCSD) = -0.277666683669801  dE = -7.37482679e-08  norm(t1,t2) = 3.97562e-05
cycle = 4  E_corr(CCSD) = -0.277666671038829  dE = 1.26309716e-08  norm(t1,t2) = 1.91866e-05
cycle = 5  E_corr(CCSD) = -0.277666675009846  dE = -3.97101735e-09  norm(t1,t2) = 3.87562e-06
CCSD_Scanner converged
E(CCSD_Scanner) = -100.1936732953809  E_corr = -0.2776666750098464
cycle = 1  norm(lambda1,lambda2) = 0.00060896
cycle = 2  norm(lambda1,lambda2) = 0.000170822
cycle = 3  norm(lambda1,lambda2) = 3.87352e-05
cycle = 4  norm(lambda1,lambda2) = 1.8346e-05
cycle = 5  norm(lambda1,lambda2) = 7.53922e-06
--------------- CCSD_Scanner gradients ---------------
         x                y                z
0 F     0.0000000632     0.0000000048     0.0000000079
1 H    -0.0000000632    -0.0000000048    -0.0000000079
----------------------------------------------
cycle 17: E = -100.193673295  dE = -7.67477e-08  norm(grad) = 9.02843e-08

Geometry optimization cycle 18
Cartesian coordinates (Angstrom)
 Atom        New coordinates             dX        dY        dZ
   F  -1.316406  -0.000364  -0.000632   -0.000295 -0.000002 -0.000003
   H   2.316406   0.000364   0.000632    0.000295  0.000002  0.000003
New geometry
   1 F     -1.316405826974  -0.000363587109  -0.000632152005 AA   -2.487646481763  -0.000687080058  -0.001194594159 Bohr

   2 H      2.316405826952   0.000363587109   0.000632152005 AA    4.377372606286   0.000687080058   0.001194594159 Bohr



******** <class 'pyscf.scf.hf.as_scanner.<locals>.SCF_Scanner'> ********
method = SCF_Scanner-UHF
initial guess = minao
damping factor = 0
level_shift factor = 0
DIIS = <class 'pyscf.scf.diis.CDIIS'>
diis_start_cycle = 1
diis_space = 16
SCF conv_tol = 1e-09
SCF conv_tol_grad = 1e-06
SCF max_cycles = 200
direct_scf = True
direct_scf_tol = 1e-13
max_memory 48000 MB (current use 709 MB)
number electrons alpha = 6  beta = 4
init E= -99.9160066328638
  alpha nocc = 6  HOMO = -0.498873595243379  LUMO = 0.183482306209106
  beta  nocc = 4  HOMO = -0.679748478725938  LUMO = 0.0396426261031822
cycle= 1 E= -99.9160066967764  delta_E= -6.39e-08  |g|= 5.53e-07  |ddm|= 7.04e-06
  alpha nocc = 6  HOMO = -0.498873523064872  LUMO = 0.183482245019273
  beta  nocc = 4  HOMO = -0.679748555042777  LUMO = 0.0396424827291175
cycle= 2 E= -99.9160066967767  delta_E= -2.84e-13  |g|= 1.56e-07  |ddm|= 6.83e-07
  alpha nocc = 6  HOMO = -0.498873522086214  LUMO = 0.183482244478518
  beta  nocc = 4  HOMO = -0.679748602513095  LUMO = 0.0396424744444291
Extra cycle  E= -99.9160066967767  delta_E= -1.42e-14  |g|= 6.62e-08  |ddm|= 1.66e-07
converged SCF energy = -99.9160066967767  <S^2> = 2.0041317  2S+1 = 3.0027532

******** <class 'pyscf.cc.ccsd.as_scanner.<locals>.CCSD_Scanner'> ********
CC2 = 0
CCSD nocc = (6, 4), nmo = (146, 146)
max_cycle = 200
direct = 0
conv_tol = 1e-07
conv_tol_normt = 1e-05
diis_space = 12
diis_start_cycle = 0
diis_start_energy_diff = 1e+09
max_memory 48000 MB (current use 3575 MB)
Init E_corr(CCSD) = -0.277666386456348
cycle = 1  E_corr(CCSD) = -0.277666608636196  dE = -2.22179848e-07  norm(t1,t2) = 5.09448e-05
cycle = 2  E_corr(CCSD) = -0.277666599999849  dE = 8.63634708e-09  norm(t1,t2) = 1.57739e-05
cycle = 3  E_corr(CCSD) = -0.277666604859184  dE = -4.85933549e-09  norm(t1,t2) = 3.43833e-06
CCSD_Scanner converged
E(CCSD_Scanner) = -100.1936733016359  E_corr = -0.2776666048591844
cycle = 1  norm(lambda1,lambda2) = 5.07423e-05
cycle = 2  norm(lambda1,lambda2) = 1.56736e-05
cycle = 3  norm(lambda1,lambda2) = 7.409e-06
--------------- CCSD_Scanner gradients ---------------
         x                y                z
0 F     0.0000000054     0.0000000048     0.0000000078
1 H    -0.0000000054    -0.0000000048    -0.0000000078
----------------------------------------------
cycle 18: E = -100.193673302  dE = -6.25505e-09  norm(grad) = 1.49527e-08
