-=#  geomeTRIC started. Version: 0.9.7.2  #=-
geometric-optimize called with the following command line:
apdft-pyscf-calc.py
6 internal coordinates being used (instead of 6 Cartesians)
Internal coordinate system (atoms numbered from 1):
Distance 1-2
Translation-X 1-2
Translation-Y 1-2
Translation-Z 1-2
Rotation-A 1-2
Rotation-B 1-2
Rotation-C 1-2
<class 'geometric.internal.Distance'> : 1
<class 'geometric.internal.TranslationX'> : 1
<class 'geometric.internal.TranslationY'> : 1
<class 'geometric.internal.TranslationZ'> : 1
<class 'geometric.internal.RotationA'> : 1
<class 'geometric.internal.RotationB'> : 1
<class 'geometric.internal.RotationC'> : 1
WARN: system HOMO -0.430043885065023 >= system LUMO -0.430043885065032
Step    0 : Gradient = 1.765e-02/1.765e-02 (rms/max) Energy = -75.2244784907
Hessian Eigenvalues: 5.00000e-02 5.00000e-02 5.00000e-02 ... 5.00000e-02 5.00000e-02 4.76883e-01
Step    1 : Displace = 9.795e-03/9.795e-03 (rms/max) Trust = 1.000e-01 (=) Grad = 3.053e-03/3.053e-03 (rms/max) E (change) = -75.2248557863 (-3.773e-04) Quality = 1.155
Hessian Eigenvalues: 5.00000e-02 5.00000e-02 5.00000e-02 ... 5.00000e-02 5.00000e-02 3.94422e-01
Step    2 : Displace = 2.048e-03/2.048e-03 (rms/max) Trust = 1.414e-01 (+) Grad = 2.405e-04/2.405e-04 (rms/max) E (change) = -75.2248683803 (-1.259e-05) Quality = 1.066
Hessian Eigenvalues: 5.00000e-02 5.00000e-02 5.00000e-02 ... 5.00000e-02 5.00000e-02 3.63351e-01
Step    3 : Displace = 1.751e-04/1.751e-04 (rms/max) Trust = 2.000e-01 (+) Grad = 3.480e-06/3.480e-06 (rms/max) E (change) = -75.2248685886 (-2.083e-07) Quality = 2.617
Converged! =D

    #==========================================================================#
    #| If this code has benefited your research, please support us by citing: |#
    #|                                                                        |#
    #| Wang, L.-P.; Song, C.C. (2016) "Geometry optimization made simple with |#
    #| translation and rotation coordinates", J. Chem, Phys. 144, 214108.     |#
    #| http://dx.doi.org/10.1063/1.4952956                                    |#
    #==========================================================================#
    
Time elapsed since start of run_optimizer: 914.919 seconds
output file: /ihome/jkeith/amm503/projects/apdft/dimer-geo-opt/o.h/o.h.chrg1.mult3/o.h.chrg1.mult3.geomopt/o.h.chrg1.mult3.sep1.0-pyscf.qa-ccsdt.ccpv5z/o.h.chrg1.mult3-pyscf-ccsdt.ccpv5z.log
Optimized bond length = 1.0240368067940762 A

