-=#  geomeTRIC started. Version: 0.9.7.2  #=-
geometric-optimize called with the following command line:
apdft-pyscf-calc.py
6 internal coordinates being used (instead of 6 Cartesians)
Internal coordinate system (atoms numbered from 1):
Distance 1-2
Translation-X 1-2
Translation-Y 1-2
Translation-Z 1-2
Rotation-A 1-2
Rotation-B 1-2
Rotation-C 1-2
<class 'geometric.internal.Distance'> : 1
<class 'geometric.internal.TranslationX'> : 1
<class 'geometric.internal.TranslationY'> : 1
<class 'geometric.internal.TranslationZ'> : 1
<class 'geometric.internal.RotationA'> : 1
<class 'geometric.internal.RotationB'> : 1
<class 'geometric.internal.RotationC'> : 1
WARN: beta  nocc = 4  HOMO -0.430043885065022 >= LUMO -0.43004388506502
WARN: system HOMO 0.0734432383920771 >= system LUMO -0.43004388506502
Step    0 : Gradient = 1.569e-02/1.569e-02 (rms/max) Energy = -75.6227615422
Hessian Eigenvalues: 5.00000e-02 5.00000e-02 5.00000e-02 ... 5.00000e-02 5.00000e-02 4.76883e-01
Step    1 : Displace = 8.707e-03/8.707e-03 (rms/max) Trust = 1.000e-01 (=) Grad = 5.784e-03/5.784e-03 (rms/max) E (change) = -75.6231103045 (-3.488e-04) Quality = 1.351
Hessian Eigenvalues: 5.00000e-02 5.00000e-02 5.00000e-02 ... 5.00000e-02 5.00000e-02 3.01103e-01
Step    2 : Displace = 5.083e-03/5.083e-03 (rms/max) Trust = 1.414e-01 (+) Grad = 7.455e-04/7.455e-04 (rms/max) E (change) = -75.6231721411 (-6.184e-05) Quality = 1.113
Hessian Eigenvalues: 5.00000e-02 5.00000e-02 5.00000e-02 ... 5.00000e-02 5.00000e-02 2.62296e-01
Step    3 : Displace = 7.520e-04/7.520e-04 (rms/max) Trust = 2.000e-01 (+) Grad = 4.382e-05/4.382e-05 (rms/max) E (change) = -75.6231732859 (-1.145e-06) Quality = 1.081
Hessian Eigenvalues: 5.00000e-02 5.00000e-02 5.00000e-02 ... 5.00000e-02 5.00000e-02 2.46879e-01
Step    4 : Displace = 4.696e-05/4.696e-05 (rms/max) Trust = 2.828e-01 (+) Grad = 6.427e-08/6.427e-08 (rms/max) E (change) = -75.6231732590 (+2.693e-08) Quality = -6.925
Converged! =D

    #==========================================================================#
    #| If this code has benefited your research, please support us by citing: |#
    #|                                                                        |#
    #| Wang, L.-P.; Song, C.C. (2016) "Geometry optimization made simple with |#
    #| translation and rotation coordinates", J. Chem, Phys. 144, 214108.     |#
    #| http://dx.doi.org/10.1063/1.4952956                                    |#
    #==========================================================================#
    
Time elapsed since start of run_optimizer: 2110.070 seconds
output file: /ihome/jkeith/amm503/projects/apdft/dimer-geo-opt/o.h/o.h.chrg-1.mult3/o.h.chrg-1.mult3.geomopt/o.h.chrg-1.mult3.sep1.0-pyscf.apdft-ccsdt.ccpv5z/o.h.chrg-1.mult3-pyscf-ccsdt.ccpv5z.log
Optimized bond length = 1.0291771018915399 A

