-=#  geomeTRIC started. Version: 0.9.7.2  #=-
geometric-optimize called with the following command line:
apdft-pyscf-calc.py
6 internal coordinates being used (instead of 6 Cartesians)
Internal coordinate system (atoms numbered from 1):
Distance 1-2
Translation-X 1-2
Translation-Y 1-2
Translation-Z 1-2
Rotation-A 1-2
Rotation-B 1-2
Rotation-C 1-2
<class 'geometric.internal.Distance'> : 1
<class 'geometric.internal.TranslationX'> : 1
<class 'geometric.internal.TranslationY'> : 1
<class 'geometric.internal.TranslationZ'> : 1
<class 'geometric.internal.RotationA'> : 1
<class 'geometric.internal.RotationB'> : 1
<class 'geometric.internal.RotationC'> : 1
WARN: beta  nocc = 4  HOMO -0.430043885065024 >= LUMO -0.43004388506502
WARN: system HOMO -0.43004388506502 >= system LUMO -0.43004388506502
Step    0 : Gradient = 2.994e-02/2.994e-02 (rms/max) Energy = -75.6990464007
Hessian Eigenvalues: 5.00000e-02 5.00000e-02 5.00000e-02 ... 5.00000e-02 5.00000e-02 4.76883e-01
Step    1 : Displace = 1.661e-02/1.661e-02 (rms/max) Trust = 1.000e-01 (=) Grad = 1.307e-03/1.307e-03 (rms/max) E (change) = -75.7000628814 (-1.016e-03) Quality = 1.081
Hessian Eigenvalues: 5.00000e-02 5.00000e-02 5.00000e-02 ... 5.00000e-02 5.00000e-02 4.56073e-01
Step    2 : Displace = 7.581e-04/7.581e-04 (rms/max) Trust = 1.414e-01 (+) Grad = 1.675e-04/1.675e-04 (rms/max) E (change) = -75.7000645217 (-1.640e-06) Quality = 0.876
Hessian Eigenvalues: 5.00000e-02 5.00000e-02 5.00000e-02 ... 5.00000e-02 5.00000e-02 5.14530e-01
Step    3 : Displace = 8.613e-05/8.613e-05 (rms/max) Trust = 2.000e-01 (+) Grad = 1.033e-06/1.033e-06 (rms/max) E (change) = -75.7000644916 (+3.017e-08) Quality = -1.107
Converged! =D

    #==========================================================================#
    #| If this code has benefited your research, please support us by citing: |#
    #|                                                                        |#
    #| Wang, L.-P.; Song, C.C. (2016) "Geometry optimization made simple with |#
    #| translation and rotation coordinates", J. Chem, Phys. 144, 214108.     |#
    #| http://dx.doi.org/10.1063/1.4952956                                    |#
    #==========================================================================#
    
Time elapsed since start of run_optimizer: 761.771 seconds
output file: /ihome/jkeith/amm503/projects/apdft/dimer-geo-opt/o.h/o.h.chrg0.mult2/o.h.chrg0.mult2.geomopt/o.h.chrg0.mult2.sep1.0-pyscf.qa-ccsdt.ccpv5z/o.h.chrg0.mult2-pyscf-ccsdt.ccpv5z.log
Optimized bond length = 0.9654279156402296 A

