-=#  geomeTRIC started. Version: 0.9.7.2  #=-
geometric-optimize called with the following command line:
apdft-pyscf-calc.py
6 internal coordinates being used (instead of 6 Cartesians)
Internal coordinate system (atoms numbered from 1):
Distance 1-2
Translation-X 1-2
Translation-Y 1-2
Translation-Z 1-2
Rotation-A 1-2
Rotation-B 1-2
Rotation-C 1-2
<class 'geometric.internal.Distance'> : 1
<class 'geometric.internal.TranslationX'> : 1
<class 'geometric.internal.TranslationY'> : 1
<class 'geometric.internal.TranslationZ'> : 1
<class 'geometric.internal.RotationA'> : 1
<class 'geometric.internal.RotationB'> : 1
<class 'geometric.internal.RotationC'> : 1
WARN: system HOMO -0.0272187162753675 >= system LUMO -0.329760091752261
Step    0 : Gradient = 2.131e-01/2.131e-01 (rms/max) Energy = -7.8313382853
Hessian Eigenvalues: 5.00000e-02 5.00000e-02 5.00000e-02 ... 5.00000e-02 5.00000e-02 4.76883e-01
Step    1 : Displace = 1.000e-01/1.000e-01 (rms/max) Trust = 1.000e-01 (=) Grad = 1.074e-01/1.074e-01 (rms/max) E (change) = -7.8896266199 (-5.829e-02) Quality = 1.254
Hessian Eigenvalues: 5.00000e-02 5.00000e-02 5.00000e-02 ... 5.00000e-02 5.00000e-02 2.79597e-01
Step    2 : Displace = 1.017e-01/1.017e-01 (rms/max) Trust = 1.414e-01 (+) Grad = 5.332e-02/5.332e-02 (rms/max) E (change) = -7.9193150771 (-2.969e-02) Quality = 1.438
Hessian Eigenvalues: 5.00000e-02 5.00000e-02 5.00000e-02 ... 5.00000e-02 5.00000e-02 1.40841e-01
Step    3 : Displace = 1.002e-01/1.002e-01 (rms/max) Trust = 2.000e-01 (+) Grad = 2.784e-02/2.784e-02 (rms/max) E (change) = -7.9340606111 (-1.475e-02) Quality = 1.461
Hessian Eigenvalues: 5.00000e-02 5.00000e-02 5.00000e-02 ... 5.00000e-02 5.00000e-02 6.72955e-02
Step    4 : Displace = 1.095e-01/1.095e-01 (rms/max) Trust = 2.828e-01 (+) Grad = 1.438e-02/1.438e-02 (rms/max) E (change) = -7.9424974065 (-8.437e-03) Quality = 1.465
Hessian Eigenvalues: 3.25322e-02 5.00000e-02 5.00000e-02 ... 5.00000e-02 5.00000e-02 5.00000e-02
Step    5 : Displace = 1.170e-01/1.170e-01 (rms/max) Trust = 3.000e-01 (+) Grad = 7.562e-03/7.562e-03 (rms/max) E (change) = -7.9471074210 (-4.610e-03) Quality = 1.450
Hessian Eigenvalues: 1.54286e-02 5.00000e-02 5.00000e-02 ... 5.00000e-02 5.00000e-02 5.00000e-02
Step    6 : Displace = 1.297e-01/1.297e-01 (rms/max) Trust = 3.000e-01 (=) Grad = 5.486e-03/5.486e-03 (rms/max) E (change) = -7.9501680788 (-3.061e-03) Quality = 1.652
Hessian Eigenvalues: 4.23500e-03 5.00000e-02 5.00000e-02 ... 5.00000e-02 5.00000e-02 5.00000e-02
Step    7 : Displace = 3.000e-01/3.000e-01 (rms/max) Trust = 3.000e-01 (=) Grad = 3.472e-03/3.472e-03 (rms/max) E (change) = -7.9553705980 (-5.203e-03) Quality = 1.487
Hessian Eigenvalues: 1.77659e-03 5.00000e-02 5.00000e-02 ... 5.00000e-02 5.00000e-02 5.00000e-02
Step    8 : Displace = 3.000e-01/3.000e-01 (rms/max) Trust = 3.000e-01 (=) Grad = 1.593e-03/1.593e-03 (rms/max) E (change) = -7.9581398187 (-2.769e-03) Quality = 0.991
Hessian Eigenvalues: 1.65704e-03 5.00000e-02 5.00000e-02 ... 5.00000e-02 5.00000e-02 5.00000e-02
Step    9 : Displace = 2.543e-01/2.543e-01 (rms/max) Trust = 3.000e-01 (=) Grad = 7.192e-04/7.192e-04 (rms/max) E (change) = -7.9592087114 (-1.069e-03) Quality = 1.396
Hessian Eigenvalues: 9.08842e-04 5.00000e-02 5.00000e-02 ... 5.00000e-02 5.00000e-02 5.00000e-02
Step   10 : Displace = 2.094e-01/2.094e-01 (rms/max) Trust = 3.000e-01 (=) Grad = 3.316e-04/3.316e-04 (rms/max) E (change) = -7.9596087201 (-4.000e-04) Quality = 1.406
Hessian Eigenvalues: 4.89765e-04 5.00000e-02 5.00000e-02 ... 5.00000e-02 5.00000e-02 5.00000e-02
Step   11 : Displace = 1.792e-01/1.792e-01 (rms/max) Trust = 3.000e-01 (=) Grad = 1.563e-04/1.563e-04 (rms/max) E (change) = -7.9597676322 (-1.589e-04) Quality = 1.415
Hessian Eigenvalues: 2.58949e-04 5.00000e-02 5.00000e-02 ... 5.00000e-02 5.00000e-02 5.00000e-02
Step   12 : Displace = 1.597e-01/1.597e-01 (rms/max) Trust = 3.000e-01 (=) Grad = 7.468e-05/7.468e-05 (rms/max) E (change) = -7.9598346723 (-6.704e-05) Quality = 1.421
Hessian Eigenvalues: 1.35214e-04 5.00000e-02 5.00000e-02 ... 5.00000e-02 5.00000e-02 5.00000e-02
Step   13 : Displace = 1.461e-01/1.461e-01 (rms/max) Trust = 3.000e-01 (=) Grad = 3.571e-05/3.571e-05 (rms/max) E (change) = -7.9598640358 (-2.936e-05) Quality = 1.424
Hessian Eigenvalues: 7.05539e-05 5.00000e-02 5.00000e-02 ... 5.00000e-02 5.00000e-02 5.00000e-02
Step   14 : Displace = 1.339e-01/1.339e-01 (rms/max) Trust = 3.000e-01 (=) Grad = 1.687e-05/1.687e-05 (rms/max) E (change) = -7.9598768493 (-1.281e-05) Quality = 1.418
Hessian Eigenvalues: 3.72335e-05 5.00000e-02 5.00000e-02 ... 5.00000e-02 5.00000e-02 5.00000e-02
Step   15 : Displace = 1.199e-01/1.199e-01 (rms/max) Trust = 3.000e-01 (=) Grad = 7.689e-06/7.689e-06 (rms/max) E (change) = -7.9598821809 (-5.332e-06) Quality = 1.396
Hessian Eigenvalues: 2.02606e-05 5.00000e-02 5.00000e-02 ... 5.00000e-02 5.00000e-02 5.00000e-02
Step   16 : Displace = 1.004e-01/1.004e-01 (rms/max) Trust = 3.000e-01 (=) Grad = 3.251e-06/3.251e-06 (rms/max) E (change) = -7.9598841989 (-2.018e-06) Quality = 1.383
Hessian Eigenvalues: 1.16938e-05 5.00000e-02 5.00000e-02 ... 5.00000e-02 5.00000e-02 5.00000e-02
Step   17 : Displace = 7.356e-02/7.356e-02 (rms/max) Trust = 3.000e-01 (=) Grad = 1.178e-06/1.178e-06 (rms/max) E (change) = -7.9598848136 (-6.147e-07) Quality = 1.360
Eigenvalues below 1.0000e-05 (7.4578e-06) - returning guess
Hessian Eigenvalues: 5.00000e-02 5.00000e-02 5.00000e-02 ... 5.00000e-02 5.00000e-02 4.76883e-01
Step   18 : Displace = 6.534e-07/6.534e-07 (rms/max) Trust = 3.000e-01 (=) Grad = 1.177e-06/1.177e-06 (rms/max) E (change) = -7.9598848161 (-2.442e-09) Quality = 1679.124
Converged! =D

    #==========================================================================#
    #| If this code has benefited your research, please support us by citing: |#
    #|                                                                        |#
    #| Wang, L.-P.; Song, C.C. (2016) "Geometry optimization made simple with |#
    #| translation and rotation coordinates", J. Chem, Phys. 144, 214108.     |#
    #| http://dx.doi.org/10.1063/1.4952956                                    |#
    #==========================================================================#
    
Time elapsed since start of run_optimizer: 2485.725 seconds
output file: /ihome/jkeith/amm503/projects/apdft/dimer-geo-opt/li.h/li.h.chrg0.mult3/li.h.chrg0.mult3.geomopt/li.h.chrg0.mult3.sep1.0-pyscf.apdft-ccsdt.ccpv5z/li.h.chrg0.mult3-pyscf-ccsdt.ccpv5z.log
Optimized bond length = 6.2689586530811585 A

