-=#  geomeTRIC started. Version: 0.9.7.2  #=-
geometric-optimize called with the following command line:
apdft-pyscf-calc.py
6 internal coordinates being used (instead of 6 Cartesians)
Internal coordinate system (atoms numbered from 1):
Distance 1-2
Translation-X 1-2
Translation-Y 1-2
Translation-Z 1-2
Rotation-A 1-2
Rotation-B 1-2
Rotation-C 1-2
<class 'geometric.internal.Distance'> : 1
<class 'geometric.internal.TranslationX'> : 1
<class 'geometric.internal.TranslationY'> : 1
<class 'geometric.internal.TranslationZ'> : 1
<class 'geometric.internal.RotationA'> : 1
<class 'geometric.internal.RotationB'> : 1
<class 'geometric.internal.RotationC'> : 1
WARN: HOMO -0.080128643508969 == LUMO -0.080128643508958
Step    0 : Gradient = 9.317e-02/9.317e-02 (rms/max) Energy = -38.4305073202
Hessian Eigenvalues: 5.00000e-02 5.00000e-02 5.00000e-02 ... 5.00000e-02 5.00000e-02 4.76883e-01
Step    1 : Displace = 5.169e-02/5.169e-02 (rms/max) Trust = 1.000e-01 (=) Grad = 1.165e-02/1.165e-02 (rms/max) E (change) = -38.4399259312 (-9.419e-03) Quality = 1.035
Hessian Eigenvalues: 5.00000e-02 5.00000e-02 5.00000e-02 ... 5.00000e-02 5.00000e-02 4.17268e-01
Step    2 : Displace = 7.385e-03/7.385e-03 (rms/max) Trust = 1.414e-01 (+) Grad = 3.685e-03/3.685e-03 (rms/max) E (change) = -38.4401383240 (-2.124e-04) Quality = 1.307
Hessian Eigenvalues: 5.00000e-02 5.00000e-02 5.00000e-02 ... 5.00000e-02 5.00000e-02 2.85243e-01
Step    3 : Displace = 3.418e-03/3.418e-03 (rms/max) Trust = 2.000e-01 (+) Grad = 2.485e-04/2.485e-04 (rms/max) E (change) = -38.4401634168 (-2.509e-05) Quality = 1.054
Hessian Eigenvalues: 5.00000e-02 5.00000e-02 5.00000e-02 ... 5.00000e-02 5.00000e-02 2.66011e-01
Step    4 : Displace = 2.471e-04/2.471e-04 (rms/max) Trust = 2.828e-01 (+) Grad = 5.693e-06/5.693e-06 (rms/max) E (change) = -38.4401636241 (-2.073e-07) Quality = 1.786
Converged! =D

    #==========================================================================#
    #| If this code has benefited your research, please support us by citing: |#
    #|                                                                        |#
    #| Wang, L.-P.; Song, C.C. (2016) "Geometry optimization made simple with |#
    #| translation and rotation coordinates", J. Chem, Phys. 144, 214108.     |#
    #| http://dx.doi.org/10.1063/1.4952956                                    |#
    #==========================================================================#
    
Time elapsed since start of run_optimizer: 267.394 seconds
output file: /ihome/jkeith/amm503/projects/apdft/dimer-geo-opt/c.h/c.h.chrg-1.mult1/c.h.chrg-1.mult1.geomopt/c.h.chrg-1.mult1.sep1.0-pyscf.apdft-ccsdt.ccpv5z/c.h.chrg-1.mult1-pyscf-ccsdt.ccpv5z.log
Optimized bond length = 1.1254858736032656 A

