-=#  geomeTRIC started. Version: 0.9.7.2  #=-
geometric-optimize called with the following command line:
apdft-pyscf-calc.py
6 internal coordinates being used (instead of 6 Cartesians)
Internal coordinate system (atoms numbered from 1):
Distance 1-2
Translation-X 1-2
Translation-Y 1-2
Translation-Z 1-2
Rotation-A 1-2
Rotation-B 1-2
Rotation-C 1-2
<class 'geometric.internal.Distance'> : 1
<class 'geometric.internal.TranslationX'> : 1
<class 'geometric.internal.TranslationY'> : 1
<class 'geometric.internal.TranslationZ'> : 1
<class 'geometric.internal.RotationA'> : 1
<class 'geometric.internal.RotationB'> : 1
<class 'geometric.internal.RotationC'> : 1
WARN: alpha nocc = 4  HOMO -0.0801286435089659 >= LUMO -0.0801286435089637
WARN: system HOMO -0.0801286435089659 >= system LUMO -0.0801286435089659
Step    0 : Gradient = 8.969e-02/8.969e-02 (rms/max) Energy = -38.4408535805
Hessian Eigenvalues: 5.00000e-02 5.00000e-02 5.00000e-02 ... 5.00000e-02 5.00000e-02 4.76883e-01
Step    1 : Displace = 4.976e-02/4.976e-02 (rms/max) Trust = 1.000e-01 (=) Grad = 7.728e-03/7.728e-03 (rms/max) E (change) = -38.4492786015 (-8.425e-03) Quality = 0.999
Hessian Eigenvalues: 5.00000e-02 5.00000e-02 5.00000e-02 ... 5.00000e-02 5.00000e-02 4.35793e-01
Step    2 : Displace = 4.692e-03/4.692e-03 (rms/max) Trust = 1.414e-01 (+) Grad = 2.197e-03/2.197e-03 (rms/max) E (change) = -38.4493661377 (-8.754e-05) Quality = 1.278
Hessian Eigenvalues: 5.00000e-02 5.00000e-02 5.00000e-02 ... 5.00000e-02 5.00000e-02 3.11915e-01
Step    3 : Displace = 1.863e-03/1.863e-03 (rms/max) Trust = 2.000e-01 (+) Grad = 8.623e-05/8.623e-05 (rms/max) E (change) = -38.4493741490 (-8.011e-06) Quality = 1.036
Hessian Eigenvalues: 5.00000e-02 5.00000e-02 5.00000e-02 ... 5.00000e-02 5.00000e-02 2.99671e-01
Step    4 : Displace = 7.613e-05/7.613e-05 (rms/max) Trust = 2.828e-01 (+) Grad = 1.579e-06/1.579e-06 (rms/max) E (change) = -38.4493741660 (-1.700e-08) Quality = 1.370
Converged! =D

    #==========================================================================#
    #| If this code has benefited your research, please support us by citing: |#
    #|                                                                        |#
    #| Wang, L.-P.; Song, C.C. (2016) "Geometry optimization made simple with |#
    #| translation and rotation coordinates", J. Chem, Phys. 144, 214108.     |#
    #| http://dx.doi.org/10.1063/1.4952956                                    |#
    #==========================================================================#
    
Time elapsed since start of run_optimizer: 560.795 seconds
output file: /ihome/jkeith/amm503/projects/apdft/dimer-geo-opt/c.h/c.h.chrg0.mult2/c.h.chrg0.mult2.geomopt/c.h.chrg0.mult2.sep1.0-pyscf.qa-ccsdt.ccpv5z/c.h.chrg0.mult2-pyscf-ccsdt.ccpv5z.log
Optimized bond length = 1.1127841787221682 A

