-=#  geomeTRIC started. Version: 0.9.7.2  #=-
geometric-optimize called with the following command line:
apdft-pyscf-calc.py
6 internal coordinates being used (instead of 6 Cartesians)
Internal coordinate system (atoms numbered from 1):
Distance 1-2
Translation-X 1-2
Translation-Y 1-2
Translation-Z 1-2
Rotation-A 1-2
Rotation-B 1-2
Rotation-C 1-2
<class 'geometric.internal.Distance'> : 1
<class 'geometric.internal.TranslationX'> : 1
<class 'geometric.internal.TranslationY'> : 1
<class 'geometric.internal.TranslationZ'> : 1
<class 'geometric.internal.RotationA'> : 1
<class 'geometric.internal.RotationB'> : 1
<class 'geometric.internal.RotationC'> : 1
WARN: system HOMO -0.00327050733410792 >= system LUMO -0.165815601357331
Step    0 : Gradient = 1.487e-01/1.487e-01 (rms/max) Energy = -25.2100821711
Hessian Eigenvalues: 5.00000e-02 5.00000e-02 5.00000e-02 ... 5.00000e-02 5.00000e-02 4.76883e-01
Step    1 : Displace = 8.249e-02/8.249e-02 (rms/max) Trust = 1.000e-01 (=) Grad = 1.393e-02/1.393e-02 (rms/max) E (change) = -25.2326804175 (-2.260e-02) Quality = 0.975
Hessian Eigenvalues: 5.00000e-02 5.00000e-02 5.00000e-02 ... 5.00000e-02 5.00000e-02 4.32221e-01
Step    2 : Displace = 8.524e-03/8.524e-03 (rms/max) Trust = 1.414e-01 (+) Grad = 5.376e-03/5.376e-03 (rms/max) E (change) = -25.2329892008 (-3.088e-04) Quality = 1.377
Hessian Eigenvalues: 5.00000e-02 5.00000e-02 5.00000e-02 ... 5.00000e-02 5.00000e-02 2.65364e-01
Step    3 : Displace = 5.360e-03/5.360e-03 (rms/max) Trust = 2.000e-01 (+) Grad = 4.003e-04/4.003e-04 (rms/max) E (change) = -25.2330471860 (-5.799e-05) Quality = 1.065
Hessian Eigenvalues: 5.00000e-02 5.00000e-02 5.00000e-02 ... 5.00000e-02 5.00000e-02 2.45602e-01
Step    4 : Displace = 4.313e-04/4.313e-04 (rms/max) Trust = 2.828e-01 (+) Grad = 1.292e-05/1.292e-05 (rms/max) E (change) = -25.2330475146 (-3.286e-07) Quality = 1.007
Converged! =D

    #==========================================================================#
    #| If this code has benefited your research, please support us by citing: |#
    #|                                                                        |#
    #| Wang, L.-P.; Song, C.C. (2016) "Geometry optimization made simple with |#
    #| translation and rotation coordinates", J. Chem, Phys. 144, 214108.     |#
    #| http://dx.doi.org/10.1063/1.4952956                                    |#
    #==========================================================================#
    
Time elapsed since start of run_optimizer: 1053.008 seconds
output file: /ihome/jkeith/amm503/projects/apdft/dimer-geo-opt/b.h/b.h.chrg-1.mult4/b.h.chrg-1.mult4.geomopt/b.h.chrg-1.mult4.sep1.0-pyscf.qa-ccsdt.ccpv5z/b.h.chrg-1.mult4-pyscf-ccsdt.ccpv5z.log
Optimized bond length = 1.1936205152448724 A

