-=#  geomeTRIC started. Version: 0.9.7.2  #=-
geometric-optimize called with the following command line:
apdft-pyscf-calc.py
6 internal coordinates being used (instead of 6 Cartesians)
Internal coordinate system (atoms numbered from 1):
Distance 1-2
Translation-X 1-2
Translation-Y 1-2
Translation-Z 1-2
Rotation-A 1-2
Rotation-B 1-2
Rotation-C 1-2
<class 'geometric.internal.Distance'> : 1
<class 'geometric.internal.TranslationX'> : 1
<class 'geometric.internal.TranslationY'> : 1
<class 'geometric.internal.TranslationZ'> : 1
<class 'geometric.internal.RotationA'> : 1
<class 'geometric.internal.RotationB'> : 1
<class 'geometric.internal.RotationC'> : 1
Step    0 : Gradient = 9.976e-02/9.976e-02 (rms/max) Energy = -38.0498731405
Hessian Eigenvalues: 5.00000e-02 5.00000e-02 5.00000e-02 ... 5.00000e-02 5.00000e-02 4.76883e-01
Step    1 : Displace = 5.535e-02/5.535e-02 (rms/max) Trust = 1.000e-01 (=) Grad = 7.415e-03/7.415e-03 (rms/max) E (change) = -38.0600860062 (-1.021e-02) Quality = 0.979
Hessian Eigenvalues: 5.00000e-02 5.00000e-02 5.00000e-02 ... 5.00000e-02 5.00000e-02 4.41440e-01
Step    2 : Displace = 4.444e-03/4.444e-03 (rms/max) Trust = 1.414e-01 (+) Grad = 2.235e-03/2.235e-03 (rms/max) E (change) = -38.0601667387 (-8.073e-05) Quality = 1.296
Hessian Eigenvalues: 5.00000e-02 5.00000e-02 5.00000e-02 ... 5.00000e-02 5.00000e-02 3.08349e-01
Step    3 : Displace = 1.918e-03/1.918e-03 (rms/max) Trust = 2.000e-01 (+) Grad = 8.262e-05/8.262e-05 (rms/max) E (change) = -38.0601752549 (-8.516e-06) Quality = 1.051
Hessian Eigenvalues: 5.00000e-02 5.00000e-02 5.00000e-02 ... 5.00000e-02 5.00000e-02 2.96953e-01
Step    4 : Displace = 7.362e-05/7.362e-05 (rms/max) Trust = 2.828e-01 (+) Grad = 1.067e-06/1.067e-06 (rms/max) E (change) = -38.0601750843 (+1.706e-07) Quality = -14.839
Converged! =D

    #==========================================================================#
    #| If this code has benefited your research, please support us by citing: |#
    #|                                                                        |#
    #| Wang, L.-P.; Song, C.C. (2016) "Geometry optimization made simple with |#
    #| translation and rotation coordinates", J. Chem, Phys. 144, 214108.     |#
    #| http://dx.doi.org/10.1063/1.4952956                                    |#
    #==========================================================================#
    
Time elapsed since start of run_optimizer: 283.157 seconds
output file: /ihome/jkeith/amm503/projects/apdft/dimer-geo-opt/c.h/c.h.chrg1.mult1/c.h.chrg1.mult1.geomopt/c.h.chrg1.mult1.sep1.0-pyscf.qa-ccsdt.ccpv5z/c.h.chrg1.mult1-pyscf-ccsdt.ccpv5z.log
Optimized bond length = 1.1235737646565955 A

