-=#  geomeTRIC started. Version: 0.9.7.2  #=-
geometric-optimize called with the following command line:
apdft-pyscf-calc.py
6 internal coordinates being used (instead of 6 Cartesians)
Internal coordinate system (atoms numbered from 1):
Distance 1-2
Translation-X 1-2
Translation-Y 1-2
Translation-Z 1-2
Rotation-A 1-2
Rotation-B 1-2
Rotation-C 1-2
<class 'geometric.internal.Distance'> : 1
<class 'geometric.internal.TranslationX'> : 1
<class 'geometric.internal.TranslationY'> : 1
<class 'geometric.internal.TranslationZ'> : 1
<class 'geometric.internal.RotationA'> : 1
<class 'geometric.internal.RotationB'> : 1
<class 'geometric.internal.RotationC'> : 1
WARN: alpha nocc = 4  HOMO -0.00327050733411415 >= LUMO -0.00327050733411079
WARN: system HOMO -0.00327050733411415 >= system LUMO -0.165815601357329
Step    0 : Gradient = 1.441e-01/1.441e-01 (rms/max) Energy = -25.1954708603
Hessian Eigenvalues: 5.00000e-02 5.00000e-02 5.00000e-02 ... 5.00000e-02 5.00000e-02 4.76883e-01
Step    1 : Displace = 7.996e-02/7.996e-02 (rms/max) Trust = 1.000e-01 (=) Grad = 1.106e-02/1.106e-02 (rms/max) E (change) = -25.2163800884 (-2.091e-02) Quality = 0.960
Hessian Eigenvalues: 5.00000e-02 5.00000e-02 5.00000e-02 ... 5.00000e-02 5.00000e-02 4.40284e-01
Step    2 : Displace = 6.647e-03/6.647e-03 (rms/max) Trust = 1.414e-01 (+) Grad = 4.077e-03/4.077e-03 (rms/max) E (change) = -25.2165692204 (-1.891e-04) Quality = 1.361
Hessian Eigenvalues: 5.00000e-02 5.00000e-02 5.00000e-02 ... 5.00000e-02 5.00000e-02 2.78004e-01
Step    3 : Displace = 3.880e-03/3.880e-03 (rms/max) Trust = 2.000e-01 (+) Grad = 2.299e-04/2.299e-04 (rms/max) E (change) = -25.2166006161 (-3.140e-05) Quality = 1.050
Hessian Eigenvalues: 5.00000e-02 5.00000e-02 5.00000e-02 ... 5.00000e-02 5.00000e-02 2.62324e-01
Step    4 : Displace = 2.319e-04/2.319e-04 (rms/max) Trust = 2.828e-01 (+) Grad = 4.956e-06/4.956e-06 (rms/max) E (change) = -25.2166006803 (-6.416e-08) Quality = 0.637
Converged! =D

    #==========================================================================#
    #| If this code has benefited your research, please support us by citing: |#
    #|                                                                        |#
    #| Wang, L.-P.; Song, C.C. (2016) "Geometry optimization made simple with |#
    #| translation and rotation coordinates", J. Chem, Phys. 144, 214108.     |#
    #| http://dx.doi.org/10.1063/1.4952956                                    |#
    #==========================================================================#
    
Time elapsed since start of run_optimizer: 798.285 seconds
output file: /ihome/jkeith/amm503/projects/apdft/dimer-geo-opt/b.h/b.h.chrg0.mult3/b.h.chrg0.mult3.geomopt/b.h.chrg0.mult3.sep1.0-pyscf.qa-ccsdt.ccpv5z/b.h.chrg0.mult3-pyscf-ccsdt.ccpv5z.log
Optimized bond length = 1.1814350731818122 A
