-=#  geomeTRIC started. Version: 0.9.7.2  #=-
geometric-optimize called with the following command line:
apdft-pyscf-calc.py
6 internal coordinates being used (instead of 6 Cartesians)
Internal coordinate system (atoms numbered from 1):
Distance 1-2
Translation-X 1-2
Translation-Y 1-2
Translation-Z 1-2
Rotation-A 1-2
Rotation-B 1-2
Rotation-C 1-2
<class 'geometric.internal.Distance'> : 1
<class 'geometric.internal.TranslationX'> : 1
<class 'geometric.internal.TranslationY'> : 1
<class 'geometric.internal.TranslationZ'> : 1
<class 'geometric.internal.RotationA'> : 1
<class 'geometric.internal.RotationB'> : 1
<class 'geometric.internal.RotationC'> : 1
Step    0 : Gradient = 7.721e-03/7.721e-03 (rms/max) Energy = -128.9776507352
Hessian Eigenvalues: 5.00000e-02 5.00000e-02 5.00000e-02 ... 5.00000e-02 5.00000e-02 4.76883e-01
Step    1 : Displace = 4.284e-03/4.284e-03 (rms/max) Trust = 1.000e-01 (=) Grad = 2.962e-03/2.962e-03 (rms/max) E (change) = -128.9777376144 (-8.688e-05) Quality = 1.390
Hessian Eigenvalues: 5.00000e-02 5.00000e-02 5.00000e-02 ... 5.00000e-02 5.00000e-02 2.93954e-01
Step    2 : Displace = 2.666e-03/2.666e-03 (rms/max) Trust = 1.414e-01 (+) Grad = 1.700e-04/1.700e-04 (rms/max) E (change) = -128.9777517681 (-1.415e-05) Quality = 0.949
Hessian Eigenvalues: 5.00000e-02 5.00000e-02 5.00000e-02 ... 5.00000e-02 5.00000e-02 3.10830e-01
Step    3 : Displace = 1.447e-04/1.447e-04 (rms/max) Trust = 2.000e-01 (+) Grad = 3.495e-06/3.495e-06 (rms/max) E (change) = -128.9777518208 (-5.272e-08) Quality = 1.134
Converged! =D

    #==========================================================================#
    #| If this code has benefited your research, please support us by citing: |#
    #|                                                                        |#
    #| Wang, L.-P.; Song, C.C. (2016) "Geometry optimization made simple with |#
    #| translation and rotation coordinates", J. Chem, Phys. 144, 214108.     |#
    #| http://dx.doi.org/10.1063/1.4952956                                    |#
    #==========================================================================#
    
Time elapsed since start of run_optimizer: 245.723 seconds
output file: /ihome/jkeith/amm503/projects/apdft/dimer-geo-opt/ne.h/ne.h.chrg1.mult1/ne.h.chrg1.mult1.geomopt/ne.h.chrg1.mult1.sep1.0-pyscf.qa-ccsdt.ccpv5z/ne.h.chrg1.mult1-pyscf-ccsdt.ccpv5z.log
Optimized bond length = 0.9863909432832086 A

