-=#  geomeTRIC started. Version: 0.9.7.2  #=-
geometric-optimize called with the following command line:
apdft-pyscf-calc.py
6 internal coordinates being used (instead of 6 Cartesians)
Internal coordinate system (atoms numbered from 1):
Distance 1-2
Translation-X 1-2
Translation-Y 1-2
Translation-Z 1-2
Rotation-A 1-2
Rotation-B 1-2
Rotation-C 1-2
<class 'geometric.internal.Distance'> : 1
<class 'geometric.internal.TranslationX'> : 1
<class 'geometric.internal.TranslationY'> : 1
<class 'geometric.internal.TranslationZ'> : 1
<class 'geometric.internal.RotationA'> : 1
<class 'geometric.internal.RotationB'> : 1
<class 'geometric.internal.RotationC'> : 1
WARN: system HOMO -0.0870349901219322 >= system LUMO -0.587685309030105
Step    0 : Gradient = 2.769e-01/2.769e-01 (rms/max) Energy = -14.6666718033
Hessian Eigenvalues: 5.00000e-02 5.00000e-02 5.00000e-02 ... 5.00000e-02 5.00000e-02 4.76883e-01
Step    1 : Displace = 1.000e-01/1.000e-01 (rms/max) Trust = 1.000e-01 (=) Grad = 1.318e-01/1.318e-01 (rms/max) E (change) = -14.7406543798 (-7.398e-02) Quality = 1.048
Hessian Eigenvalues: 5.00000e-02 5.00000e-02 5.00000e-02 ... 5.00000e-02 5.00000e-02 3.83985e-01
Step    2 : Displace = 9.081e-02/9.081e-02 (rms/max) Trust = 1.414e-01 (+) Grad = 6.435e-02/6.435e-02 (rms/max) E (change) = -14.7729908516 (-3.234e-02) Quality = 1.430
Hessian Eigenvalues: 5.00000e-02 5.00000e-02 5.00000e-02 ... 5.00000e-02 5.00000e-02 1.96482e-01
Step    3 : Displace = 8.666e-02/8.666e-02 (rms/max) Trust = 2.000e-01 (+) Grad = 3.304e-02/3.304e-02 (rms/max) E (change) = -14.7883267055 (-1.534e-02) Quality = 1.455
Hessian Eigenvalues: 5.00000e-02 5.00000e-02 5.00000e-02 ... 5.00000e-02 5.00000e-02 9.55952e-02
Step    4 : Displace = 9.145e-02/9.145e-02 (rms/max) Trust = 2.828e-01 (+) Grad = 1.703e-02/1.703e-02 (rms/max) E (change) = -14.7966478532 (-8.321e-03) Quality = 1.457
Hessian Eigenvalues: 4.63256e-02 5.00000e-02 5.00000e-02 ... 5.00000e-02 5.00000e-02 5.00000e-02
Step    5 : Displace = 9.726e-02/9.726e-02 (rms/max) Trust = 3.000e-01 (+) Grad = 8.957e-03/8.957e-03 (rms/max) E (change) = -14.8012336889 (-4.586e-03) Quality = 1.465
Hessian Eigenvalues: 2.19600e-02 5.00000e-02 5.00000e-02 ... 5.00000e-02 5.00000e-02 5.00000e-02
Step    6 : Displace = 1.079e-01/1.079e-01 (rms/max) Trust = 3.000e-01 (=) Grad = 4.746e-03/4.746e-03 (rms/max) E (change) = -14.8039337493 (-2.700e-03) Quality = 1.478
Hessian Eigenvalues: 1.03248e-02 5.00000e-02 5.00000e-02 ... 5.00000e-02 5.00000e-02 5.00000e-02
Step    7 : Displace = 1.216e-01/1.216e-01 (rms/max) Trust = 3.000e-01 (=) Grad = 2.037e-03/2.037e-03 (rms/max) E (change) = -14.8054381285 (-1.504e-03) Quality = 1.379
Hessian Eigenvalues: 5.89227e-03 5.00000e-02 5.00000e-02 ... 5.00000e-02 5.00000e-02 5.00000e-02
Step    8 : Displace = 9.149e-02/9.149e-02 (rms/max) Trust = 3.000e-01 (=) Grad = 8.264e-04/8.264e-04 (rms/max) E (change) = -14.8059160267 (-4.779e-04) Quality = 1.357
Hessian Eigenvalues: 3.50222e-03 5.00000e-02 5.00000e-02 ... 5.00000e-02 5.00000e-02 5.00000e-02
Step    9 : Displace = 6.243e-02/6.243e-02 (rms/max) Trust = 3.000e-01 (=) Grad = 2.934e-04/2.934e-04 (rms/max) E (change) = -14.8060443568 (-1.283e-04) Quality = 1.316
Hessian Eigenvalues: 2.25883e-03 5.00000e-02 5.00000e-02 ... 5.00000e-02 5.00000e-02 5.00000e-02
Step   10 : Displace = 3.437e-02/3.437e-02 (rms/max) Trust = 3.000e-01 (=) Grad = 7.396e-05/7.396e-05 (rms/max) E (change) = -14.8060677380 (-2.338e-05) Quality = 1.227
Hessian Eigenvalues: 1.68939e-03 5.00000e-02 5.00000e-02 ... 5.00000e-02 5.00000e-02 5.00000e-02
Step   11 : Displace = 1.158e-02/1.158e-02 (rms/max) Trust = 3.000e-01 (=) Grad = 9.721e-06/9.721e-06 (rms/max) E (change) = -14.8060695227 (-1.785e-06) Quality = 1.102
Hessian Eigenvalues: 1.46735e-03 5.00000e-02 5.00000e-02 ... 5.00000e-02 5.00000e-02 5.00000e-02
Step   12 : Displace = 1.753e-03/1.753e-03 (rms/max) Trust = 3.000e-01 (=) Grad = 3.614e-07/3.614e-07 (rms/max) E (change) = -14.8060695752 (-5.250e-08) Quality = 1.630
Hessian Eigenvalues: 1.41280e-03 5.00000e-02 5.00000e-02 ... 5.00000e-02 5.00000e-02 5.00000e-02
Step   13 : Displace = 6.768e-05/6.768e-05 (rms/max) Trust = 3.000e-01 (=) Grad = 1.098e-08/1.098e-08 (rms/max) E (change) = -14.8060695809 (-5.674e-09) Quality = 122.754
Converged! =D

    #==========================================================================#
    #| If this code has benefited your research, please support us by citing: |#
    #|                                                                        |#
    #| Wang, L.-P.; Song, C.C. (2016) "Geometry optimization made simple with |#
    #| translation and rotation coordinates", J. Chem, Phys. 144, 214108.     |#
    #| http://dx.doi.org/10.1063/1.4952956                                    |#
    #==========================================================================#
    
Time elapsed since start of run_optimizer: 1709.357 seconds
output file: /ihome/jkeith/amm503/projects/apdft/dimer-geo-opt/be.h/be.h.chrg1.mult3/be.h.chrg1.mult3.geomopt/be.h.chrg1.mult3.sep1.0-pyscf.qa-ccsdt.ccpv5z/be.h.chrg1.mult3-pyscf-ccsdt.ccpv5z.log
Optimized bond length = 2.794812587356862 A

