-=#  geomeTRIC started. Version: 0.9.7.2  #=-
geometric-optimize called with the following command line:
apdft-pyscf-calc.py
6 internal coordinates being used (instead of 6 Cartesians)
Internal coordinate system (atoms numbered from 1):
Distance 1-2
Translation-X 1-2
Translation-Y 1-2
Translation-Z 1-2
Rotation-A 1-2
Rotation-B 1-2
Rotation-C 1-2
<class 'geometric.internal.Distance'> : 1
<class 'geometric.internal.TranslationX'> : 1
<class 'geometric.internal.TranslationY'> : 1
<class 'geometric.internal.TranslationZ'> : 1
<class 'geometric.internal.RotationA'> : 1
<class 'geometric.internal.RotationB'> : 1
<class 'geometric.internal.RotationC'> : 1
WARN: alpha nocc = 4  HOMO -0.00327050733411623 >= LUMO -0.00327050733411298
WARN: system HOMO -0.00327050733411623 >= system LUMO -0.760690679000591
Step    0 : Gradient = 2.712e-01/2.712e-01 (rms/max) Energy = -24.5746617905
Hessian Eigenvalues: 5.00000e-02 5.00000e-02 5.00000e-02 ... 5.00000e-02 5.00000e-02 4.76883e-01
Step    1 : Displace = 1.000e-01/1.000e-01 (rms/max) Trust = 1.000e-01 (=) Grad = 1.064e-01/1.064e-01 (rms/max) E (change) = -24.6417528473 (-6.709e-02) Quality = 0.981
Hessian Eigenvalues: 5.00000e-02 5.00000e-02 5.00000e-02 ... 5.00000e-02 5.00000e-02 4.35887e-01
Step    2 : Displace = 6.460e-02/6.460e-02 (rms/max) Trust = 1.414e-01 (+) Grad = 5.531e-02/5.531e-02 (rms/max) E (change) = -24.6608959309 (-1.914e-02) Quality = 1.474
Hessian Eigenvalues: 5.00000e-02 5.00000e-02 5.00000e-02 ... 5.00000e-02 5.00000e-02 2.09330e-01
Step    3 : Displace = 6.991e-02/6.991e-02 (rms/max) Trust = 2.000e-01 (+) Grad = 2.460e-02/2.460e-02 (rms/max) E (change) = -24.6710512036 (-1.016e-02) Quality = 1.390
Hessian Eigenvalues: 5.00000e-02 5.00000e-02 5.00000e-02 ... 5.00000e-02 5.00000e-02 1.16218e-01
Step    4 : Displace = 5.601e-02/5.601e-02 (rms/max) Trust = 2.828e-01 (+) Grad = 1.023e-02/1.023e-02 (rms/max) E (change) = -24.6746188600 (-3.568e-03) Quality = 1.370
Hessian Eigenvalues: 5.00000e-02 5.00000e-02 5.00000e-02 ... 5.00000e-02 5.00000e-02 6.79135e-02
Step    5 : Displace = 3.984e-02/3.984e-02 (rms/max) Trust = 3.000e-01 (+) Grad = 3.461e-03/3.461e-03 (rms/max) E (change) = -24.6756197529 (-1.001e-03) Quality = 1.300
Hessian Eigenvalues: 4.49270e-02 5.00000e-02 5.00000e-02 ... 5.00000e-02 5.00000e-02 5.00000e-02
Step    6 : Displace = 2.038e-02/2.038e-02 (rms/max) Trust = 3.000e-01 (=) Grad = 8.234e-04/8.234e-04 (rms/max) E (change) = -24.6757817135 (-1.620e-04) Quality = 1.215
Hessian Eigenvalues: 3.42386e-02 5.00000e-02 5.00000e-02 ... 5.00000e-02 5.00000e-02 5.00000e-02
Step    7 : Displace = 6.363e-03/6.363e-03 (rms/max) Trust = 3.000e-01 (=) Grad = 9.635e-05/9.635e-05 (rms/max) E (change) = -24.6757926430 (-1.093e-05) Quality = 1.104
Hessian Eigenvalues: 3.02321e-02 5.00000e-02 5.00000e-02 ... 5.00000e-02 5.00000e-02 5.00000e-02
Step    8 : Displace = 8.433e-04/8.433e-04 (rms/max) Trust = 3.000e-01 (=) Grad = 3.188e-06/3.188e-06 (rms/max) E (change) = -24.6757927913 (-1.483e-07) Quality = 0.966
Converged! =D

    #==========================================================================#
    #| If this code has benefited your research, please support us by citing: |#
    #|                                                                        |#
    #| Wang, L.-P.; Song, C.C. (2016) "Geometry optimization made simple with |#
    #| translation and rotation coordinates", J. Chem, Phys. 144, 214108.     |#
    #| http://dx.doi.org/10.1063/1.4952956                                    |#
    #==========================================================================#
    
Time elapsed since start of run_optimizer: 2222.185 seconds
output file: /ihome/jkeith/amm503/projects/apdft/dimer-geo-opt/b.h/b.h.chrg1.mult4/b.h.chrg1.mult4.geomopt/b.h.chrg1.mult4.sep1.0-pyscf.qa-ccsdt.ccpv5z/b.h.chrg1.mult4-pyscf-ccsdt.ccpv5z.log
Optimized bond length = 1.7158960079618844 A

