-=#  geomeTRIC started. Version: 0.9.7.2  #=-
geometric-optimize called with the following command line:
apdft-pyscf-calc.py
6 internal coordinates being used (instead of 6 Cartesians)
Internal coordinate system (atoms numbered from 1):
Distance 1-2
Translation-X 1-2
Translation-Y 1-2
Translation-Z 1-2
Rotation-A 1-2
Rotation-B 1-2
Rotation-C 1-2
<class 'geometric.internal.Distance'> : 1
<class 'geometric.internal.TranslationX'> : 1
<class 'geometric.internal.TranslationY'> : 1
<class 'geometric.internal.TranslationZ'> : 1
<class 'geometric.internal.RotationA'> : 1
<class 'geometric.internal.RotationB'> : 1
<class 'geometric.internal.RotationC'> : 1
WARN: alpha nocc = 4  HOMO 0.0343551248490236 >= LUMO 0.0343551248490237
WARN: system HOMO 0.0343551248490236 >= system LUMO -0.0870349901219264
Step    0 : Gradient = 2.129e-01/2.129e-01 (rms/max) Energy = -15.1582244879
Hessian Eigenvalues: 5.00000e-02 5.00000e-02 5.00000e-02 ... 5.00000e-02 5.00000e-02 4.76883e-01
Step    1 : Displace = 1.000e-01/1.000e-01 (rms/max) Trust = 1.000e-01 (=) Grad = 5.911e-02/5.911e-02 (rms/max) E (change) = -15.2058216349 (-4.760e-02) Quality = 1.025
Hessian Eigenvalues: 5.00000e-02 5.00000e-02 5.00000e-02 ... 5.00000e-02 5.00000e-02 4.07003e-01
Step    2 : Displace = 3.843e-02/3.843e-02 (rms/max) Trust = 1.414e-01 (+) Grad = 2.519e-02/2.519e-02 (rms/max) E (change) = -15.2118168914 (-5.995e-03) Quality = 1.397
Hessian Eigenvalues: 5.00000e-02 5.00000e-02 5.00000e-02 ... 5.00000e-02 5.00000e-02 2.33541e-01
Step    3 : Displace = 2.854e-02/2.854e-02 (rms/max) Trust = 2.000e-01 (+) Grad = 6.346e-03/6.346e-03 (rms/max) E (change) = -15.2134736642 (-1.657e-03) Quality = 1.219
Hessian Eigenvalues: 5.00000e-02 5.00000e-02 5.00000e-02 ... 5.00000e-02 5.00000e-02 1.74714e-01
Step    4 : Displace = 9.611e-03/9.611e-03 (rms/max) Trust = 2.828e-01 (+) Grad = 1.060e-03/1.060e-03 (rms/max) E (change) = -15.2136066026 (-1.329e-04) Quality = 1.153
Hessian Eigenvalues: 5.00000e-02 5.00000e-02 5.00000e-02 ... 5.00000e-02 5.00000e-02 1.45532e-01
Step    5 : Displace = 1.927e-03/1.927e-03 (rms/max) Trust = 3.000e-01 (+) Grad = 5.872e-05/5.872e-05 (rms/max) E (change) = -15.2136107673 (-4.165e-06) Quality = 1.079
Hessian Eigenvalues: 5.00000e-02 5.00000e-02 5.00000e-02 ... 5.00000e-02 5.00000e-02 1.37470e-01
Step    6 : Displace = 1.130e-04/1.130e-04 (rms/max) Trust = 3.000e-01 (=) Grad = 5.659e-07/5.659e-07 (rms/max) E (change) = -15.2136107512 (+1.617e-08) Quality = -1.289
Converged! =D

    #==========================================================================#
    #| If this code has benefited your research, please support us by citing: |#
    #|                                                                        |#
    #| Wang, L.-P.; Song, C.C. (2016) "Geometry optimization made simple with |#
    #| translation and rotation coordinates", J. Chem, Phys. 144, 214108.     |#
    #| http://dx.doi.org/10.1063/1.4952956                                    |#
    #==========================================================================#
    
Time elapsed since start of run_optimizer: 919.556 seconds
output file: /ihome/jkeith/amm503/projects/apdft/dimer-geo-opt/be.h/be.h.chrg-1.mult3/be.h.chrg-1.mult3.geomopt/be.h.chrg-1.mult3.sep1.0-pyscf.qa-ccsdt.ccpv5z/be.h.chrg-1.mult3-pyscf-ccsdt.ccpv5z.log
Optimized bond length = 1.3572458415072761 A

