-=#  geomeTRIC started. Version: 0.9.7.2  #=-
geometric-optimize called with the following command line:
apdft-pyscf-calc.py
6 internal coordinates being used (instead of 6 Cartesians)
Internal coordinate system (atoms numbered from 1):
Distance 1-2
Translation-X 1-2
Translation-Y 1-2
Translation-Z 1-2
Rotation-A 1-2
Rotation-B 1-2
Rotation-C 1-2
<class 'geometric.internal.Distance'> : 1
<class 'geometric.internal.TranslationX'> : 1
<class 'geometric.internal.TranslationY'> : 1
<class 'geometric.internal.TranslationZ'> : 1
<class 'geometric.internal.RotationA'> : 1
<class 'geometric.internal.RotationB'> : 1
<class 'geometric.internal.RotationC'> : 1
Step    0 : Gradient = 2.391e-01/2.391e-01 (rms/max) Energy = -7.9622501377
Hessian Eigenvalues: 5.00000e-02 5.00000e-02 5.00000e-02 ... 5.00000e-02 5.00000e-02 4.76883e-01
Step    1 : Displace = 1.000e-01/1.000e-01 (rms/max) Trust = 1.000e-01 (=) Grad = 1.029e-01/1.029e-01 (rms/max) E (change) = -8.0239908090 (-6.174e-02) Quality = 1.097
Hessian Eigenvalues: 5.00000e-02 5.00000e-02 5.00000e-02 ... 5.00000e-02 5.00000e-02 3.60288e-01
Step    2 : Displace = 7.557e-02/7.557e-02 (rms/max) Trust = 1.414e-01 (+) Grad = 4.610e-02/4.610e-02 (rms/max) E (change) = -8.0445912958 (-2.060e-02) Quality = 1.402
Hessian Eigenvalues: 5.00000e-02 5.00000e-02 5.00000e-02 ... 5.00000e-02 5.00000e-02 1.98876e-01
Step    3 : Displace = 6.133e-02/6.133e-02 (rms/max) Trust = 2.000e-01 (+) Grad = 1.743e-02/1.743e-02 (rms/max) E (change) = -8.0517102469 (-7.119e-03) Quality = 1.332
Hessian Eigenvalues: 5.00000e-02 5.00000e-02 5.00000e-02 ... 5.00000e-02 5.00000e-02 1.23700e-01
Step    4 : Displace = 3.727e-02/3.727e-02 (rms/max) Trust = 2.828e-01 (+) Grad = 5.373e-03/5.373e-03 (rms/max) E (change) = -8.0532768120 (-1.567e-03) Quality = 1.276
Hessian Eigenvalues: 5.00000e-02 5.00000e-02 5.00000e-02 ... 5.00000e-02 5.00000e-02 8.55580e-02
Step    5 : Displace = 1.662e-02/1.662e-02 (rms/max) Trust = 3.000e-01 (+) Grad = 9.820e-04/9.820e-04 (rms/max) E (change) = -8.0534735324 (-1.967e-04) Quality = 1.166
Hessian Eigenvalues: 5.00000e-02 5.00000e-02 5.00000e-02 ... 5.00000e-02 5.00000e-02 6.99221e-02
Step    6 : Displace = 3.716e-03/3.716e-03 (rms/max) Trust = 3.000e-01 (=) Grad = 6.983e-05/6.983e-05 (rms/max) E (change) = -8.0534809503 (-7.418e-06) Quality = 1.076
Hessian Eigenvalues: 5.00000e-02 5.00000e-02 5.00000e-02 ... 5.00000e-02 5.00000e-02 6.49501e-02
Step    7 : Displace = 2.845e-04/2.845e-04 (rms/max) Trust = 3.000e-01 (=) Grad = 9.536e-07/9.536e-07 (rms/max) E (change) = -8.0534809782 (-2.791e-08) Quality = 0.744
Converged! =D

    #==========================================================================#
    #| If this code has benefited your research, please support us by citing: |#
    #|                                                                        |#
    #| Wang, L.-P.; Song, C.C. (2016) "Geometry optimization made simple with |#
    #| translation and rotation coordinates", J. Chem, Phys. 144, 214108.     |#
    #| http://dx.doi.org/10.1063/1.4952956                                    |#
    #==========================================================================#
    
Time elapsed since start of run_optimizer: 384.751 seconds
output file: /ihome/jkeith/amm503/projects/apdft/dimer-geo-opt/li.h/li.h.chrg0.mult1/li.h.chrg0.mult1.geomopt/li.h.chrg0.mult1.sep1.0-pyscf.qa-ccsdt.ccpv5z/li.h.chrg0.mult1-pyscf-ccsdt.ccpv5z.log
Optimized bond length = 1.5895872949866114 A
