-=#  geomeTRIC started. Version: 0.9.7.2  #=-
geometric-optimize called with the following command line:
apdft-pyscf-calc.py
6 internal coordinates being used (instead of 6 Cartesians)
Internal coordinate system (atoms numbered from 1):
Distance 1-2
Translation-X 1-2
Translation-Y 1-2
Translation-Z 1-2
Rotation-A 1-2
Rotation-B 1-2
Rotation-C 1-2
<class 'geometric.internal.Distance'> : 1
<class 'geometric.internal.TranslationX'> : 1
<class 'geometric.internal.TranslationY'> : 1
<class 'geometric.internal.TranslationZ'> : 1
<class 'geometric.internal.RotationA'> : 1
<class 'geometric.internal.RotationB'> : 1
<class 'geometric.internal.RotationC'> : 1
WARN: HOMO -0.651916571480646 == LUMO -0.651916571480642
Step    0 : Gradient = 1.487e-01/1.487e-01 (rms/max) Energy = -98.5572319313
Hessian Eigenvalues: 5.00000e-02 5.00000e-02 5.00000e-02 ... 5.00000e-02 5.00000e-02 4.76883e-01
Step    1 : Displace = 8.248e-02/8.248e-02 (rms/max) Trust = 1.000e-01 (=) Grad = 8.452e-02/8.452e-02 (rms/max) E (change) = -98.5915576676 (-3.433e-02) Quality = 1.481
Hessian Eigenvalues: 5.00000e-02 5.00000e-02 5.00000e-02 ... 5.00000e-02 5.00000e-02 2.05759e-01
Step    2 : Displace = 1.087e-01/1.087e-01 (rms/max) Trust = 1.414e-01 (+) Grad = 6.677e-02/6.677e-02 (rms/max) E (change) = -98.6214122470 (-2.985e-02) Quality = 1.720
Hessian Eigenvalues: 4.32034e-02 5.00000e-02 5.00000e-02 ... 5.00000e-02 5.00000e-02 5.00000e-02
Step    3 : Displace = 2.000e-01/2.000e-01 (rms/max) Trust = 2.000e-01 (+) Grad = 6.117e-02/6.117e-02 (rms/max) E (change) = -98.6700020407 (-4.859e-02) Quality = 1.274
Hessian Eigenvalues: 7.40972e-03 5.00000e-02 5.00000e-02 ... 5.00000e-02 5.00000e-02 5.00000e-02
Step    4 : Displace = 2.828e-01/2.828e-01 (rms/max) Trust = 2.828e-01 (+) Grad = 4.445e-02/4.445e-02 (rms/max) E (change) = -98.7267066628 (-5.670e-02) Quality = 0.927
Hessian Eigenvalues: 1.56412e-02 5.00000e-02 5.00000e-02 ... 5.00000e-02 5.00000e-02 5.00000e-02
Step    5 : Displace = 3.000e-01/3.000e-01 (rms/max) Trust = 3.000e-01 (+) Grad = 3.019e-02/3.019e-02 (rms/max) E (change) = -98.7684078533 (-4.170e-02) Quality = 1.034
Hessian Eigenvalues: 1.25731e-02 5.00000e-02 5.00000e-02 ... 5.00000e-02 5.00000e-02 5.00000e-02
Step    6 : Displace = 3.000e-01/3.000e-01 (rms/max) Trust = 3.000e-01 (=) Grad = 2.140e-02/2.140e-02 (rms/max) E (change) = -98.7972596381 (-2.885e-02) Quality = 1.103
Hessian Eigenvalues: 7.75837e-03 5.00000e-02 5.00000e-02 ... 5.00000e-02 5.00000e-02 5.00000e-02
Step    7 : Displace = 3.000e-01/3.000e-01 (rms/max) Trust = 3.000e-01 (=) Grad = 1.585e-02/1.585e-02 (rms/max) E (change) = -98.8181462134 (-2.089e-02) Quality = 1.084
Hessian Eigenvalues: 4.89312e-03 5.00000e-02 5.00000e-02 ... 5.00000e-02 5.00000e-02 5.00000e-02
Step    8 : Displace = 3.000e-01/3.000e-01 (rms/max) Trust = 3.000e-01 (=) Grad = 1.218e-02/1.218e-02 (rms/max) E (change) = -98.8339046975 (-1.576e-02) Quality = 1.063
Hessian Eigenvalues: 3.23305e-03 5.00000e-02 5.00000e-02 ... 5.00000e-02 5.00000e-02 5.00000e-02
Step    9 : Displace = 3.000e-01/3.000e-01 (rms/max) Trust = 3.000e-01 (=) Grad = 9.648e-03/9.648e-03 (rms/max) E (change) = -98.8461992668 (-1.229e-02) Quality = 1.048
Hessian Eigenvalues: 2.23694e-03 5.00000e-02 5.00000e-02 ... 5.00000e-02 5.00000e-02 5.00000e-02
Step   10 : Displace = 3.000e-01/3.000e-01 (rms/max) Trust = 3.000e-01 (=) Grad = 7.824e-03/7.824e-03 (rms/max) E (change) = -98.8560506995 (-9.851e-03) Quality = 1.037
Hessian Eigenvalues: 1.60855e-03 5.00000e-02 5.00000e-02 ... 5.00000e-02 5.00000e-02 5.00000e-02
Step   11 : Displace = 3.000e-01/3.000e-01 (rms/max) Trust = 3.000e-01 (=) Grad = 6.470e-03/6.470e-03 (rms/max) E (change) = -98.8641182784 (-8.068e-03) Quality = 1.029
Hessian Eigenvalues: 1.19401e-03 5.00000e-02 5.00000e-02 ... 5.00000e-02 5.00000e-02 5.00000e-02
Step   12 : Displace = 3.000e-01/3.000e-01 (rms/max) Trust = 3.000e-01 (=) Grad = 5.439e-03/5.439e-03 (rms/max) E (change) = -98.8708443851 (-6.726e-03) Quality = 1.024
Hessian Eigenvalues: 9.09950e-04 5.00000e-02 5.00000e-02 ... 5.00000e-02 5.00000e-02 5.00000e-02
Step   13 : Displace = 3.000e-01/3.000e-01 (rms/max) Trust = 3.000e-01 (=) Grad = 4.635e-03/4.635e-03 (rms/max) E (change) = -98.8765369302 (-5.693e-03) Quality = 1.020
Hessian Eigenvalues: 7.09060e-04 5.00000e-02 5.00000e-02 ... 5.00000e-02 5.00000e-02 5.00000e-02
Step   14 : Displace = 3.000e-01/3.000e-01 (rms/max) Trust = 3.000e-01 (=) Grad = 3.996e-03/3.996e-03 (rms/max) E (change) = -98.8814165646 (-4.880e-03) Quality = 1.017
Hessian Eigenvalues: 5.63051e-04 5.00000e-02 5.00000e-02 ... 5.00000e-02 5.00000e-02 5.00000e-02
Step   15 : Displace = 3.000e-01/3.000e-01 (rms/max) Trust = 3.000e-01 (=) Grad = 3.481e-03/3.481e-03 (rms/max) E (change) = -98.8856459098 (-4.229e-03) Quality = 1.014
Hessian Eigenvalues: 4.54474e-04 5.00000e-02 5.00000e-02 ... 5.00000e-02 5.00000e-02 5.00000e-02
Step   16 : Displace = 3.000e-01/3.000e-01 (rms/max) Trust = 3.000e-01 (=) Grad = 3.059e-03/3.059e-03 (rms/max) E (change) = -98.8893457165 (-3.700e-03) Quality = 1.012
Hessian Eigenvalues: 3.72062e-04 5.00000e-02 5.00000e-02 ... 5.00000e-02 5.00000e-02 5.00000e-02
Step   17 : Displace = 3.000e-01/3.000e-01 (rms/max) Trust = 3.000e-01 (=) Grad = 2.709e-03/2.709e-03 (rms/max) E (change) = -98.8926097017 (-3.264e-03) Quality = 1.011
Hessian Eigenvalues: 3.08402e-04 5.00000e-02 5.00000e-02 ... 5.00000e-02 5.00000e-02 5.00000e-02
Step   18 : Displace = 3.000e-01/3.000e-01 (rms/max) Trust = 3.000e-01 (=) Grad = 2.416e-03/2.416e-03 (rms/max) E (change) = -98.8955105325 (-2.901e-03) Quality = 1.009
Hessian Eigenvalues: 2.58454e-04 5.00000e-02 5.00000e-02 ... 5.00000e-02 5.00000e-02 5.00000e-02
Step   19 : Displace = 3.000e-01/3.000e-01 (rms/max) Trust = 3.000e-01 (=) Grad = 2.168e-03/2.168e-03 (rms/max) E (change) = -98.8981062387 (-2.596e-03) Quality = 1.009
Hessian Eigenvalues: 2.18731e-04 5.00000e-02 5.00000e-02 ... 5.00000e-02 5.00000e-02 5.00000e-02
Step   20 : Displace = 3.000e-01/3.000e-01 (rms/max) Trust = 3.000e-01 (=) Grad = 1.957e-03/1.957e-03 (rms/max) E (change) = -98.9004418842 (-2.336e-03) Quality = 1.008
Hessian Eigenvalues: 1.86739e-04 5.00000e-02 5.00000e-02 ... 5.00000e-02 5.00000e-02 5.00000e-02
Step   21 : Displace = 3.000e-01/3.000e-01 (rms/max) Trust = 3.000e-01 (=) Grad = 1.774e-03/1.774e-03 (rms/max) E (change) = -98.9025537686 (-2.112e-03) Quality = 1.006
Hessian Eigenvalues: 1.60689e-04 5.00000e-02 5.00000e-02 ... 5.00000e-02 5.00000e-02 5.00000e-02
Step   22 : Displace = 3.000e-01/3.000e-01 (rms/max) Trust = 3.000e-01 (=) Grad = 1.616e-03/1.616e-03 (rms/max) E (change) = -98.9044735017 (-1.920e-03) Quality = 1.006
Hessian Eigenvalues: 1.39264e-04 5.00000e-02 5.00000e-02 ... 5.00000e-02 5.00000e-02 5.00000e-02
Step   23 : Displace = 3.000e-01/3.000e-01 (rms/max) Trust = 3.000e-01 (=) Grad = 1.479e-03/1.479e-03 (rms/max) E (change) = -98.9062272172 (-1.754e-03) Quality = 1.006
Hessian Eigenvalues: 1.21482e-04 5.00000e-02 5.00000e-02 ... 5.00000e-02 5.00000e-02 5.00000e-02
Step   24 : Displace = 3.000e-01/3.000e-01 (rms/max) Trust = 3.000e-01 (=) Grad = 1.358e-03/1.358e-03 (rms/max) E (change) = -98.9078335259 (-1.606e-03) Quality = 1.005
Hessian Eigenvalues: 1.06601e-04 5.00000e-02 5.00000e-02 ... 5.00000e-02 5.00000e-02 5.00000e-02
Step   25 : Displace = 3.000e-01/3.000e-01 (rms/max) Trust = 3.000e-01 (=) Grad = 1.251e-03/1.251e-03 (rms/max) E (change) = -98.9093112551 (-1.478e-03) Quality = 1.005
Hessian Eigenvalues: 9.40541e-05 5.00000e-02 5.00000e-02 ... 5.00000e-02 5.00000e-02 5.00000e-02
Step   26 : Displace = 3.000e-01/3.000e-01 (rms/max) Trust = 3.000e-01 (=) Grad = 1.157e-03/1.157e-03 (rms/max) E (change) = -98.9106758040 (-1.365e-03) Quality = 1.005
Hessian Eigenvalues: 8.34001e-05 5.00000e-02 5.00000e-02 ... 5.00000e-02 5.00000e-02 5.00000e-02
Step   27 : Displace = 3.000e-01/3.000e-01 (rms/max) Trust = 3.000e-01 (=) Grad = 1.072e-03/1.072e-03 (rms/max) E (change) = -98.9119387054 (-1.263e-03) Quality = 1.004
Hessian Eigenvalues: 7.42955e-05 5.00000e-02 5.00000e-02 ... 5.00000e-02 5.00000e-02 5.00000e-02
Step   28 : Displace = 3.000e-01/3.000e-01 (rms/max) Trust = 3.000e-01 (=) Grad = 9.971e-04/9.971e-04 (rms/max) E (change) = -98.9131111840 (-1.172e-03) Quality = 1.004
Hessian Eigenvalues: 6.64691e-05 5.00000e-02 5.00000e-02 ... 5.00000e-02 5.00000e-02 5.00000e-02
Step   29 : Displace = 3.000e-01/3.000e-01 (rms/max) Trust = 3.000e-01 (=) Grad = 9.294e-04/9.294e-04 (rms/max) E (change) = -98.9142025410 (-1.091e-03) Quality = 1.003
Hessian Eigenvalues: 5.97038e-05 5.00000e-02 5.00000e-02 ... 5.00000e-02 5.00000e-02 5.00000e-02
Step   30 : Displace = 3.000e-01/3.000e-01 (rms/max) Trust = 3.000e-01 (=) Grad = 8.684e-04/8.684e-04 (rms/max) E (change) = -98.9152212287 (-1.019e-03) Quality = 1.003
Hessian Eigenvalues: 5.38263e-05 5.00000e-02 5.00000e-02 ... 5.00000e-02 5.00000e-02 5.00000e-02
Step   31 : Displace = 3.000e-01/3.000e-01 (rms/max) Trust = 3.000e-01 (=) Grad = 8.131e-04/8.131e-04 (rms/max) E (change) = -98.9161740056 (-9.528e-04) Quality = 1.003
Hessian Eigenvalues: 4.86953e-05 5.00000e-02 5.00000e-02 ... 5.00000e-02 5.00000e-02 5.00000e-02
Step   32 : Displace = 3.000e-01/3.000e-01 (rms/max) Trust = 3.000e-01 (=) Grad = 7.630e-04/7.630e-04 (rms/max) E (change) = -98.9170671075 (-8.931e-04) Quality = 1.003
Hessian Eigenvalues: 4.41961e-05 5.00000e-02 5.00000e-02 ... 5.00000e-02 5.00000e-02 5.00000e-02
Step   33 : Displace = 3.000e-01/3.000e-01 (rms/max) Trust = 3.000e-01 (=) Grad = 7.174e-04/7.174e-04 (rms/max) E (change) = -98.9179059936 (-8.389e-04) Quality = 1.003
Hessian Eigenvalues: 4.02341e-05 5.00000e-02 5.00000e-02 ... 5.00000e-02 5.00000e-02 5.00000e-02
Step   34 : Displace = 3.000e-01/3.000e-01 (rms/max) Trust = 3.000e-01 (=) Grad = 6.758e-04/6.758e-04 (rms/max) E (change) = -98.9186954571 (-7.895e-04) Quality = 1.002
Hessian Eigenvalues: 3.67321e-05 5.00000e-02 5.00000e-02 ... 5.00000e-02 5.00000e-02 5.00000e-02
Step   35 : Displace = 3.000e-01/3.000e-01 (rms/max) Trust = 3.000e-01 (=) Grad = 6.376e-04/6.376e-04 (rms/max) E (change) = -98.9194397481 (-7.443e-04) Quality = 1.002
Hessian Eigenvalues: 3.36248e-05 5.00000e-02 5.00000e-02 ... 5.00000e-02 5.00000e-02 5.00000e-02
Step   36 : Displace = 3.000e-01/3.000e-01 (rms/max) Trust = 3.000e-01 (=) Grad = 6.026e-04/6.026e-04 (rms/max) E (change) = -98.9201425973 (-7.028e-04) Quality = 1.002
Hessian Eigenvalues: 3.08583e-05 5.00000e-02 5.00000e-02 ... 5.00000e-02 5.00000e-02 5.00000e-02
Step   37 : Displace = 3.000e-01/3.000e-01 (rms/max) Trust = 3.000e-01 (=) Grad = 5.705e-04/5.705e-04 (rms/max) E (change) = -98.9208075414 (-6.649e-04) Quality = 1.002
Hessian Eigenvalues: 2.83870e-05 5.00000e-02 5.00000e-02 ... 5.00000e-02 5.00000e-02 5.00000e-02
Step   38 : Displace = 3.000e-01/3.000e-01 (rms/max) Trust = 3.000e-01 (=) Grad = 5.408e-04/5.408e-04 (rms/max) E (change) = -98.9214372444 (-6.297e-04) Quality = 1.002
Hessian Eigenvalues: 2.61727e-05 5.00000e-02 5.00000e-02 ... 5.00000e-02 5.00000e-02 5.00000e-02
Step   39 : Displace = 3.000e-01/3.000e-01 (rms/max) Trust = 3.000e-01 (=) Grad = 5.134e-04/5.134e-04 (rms/max) E (change) = -98.9220348999 (-5.977e-04) Quality = 1.002
Hessian Eigenvalues: 2.41828e-05 5.00000e-02 5.00000e-02 ... 5.00000e-02 5.00000e-02 5.00000e-02
Step   40 : Displace = 3.000e-01/3.000e-01 (rms/max) Trust = 3.000e-01 (=) Grad = 4.880e-04/4.880e-04 (rms/max) E (change) = -98.9226021690 (-5.673e-04) Quality = 1.001
Hessian Eigenvalues: 2.23894e-05 5.00000e-02 5.00000e-02 ... 5.00000e-02 5.00000e-02 5.00000e-02
Step   41 : Displace = 3.000e-01/3.000e-01 (rms/max) Trust = 3.000e-01 (=) Grad = 4.644e-04/4.644e-04 (rms/max) E (change) = -98.9231420093 (-5.398e-04) Quality = 1.002
Hessian Eigenvalues: 2.07692e-05 5.00000e-02 5.00000e-02 ... 5.00000e-02 5.00000e-02 5.00000e-02
Step   42 : Displace = 3.000e-01/3.000e-01 (rms/max) Trust = 3.000e-01 (=) Grad = 4.425e-04/4.425e-04 (rms/max) E (change) = -98.9236560045 (-5.140e-04) Quality = 1.001
Hessian Eigenvalues: 1.93016e-05 5.00000e-02 5.00000e-02 ... 5.00000e-02 5.00000e-02 5.00000e-02
Step   43 : Displace = 3.000e-01/3.000e-01 (rms/max) Trust = 3.000e-01 (=) Grad = 4.222e-04/4.222e-04 (rms/max) E (change) = -98.9241462431 (-4.902e-04) Quality = 1.002
Hessian Eigenvalues: 1.79690e-05 5.00000e-02 5.00000e-02 ... 5.00000e-02 5.00000e-02 5.00000e-02
Step   44 : Displace = 3.000e-01/3.000e-01 (rms/max) Trust = 3.000e-01 (=) Grad = 4.032e-04/4.032e-04 (rms/max) E (change) = -98.9246137369 (-4.675e-04) Quality = 1.001
Hessian Eigenvalues: 1.67563e-05 5.00000e-02 5.00000e-02 ... 5.00000e-02 5.00000e-02 5.00000e-02
Step   45 : Displace = 3.000e-01/3.000e-01 (rms/max) Trust = 3.000e-01 (=) Grad = 3.854e-04/3.854e-04 (rms/max) E (change) = -98.9250606939 (-4.470e-04) Quality = 1.001
Hessian Eigenvalues: 1.56503e-05 5.00000e-02 5.00000e-02 ... 5.00000e-02 5.00000e-02 5.00000e-02
Step   46 : Displace = 3.000e-01/3.000e-01 (rms/max) Trust = 3.000e-01 (=) Grad = 3.688e-04/3.688e-04 (rms/max) E (change) = -98.9254882041 (-4.275e-04) Quality = 1.001
Hessian Eigenvalues: 1.46396e-05 5.00000e-02 5.00000e-02 ... 5.00000e-02 5.00000e-02 5.00000e-02
Step   47 : Displace = 3.000e-01/3.000e-01 (rms/max) Trust = 3.000e-01 (=) Grad = 3.533e-04/3.533e-04 (rms/max) E (change) = -98.9258974772 (-4.093e-04) Quality = 1.001
Hessian Eigenvalues: 1.37140e-05 5.00000e-02 5.00000e-02 ... 5.00000e-02 5.00000e-02 5.00000e-02
Step   48 : Displace = 3.000e-01/3.000e-01 (rms/max) Trust = 3.000e-01 (=) Grad = 3.387e-04/3.387e-04 (rms/max) E (change) = -98.9262896777 (-3.922e-04) Quality = 1.001
Hessian Eigenvalues: 1.28648e-05 5.00000e-02 5.00000e-02 ... 5.00000e-02 5.00000e-02 5.00000e-02
Step   49 : Displace = 3.000e-01/3.000e-01 (rms/max) Trust = 3.000e-01 (=) Grad = 3.250e-04/3.250e-04 (rms/max) E (change) = -98.9266658563 (-3.762e-04) Quality = 1.001
Hessian Eigenvalues: 1.20843e-05 5.00000e-02 5.00000e-02 ... 5.00000e-02 5.00000e-02 5.00000e-02
Step   50 : Displace = 3.000e-01/3.000e-01 (rms/max) Trust = 3.000e-01 (=) Grad = 3.121e-04/3.121e-04 (rms/max) E (change) = -98.9270269658 (-3.611e-04) Quality = 1.001
Hessian Eigenvalues: 1.13656e-05 5.00000e-02 5.00000e-02 ... 5.00000e-02 5.00000e-02 5.00000e-02
Step   51 : Displace = 3.000e-01/3.000e-01 (rms/max) Trust = 3.000e-01 (=) Grad = 3.000e-04/3.000e-04 (rms/max) E (change) = -98.9273738868 (-3.469e-04) Quality = 1.001
Hessian Eigenvalues: 1.07029e-05 5.00000e-02 5.00000e-02 ... 5.00000e-02 5.00000e-02 5.00000e-02
Step   52 : Displace = 3.000e-01/3.000e-01 (rms/max) Trust = 3.000e-01 (=) Grad = 2.885e-04/2.885e-04 (rms/max) E (change) = -98.9277074594 (-3.336e-04) Quality = 1.001
Hessian Eigenvalues: 1.00907e-05 5.00000e-02 5.00000e-02 ... 5.00000e-02 5.00000e-02 5.00000e-02
Step   53 : Displace = 3.000e-01/3.000e-01 (rms/max) Trust = 3.000e-01 (=) Grad = 2.777e-04/2.777e-04 (rms/max) E (change) = -98.9280284220 (-3.210e-04) Quality = 1.001
Eigenvalues below 1.0000e-05 (9.5242e-06) - returning guess
Hessian Eigenvalues: 5.00000e-02 5.00000e-02 5.00000e-02 ... 5.00000e-02 5.00000e-02 4.76883e-01
Step   54 : Displace = 1.541e-04/1.541e-04 (rms/max) Trust = 3.000e-01 (=) Grad = 2.777e-04/2.777e-04 (rms/max) E (change) = -98.9280285890 (-1.670e-07) Quality = 2.064
Converged! =D

    #==========================================================================#
    #| If this code has benefited your research, please support us by citing: |#
    #|                                                                        |#
    #| Wang, L.-P.; Song, C.C. (2016) "Geometry optimization made simple with |#
    #| translation and rotation coordinates", J. Chem, Phys. 144, 214108.     |#
    #| http://dx.doi.org/10.1063/1.4952956                                    |#
    #==========================================================================#
    
Time elapsed since start of run_optimizer: 3431.984 seconds
output file: /ihome/jkeith/amm503/projects/apdft/dimer-geo-opt/f.h/f.h.chrg2.mult1/f.h.chrg2.mult1.geomopt/f.h.chrg2.mult1.sep1.0-pyscf.apdft-ccsdt.ccpv5z/f.h.chrg2.mult1-pyscf-ccsdt.ccpv5z.log
Optimized bond length = 31.748320816770917 A
============================================================================
                               JOB STATISTICS                              
============================================================================
      SubmitTime: 2021-11-15T13:35:31
         EndTime: 2021-11-18T13:36:14
         RunTime: 00:57:42
           JobId: 4675329
            TRES: cpu=6,mem=24108M,node=1,billing=4
       Partition: smp
        NodeList: smp-n168
         Command: /ihome/jkeith/amm503/projects/apdft/dimer-geo-opt/f.h/f.h.chrg2.mult1/f.h.chrg2.mult1.geomopt/f.h.chrg2.mult1.sep1.0-pyscf.apdft-ccsdt.ccpv5z/submit-pyscf-apdft.slurm
          StdOut: /ihome/jkeith/amm503/projects/apdft/dimer-geo-opt/f.h/f.h.chrg2.mult1/f.h.chrg2.mult1.geomopt/f.h.chrg2.mult1.sep1.0-pyscf.apdft-ccsdt.ccpv5z/f.h.chrg2.mult1.sep1.0-pyscf.apdft-ccsdt.ccpv5z.out
More information:
    - `sacct -M smp -j 4675329 -S 2021-11-15T13:35:31 -E 2021-11-18T13:36:14`
   Print control:
    - List of all possible fields: `sacct --helpformat`
    - Add `--format=<field1,field2,etc>` with fields of interest
============================================================================
