-=#  geomeTRIC started. Version: 0.9.7.2  #=-
geometric-optimize called with the following command line:
apdft-pyscf-calc.py
6 internal coordinates being used (instead of 6 Cartesians)
Internal coordinate system (atoms numbered from 1):
Distance 1-2
Translation-X 1-2
Translation-Y 1-2
Translation-Z 1-2
Rotation-A 1-2
Rotation-B 1-2
Rotation-C 1-2
<class 'geometric.internal.Distance'> : 1
<class 'geometric.internal.TranslationX'> : 1
<class 'geometric.internal.TranslationY'> : 1
<class 'geometric.internal.TranslationZ'> : 1
<class 'geometric.internal.RotationA'> : 1
<class 'geometric.internal.RotationB'> : 1
<class 'geometric.internal.RotationC'> : 1
WARN: system HOMO -0.165815601357329 >= system LUMO -0.165815601357329
Step    0 : Gradient = 1.509e-01/1.509e-01 (rms/max) Energy = -24.8824113512
Hessian Eigenvalues: 5.00000e-02 5.00000e-02 5.00000e-02 ... 5.00000e-02 5.00000e-02 4.76883e-01
Step    1 : Displace = 8.371e-02/8.371e-02 (rms/max) Trust = 1.000e-01 (=) Grad = 1.286e-02/1.286e-02 (rms/max) E (change) = -24.9053771541 (-2.297e-02) Quality = 0.962
Hessian Eigenvalues: 5.00000e-02 5.00000e-02 5.00000e-02 ... 5.00000e-02 5.00000e-02 4.36228e-01
Step    2 : Displace = 7.802e-03/7.802e-03 (rms/max) Trust = 1.414e-01 (+) Grad = 5.072e-03/5.072e-03 (rms/max) E (change) = -24.9056398117 (-2.627e-04) Quality = 1.385
Hessian Eigenvalues: 5.00000e-02 5.00000e-02 5.00000e-02 ... 5.00000e-02 5.00000e-02 2.64223e-01
Step    3 : Displace = 5.079e-03/5.079e-03 (rms/max) Trust = 2.000e-01 (+) Grad = 3.640e-04/3.640e-04 (rms/max) E (change) = -24.9056915459 (-5.173e-05) Quality = 1.063
Hessian Eigenvalues: 5.00000e-02 5.00000e-02 5.00000e-02 ... 5.00000e-02 5.00000e-02 2.45260e-01
Step    4 : Displace = 3.927e-04/3.927e-04 (rms/max) Trust = 2.828e-01 (+) Grad = 1.180e-05/1.180e-05 (rms/max) E (change) = -24.9056918540 (-3.081e-07) Quality = 1.141
Converged! =D

    #==========================================================================#
    #| If this code has benefited your research, please support us by citing: |#
    #|                                                                        |#
    #| Wang, L.-P.; Song, C.C. (2016) "Geometry optimization made simple with |#
    #| translation and rotation coordinates", J. Chem, Phys. 144, 214108.     |#
    #| http://dx.doi.org/10.1063/1.4952956                                    |#
    #==========================================================================#
    
Time elapsed since start of run_optimizer: 1279.068 seconds
output file: /ihome/jkeith/amm503/projects/apdft/dimer-geo-opt/b.h/b.h.chrg1.mult2/b.h.chrg1.mult2.geomopt/b.h.chrg1.mult2.sep1.0-pyscf.apdft-ccsdt.ccpv5z/b.h.chrg1.mult2-pyscf-ccsdt.ccpv5z.log
Optimized bond length = 1.1939768190007893 A

