-=#  geomeTRIC started. Version: 0.9.7.2  #=-
geometric-optimize called with the following command line:
apdft-pyscf-calc.py
6 internal coordinates being used (instead of 6 Cartesians)
Internal coordinate system (atoms numbered from 1):
Distance 1-2
Translation-X 1-2
Translation-Y 1-2
Translation-Z 1-2
Rotation-A 1-2
Rotation-B 1-2
Rotation-C 1-2
<class 'geometric.internal.Distance'> : 1
<class 'geometric.internal.TranslationX'> : 1
<class 'geometric.internal.TranslationY'> : 1
<class 'geometric.internal.TranslationZ'> : 1
<class 'geometric.internal.RotationA'> : 1
<class 'geometric.internal.RotationB'> : 1
<class 'geometric.internal.RotationC'> : 1
Step    0 : Gradient = 2.167e-01/2.167e-01 (rms/max) Energy = -15.1805102332
Hessian Eigenvalues: 5.00000e-02 5.00000e-02 5.00000e-02 ... 5.00000e-02 5.00000e-02 4.76883e-01
Step    1 : Displace = 1.000e-01/1.000e-01 (rms/max) Trust = 1.000e-01 (=) Grad = 6.779e-02/6.779e-02 (rms/max) E (change) = -15.2304531899 (-4.994e-02) Quality = 1.044
Hessian Eigenvalues: 5.00000e-02 5.00000e-02 5.00000e-02 ... 5.00000e-02 5.00000e-02 3.93941e-01
Step    2 : Displace = 4.553e-02/4.553e-02 (rms/max) Trust = 1.414e-01 (+) Grad = 3.059e-02/3.059e-02 (rms/max) E (change) = -15.2387158858 (-8.263e-03) Quality = 1.417
Hessian Eigenvalues: 5.00000e-02 5.00000e-02 5.00000e-02 ... 5.00000e-02 5.00000e-02 2.16158e-01
Step    3 : Displace = 3.745e-02/3.745e-02 (rms/max) Trust = 2.000e-01 (+) Grad = 9.610e-03/9.610e-03 (rms/max) E (change) = -15.2414705910 (-2.755e-03) Quality = 1.272
Hessian Eigenvalues: 5.00000e-02 5.00000e-02 5.00000e-02 ... 5.00000e-02 5.00000e-02 1.48256e-01
Step    4 : Displace = 1.715e-02/1.715e-02 (rms/max) Trust = 2.828e-01 (+) Grad = 2.349e-03/2.349e-03 (rms/max) E (change) = -15.2418511206 (-3.805e-04) Quality = 1.222
Hessian Eigenvalues: 5.00000e-02 5.00000e-02 5.00000e-02 ... 5.00000e-02 5.00000e-02 1.12025e-01
Step    5 : Displace = 5.547e-03/5.547e-03 (rms/max) Trust = 3.000e-01 (+) Grad = 2.687e-04/2.687e-04 (rms/max) E (change) = -15.2418783551 (-2.723e-05) Quality = 1.106
Hessian Eigenvalues: 5.00000e-02 5.00000e-02 5.00000e-02 ... 5.00000e-02 5.00000e-02 9.92106e-02
Step    6 : Displace = 7.165e-04/7.165e-04 (rms/max) Trust = 3.000e-01 (=) Grad = 9.030e-06/9.030e-06 (rms/max) E (change) = -15.2418787200 (-3.649e-07) Quality = 1.003
Converged! =D

    #==========================================================================#
    #| If this code has benefited your research, please support us by citing: |#
    #|                                                                        |#
    #| Wang, L.-P.; Song, C.C. (2016) "Geometry optimization made simple with |#
    #| translation and rotation coordinates", J. Chem, Phys. 144, 214108.     |#
    #| http://dx.doi.org/10.1063/1.4952956                                    |#
    #==========================================================================#
    
Time elapsed since start of run_optimizer: 414.081 seconds
output file: /ihome/jkeith/amm503/projects/apdft/dimer-geo-opt/be.h/be.h.chrg-1.mult1/be.h.chrg-1.mult1.geomopt/be.h.chrg-1.mult1.sep1.0-pyscf.apdft-ccsdt.ccpv5z/be.h.chrg-1.mult1-pyscf-ccsdt.ccpv5z.log
Optimized bond length = 1.4127878262666194 A

