-=#  geomeTRIC started. Version: 0.9.7.2  #=-
geometric-optimize called with the following command line:
apdft-pyscf-calc.py
6 internal coordinates being used (instead of 6 Cartesians)
Internal coordinate system (atoms numbered from 1):
Distance 1-2
Translation-X 1-2
Translation-Y 1-2
Translation-Z 1-2
Rotation-A 1-2
Rotation-B 1-2
Rotation-C 1-2
<class 'geometric.internal.Distance'> : 1
<class 'geometric.internal.TranslationX'> : 1
<class 'geometric.internal.TranslationY'> : 1
<class 'geometric.internal.TranslationZ'> : 1
<class 'geometric.internal.RotationA'> : 1
<class 'geometric.internal.RotationB'> : 1
<class 'geometric.internal.RotationC'> : 1
WARN: system HOMO -0.165815601357331 >= system LUMO -0.760690679000597
Step    0 : Gradient = 3.335e-01/3.335e-01 (rms/max) Energy = -23.8378296617
Hessian Eigenvalues: 5.00000e-02 5.00000e-02 5.00000e-02 ... 5.00000e-02 5.00000e-02 4.76883e-01
Step    1 : Displace = 1.000e-01/1.000e-01 (rms/max) Trust = 1.000e-01 (=) Grad = 1.521e-01/1.521e-01 (rms/max) E (change) = -23.9252653047 (-8.744e-02) Quality = 0.950
Hessian Eigenvalues: 5.00000e-02 5.00000e-02 5.00000e-02 ... 5.00000e-02 5.00000e-02 4.80004e-01
Step    2 : Displace = 8.384e-02/8.384e-02 (rms/max) Trust = 1.414e-01 (+) Grad = 7.855e-02/7.855e-02 (rms/max) E (change) = -23.9605563589 (-3.529e-02) Quality = 1.465
Hessian Eigenvalues: 5.00000e-02 5.00000e-02 5.00000e-02 ... 5.00000e-02 5.00000e-02 2.32092e-01
Step    3 : Displace = 8.955e-02/8.955e-02 (rms/max) Trust = 2.000e-01 (+) Grad = 3.687e-02/3.687e-02 (rms/max) E (change) = -23.9793658043 (-1.881e-02) Quality = 1.415
Hessian Eigenvalues: 5.00000e-02 5.00000e-02 5.00000e-02 ... 5.00000e-02 5.00000e-02 1.23161e-01
Step    4 : Displace = 7.921e-02/7.921e-02 (rms/max) Trust = 2.828e-01 (+) Grad = 1.624e-02/1.624e-02 (rms/max) E (change) = -23.9870350887 (-7.669e-03) Quality = 1.390
Hessian Eigenvalues: 5.00000e-02 5.00000e-02 5.00000e-02 ... 5.00000e-02 5.00000e-02 6.89125e-02
Step    5 : Displace = 6.235e-02/6.235e-02 (rms/max) Trust = 3.000e-01 (+) Grad = 6.536e-03/6.536e-03 (rms/max) E (change) = -23.9896279237 (-2.593e-03) Quality = 1.355
Hessian Eigenvalues: 4.11765e-02 5.00000e-02 5.00000e-02 ... 5.00000e-02 5.00000e-02 5.00000e-02
Step    6 : Displace = 4.200e-02/4.200e-02 (rms/max) Trust = 3.000e-01 (=) Grad = 2.304e-03/2.304e-03 (rms/max) E (change) = -23.9903083649 (-6.804e-04) Quality = 1.312
Hessian Eigenvalues: 2.66595e-02 5.00000e-02 5.00000e-02 ... 5.00000e-02 5.00000e-02 5.00000e-02
Step    7 : Displace = 2.287e-02/2.287e-02 (rms/max) Trust = 3.000e-01 (=) Grad = 6.306e-04/6.306e-04 (rms/max) E (change) = -23.9904322928 (-1.239e-04) Quality = 1.244
Hessian Eigenvalues: 1.93639e-02 5.00000e-02 5.00000e-02 ... 5.00000e-02 5.00000e-02 5.00000e-02
Step    8 : Displace = 8.617e-03/8.617e-03 (rms/max) Trust = 3.000e-01 (=) Grad = 1.029e-04/1.029e-04 (rms/max) E (change) = -23.9904441184 (-1.183e-05) Quality = 1.152
Hessian Eigenvalues: 1.62042e-02 5.00000e-02 5.00000e-02 ... 5.00000e-02 5.00000e-02 5.00000e-02
Step    9 : Displace = 1.680e-03/1.680e-03 (rms/max) Trust = 3.000e-01 (=) Grad = 6.226e-06/6.226e-06 (rms/max) E (change) = -23.9904444160 (-2.976e-07) Quality = 0.911
Hessian Eigenvalues: 1.52238e-02 5.00000e-02 5.00000e-02 ... 5.00000e-02 5.00000e-02 5.00000e-02
Step   10 : Displace = 1.082e-04/1.082e-04 (rms/max) Trust = 3.000e-01 (=) Grad = 5.363e-08/5.363e-08 (rms/max) E (change) = -23.9904443982 (+1.779e-08) Quality = -13.978
Converged! =D

    #==========================================================================#
    #| If this code has benefited your research, please support us by citing: |#
    #|                                                                        |#
    #| Wang, L.-P.; Song, C.C. (2016) "Geometry optimization made simple with |#
    #| translation and rotation coordinates", J. Chem, Phys. 144, 214108.     |#
    #| http://dx.doi.org/10.1063/1.4952956                                    |#
    #==========================================================================#
    
Time elapsed since start of run_optimizer: 2110.808 seconds
output file: /ihome/jkeith/amm503/projects/apdft/dimer-geo-opt/b.h/b.h.chrg2.mult3/b.h.chrg2.mult3.geomopt/b.h.chrg2.mult3.sep1.0-pyscf.apdft-ccsdt.ccpv5z/b.h.chrg2.mult3-pyscf-ccsdt.ccpv5z.log
Optimized bond length = 1.9804553879032716 A
============================================================================
                               JOB STATISTICS                              
============================================================================
      SubmitTime: 2021-11-15T13:35:29
         EndTime: 2021-11-18T13:36:14
         RunTime: 00:35:22
           JobId: 4675324
            TRES: cpu=6,mem=24108M,node=1,billing=4
       Partition: smp
        NodeList: smp-n62
         Command: /ihome/jkeith/amm503/projects/apdft/dimer-geo-opt/b.h/b.h.chrg2.mult3/b.h.chrg2.mult3.geomopt/b.h.chrg2.mult3.sep1.0-pyscf.apdft-ccsdt.ccpv5z/submit-pyscf-apdft.slurm
          StdOut: /ihome/jkeith/amm503/projects/apdft/dimer-geo-opt/b.h/b.h.chrg2.mult3/b.h.chrg2.mult3.geomopt/b.h.chrg2.mult3.sep1.0-pyscf.apdft-ccsdt.ccpv5z/b.h.chrg2.mult3.sep1.0-pyscf.apdft-ccsdt.ccpv5z.out
More information:
    - `sacct -M smp -j 4675324 -S 2021-11-15T13:35:29 -E 2021-11-18T13:36:14`
   Print control:
    - List of all possible fields: `sacct --helpformat`
    - Add `--format=<field1,field2,etc>` with fields of interest
============================================================================
