-=#  geomeTRIC started. Version: 0.9.7.2  #=-
geometric-optimize called with the following command line:
apdft-pyscf-calc.py
6 internal coordinates being used (instead of 6 Cartesians)
Internal coordinate system (atoms numbered from 1):
Distance 1-2
Translation-X 1-2
Translation-Y 1-2
Translation-Z 1-2
Rotation-A 1-2
Rotation-B 1-2
Rotation-C 1-2
<class 'geometric.internal.Distance'> : 1
<class 'geometric.internal.TranslationX'> : 1
<class 'geometric.internal.TranslationY'> : 1
<class 'geometric.internal.TranslationZ'> : 1
<class 'geometric.internal.RotationA'> : 1
<class 'geometric.internal.RotationB'> : 1
<class 'geometric.internal.RotationC'> : 1
Step    0 : Gradient = 7.754e-02/7.754e-02 (rms/max) Energy = -100.4086229364
Hessian Eigenvalues: 5.00000e-02 5.00000e-02 5.00000e-02 ... 5.00000e-02 5.00000e-02 4.76883e-01
Step    1 : Displace = 4.302e-02/4.302e-02 (rms/max) Trust = 1.000e-01 (=) Grad = 1.555e-03/1.555e-03 (rms/max) E (change) = -100.4157207908 (-7.098e-03) Quality = 1.126
Hessian Eigenvalues: 5.00000e-02 5.00000e-02 5.00000e-02 ... 5.00000e-02 5.00000e-02 4.67319e-01
Step    2 : Displace = 8.805e-04/8.805e-04 (rms/max) Trust = 1.414e-01 (+) Grad = 5.703e-04/5.703e-04 (rms/max) E (change) = -100.4157224562 (-1.665e-06) Quality = 0.644
Hessian Eigenvalues: 5.00000e-02 5.00000e-02 5.00000e-02 ... 5.00000e-02 5.00000e-02 6.38686e-01
Step    3 : Displace = 2.363e-04/2.363e-04 (rms/max) Trust = 1.414e-01 (=) Grad = 2.867e-06/2.867e-06 (rms/max) E (change) = -100.4157227136 (-2.575e-07) Quality = 1.011
Converged! =D

    #==========================================================================#
    #| If this code has benefited your research, please support us by citing: |#
    #|                                                                        |#
    #| Wang, L.-P.; Song, C.C. (2016) "Geometry optimization made simple with |#
    #| translation and rotation coordinates", J. Chem, Phys. 144, 214108.     |#
    #| http://dx.doi.org/10.1063/1.4952956                                    |#
    #==========================================================================#
    
Time elapsed since start of run_optimizer: 212.171 seconds
output file: /ihome/jkeith/amm503/projects/apdft/dimer-geo-opt/f.h/f.h.chrg0.mult1/f.h.chrg0.mult1.geomopt/f.h.chrg0.mult1.sep1.0-pyscf.apdft-ccsdt.ccpv5z/f.h.chrg0.mult1-pyscf-ccsdt.ccpv5z.log
Optimized bond length = 0.9126675946008574 A
