-=#  geomeTRIC started. Version: 0.9.7.2  #=-
geometric-optimize called with the following command line:
apdft-pyscf-calc.py
6 internal coordinates being used (instead of 6 Cartesians)
Internal coordinate system (atoms numbered from 1):
Distance 1-2
Translation-X 1-2
Translation-Y 1-2
Translation-Z 1-2
Rotation-A 1-2
Rotation-B 1-2
Rotation-C 1-2
<class 'geometric.internal.Distance'> : 1
<class 'geometric.internal.TranslationX'> : 1
<class 'geometric.internal.TranslationY'> : 1
<class 'geometric.internal.TranslationZ'> : 1
<class 'geometric.internal.RotationA'> : 1
<class 'geometric.internal.RotationB'> : 1
<class 'geometric.internal.RotationC'> : 1
WARN: system HOMO -0.0870349901219299 >= system LUMO -0.0870349901219299
Step    0 : Gradient = 2.090e-01/2.090e-01 (rms/max) Energy = -15.1764050273
Hessian Eigenvalues: 5.00000e-02 5.00000e-02 5.00000e-02 ... 5.00000e-02 5.00000e-02 4.76883e-01
Step    1 : Displace = 1.000e-01/1.000e-01 (rms/max) Trust = 1.000e-01 (=) Grad = 5.331e-02/5.331e-02 (rms/max) E (change) = -15.2221483425 (-4.574e-02) Quality = 1.018
Hessian Eigenvalues: 5.00000e-02 5.00000e-02 5.00000e-02 ... 5.00000e-02 5.00000e-02 4.11830e-01
Step    2 : Displace = 3.425e-02/3.425e-02 (rms/max) Trust = 1.414e-01 (+) Grad = 2.199e-02/2.199e-02 (rms/max) E (change) = -15.2269303501 (-4.782e-03) Quality = 1.386
Hessian Eigenvalues: 5.00000e-02 5.00000e-02 5.00000e-02 ... 5.00000e-02 5.00000e-02 2.41923e-01
Step    3 : Displace = 2.405e-02/2.405e-02 (rms/max) Trust = 2.000e-01 (+) Grad = 4.777e-03/4.777e-03 (rms/max) E (change) = -15.2281193439 (-1.189e-03) Quality = 1.189
Hessian Eigenvalues: 5.00000e-02 5.00000e-02 5.00000e-02 ... 5.00000e-02 5.00000e-02 1.89372e-01
Step    4 : Displace = 6.675e-03/6.675e-03 (rms/max) Trust = 2.828e-01 (+) Grad = 6.281e-04/6.281e-04 (rms/max) E (change) = -15.2281869368 (-6.759e-05) Quality = 1.122
Hessian Eigenvalues: 5.00000e-02 5.00000e-02 5.00000e-02 ... 5.00000e-02 5.00000e-02 1.64474e-01
Step    5 : Displace = 1.010e-03/1.010e-03 (rms/max) Trust = 3.000e-01 (+) Grad = 2.235e-05/2.235e-05 (rms/max) E (change) = -15.2281881981 (-1.261e-06) Quality = 1.052
Hessian Eigenvalues: 5.00000e-02 5.00000e-02 5.00000e-02 ... 5.00000e-02 5.00000e-02 1.58621e-01
Step    6 : Displace = 3.728e-05/3.728e-05 (rms/max) Trust = 3.000e-01 (=) Grad = 1.223e-07/1.223e-07 (rms/max) E (change) = -15.2281882071 (-8.967e-09) Quality = 5.696
Converged! =D

    #==========================================================================#
    #| If this code has benefited your research, please support us by citing: |#
    #|                                                                        |#
    #| Wang, L.-P.; Song, C.C. (2016) "Geometry optimization made simple with |#
    #| translation and rotation coordinates", J. Chem, Phys. 144, 214108.     |#
    #| http://dx.doi.org/10.1063/1.4952956                                    |#
    #==========================================================================#
    
Time elapsed since start of run_optimizer: 926.297 seconds
output file: /ihome/jkeith/amm503/projects/apdft/dimer-geo-opt/be.h/be.h.chrg0.mult2/be.h.chrg0.mult2.geomopt/be.h.chrg0.mult2.sep1.0-pyscf.qa-ccsdt.ccpv5z/be.h.chrg0.mult2-pyscf-ccsdt.ccpv5z.log
Optimized bond length = 1.3320458089148535 A

