-=#  geomeTRIC started. Version: 0.9.7.2  #=-
geometric-optimize called with the following command line:
apdft-pyscf-calc.py
6 internal coordinates being used (instead of 6 Cartesians)
Internal coordinate system (atoms numbered from 1):
Distance 1-2
Translation-X 1-2
Translation-Y 1-2
Translation-Z 1-2
Rotation-A 1-2
Rotation-B 1-2
Rotation-C 1-2
<class 'geometric.internal.Distance'> : 1
<class 'geometric.internal.TranslationX'> : 1
<class 'geometric.internal.TranslationY'> : 1
<class 'geometric.internal.TranslationZ'> : 1
<class 'geometric.internal.RotationA'> : 1
<class 'geometric.internal.RotationB'> : 1
<class 'geometric.internal.RotationC'> : 1
WARN: beta  nocc = 4  HOMO -0.651916571480639 >= LUMO -0.651916571480639
WARN: system HOMO -0.651916571480639 >= system LUMO -0.651916571480639
Step    0 : Gradient = 2.131e-03/2.131e-03 (rms/max) Energy = -99.8277274291
Hessian Eigenvalues: 5.00000e-02 5.00000e-02 5.00000e-02 ... 5.00000e-02 5.00000e-02 4.76883e-01
Step    1 : Displace = 1.182e-03/1.182e-03 (rms/max) Trust = 1.000e-01 (=) Grad = 5.556e-04/5.556e-04 (rms/max) E (change) = -99.8277335898 (-6.161e-06) Quality = 1.294
Hessian Eigenvalues: 5.00000e-02 5.00000e-02 5.00000e-02 ... 5.00000e-02 5.00000e-02 3.52554e-01
Step    2 : Displace = 4.170e-04/4.170e-04 (rms/max) Trust = 1.414e-01 (+) Grad = 6.449e-06/6.449e-06 (rms/max) E (change) = -99.8277339215 (-3.317e-07) Quality = 0.758
Converged! =D

    #==========================================================================#
    #| If this code has benefited your research, please support us by citing: |#
    #|                                                                        |#
    #| Wang, L.-P.; Song, C.C. (2016) "Geometry optimization made simple with |#
    #| translation and rotation coordinates", J. Chem, Phys. 144, 214108.     |#
    #| http://dx.doi.org/10.1063/1.4952956                                    |#
    #==========================================================================#
    
Time elapsed since start of run_optimizer: 443.777 seconds
output file: /ihome/jkeith/amm503/projects/apdft/dimer-geo-opt/f.h/f.h.chrg1.mult2/f.h.chrg1.mult2.geomopt/f.h.chrg1.mult2.sep1.0-pyscf.qa-ccsdt.ccpv5z/f.h.chrg1.mult2-pyscf-ccsdt.ccpv5z.log
Optimized bond length = 0.9968012749059382 A

