-=#  geomeTRIC started. Version: 0.9.7.2  #=-
geometric-optimize called with the following command line:
apdft-pyscf-calc.py
6 internal coordinates being used (instead of 6 Cartesians)
Internal coordinate system (atoms numbered from 1):
Distance 1-2
Translation-X 1-2
Translation-Y 1-2
Translation-Z 1-2
Rotation-A 1-2
Rotation-B 1-2
Rotation-C 1-2
<class 'geometric.internal.Distance'> : 1
<class 'geometric.internal.TranslationX'> : 1
<class 'geometric.internal.TranslationY'> : 1
<class 'geometric.internal.TranslationZ'> : 1
<class 'geometric.internal.RotationA'> : 1
<class 'geometric.internal.RotationB'> : 1
<class 'geometric.internal.RotationC'> : 1
WARN: alpha nocc = 4  HOMO -0.00327050733411827 >= LUMO -0.00327050733411351
WARN: system HOMO -0.00327050733411827 >= system LUMO -0.00327050733411827
Step    0 : Gradient = 1.635e-01/1.635e-01 (rms/max) Energy = -25.2292582953
Hessian Eigenvalues: 5.00000e-02 5.00000e-02 5.00000e-02 ... 5.00000e-02 5.00000e-02 4.76883e-01
Step    1 : Displace = 9.070e-02/9.070e-02 (rms/max) Trust = 1.000e-01 (=) Grad = 2.501e-02/2.501e-02 (rms/max) E (change) = -25.2580682139 (-2.881e-02) Quality = 1.028
Hessian Eigenvalues: 5.00000e-02 5.00000e-02 5.00000e-02 ... 5.00000e-02 5.00000e-02 4.03914e-01
Step    2 : Displace = 1.639e-02/1.639e-02 (rms/max) Trust = 1.414e-01 (+) Grad = 1.125e-02/1.125e-02 (rms/max) E (change) = -25.2591777723 (-1.110e-03) Quality = 1.432
Hessian Eigenvalues: 5.00000e-02 5.00000e-02 5.00000e-02 ... 5.00000e-02 5.00000e-02 2.22217e-01
Step    3 : Displace = 1.340e-02/1.340e-02 (rms/max) Trust = 2.000e-01 (+) Grad = 1.812e-03/1.812e-03 (rms/max) E (change) = -25.2595019453 (-3.242e-04) Quality = 1.138
Hessian Eigenvalues: 5.00000e-02 5.00000e-02 5.00000e-02 ... 5.00000e-02 5.00000e-02 1.86440e-01
Step    4 : Displace = 2.571e-03/2.571e-03 (rms/max) Trust = 2.828e-01 (+) Grad = 1.653e-04/1.653e-04 (rms/max) E (change) = -25.2595115663 (-9.621e-06) Quality = 1.093
Hessian Eigenvalues: 5.00000e-02 5.00000e-02 5.00000e-02 ... 5.00000e-02 5.00000e-02 1.69433e-01
Step    5 : Displace = 2.581e-04/2.581e-04 (rms/max) Trust = 3.000e-01 (+) Grad = 2.880e-06/2.880e-06 (rms/max) E (change) = -25.2595115907 (-2.447e-08) Quality = 0.304
Converged! =D

    #==========================================================================#
    #| If this code has benefited your research, please support us by citing: |#
    #|                                                                        |#
    #| Wang, L.-P.; Song, C.C. (2016) "Geometry optimization made simple with |#
    #| translation and rotation coordinates", J. Chem, Phys. 144, 214108.     |#
    #| http://dx.doi.org/10.1063/1.4952956                                    |#
    #==========================================================================#
    
Time elapsed since start of run_optimizer: 1664.111 seconds
output file: /ihome/jkeith/amm503/projects/apdft/dimer-geo-opt/b.h/b.h.chrg-1.mult2/b.h.chrg-1.mult2.geomopt/b.h.chrg-1.mult2.sep1.0-pyscf.apdft-ccsdt.ccpv5z/b.h.chrg-1.mult2-pyscf-ccsdt.ccpv5z.log
Optimized bond length = 1.2466343496584111 A

