-=#  geomeTRIC started. Version: 0.9.7.2  #=-
geometric-optimize called with the following command line:
apdft-pyscf-calc.py
6 internal coordinates being used (instead of 6 Cartesians)
Internal coordinate system (atoms numbered from 1):
Distance 1-2
Translation-X 1-2
Translation-Y 1-2
Translation-Z 1-2
Rotation-A 1-2
Rotation-B 1-2
Rotation-C 1-2
<class 'geometric.internal.Distance'> : 1
<class 'geometric.internal.TranslationX'> : 1
<class 'geometric.internal.TranslationY'> : 1
<class 'geometric.internal.TranslationZ'> : 1
<class 'geometric.internal.RotationA'> : 1
<class 'geometric.internal.RotationB'> : 1
<class 'geometric.internal.RotationC'> : 1
WARN: alpha nocc = 4  HOMO -0.205226855081578 >= LUMO -0.205226855081577
WARN: system HOMO -0.205226855081578 >= system LUMO -0.399769386774611
Step    0 : Gradient = 1.657e-01/1.657e-01 (rms/max) Energy = -53.6777865543
Hessian Eigenvalues: 5.00000e-02 5.00000e-02 5.00000e-02 ... 5.00000e-02 5.00000e-02 4.76883e-01
Step    1 : Displace = 9.196e-02/9.196e-02 (rms/max) Trust = 1.000e-01 (=) Grad = 7.031e-02/7.031e-02 (rms/max) E (change) = -53.7155369163 (-3.775e-02) Quality = 1.311
Hessian Eigenvalues: 5.00000e-02 5.00000e-02 5.00000e-02 ... 5.00000e-02 5.00000e-02 2.74576e-01
Step    2 : Displace = 6.775e-02/6.775e-02 (rms/max) Trust = 1.414e-01 (+) Grad = 4.710e-02/4.710e-02 (rms/max) E (change) = -53.7300833095 (-1.455e-02) Quality = 1.616
Hessian Eigenvalues: 5.00000e-02 5.00000e-02 5.00000e-02 ... 5.00000e-02 5.00000e-02 9.06326e-02
Step    3 : Displace = 1.375e-01/1.375e-01 (rms/max) Trust = 2.000e-01 (+) Grad = 3.993e-02/3.993e-02 (rms/max) E (change) = -53.7514853689 (-2.140e-02) Quality = 1.749
Hessian Eigenvalues: 1.38085e-02 5.00000e-02 5.00000e-02 ... 5.00000e-02 5.00000e-02 5.00000e-02
Step    4 : Displace = 2.828e-01/2.828e-01 (rms/max) Trust = 2.828e-01 (+) Grad = 4.262e-02/4.262e-02 (rms/max) E (change) = -53.7970072237 (-4.552e-02) Quality = 1.308
Eigenvalues below 1.0000e-05 (-2.5188e-03) - returning guess
Hessian Eigenvalues: 5.00000e-02 5.00000e-02 5.00000e-02 ... 5.00000e-02 5.00000e-02 4.76883e-01
Step    5 : Displace = 2.365e-02/2.365e-02 (rms/max) Trust = 3.000e-01 (+) Grad = 4.206e-02/4.206e-02 (rms/max) E (change) = -53.8007914100 (-3.784e-03) Quality = 1.987
Hessian Eigenvalues: 6.28475e-03 5.00000e-02 5.00000e-02 ... 5.00000e-02 5.00000e-02 5.00000e-02
Step    6 : Displace = 3.000e-01/3.000e-01 (rms/max) Trust = 3.000e-01 (=) Grad = 3.158e-02/3.158e-02 (rms/max) E (change) = -53.8427556498 (-4.196e-02) Quality = 0.961
Hessian Eigenvalues: 9.24092e-03 5.00000e-02 5.00000e-02 ... 5.00000e-02 5.00000e-02 5.00000e-02
Step    7 : Displace = 3.000e-01/3.000e-01 (rms/max) Trust = 3.000e-01 (=) Grad = 2.268e-02/2.268e-02 (rms/max) E (change) = -53.8731967035 (-3.044e-02) Quality = 1.019
Hessian Eigenvalues: 7.84633e-03 5.00000e-02 5.00000e-02 ... 5.00000e-02 5.00000e-02 5.00000e-02
Step    8 : Displace = 3.000e-01/3.000e-01 (rms/max) Trust = 3.000e-01 (=) Grad = 1.678e-02/1.678e-02 (rms/max) E (change) = -53.8953363161 (-2.214e-02) Quality = 1.071
Hessian Eigenvalues: 5.20472e-03 5.00000e-02 5.00000e-02 ... 5.00000e-02 5.00000e-02 5.00000e-02
Step    9 : Displace = 3.000e-01/3.000e-01 (rms/max) Trust = 3.000e-01 (=) Grad = 1.285e-02/1.285e-02 (rms/max) E (change) = -53.9119885981 (-1.665e-02) Quality = 1.062
Hessian Eigenvalues: 3.47057e-03 5.00000e-02 5.00000e-02 ... 5.00000e-02 5.00000e-02 5.00000e-02
Step   10 : Displace = 3.000e-01/3.000e-01 (rms/max) Trust = 3.000e-01 (=) Grad = 1.013e-02/1.013e-02 (rms/max) E (change) = -53.9249228640 (-1.293e-02) Quality = 1.049
Hessian Eigenvalues: 2.39760e-03 5.00000e-02 5.00000e-02 ... 5.00000e-02 5.00000e-02 5.00000e-02
Step   11 : Displace = 3.000e-01/3.000e-01 (rms/max) Trust = 3.000e-01 (=) Grad = 8.181e-03/8.181e-03 (rms/max) E (change) = -53.9352439400 (-1.032e-02) Quality = 1.038
Hessian Eigenvalues: 1.71724e-03 5.00000e-02 5.00000e-02 ... 5.00000e-02 5.00000e-02 5.00000e-02
Step   12 : Displace = 3.000e-01/3.000e-01 (rms/max) Trust = 3.000e-01 (=) Grad = 6.741e-03/6.741e-03 (rms/max) E (change) = -53.9436643248 (-8.420e-03) Quality = 1.030
Hessian Eigenvalues: 1.26923e-03 5.00000e-02 5.00000e-02 ... 5.00000e-02 5.00000e-02 5.00000e-02
Step   13 : Displace = 3.000e-01/3.000e-01 (rms/max) Trust = 3.000e-01 (=) Grad = 5.649e-03/5.649e-03 (rms/max) E (change) = -53.9506615426 (-6.997e-03) Quality = 1.025
Hessian Eigenvalues: 9.63372e-04 5.00000e-02 5.00000e-02 ... 5.00000e-02 5.00000e-02 5.00000e-02
Step   14 : Displace = 3.000e-01/3.000e-01 (rms/max) Trust = 3.000e-01 (=) Grad = 4.801e-03/4.801e-03 (rms/max) E (change) = -53.9565665002 (-5.905e-03) Quality = 1.021
Hessian Eigenvalues: 7.47873e-04 5.00000e-02 5.00000e-02 ... 5.00000e-02 5.00000e-02 5.00000e-02
Step   15 : Displace = 3.000e-01/3.000e-01 (rms/max) Trust = 3.000e-01 (=) Grad = 4.130e-03/4.130e-03 (rms/max) E (change) = -53.9616155445 (-5.049e-03) Quality = 1.017
Hessian Eigenvalues: 5.91877e-04 5.00000e-02 5.00000e-02 ... 5.00000e-02 5.00000e-02 5.00000e-02
Step   16 : Displace = 3.000e-01/3.000e-01 (rms/max) Trust = 3.000e-01 (=) Grad = 3.590e-03/3.590e-03 (rms/max) E (change) = -53.9659815425 (-4.366e-03) Quality = 1.015
Hessian Eigenvalues: 4.76277e-04 5.00000e-02 5.00000e-02 ... 5.00000e-02 5.00000e-02 5.00000e-02
Step   17 : Displace = 3.000e-01/3.000e-01 (rms/max) Trust = 3.000e-01 (=) Grad = 3.149e-03/3.149e-03 (rms/max) E (change) = -53.9697939537 (-3.812e-03) Quality = 1.013
Hessian Eigenvalues: 3.88845e-04 5.00000e-02 5.00000e-02 ... 5.00000e-02 5.00000e-02 5.00000e-02
Step   18 : Displace = 3.000e-01/3.000e-01 (rms/max) Trust = 3.000e-01 (=) Grad = 2.785e-03/2.785e-03 (rms/max) E (change) = -53.9731515667 (-3.358e-03) Quality = 1.011
Hessian Eigenvalues: 3.21521e-04 5.00000e-02 5.00000e-02 ... 5.00000e-02 5.00000e-02 5.00000e-02
Step   19 : Displace = 3.000e-01/3.000e-01 (rms/max) Trust = 3.000e-01 (=) Grad = 2.480e-03/2.480e-03 (rms/max) E (change) = -53.9761310015 (-2.979e-03) Quality = 1.010
Hessian Eigenvalues: 2.68856e-04 5.00000e-02 5.00000e-02 ... 5.00000e-02 5.00000e-02 5.00000e-02
Step   20 : Displace = 3.000e-01/3.000e-01 (rms/max) Trust = 3.000e-01 (=) Grad = 2.222e-03/2.222e-03 (rms/max) E (change) = -53.9787926837 (-2.662e-03) Quality = 1.009
Hessian Eigenvalues: 2.27074e-04 5.00000e-02 5.00000e-02 ... 5.00000e-02 5.00000e-02 5.00000e-02
Step   21 : Displace = 3.000e-01/3.000e-01 (rms/max) Trust = 3.000e-01 (=) Grad = 2.003e-03/2.003e-03 (rms/max) E (change) = -53.9811847750 (-2.392e-03) Quality = 1.008
Hessian Eigenvalues: 1.93508e-04 5.00000e-02 5.00000e-02 ... 5.00000e-02 5.00000e-02 5.00000e-02
Step   22 : Displace = 3.000e-01/3.000e-01 (rms/max) Trust = 3.000e-01 (=) Grad = 1.814e-03/1.814e-03 (rms/max) E (change) = -53.9833462204 (-2.161e-03) Quality = 1.007
Hessian Eigenvalues: 1.66237e-04 5.00000e-02 5.00000e-02 ... 5.00000e-02 5.00000e-02 5.00000e-02
Step   23 : Displace = 3.000e-01/3.000e-01 (rms/max) Trust = 3.000e-01 (=) Grad = 1.651e-03/1.651e-03 (rms/max) E (change) = -53.9853088034 (-1.963e-03) Quality = 1.006
Hessian Eigenvalues: 1.43854e-04 5.00000e-02 5.00000e-02 ... 5.00000e-02 5.00000e-02 5.00000e-02
Step   24 : Displace = 3.000e-01/3.000e-01 (rms/max) Trust = 3.000e-01 (=) Grad = 1.509e-03/1.509e-03 (rms/max) E (change) = -53.9870987374 (-1.790e-03) Quality = 1.006
Hessian Eigenvalues: 1.25311e-04 5.00000e-02 5.00000e-02 ... 5.00000e-02 5.00000e-02 5.00000e-02
Step   25 : Displace = 3.000e-01/3.000e-01 (rms/max) Trust = 3.000e-01 (=) Grad = 1.385e-03/1.385e-03 (rms/max) E (change) = -53.9887378124 (-1.639e-03) Quality = 1.005
Hessian Eigenvalues: 1.09821e-04 5.00000e-02 5.00000e-02 ... 5.00000e-02 5.00000e-02 5.00000e-02
Step   26 : Displace = 3.000e-01/3.000e-01 (rms/max) Trust = 3.000e-01 (=) Grad = 1.275e-03/1.275e-03 (rms/max) E (change) = -53.9902442796 (-1.506e-03) Quality = 1.005
Hessian Eigenvalues: 9.67800e-05 5.00000e-02 5.00000e-02 ... 5.00000e-02 5.00000e-02 5.00000e-02
Step   27 : Displace = 3.000e-01/3.000e-01 (rms/max) Trust = 3.000e-01 (=) Grad = 1.178e-03/1.178e-03 (rms/max) E (change) = -53.9916337259 (-1.389e-03) Quality = 1.004
Hessian Eigenvalues: 8.57234e-05 5.00000e-02 5.00000e-02 ... 5.00000e-02 5.00000e-02 5.00000e-02
Step   28 : Displace = 3.000e-01/3.000e-01 (rms/max) Trust = 3.000e-01 (=) Grad = 1.091e-03/1.091e-03 (rms/max) E (change) = -53.9929191379 (-1.285e-03) Quality = 1.004
Hessian Eigenvalues: 7.62879e-05 5.00000e-02 5.00000e-02 ... 5.00000e-02 5.00000e-02 5.00000e-02
Step   29 : Displace = 3.000e-01/3.000e-01 (rms/max) Trust = 3.000e-01 (=) Grad = 1.014e-03/1.014e-03 (rms/max) E (change) = -53.9941117820 (-1.193e-03) Quality = 1.004
Hessian Eigenvalues: 6.81871e-05 5.00000e-02 5.00000e-02 ... 5.00000e-02 5.00000e-02 5.00000e-02
Step   30 : Displace = 3.000e-01/3.000e-01 (rms/max) Trust = 3.000e-01 (=) Grad = 9.446e-04/9.446e-04 (rms/max) E (change) = -53.9952214103 (-1.110e-03) Quality = 1.003
Hessian Eigenvalues: 6.11932e-05 5.00000e-02 5.00000e-02 ... 5.00000e-02 5.00000e-02 5.00000e-02
Step   31 : Displace = 3.000e-01/3.000e-01 (rms/max) Trust = 3.000e-01 (=) Grad = 8.821e-04/8.821e-04 (rms/max) E (change) = -53.9962563689 (-1.035e-03) Quality = 1.003
Hessian Eigenvalues: 5.51236e-05 5.00000e-02 5.00000e-02 ... 5.00000e-02 5.00000e-02 5.00000e-02
Step   32 : Displace = 3.000e-01/3.000e-01 (rms/max) Trust = 3.000e-01 (=) Grad = 8.256e-04/8.256e-04 (rms/max) E (change) = -53.9972238900 (-9.675e-04) Quality = 1.003
Hessian Eigenvalues: 4.98305e-05 5.00000e-02 5.00000e-02 ... 5.00000e-02 5.00000e-02 5.00000e-02
Step   33 : Displace = 3.000e-01/3.000e-01 (rms/max) Trust = 3.000e-01 (=) Grad = 7.743e-04/7.743e-04 (rms/max) E (change) = -53.9981304318 (-9.065e-04) Quality = 1.003
Hessian Eigenvalues: 4.51937e-05 5.00000e-02 5.00000e-02 ... 5.00000e-02 5.00000e-02 5.00000e-02
Step   34 : Displace = 3.000e-01/3.000e-01 (rms/max) Trust = 3.000e-01 (=) Grad = 7.277e-04/7.277e-04 (rms/max) E (change) = -53.9989815710 (-8.511e-04) Quality = 1.003
Hessian Eigenvalues: 4.11146e-05 5.00000e-02 5.00000e-02 ... 5.00000e-02 5.00000e-02 5.00000e-02
Step   35 : Displace = 3.000e-01/3.000e-01 (rms/max) Trust = 3.000e-01 (=) Grad = 6.852e-04/6.852e-04 (rms/max) E (change) = -53.9997821964 (-8.006e-04) Quality = 1.002
Hessian Eigenvalues: 3.75118e-05 5.00000e-02 5.00000e-02 ... 5.00000e-02 5.00000e-02 5.00000e-02
Step   36 : Displace = 3.000e-01/3.000e-01 (rms/max) Trust = 3.000e-01 (=) Grad = 6.463e-04/6.463e-04 (rms/max) E (change) = -54.0005366865 (-7.545e-04) Quality = 1.002
Hessian Eigenvalues: 3.43178e-05 5.00000e-02 5.00000e-02 ... 5.00000e-02 5.00000e-02 5.00000e-02
Step   37 : Displace = 3.000e-01/3.000e-01 (rms/max) Trust = 3.000e-01 (=) Grad = 6.106e-04/6.106e-04 (rms/max) E (change) = -54.0012489265 (-7.122e-04) Quality = 1.002
Hessian Eigenvalues: 3.14763e-05 5.00000e-02 5.00000e-02 ... 5.00000e-02 5.00000e-02 5.00000e-02
Step   38 : Displace = 3.000e-01/3.000e-01 (rms/max) Trust = 3.000e-01 (=) Grad = 5.778e-04/5.778e-04 (rms/max) E (change) = -54.0019223515 (-6.734e-04) Quality = 1.002
Hessian Eigenvalues: 2.89399e-05 5.00000e-02 5.00000e-02 ... 5.00000e-02 5.00000e-02 5.00000e-02
Step   39 : Displace = 3.000e-01/3.000e-01 (rms/max) Trust = 3.000e-01 (=) Grad = 5.475e-04/5.475e-04 (rms/max) E (change) = -54.0025600612 (-6.377e-04) Quality = 1.002
Hessian Eigenvalues: 2.66688e-05 5.00000e-02 5.00000e-02 ... 5.00000e-02 5.00000e-02 5.00000e-02
Step   40 : Displace = 3.000e-01/3.000e-01 (rms/max) Trust = 3.000e-01 (=) Grad = 5.196e-04/5.196e-04 (rms/max) E (change) = -54.0031648181 (-6.048e-04) Quality = 1.002
Hessian Eigenvalues: 2.46293e-05 5.00000e-02 5.00000e-02 ... 5.00000e-02 5.00000e-02 5.00000e-02
Step   41 : Displace = 3.000e-01/3.000e-01 (rms/max) Trust = 3.000e-01 (=) Grad = 4.938e-04/4.938e-04 (rms/max) E (change) = -54.0037391215 (-5.743e-04) Quality = 1.002
Hessian Eigenvalues: 2.27924e-05 5.00000e-02 5.00000e-02 ... 5.00000e-02 5.00000e-02 5.00000e-02
Step   42 : Displace = 3.000e-01/3.000e-01 (rms/max) Trust = 3.000e-01 (=) Grad = 4.698e-04/4.698e-04 (rms/max) E (change) = -54.0042852094 (-5.461e-04) Quality = 1.002
Hessian Eigenvalues: 2.11337e-05 5.00000e-02 5.00000e-02 ... 5.00000e-02 5.00000e-02 5.00000e-02
Step   43 : Displace = 3.000e-01/3.000e-01 (rms/max) Trust = 3.000e-01 (=) Grad = 4.475e-04/4.475e-04 (rms/max) E (change) = -54.0048051144 (-5.199e-04) Quality = 1.002
Hessian Eigenvalues: 1.96321e-05 5.00000e-02 5.00000e-02 ... 5.00000e-02 5.00000e-02 5.00000e-02
Step   44 : Displace = 3.000e-01/3.000e-01 (rms/max) Trust = 3.000e-01 (=) Grad = 4.268e-04/4.268e-04 (rms/max) E (change) = -54.0053006536 (-4.955e-04) Quality = 1.001
Hessian Eigenvalues: 1.82695e-05 5.00000e-02 5.00000e-02 ... 5.00000e-02 5.00000e-02 5.00000e-02
Step   45 : Displace = 3.000e-01/3.000e-01 (rms/max) Trust = 3.000e-01 (=) Grad = 4.075e-04/4.075e-04 (rms/max) E (change) = -54.0057735150 (-4.729e-04) Quality = 1.001
Hessian Eigenvalues: 1.70300e-05 5.00000e-02 5.00000e-02 ... 5.00000e-02 5.00000e-02 5.00000e-02
Step   46 : Displace = 3.000e-01/3.000e-01 (rms/max) Trust = 3.000e-01 (=) Grad = 3.895e-04/3.895e-04 (rms/max) E (change) = -54.0062252374 (-4.517e-04) Quality = 1.001
Hessian Eigenvalues: 1.59002e-05 5.00000e-02 5.00000e-02 ... 5.00000e-02 5.00000e-02 5.00000e-02
Step   47 : Displace = 3.000e-01/3.000e-01 (rms/max) Trust = 3.000e-01 (=) Grad = 3.726e-04/3.726e-04 (rms/max) E (change) = -54.0066571678 (-4.319e-04) Quality = 1.001
Hessian Eigenvalues: 1.48681e-05 5.00000e-02 5.00000e-02 ... 5.00000e-02 5.00000e-02 5.00000e-02
Step   48 : Displace = 3.000e-01/3.000e-01 (rms/max) Trust = 3.000e-01 (=) Grad = 3.568e-04/3.568e-04 (rms/max) E (change) = -54.0070706095 (-4.134e-04) Quality = 1.001
Hessian Eigenvalues: 1.39235e-05 5.00000e-02 5.00000e-02 ... 5.00000e-02 5.00000e-02 5.00000e-02
Step   49 : Displace = 3.000e-01/3.000e-01 (rms/max) Trust = 3.000e-01 (=) Grad = 3.420e-04/3.420e-04 (rms/max) E (change) = -54.0074667167 (-3.961e-04) Quality = 1.001
Hessian Eigenvalues: 1.30571e-05 5.00000e-02 5.00000e-02 ... 5.00000e-02 5.00000e-02 5.00000e-02
Step   50 : Displace = 3.000e-01/3.000e-01 (rms/max) Trust = 3.000e-01 (=) Grad = 3.281e-04/3.281e-04 (rms/max) E (change) = -54.0078465644 (-3.798e-04) Quality = 1.001
Hessian Eigenvalues: 1.22612e-05 5.00000e-02 5.00000e-02 ... 5.00000e-02 5.00000e-02 5.00000e-02
Step   51 : Displace = 3.000e-01/3.000e-01 (rms/max) Trust = 3.000e-01 (=) Grad = 3.151e-04/3.151e-04 (rms/max) E (change) = -54.0082111201 (-3.646e-04) Quality = 1.001
Hessian Eigenvalues: 1.15287e-05 5.00000e-02 5.00000e-02 ... 5.00000e-02 5.00000e-02 5.00000e-02
Step   52 : Displace = 3.000e-01/3.000e-01 (rms/max) Trust = 3.000e-01 (=) Grad = 3.027e-04/3.027e-04 (rms/max) E (change) = -54.0085612925 (-3.502e-04) Quality = 1.001
Hessian Eigenvalues: 1.08534e-05 5.00000e-02 5.00000e-02 ... 5.00000e-02 5.00000e-02 5.00000e-02
Step   53 : Displace = 3.000e-01/3.000e-01 (rms/max) Trust = 3.000e-01 (=) Grad = 2.912e-04/2.912e-04 (rms/max) E (change) = -54.0088979336 (-3.366e-04) Quality = 1.001
Hessian Eigenvalues: 1.02298e-05 5.00000e-02 5.00000e-02 ... 5.00000e-02 5.00000e-02 5.00000e-02
Step   54 : Displace = 3.000e-01/3.000e-01 (rms/max) Trust = 3.000e-01 (=) Grad = 2.802e-04/2.802e-04 (rms/max) E (change) = -54.0092217823 (-3.238e-04) Quality = 1.001
Eigenvalues below 1.0000e-05 (9.6530e-06) - returning guess
Hessian Eigenvalues: 5.00000e-02 5.00000e-02 5.00000e-02 ... 5.00000e-02 5.00000e-02 4.76883e-01
Step   55 : Displace = 1.555e-04/1.555e-04 (rms/max) Trust = 3.000e-01 (=) Grad = 2.802e-04/2.802e-04 (rms/max) E (change) = -54.0092219645 (-1.822e-07) Quality = 2.213
Converged! =D

    #==========================================================================#
    #| If this code has benefited your research, please support us by citing: |#
    #|                                                                        |#
    #| Wang, L.-P.; Song, C.C. (2016) "Geometry optimization made simple with |#
    #| translation and rotation coordinates", J. Chem, Phys. 144, 214108.     |#
    #| http://dx.doi.org/10.1063/1.4952956                                    |#
    #==========================================================================#
    
Time elapsed since start of run_optimizer: 6321.664 seconds
output file: /ihome/jkeith/amm503/projects/apdft/dimer-geo-opt/n.h/n.h.chrg2.mult3/n.h.chrg2.mult3.geomopt/n.h.chrg2.mult3.sep1.0-pyscf.apdft-ccsdt.ccpv5z/n.h.chrg2.mult3-pyscf-ccsdt.ccpv5z.log
Optimized bond length = 31.607718118347428 A
============================================================================
                               JOB STATISTICS                              
============================================================================
      SubmitTime: 2021-11-15T13:35:38
         EndTime: 2021-11-18T13:36:14
         RunTime: 01:45:51
           JobId: 4675350
            TRES: cpu=6,mem=24108M,node=1,billing=4
       Partition: smp
        NodeList: smp-n20
         Command: /ihome/jkeith/amm503/projects/apdft/dimer-geo-opt/n.h/n.h.chrg2.mult3/n.h.chrg2.mult3.geomopt/n.h.chrg2.mult3.sep1.0-pyscf.apdft-ccsdt.ccpv5z/submit-pyscf-apdft.slurm
          StdOut: /ihome/jkeith/amm503/projects/apdft/dimer-geo-opt/n.h/n.h.chrg2.mult3/n.h.chrg2.mult3.geomopt/n.h.chrg2.mult3.sep1.0-pyscf.apdft-ccsdt.ccpv5z/n.h.chrg2.mult3.sep1.0-pyscf.apdft-ccsdt.ccpv5z.out
More information:
    - `sacct -M smp -j 4675350 -S 2021-11-15T13:35:38 -E 2021-11-18T13:36:14`
   Print control:
    - List of all possible fields: `sacct --helpformat`
    - Add `--format=<field1,field2,etc>` with fields of interest
============================================================================
