-=#  geomeTRIC started. Version: 0.9.7.2  #=-
geometric-optimize called with the following command line:
apdft-pyscf-calc.py
6 internal coordinates being used (instead of 6 Cartesians)
Internal coordinate system (atoms numbered from 1):
Distance 1-2
Translation-X 1-2
Translation-Y 1-2
Translation-Z 1-2
Rotation-A 1-2
Rotation-B 1-2
Rotation-C 1-2
<class 'geometric.internal.Distance'> : 1
<class 'geometric.internal.TranslationX'> : 1
<class 'geometric.internal.TranslationY'> : 1
<class 'geometric.internal.TranslationZ'> : 1
<class 'geometric.internal.RotationA'> : 1
<class 'geometric.internal.RotationB'> : 1
<class 'geometric.internal.RotationC'> : 1
Step    0 : Gradient = 1.594e-01/1.594e-01 (rms/max) Energy = -25.2359842481
Hessian Eigenvalues: 5.00000e-02 5.00000e-02 5.00000e-02 ... 5.00000e-02 5.00000e-02 4.76883e-01
Step    1 : Displace = 8.846e-02/8.846e-02 (rms/max) Trust = 1.000e-01 (=) Grad = 1.937e-02/1.937e-02 (rms/max) E (change) = -25.2626264432 (-2.664e-02) Quality = 1.000
Hessian Eigenvalues: 5.00000e-02 5.00000e-02 5.00000e-02 ... 5.00000e-02 5.00000e-02 4.18941e-01
Step    2 : Displace = 1.224e-02/1.224e-02 (rms/max) Trust = 1.414e-01 (+) Grad = 8.029e-03/8.029e-03 (rms/max) E (change) = -25.2632542751 (-6.278e-04) Quality = 1.402
Hessian Eigenvalues: 5.00000e-02 5.00000e-02 5.00000e-02 ... 5.00000e-02 5.00000e-02 2.45316e-01
Step    3 : Displace = 8.660e-03/8.660e-03 (rms/max) Trust = 2.000e-01 (+) Grad = 8.707e-04/8.707e-04 (rms/max) E (change) = -25.2633980308 (-1.438e-04) Quality = 1.094
Hessian Eigenvalues: 5.00000e-02 5.00000e-02 5.00000e-02 ... 5.00000e-02 5.00000e-02 2.18710e-01
Step    4 : Displace = 1.053e-03/1.053e-03 (rms/max) Trust = 2.828e-01 (+) Grad = 4.605e-05/4.605e-05 (rms/max) E (change) = -25.2633998271 (-1.796e-06) Quality = 1.036
Hessian Eigenvalues: 5.00000e-02 5.00000e-02 5.00000e-02 ... 5.00000e-02 5.00000e-02 2.07144e-01
Step    5 : Displace = 5.882e-05/5.882e-05 (rms/max) Trust = 3.000e-01 (+) Grad = 4.296e-07/4.296e-07 (rms/max) E (change) = -25.2633998571 (-2.992e-08) Quality = 5.846
Converged! =D

    #==========================================================================#
    #| If this code has benefited your research, please support us by citing: |#
    #|                                                                        |#
    #| Wang, L.-P.; Song, C.C. (2016) "Geometry optimization made simple with |#
    #| translation and rotation coordinates", J. Chem, Phys. 144, 214108.     |#
    #| http://dx.doi.org/10.1063/1.4952956                                    |#
    #==========================================================================#
    
Time elapsed since start of run_optimizer: 424.649 seconds
output file: /ihome/jkeith/amm503/projects/apdft/dimer-geo-opt/b.h/b.h.chrg0.mult1/b.h.chrg0.mult1.geomopt/b.h.chrg0.mult1.sep1.0-pyscf.apdft-ccsdt.ccpv5z/b.h.chrg0.mult1-pyscf-ccsdt.ccpv5z.log
Optimized bond length = 1.2209421660619573 A

