#INFO: **** input file is /ihome/jkeith/amm503/projects/apdft/dimer-geo-opt/n.h/n.h.chrg2.mult1/n.h.chrg2.mult1.geomopt/n.h.chrg2.mult1.sep1.0-pyscf.apdft-ccsdt.ccpv5z/apdft-pyscf-calc.py ****

import os
import pathlib
import re
import numpy as np
import json
import pyscf
import pyscf.gto
import pyscf.qmmm
from pyscf import scf
import pyscf.dft
import pyscf.lib
import pyscf.mp
from pyscf.geomopt.geometric_solver import optimize
from pyscf import __version__ as pyscf_version
import findiff
import matplotlib.pyplot as plt

try:
    import cclib
    has_cclib = True
except:
    has_cclib = False

try:
    from mpi4pyscf import scf
except:
    pass

# Specifying system.
atoms = ['N', 'H']
dimer_sep = 1.0  # `None` if a single atom, float if dimer (in Angstroms).
charge = 2
multiplicity = 1
scf_conv_tol = 1e-09  # Default: 1e-9
scf_conv_tol_grad = 1e-06  # Default: 3.162e-6
cc_conv_tol = 1e-07  # Default: 1e-7
cc_conv_tol_normt = 1e-05  # Default: 1e-5

scf_diis_space = 16  # Default: 8
cc_diis_space = 12  # Default: 6

# Specifying calculation.
qc_method = 'CCSD(T)'
basis_set = 'cc-pV5Z'  # cc-pV5Z
n_cores = 6  # Number of cores used on SMP (used for max memory).





#####     NO CHANGES NEEDED BELOW     #####


# Setting up paths.
work_dir = str(pathlib.Path(__file__).parent.resolve())
if work_dir[-1] == '/': work_dir = work_dir[:-1]  # Ensures path does NOT end in '/'

_element_to_z = {
    'H': 1, 'He': 2, 'Li': 3, 'Be': 4, 'B': 5, 'C': 6, 'N': 7, 'O': 8, 'F': 9,
    'Ne': 10, 'Na': 11, 'Mg': 12, 'Al': 13, 'Si': 14, 'P': 15, 'S': 16,
    'Cl': 17, 'Ar': 18
}

def atoms_by_number(atom_list):
    return [_element_to_z[i] for i in atom_list]

qc_method_lower = qc_method.lower()
atomic_numbers = atoms_by_number(atoms)
qc_method_label = qc_method

# Plot colors
ref_color = 'dimgrey'

def get_sys_label(atoms, charge, multiplicity, dimer_sep=None):
    atoms_label = '.'.join([i.lower() for i in atoms])
    return f'{atoms_label}.chrg{charge}.mult{multiplicity}'

def get_calc_label(sys_label, qc_method, basis_set):
    pattern = re.compile('[\W_]+')
    qc_method_label = pattern.sub('', qc_method.lower())
    basis_set_label = pattern.sub('', basis_set.lower())
    return f'{sys_label}-pyscf-{qc_method_label}.{basis_set_label}'

# Prepares molecular structures.
mol = pyscf.gto.Mole()

## Atomic coordinates in units of Angstrom.
mol.unit = 'angstrom'  # Insures Angstroms are enforced.
coords = np.array([np.zeros(3)])
mol.atom = [[atoms[0], coords[0]]]
if len(atoms) == 2:
    assert dimer_sep is not None
    coords = np.vstack((coords, np.array([dimer_sep, 0, 0])))
    mol.atom.extend([[atoms[1], coords[1]]])
elif len(atoms) == 1:
    assert dimer_sep is None

mol.charge = charge
mol.multiplicity = multiplicity
mol.basis = basis_set

# Handles cores and memory.
os.environ['OMP_NUM_THREADS'] = f'{n_cores}'  # For CRC jobs only.
mol.max_memory = 8000 * n_cores

# Handles calculation logging.
mol.verbose = 4  # Controls print level; 4 is recommended.
system_label = get_sys_label(atoms, charge, multiplicity, dimer_sep=dimer_sep)
calc_label = get_calc_label(system_label, qc_method_label, basis_set)
mol.output = f'{work_dir}/{calc_label}.log'  # Sets the output file.

# Builds the molecular structure. (Must go after everything else).
mol.build()



def _calc_distance(r1, r2):
    """Calculates the Euclidean distance between two points.

    Parameters
    ----------
    r1 : :obj:`numpy.ndarray`
        Cartesian coordinates of a point with shape ``(3,)``.
    r2 : :obj:`numpy.ndarray`
        Cartesian coordinates of a point with shape ``(3,)``.
    """
    return np.linalg.norm(r1 - r2)



calc = scf.HF(mol)

calc.chkfile = None

calc.max_cycle = 200  # Default: 50
calc.conv_tol = scf_conv_tol
calc.conv_tol_grad = scf_conv_tol_grad
calc.diis_space = scf_diis_space

cc_calc = pyscf.cc.CCSD(calc)
cc_calc.max_cycle = 200
cc_calc.conv_tol = cc_conv_tol
cc_calc.conv_tol_normt = cc_conv_tol_normt
cc_calc.diis_space = cc_diis_space

mol_eq = optimize(cc_calc, maxsteps=100)

coords = mol_eq.atom_coords(unit='Angstrom')
distance = _calc_distance(coords[0], coords[1])
print(f'Optimized bond length = {distance} A')
#INFO: ******************** input file end ********************


System: uname_result(system='Linux', node='smp-n185.crc.pitt.edu', release='3.10.0-1160.15.2.el7.x86_64', version='#1 SMP Thu Jan 21 16:15:07 EST 2021', machine='x86_64', processor='x86_64')  Threads 6
Python 3.7.0 (default, Jun 28 2018, 13:15:42) 
[GCC 7.2.0]
numpy 1.21.2  scipy 1.7.1
Date: Mon Nov 15 13:36:42 2021
PySCF version 1.7.6
PySCF path  /ihome/jkeith/amm503/.local/lib/python3.7/site-packages/pyscf

[CONFIG] conf_file None
[INPUT] verbose = 4
[INPUT] num. atoms = 2
[INPUT] num. electrons = 6
[INPUT] charge = 2
[INPUT] spin (= nelec alpha-beta = 2S) = 0
[INPUT] symmetry False subgroup None
[INPUT] Mole.unit = angstrom
[INPUT]  1 N      0.000000000000   0.000000000000   0.000000000000 AA    0.000000000000   0.000000000000   0.000000000000 Bohr
[INPUT]  2 H      1.000000000000   0.000000000000   0.000000000000 AA    1.889726124565   0.000000000000   0.000000000000 Bohr

nuclear repulsion = 3.70424047644
number of shells = 35
number of NR pGTOs = 166
number of NR cGTOs = 146
basis = cc-pV5Z
ecp = {}
CPU time:         1.88
Create scanner for <class 'pyscf.grad.ccsd.Gradients'>
Set <class 'pyscf.cc.ccsd.CCSD'> as a scanner
Create scanner for <class 'pyscf.scf.hf.RHF'>

Geometry optimization cycle 1
Cartesian coordinates (Angstrom)
 Atom        New coordinates             dX        dY        dZ
   N   0.000000   0.000000   0.000000    0.000000  0.000000  0.000000
   H   1.000000   0.000000   0.000000    0.000000  0.000000  0.000000
New geometry
   1 N      0.000000000000   0.000000000000   0.000000000000 AA    0.000000000000   0.000000000000   0.000000000000 Bohr

   2 H      1.000000000000   0.000000000000   0.000000000000 AA    1.889726124565   0.000000000000   0.000000000000 Bohr



******** <class 'pyscf.scf.hf.as_scanner.<locals>.SCF_Scanner'> ********
method = SCF_Scanner-RHF
initial guess = minao
damping factor = 0
level_shift factor = 0
DIIS = <class 'pyscf.scf.diis.CDIIS'>
diis_start_cycle = 1
diis_space = 16
SCF conv_tol = 1e-09
SCF conv_tol_grad = 1e-06
SCF max_cycles = 200
direct_scf = True
direct_scf_tol = 1e-13
max_memory 48000 MB (current use 147 MB)
init E= -54.533597722234
  HOMO = -0.399769386774612  LUMO = -0.205226855081574
cycle= 1 E= -53.2677622240046  delta_E= 1.27  |g|= 0.941  |ddm|= 0.778
  HOMO = -1.7527236386869  LUMO = -1.16968720542285
cycle= 2 E= -53.5270919050532  delta_E= -0.259  |g|= 0.162  |ddm|= 0.697
  HOMO = -1.60435595370157  LUMO = -0.92643711945622
cycle= 3 E= -53.5308090052216  delta_E= -0.00372  |g|= 0.0208  |ddm|= 0.116
  HOMO = -1.60786652305024  LUMO = -0.926651393867453
cycle= 4 E= -53.5309622636033  delta_E= -0.000153  |g|= 0.0028  |ddm|= 0.022
  HOMO = -1.60778806131562  LUMO = -0.926493857879355
cycle= 5 E= -53.5309654055671  delta_E= -3.14e-06  |g|= 0.000374  |ddm|= 0.00258
  HOMO = -1.60787127670411  LUMO = -0.926482510831632
cycle= 6 E= -53.5309654540869  delta_E= -4.85e-08  |g|= 1.93e-05  |ddm|= 0.000469
  HOMO = -1.60787359935252  LUMO = -0.92648702665965
cycle= 7 E= -53.5309654541961  delta_E= -1.09e-10  |g|= 2.52e-06  |ddm|= 3.17e-05
  HOMO = -1.60787381009461  LUMO = -0.926487716330366
cycle= 8 E= -53.5309654541983  delta_E= -2.2e-12  |g|= 1.57e-07  |ddm|= 2.77e-06
  HOMO = -1.60787383816809  LUMO = -0.9264877428505
Extra cycle  E= -53.5309654541984  delta_E= -4.26e-14  |g|= 3.65e-08  |ddm|= 2.35e-07
converged SCF energy = -53.5309654541984

******** <class 'pyscf.cc.ccsd.as_scanner.<locals>.CCSD_Scanner'> ********
CC2 = 0
CCSD nocc = 3, nmo = 146
max_cycle = 200
direct = 0
conv_tol = 1e-07
conv_tol_normt = 1e-05
diis_space = 12
diis_start_cycle = 0
diis_start_energy_diff = 1e+09
max_memory 48000 MB (current use 1540 MB)
Init t2, MP2 energy = -53.665803718131  E_corr(MP2) -0.134838263932591
Init E_corr(CCSD) = -0.134838263932593
cycle = 1  E_corr(CCSD) = -0.151843761300489  dE = -0.0170054974  norm(t1,t2) = 0.0458773
cycle = 2  E_corr(CCSD) = -0.158061892750525  dE = -0.00621813145  norm(t1,t2) = 0.0267161
cycle = 3  E_corr(CCSD) = -0.164784861709409  dE = -0.00672296896  norm(t1,t2) = 0.017209
cycle = 4  E_corr(CCSD) = -0.164656266347149  dE = 0.000128595362  norm(t1,t2) = 0.00580471
cycle = 5  E_corr(CCSD) = -0.164777948347652  dE = -0.000121682001  norm(t1,t2) = 0.00173256
cycle = 6  E_corr(CCSD) = -0.164840492663336  dE = -6.25443157e-05  norm(t1,t2) = 0.000567461
cycle = 7  E_corr(CCSD) = -0.16480911504331  dE = 3.137762e-05  norm(t1,t2) = 0.000131889
cycle = 8  E_corr(CCSD) = -0.164809434497059  dE = -3.19453749e-07  norm(t1,t2) = 2.28075e-05
cycle = 9  E_corr(CCSD) = -0.164809563217521  dE = -1.28720462e-07  norm(t1,t2) = 4.71185e-06
cycle = 10  E_corr(CCSD) = -0.164809224284673  dE = 3.38932848e-07  norm(t1,t2) = 1.1624e-06
cycle = 11  E_corr(CCSD) = -0.164809232220339  dE = -7.93566621e-09  norm(t1,t2) = 1.77877e-07
CCSD_Scanner converged
E(CCSD_Scanner) = -53.69577468641872  E_corr = -0.1648092322203392
cycle = 1  norm(lambda1,lambda2) = 0.00684033
cycle = 2  norm(lambda1,lambda2) = 0.00244237
cycle = 3  norm(lambda1,lambda2) = 0.00146605
cycle = 4  norm(lambda1,lambda2) = 0.00056508
cycle = 5  norm(lambda1,lambda2) = 0.000231404
cycle = 6  norm(lambda1,lambda2) = 8.78335e-05
cycle = 7  norm(lambda1,lambda2) = 2.22881e-05
cycle = 8  norm(lambda1,lambda2) = 4.40409e-06
--------------- CCSD_Scanner gradients ---------------
         x                y                z
0 N     0.1262316178     0.0000000000     0.0000000000
1 H    -0.1262316178    -0.0000000000    -0.0000000000
----------------------------------------------
cycle 1: E = -53.6957746864  dE = -53.6958  norm(grad) = 0.178518

Geometry optimization cycle 2
Cartesian coordinates (Angstrom)
 Atom        New coordinates             dX        dY        dZ
   N  -0.070037  -0.000000  -0.000000   -0.070037 -0.000000 -0.000000
   H   1.070037   0.000000   0.000000    0.070037  0.000000  0.000000
New geometry
   1 N     -0.070036941247  -0.000000000000  -0.000000000000 AA   -0.132350637559  -0.000000000000  -0.000000000000 Bohr

   2 H      1.070036941224   0.000000000000   0.000000000000 AA    2.022076762081   0.000000000000   0.000000000000 Bohr



******** <class 'pyscf.scf.hf.as_scanner.<locals>.SCF_Scanner'> ********
method = SCF_Scanner-RHF
initial guess = minao
damping factor = 0
level_shift factor = 0
DIIS = <class 'pyscf.scf.diis.CDIIS'>
diis_start_cycle = 1
diis_space = 16
SCF conv_tol = 1e-09
SCF conv_tol_grad = 1e-06
SCF max_cycles = 200
direct_scf = True
direct_scf_tol = 1e-13
max_memory 48000 MB (current use 298 MB)
init E= -53.4059832522205
  HOMO = -1.59963032794994  LUMO = -0.948190065837478
cycle= 1 E= -53.5488066608763  delta_E= -0.143  |g|= 0.0446  |ddm|= 0.0815
  HOMO = -1.55314828295997  LUMO = -0.894361101656754
cycle= 2 E= -53.5492158826607  delta_E= -0.000409  |g|= 0.00646  |ddm|= 0.0217
  HOMO = -1.55640584385046  LUMO = -0.899411696077264
cycle= 3 E= -53.5492280438071  delta_E= -1.22e-05  |g|= 0.000923  |ddm|= 0.00415
  HOMO = -1.55590042554998  LUMO = -0.898880845262586
cycle= 4 E= -53.5492283468083  delta_E= -3.03e-07  |g|= 0.000147  |ddm|= 0.000732
  HOMO = -1.55592546371439  LUMO = -0.898941724883846
cycle= 5 E= -53.5492283532919  delta_E= -6.48e-09  |g|= 1.73e-05  |ddm|= 0.000113
  HOMO = -1.55591921655488  LUMO = -0.898937713403844
cycle= 6 E= -53.5492283533773  delta_E= -8.55e-11  |g|= 1.88e-06  |ddm|= 1.4e-05
  HOMO = -1.55591934022555  LUMO = -0.898938200499564
cycle= 7 E= -53.5492283533786  delta_E= -1.24e-12  |g|= 1.4e-07  |ddm|= 2.17e-06
  HOMO = -1.55591932492492  LUMO = -0.898938188159121
Extra cycle  E= -53.5492283533787  delta_E= -1.21e-13  |g|= 4.07e-08  |ddm|= 2.04e-07
converged SCF energy = -53.5492283533787

******** <class 'pyscf.cc.ccsd.as_scanner.<locals>.CCSD_Scanner'> ********
CC2 = 0
CCSD nocc = 3, nmo = 146
max_cycle = 200
direct = 0
conv_tol = 1e-07
conv_tol_normt = 1e-05
diis_space = 12
diis_start_cycle = 0
diis_start_energy_diff = 1e+09
max_memory 48000 MB (current use 1680 MB)
Init E_corr(CCSD) = -0.0850311779320221
cycle = 1  E_corr(CCSD) = -0.158455940893275  dE = -0.073424763  norm(t1,t2) = 0.0991206
cycle = 2  E_corr(CCSD) = -0.164413485077961  dE = -0.00595754418  norm(t1,t2) = 0.0200082
cycle = 3  E_corr(CCSD) = -0.166176542293076  dE = -0.00176305722  norm(t1,t2) = 0.00542548
cycle = 4  E_corr(CCSD) = -0.166367574137524  dE = -0.000191031844  norm(t1,t2) = 0.00131384
cycle = 5  E_corr(CCSD) = -0.166405491202376  dE = -3.79170649e-05  norm(t1,t2) = 0.000621912
cycle = 6  E_corr(CCSD) = -0.166439424749112  dE = -3.39335467e-05  norm(t1,t2) = 0.000350762
cycle = 7  E_corr(CCSD) = -0.166455787567075  dE = -1.6362818e-05  norm(t1,t2) = 0.000199816
cycle = 8  E_corr(CCSD) = -0.166456875362899  dE = -1.08779582e-06  norm(t1,t2) = 7.67564e-05
cycle = 9  E_corr(CCSD) = -0.166457608373961  dE = -7.33011062e-07  norm(t1,t2) = 3.05316e-05
cycle = 10  E_corr(CCSD) = -0.166457746321659  dE = -1.37947698e-07  norm(t1,t2) = 1.99907e-05
cycle = 11  E_corr(CCSD) = -0.166457298408144  dE = 4.47913514e-07  norm(t1,t2) = 1.28618e-05
cycle = 12  E_corr(CCSD) = -0.166456820094816  dE = 4.78313328e-07  norm(t1,t2) = 7.32809e-06
cycle = 13  E_corr(CCSD) = -0.166456612620465  dE = 2.07474351e-07  norm(t1,t2) = 3.61787e-06
cycle = 14  E_corr(CCSD) = -0.166456709401713  dE = -9.67812482e-08  norm(t1,t2) = 2.37218e-06
CCSD_Scanner converged
E(CCSD_Scanner) = -53.71568506278041  E_corr = -0.1664567094017128
cycle = 1  norm(lambda1,lambda2) = 0.0958309
cycle = 2  norm(lambda1,lambda2) = 0.0184388
cycle = 3  norm(lambda1,lambda2) = 0.00512296
cycle = 4  norm(lambda1,lambda2) = 0.00164065
cycle = 5  norm(lambda1,lambda2) = 0.00093436
cycle = 6  norm(lambda1,lambda2) = 0.000508215
cycle = 7  norm(lambda1,lambda2) = 0.00023961
cycle = 8  norm(lambda1,lambda2) = 7.10299e-05
cycle = 9  norm(lambda1,lambda2) = 2.99677e-05
cycle = 10  norm(lambda1,lambda2) = 1.99989e-05
cycle = 11  norm(lambda1,lambda2) = 1.27148e-05
cycle = 12  norm(lambda1,lambda2) = 6.78532e-06
--------------- CCSD_Scanner gradients ---------------
         x                y                z
0 N     0.0375040211     0.0000000206    -0.0000002995
1 H    -0.0375040211    -0.0000000206     0.0000002995
----------------------------------------------
cycle 2: E = -53.7156850628  dE = -0.0199104  norm(grad) = 0.0530387

Geometry optimization cycle 3
Cartesian coordinates (Angstrom)
 Atom        New coordinates             dX        dY        dZ
   N  -0.099641  -0.000001   0.000012   -0.029604 -0.000001  0.000012
   H   1.099641   0.000001  -0.000012    0.029604  0.000001 -0.000012
New geometry
   1 N     -0.099640661232  -0.000000806384   0.000011723469 AA   -0.188293560600  -0.000001523845   0.000022154145 Bohr

   2 H      1.099640661152   0.000000806384  -0.000011723469 AA    2.078019685013   0.000001523845  -0.000022154145 Bohr



******** <class 'pyscf.scf.hf.as_scanner.<locals>.SCF_Scanner'> ********
method = SCF_Scanner-RHF
initial guess = minao
damping factor = 0
level_shift factor = 0
DIIS = <class 'pyscf.scf.diis.CDIIS'>
diis_start_cycle = 1
diis_space = 16
SCF conv_tol = 1e-09
SCF conv_tol_grad = 1e-06
SCF max_cycles = 200
direct_scf = True
direct_scf_tol = 1e-13
max_memory 48000 MB (current use 326 MB)
init E= -53.4993515603944
  HOMO = -1.55031713358862  LUMO = -0.906170262646282
cycle= 1 E= -53.5515470813934  delta_E= -0.0522  |g|= 0.0179  |ddm|= 0.0318
  HOMO = -1.53282065612468  LUMO = -0.88530199182258
cycle= 2 E= -53.5516126783126  delta_E= -6.56e-05  |g|= 0.00254  |ddm|= 0.0093
  HOMO = -1.53404263507845  LUMO = -0.887121423410595
cycle= 3 E= -53.5516147639658  delta_E= -2.09e-06  |g|= 0.000379  |ddm|= 0.0017
  HOMO = -1.53383746743279  LUMO = -0.88687455323608
cycle= 4 E= -53.5516148138183  delta_E= -4.99e-08  |g|= 5.55e-05  |ddm|= 0.000311
  HOMO = -1.53384960228115  LUMO = -0.886897177184116
cycle= 5 E= -53.5516148147254  delta_E= -9.07e-10  |g|= 7.13e-06  |ddm|= 4.19e-05
  HOMO = -1.5338471759169  LUMO = -0.886895143997459
cycle= 6 E= -53.5516148147407  delta_E= -1.53e-11  |g|= 1.42e-06  |ddm|= 5.54e-06
  HOMO = -1.53384726241123  LUMO = -0.886895360934746
cycle= 7 E= -53.551614814743  delta_E= -2.34e-12  |g|= 9.6e-07  |ddm|= 1.43e-06
  HOMO = -1.53384725951351  LUMO = -0.886895353212304
Extra cycle  E= -53.5516148147441  delta_E= -1.11e-12  |g|= 8.15e-07  |ddm|= 7.01e-07
converged SCF energy = -53.5516148147441

******** <class 'pyscf.cc.ccsd.as_scanner.<locals>.CCSD_Scanner'> ********
CC2 = 0
CCSD nocc = 3, nmo = 146
max_cycle = 200
direct = 0
conv_tol = 1e-07
conv_tol_normt = 1e-05
diis_space = 12
diis_start_cycle = 0
diis_start_energy_diff = 1e+09
max_memory 48000 MB (current use 1703 MB)
Init E_corr(CCSD) = -0.0880477431775082
cycle = 1  E_corr(CCSD) = -0.158380489993639  dE = -0.0703327468  norm(t1,t2) = 0.108638
cycle = 2  E_corr(CCSD) = -0.164631149836821  dE = -0.00625065984  norm(t1,t2) = 0.0230072
cycle = 3  E_corr(CCSD) = -0.166511964493289  dE = -0.00188081466  norm(t1,t2) = 0.00730638
cycle = 4  E_corr(CCSD) = -0.16686116712628  dE = -0.000349202633  norm(t1,t2) = 0.00301209
cycle = 5  E_corr(CCSD) = -0.167001492162938  dE = -0.000140325037  norm(t1,t2) = 0.00197194
cycle = 6  E_corr(CCSD) = -0.16712025129144  dE = -0.000118759129  norm(t1,t2) = 0.0010545
cycle = 7  E_corr(CCSD) = -0.16715543527299  dE = -3.51839815e-05  norm(t1,t2) = 0.000451161
cycle = 8  E_corr(CCSD) = -0.167148778561282  dE = 6.65671171e-06  norm(t1,t2) = 0.000167044
cycle = 9  E_corr(CCSD) = -0.167147826988229  dE = 9.51573053e-07  norm(t1,t2) = 7.39875e-05
cycle = 10  E_corr(CCSD) = -0.1671469879643  dE = 8.39023929e-07  norm(t1,t2) = 4.32957e-05
cycle = 11  E_corr(CCSD) = -0.167145857946805  dE = 1.1300175e-06  norm(t1,t2) = 2.43856e-05
cycle = 12  E_corr(CCSD) = -0.16714524341096  dE = 6.14535844e-07  norm(t1,t2) = 9.15781e-06
cycle = 13  E_corr(CCSD) = -0.167144953194792  dE = 2.90216169e-07  norm(t1,t2) = 2.73685e-06
cycle = 14  E_corr(CCSD) = -0.167144893695578  dE = 5.9499213e-08  norm(t1,t2) = 1.54957e-06
CCSD_Scanner converged
E(CCSD_Scanner) = -53.71875970843971  E_corr = -0.1671448936955785
cycle = 1  norm(lambda1,lambda2) = 0.104951
cycle = 2  norm(lambda1,lambda2) = 0.0211309
cycle = 3  norm(lambda1,lambda2) = 0.006964
cycle = 4  norm(lambda1,lambda2) = 0.00328958
cycle = 5  norm(lambda1,lambda2) = 0.00217578
cycle = 6  norm(lambda1,lambda2) = 0.0010651
cycle = 7  norm(lambda1,lambda2) = 0.000449847
cycle = 8  norm(lambda1,lambda2) = 0.000156
cycle = 9  norm(lambda1,lambda2) = 7.1212e-05
cycle = 10  norm(lambda1,lambda2) = 4.35529e-05
cycle = 11  norm(lambda1,lambda2) = 2.42943e-05
cycle = 12  norm(lambda1,lambda2) = 8.64302e-06
--------------- CCSD_Scanner gradients ---------------
         x                y                z
0 N     0.0187304305    -0.0000000387    -0.0000000382
1 H    -0.0187304305     0.0000000387     0.0000000382
----------------------------------------------
cycle 3: E = -53.7187597084  dE = -0.00307465  norm(grad) = 0.0264888

Geometry optimization cycle 4
Cartesian coordinates (Angstrom)
 Atom        New coordinates             dX        dY        dZ
   N  -0.129176   0.000003  -0.000005   -0.029536  0.000004 -0.000017
   H   1.129176  -0.000003   0.000005    0.029536 -0.000004  0.000017
New geometry
   1 N     -0.129176323389   0.000003011885  -0.000005430911 AA   -0.244107872983   0.000005691637  -0.000010262935 Bohr

   2 H      1.129176323293  -0.000003011885   0.000005430911 AA    2.133833997366  -0.000005691637   0.000010262935 Bohr



******** <class 'pyscf.scf.hf.as_scanner.<locals>.SCF_Scanner'> ********
method = SCF_Scanner-RHF
initial guess = minao
damping factor = 0
level_shift factor = 0
DIIS = <class 'pyscf.scf.diis.CDIIS'>
diis_start_cycle = 1
diis_space = 16
SCF conv_tol = 1e-09
SCF conv_tol_grad = 1e-06
SCF max_cycles = 200
direct_scf = True
direct_scf_tol = 1e-13
max_memory 48000 MB (current use 330 MB)
init E= -53.50154669352
  HOMO = -1.52762850902778  LUMO = -0.893632926953327
cycle= 1 E= -53.5523070475309  delta_E= -0.0508  |g|= 0.0173  |ddm|= 0.0294
  HOMO = -1.51105439511312  LUMO = -0.873166918184719
cycle= 2 E= -53.5523684096401  delta_E= -6.14e-05  |g|= 0.00245  |ddm|= 0.00949
  HOMO = -1.51230947845616  LUMO = -0.874944667954786
cycle= 3 E= -53.5523704559863  delta_E= -2.05e-06  |g|= 0.000394  |ddm|= 0.0017
  HOMO = -1.51209741278033  LUMO = -0.874669529556498
cycle= 4 E= -53.5523705105813  delta_E= -5.46e-08  |g|= 5.59e-05  |ddm|= 0.000336
  HOMO = -1.51211019844869  LUMO = -0.874690086916117
cycle= 5 E= -53.5523705115919  delta_E= -1.01e-09  |g|= 7.61e-06  |ddm|= 4.58e-05
  HOMO = -1.51210793991307  LUMO = -0.874687827437314
cycle= 6 E= -53.5523705116117  delta_E= -1.98e-11  |g|= 1.71e-06  |ddm|= 6.64e-06
  HOMO = -1.5121080684189  LUMO = -0.874688029903683
cycle= 7 E= -53.5523705116157  delta_E= -3.94e-12  |g|= 1.21e-06  |ddm|= 1.87e-06
  HOMO = -1.51210809543677  LUMO = -0.874688032152698
cycle= 8 E= -53.5523705116224  delta_E= -6.7e-12  |g|= 3.86e-07  |ddm|= 4.66e-06
  HOMO = -1.51210807042535  LUMO = -0.874688013473326
Extra cycle  E= -53.5523705116225  delta_E= -9.24e-14  |g|= 2.91e-07  |ddm|= 3.88e-07
converged SCF energy = -53.5523705116225

******** <class 'pyscf.cc.ccsd.as_scanner.<locals>.CCSD_Scanner'> ********
CC2 = 0
CCSD nocc = 3, nmo = 146
max_cycle = 200
direct = 0
conv_tol = 1e-07
conv_tol_normt = 1e-05
diis_space = 12
diis_start_cycle = 0
diis_start_energy_diff = 1e+09
max_memory 48000 MB (current use 1707 MB)
Init E_corr(CCSD) = -0.12198312492178
cycle = 1  E_corr(CCSD) = -0.164780302560385  dE = -0.0427971776  norm(t1,t2) = 0.0678141
cycle = 2  E_corr(CCSD) = -0.167186302276491  dE = -0.00240599972  norm(t1,t2) = 0.0122285
cycle = 3  E_corr(CCSD) = -0.167649736853991  dE = -0.000463434578  norm(t1,t2) = 0.00295276
cycle = 4  E_corr(CCSD) = -0.167721916679731  dE = -7.21798257e-05  norm(t1,t2) = 0.000997603
cycle = 5  E_corr(CCSD) = -0.167714975964509  dE = 6.94071522e-06  norm(t1,t2) = 0.000470139
cycle = 6  E_corr(CCSD) = -0.167726418481218  dE = -1.14425167e-05  norm(t1,t2) = 0.000276302
cycle = 7  E_corr(CCSD) = -0.167741260519895  dE = -1.48420387e-05  norm(t1,t2) = 0.000161364
cycle = 8  E_corr(CCSD) = -0.16774585974317  dE = -4.59922327e-06  norm(t1,t2) = 7.11476e-05
cycle = 9  E_corr(CCSD) = -0.167747736984891  dE = -1.87724172e-06  norm(t1,t2) = 2.70093e-05
cycle = 10  E_corr(CCSD) = -0.167748384016377  dE = -6.47031486e-07  norm(t1,t2) = 1.48212e-05
cycle = 11  E_corr(CCSD) = -0.167748120677717  dE = 2.6333866e-07  norm(t1,t2) = 9.71187e-06
cycle = 12  E_corr(CCSD) = -0.167747712537392  dE = 4.08140325e-07  norm(t1,t2) = 6.29058e-06
cycle = 13  E_corr(CCSD) = -0.167747500764541  dE = 2.11772851e-07  norm(t1,t2) = 3.34322e-06
cycle = 14  E_corr(CCSD) = -0.167747510060361  dE = -9.29581995e-09  norm(t1,t2) = 2.14306e-06
CCSD_Scanner converged
E(CCSD_Scanner) = -53.72011802168277  E_corr = -0.1677475100603613
cycle = 1  norm(lambda1,lambda2) = 0.0644249
cycle = 2  norm(lambda1,lambda2) = 0.0113501
cycle = 3  norm(lambda1,lambda2) = 0.00278982
cycle = 4  norm(lambda1,lambda2) = 0.0011014
cycle = 5  norm(lambda1,lambda2) = 0.000627709
cycle = 6  norm(lambda1,lambda2) = 0.000369438
cycle = 7  norm(lambda1,lambda2) = 0.000178329
cycle = 8  norm(lambda1,lambda2) = 6.42084e-05
cycle = 9  norm(lambda1,lambda2) = 2.50709e-05
cycle = 10  norm(lambda1,lambda2) = 1.49436e-05
cycle = 11  norm(lambda1,lambda2) = 9.84671e-06
--------------- CCSD_Scanner gradients ---------------
         x                y                z
0 N     0.0065343389     0.0000000744    -0.0000005343
1 H    -0.0065343389    -0.0000000744     0.0000005343
----------------------------------------------
cycle 4: E = -53.7201180217  dE = -0.00135831  norm(grad) = 0.00924095

Geometry optimization cycle 5
Cartesian coordinates (Angstrom)
 Atom        New coordinates             dX        dY        dZ
   N  -0.145001  -0.000001   0.000021   -0.015824 -0.000004  0.000026
   H   1.145001   0.000001  -0.000021    0.015824  0.000004 -0.000026
New geometry
   1 N     -0.145000740772  -0.000001377390   0.000020952105 AA   -0.274011687918  -0.000002602890   0.000039593741 Bohr

   2 H      1.145000740655   0.000001377390  -0.000020952105 AA    2.163737812262   0.000002602890  -0.000039593741 Bohr



******** <class 'pyscf.scf.hf.as_scanner.<locals>.SCF_Scanner'> ********
method = SCF_Scanner-RHF
initial guess = minao
damping factor = 0
level_shift factor = 0
DIIS = <class 'pyscf.scf.diis.CDIIS'>
diis_start_cycle = 1
diis_space = 16
SCF conv_tol = 1e-09
SCF conv_tol_grad = 1e-06
SCF max_cycles = 200
direct_scf = True
direct_scf_tol = 1e-13
max_memory 48000 MB (current use 328 MB)
init E= -53.5258403187655
  HOMO = -1.50854197374545  LUMO = -0.877942779915126
cycle= 1 E= -53.5523283180244  delta_E= -0.0265  |g|= 0.00894  |ddm|= 0.0151
  HOMO = -1.50008163433161  LUMO = -0.867304700138014
cycle= 2 E= -53.5523448320582  delta_E= -1.65e-05  |g|= 0.00127  |ddm|= 0.00507
  HOMO = -1.50075162281845  LUMO = -0.868229807976826
cycle= 3 E= -53.5523454050651  delta_E= -5.73e-07  |g|= 0.000215  |ddm|= 0.000915
  HOMO = -1.50063736994244  LUMO = -0.868075299801492
cycle= 4 E= -53.5523454214571  delta_E= -1.64e-08  |g|= 3.03e-05  |ddm|= 0.000188
  HOMO = -1.50064430890495  LUMO = -0.868085332034297
cycle= 5 E= -53.552345421786  delta_E= -3.29e-10  |g|= 5e-06  |ddm|= 2.64e-05
  HOMO = -1.5006431825093  LUMO = -0.868084060540319
cycle= 6 E= -53.5523454218036  delta_E= -1.76e-11  |g|= 2.47e-06  |ddm|= 4.69e-06
  HOMO = -1.50064331948249  LUMO = -0.86808421812348
cycle= 7 E= -53.5523454218181  delta_E= -1.45e-11  |g|= 1.78e-06  |ddm|= 3.97e-06
  HOMO = -1.50064330416197  LUMO = -0.8680841646664
cycle= 8 E= -53.5523454218339  delta_E= -1.59e-11  |g|= 2.09e-07  |ddm|= 9.14e-06
  HOMO = -1.50064327867758  LUMO = -0.868084153363707
Extra cycle  E= -53.5523454218338  delta_E= 1.56e-13  |g|= 1.07e-07  |ddm|= 2.61e-07
converged SCF energy = -53.5523454218338

******** <class 'pyscf.cc.ccsd.as_scanner.<locals>.CCSD_Scanner'> ********
CC2 = 0
CCSD nocc = 3, nmo = 146
max_cycle = 200
direct = 0
conv_tol = 1e-07
conv_tol_normt = 1e-05
diis_space = 12
diis_start_cycle = 0
diis_start_energy_diff = 1e+09
max_memory 48000 MB (current use 1705 MB)
Init E_corr(CCSD) = -0.126565358791404
cycle = 1  E_corr(CCSD) = -0.1639422607896  dE = -0.037376902  norm(t1,t2) = 0.0759185
cycle = 2  E_corr(CCSD) = -0.166842294110103  dE = -0.00290003332  norm(t1,t2) = 0.0157169
cycle = 3  E_corr(CCSD) = -0.167737590631022  dE = -0.000895296521  norm(t1,t2) = 0.00497313
cycle = 4  E_corr(CCSD) = -0.167842495159744  dE = -0.000104904529  norm(t1,t2) = 0.00220842
cycle = 5  E_corr(CCSD) = -0.167902883299945  dE = -6.03881402e-05  norm(t1,t2) = 0.00159582
cycle = 6  E_corr(CCSD) = -0.167992666917079  dE = -8.97836171e-05  norm(t1,t2) = 0.000839485
cycle = 7  E_corr(CCSD) = -0.168022945257909  dE = -3.02783408e-05  norm(t1,t2) = 0.000298777
cycle = 8  E_corr(CCSD) = -0.16802606413133  dE = -3.11887342e-06  norm(t1,t2) = 0.000109023
cycle = 9  E_corr(CCSD) = -0.168027691333031  dE = -1.6272017e-06  norm(t1,t2) = 6.61798e-05
cycle = 10  E_corr(CCSD) = -0.168026607733548  dE = 1.08359948e-06  norm(t1,t2) = 4.16981e-05
cycle = 11  E_corr(CCSD) = -0.168024739686839  dE = 1.86804671e-06  norm(t1,t2) = 1.64696e-05
cycle = 12  E_corr(CCSD) = -0.16802406496336  dE = 6.74723479e-07  norm(t1,t2) = 4.2408e-06
cycle = 13  E_corr(CCSD) = -0.168023818444625  dE = 2.46518735e-07  norm(t1,t2) = 1.57585e-06
cycle = 14  E_corr(CCSD) = -0.168023790483249  dE = 2.7961376e-08  norm(t1,t2) = 8.00788e-07
CCSD_Scanner converged
E(CCSD_Scanner) = -53.72036921231701  E_corr = -0.1680237904832489
cycle = 1  norm(lambda1,lambda2) = 0.0724994
cycle = 2  norm(lambda1,lambda2) = 0.0145456
cycle = 3  norm(lambda1,lambda2) = 0.0047392
cycle = 4  norm(lambda1,lambda2) = 0.00235457
cycle = 5  norm(lambda1,lambda2) = 0.0017154
cycle = 6  norm(lambda1,lambda2) = 0.000801468
cycle = 7  norm(lambda1,lambda2) = 0.000277795
cycle = 8  norm(lambda1,lambda2) = 0.000102476
cycle = 9  norm(lambda1,lambda2) = 6.52743e-05
cycle = 10  norm(lambda1,lambda2) = 4.02894e-05
cycle = 11  norm(lambda1,lambda2) = 1.39166e-05
cycle = 12  norm(lambda1,lambda2) = 3.84911e-06
--------------- CCSD_Scanner gradients ---------------
         x                y                z
0 N     0.0020771939    -0.0000000748    -0.0000000849
1 H    -0.0020771939     0.0000000748     0.0000000849
----------------------------------------------
cycle 5: E = -53.7203692123  dE = -0.000251191  norm(grad) = 0.0029376

Geometry optimization cycle 6
Cartesian coordinates (Angstrom)
 Atom        New coordinates             dX        dY        dZ
   N  -0.152376   0.000002   0.000025   -0.007375  0.000004  0.000004
   H   1.152376  -0.000002  -0.000025    0.007375 -0.000004 -0.000004
New geometry
   1 N     -0.152375502232   0.000002311318   0.000024991202 AA   -0.287947967312   0.000004367758   0.000047226528 Bohr

   2 H      1.152375502095  -0.000002311318  -0.000024991202 AA    2.177674091617  -0.000004367758  -0.000047226528 Bohr



******** <class 'pyscf.scf.hf.as_scanner.<locals>.SCF_Scanner'> ********
method = SCF_Scanner-RHF
initial guess = minao
damping factor = 0
level_shift factor = 0
DIIS = <class 'pyscf.scf.diis.CDIIS'>
diis_start_cycle = 1
diis_space = 16
SCF conv_tol = 1e-09
SCF conv_tol_grad = 1e-06
SCF max_cycles = 200
direct_scf = True
direct_scf_tol = 1e-13
max_memory 48000 MB (current use 333 MB)
init E= -53.5401523227038
  HOMO = -1.49893354844781  LUMO = -0.869506753417531
cycle= 1 E= -53.5522589922917  delta_E= -0.0121  |g|= 0.00407  |ddm|= 0.00693
  HOMO = -1.49509327398948  LUMO = -0.864639562325683
cycle= 2 E= -53.5522624427698  delta_E= -3.45e-06  |g|= 0.000582  |ddm|= 0.00235
  HOMO = -1.49540366547709  LUMO = -0.865063706194772
cycle= 3 E= -53.5522625650649  delta_E= -1.22e-07  |g|= 0.0001  |ddm|= 0.000425
  HOMO = -1.49535038547342  LUMO = -0.864990457721046
cycle= 4 E= -53.5522625686758  delta_E= -3.61e-09  |g|= 1.4e-05  |ddm|= 8.91e-05
  HOMO = -1.49535360313987  LUMO = -0.864994891068188
cycle= 5 E= -53.5522625687466  delta_E= -7.08e-11  |g|= 2.02e-06  |ddm|= 1.26e-05
  HOMO = -1.49535310434889  LUMO = -0.8649942980595
cycle= 6 E= -53.5522625687485  delta_E= -1.9e-12  |g|= 5.66e-07  |ddm|= 1.99e-06
  HOMO = -1.49535315190107  LUMO = -0.864994350173561
Extra cycle  E= -53.5522625687488  delta_E= -2.7e-13  |g|= 4.55e-07  |ddm|= 4.54e-07
converged SCF energy = -53.5522625687488

******** <class 'pyscf.cc.ccsd.as_scanner.<locals>.CCSD_Scanner'> ********
CC2 = 0
CCSD nocc = 3, nmo = 146
max_cycle = 200
direct = 0
conv_tol = 1e-07
conv_tol_normt = 1e-05
diis_space = 12
diis_start_cycle = 0
diis_start_energy_diff = 1e+09
max_memory 48000 MB (current use 1709 MB)
Init E_corr(CCSD) = -0.128873694197461
cycle = 1  E_corr(CCSD) = -0.163286809128182  dE = -0.0344131149  norm(t1,t2) = 0.0799622
cycle = 2  E_corr(CCSD) = -0.166498820721405  dE = -0.00321201159  norm(t1,t2) = 0.016805
cycle = 3  E_corr(CCSD) = -0.167671679151146  dE = -0.00117285843  norm(t1,t2) = 0.00554369
cycle = 4  E_corr(CCSD) = -0.167880716540588  dE = -0.000209037389  norm(t1,t2) = 0.00267943
cycle = 5  E_corr(CCSD) = -0.168033323941919  dE = -0.000152607401  norm(t1,t2) = 0.0018917
cycle = 6  E_corr(CCSD) = -0.168132034567969  dE = -9.87106261e-05  norm(t1,t2) = 0.000961971
cycle = 7  E_corr(CCSD) = -0.168151081931079  dE = -1.90473631e-05  norm(t1,t2) = 0.00036476
cycle = 8  E_corr(CCSD) = -0.168146566873233  dE = 4.51505785e-06  norm(t1,t2) = 0.000144542
cycle = 9  E_corr(CCSD) = -0.16814517601891  dE = 1.39085432e-06  norm(t1,t2) = 8.40852e-05
cycle = 10  E_corr(CCSD) = -0.168143163886625  dE = 2.01213229e-06  norm(t1,t2) = 5.07919e-05
cycle = 11  E_corr(CCSD) = -0.168141621082938  dE = 1.54280369e-06  norm(t1,t2) = 2.3532e-05
cycle = 12  E_corr(CCSD) = -0.168141010668009  dE = 6.10414929e-07  norm(t1,t2) = 8.08381e-06
cycle = 13  E_corr(CCSD) = -0.168140820418824  dE = 1.90249185e-07  norm(t1,t2) = 2.81162e-06
cycle = 14  E_corr(CCSD) = -0.168140833077247  dE = -1.26584226e-08  norm(t1,t2) = 1.9206e-06
CCSD_Scanner converged
E(CCSD_Scanner) = -53.72040340182605  E_corr = -0.1681408330772465
cycle = 1  norm(lambda1,lambda2) = 0.076434
cycle = 2  norm(lambda1,lambda2) = 0.0154717
cycle = 3  norm(lambda1,lambda2) = 0.00532572
cycle = 4  norm(lambda1,lambda2) = 0.00280102
cycle = 5  norm(lambda1,lambda2) = 0.00197078
cycle = 6  norm(lambda1,lambda2) = 0.000924372
cycle = 7  norm(lambda1,lambda2) = 0.00035785
cycle = 8  norm(lambda1,lambda2) = 0.000139154
cycle = 9  norm(lambda1,lambda2) = 8.17903e-05
cycle = 10  norm(lambda1,lambda2) = 5.01166e-05
cycle = 11  norm(lambda1,lambda2) = 2.35543e-05
cycle = 12  norm(lambda1,lambda2) = 7.77841e-06
--------------- CCSD_Scanner gradients ---------------
         x                y                z
0 N     0.0004172053     0.0000000009     0.0000003517
1 H    -0.0004172053    -0.0000000009    -0.0000003517
----------------------------------------------
cycle 6: E = -53.7204034018  dE = -3.41895e-05  norm(grad) = 0.000590018

Geometry optimization cycle 7
Cartesian coordinates (Angstrom)
 Atom        New coordinates             dX        dY        dZ
   N  -0.154229   0.000002   0.000009   -0.001854  0.000000 -0.000016
   H   1.154229  -0.000002  -0.000009    0.001854 -0.000000  0.000016
New geometry
   1 N     -0.154229005868   0.000002432300   0.000009283453 AA   -0.291450581555   0.000004596380   0.000017543184 Bohr

   2 H      1.154229005732  -0.000002432300  -0.000009283453 AA    2.181176705863  -0.000004596380  -0.000017543184 Bohr



******** <class 'pyscf.scf.hf.as_scanner.<locals>.SCF_Scanner'> ********
method = SCF_Scanner-RHF
initial guess = minao
damping factor = 0
level_shift factor = 0
DIIS = <class 'pyscf.scf.diis.CDIIS'>
diis_start_cycle = 1
diis_space = 16
SCF conv_tol = 1e-09
SCF conv_tol_grad = 1e-06
SCF max_cycles = 200
direct_scf = True
direct_scf_tol = 1e-13
max_memory 48000 MB (current use 334 MB)
init E= -53.5492235826453
  HOMO = -1.49491810198419  LUMO = -0.865339692773875
cycle= 1 E= -53.5522356723902  delta_E= -0.00301  |g|= 0.00101  |ddm|= 0.00173
  HOMO = -1.49396445596317  LUMO = -0.864128655494588
cycle= 2 E= -53.5522358865058  delta_E= -2.14e-07  |g|= 0.000145  |ddm|= 0.000588
  HOMO = -1.49404191737218  LUMO = -0.864234208379155
cycle= 3 E= -53.5522358941717  delta_E= -7.67e-09  |g|= 2.53e-05  |ddm|= 0.000107
  HOMO = -1.49402856095153  LUMO = -0.864215749749736
cycle= 4 E= -53.5522358944066  delta_E= -2.35e-10  |g|= 3.98e-06  |ddm|= 2.25e-05
  HOMO = -1.49402937091743  LUMO = -0.864216847007407
cycle= 5 E= -53.5522358944164  delta_E= -9.82e-12  |g|= 1.65e-06  |ddm|= 3.6e-06
  HOMO = -1.49402922759627  LUMO = -0.864216673602823
cycle= 6 E= -53.5522358944208  delta_E= -4.41e-12  |g|= 1.3e-06  |ddm|= 1.72e-06
  HOMO = -1.49402929277836  LUMO = -0.864216740092678
cycle= 7 E= -53.5522358944292  delta_E= -8.32e-12  |g|= 3.48e-07  |ddm|= 6.01e-06
  HOMO = -1.49402925122345  LUMO = -0.864216692824426
Extra cycle  E= -53.5522358944294  delta_E= -2.77e-13  |g|= 2.35e-07  |ddm|= 3.02e-07
converged SCF energy = -53.5522358944294

******** <class 'pyscf.cc.ccsd.as_scanner.<locals>.CCSD_Scanner'> ********
CC2 = 0
CCSD nocc = 3, nmo = 146
max_cycle = 200
direct = 0
conv_tol = 1e-07
conv_tol_normt = 1e-05
diis_space = 12
diis_start_cycle = 0
diis_start_energy_diff = 1e+09
max_memory 48000 MB (current use 1711 MB)
Init E_corr(CCSD) = -0.159040444373497
cycle = 1  E_corr(CCSD) = -0.167384184754615  dE = -0.00834374038  norm(t1,t2) = 0.0346072
cycle = 2  E_corr(CCSD) = -0.167780398232505  dE = -0.000396213478  norm(t1,t2) = 0.00717449
cycle = 3  E_corr(CCSD) = -0.168042447546665  dE = -0.000262049314  norm(t1,t2) = 0.00217099
cycle = 4  E_corr(CCSD) = -0.168104989938164  dE = -6.25423915e-05  norm(t1,t2) = 0.000566864
cycle = 5  E_corr(CCSD) = -0.168145726172651  dE = -4.07362345e-05  norm(t1,t2) = 0.000320984
cycle = 6  E_corr(CCSD) = -0.168164806327192  dE = -1.90801545e-05  norm(t1,t2) = 0.00017427
cycle = 7  E_corr(CCSD) = -0.168168868410386  dE = -4.06208319e-06  norm(t1,t2) = 0.000101575
cycle = 8  E_corr(CCSD) = -0.168169060387773  dE = -1.91977387e-07  norm(t1,t2) = 5.12085e-05
cycle = 9  E_corr(CCSD) = -0.168169429804956  dE = -3.69417183e-07  norm(t1,t2) = 1.78038e-05
cycle = 10  E_corr(CCSD) = -0.168169446805833  dE = -1.70008769e-08  norm(t1,t2) = 8.17558e-06
CCSD_Scanner converged
E(CCSD_Scanner) = -53.72040534123527  E_corr = -0.1681694468058326
cycle = 1  norm(lambda1,lambda2) = 0.0328362
cycle = 2  norm(lambda1,lambda2) = 0.00668587
cycle = 3  norm(lambda1,lambda2) = 0.00205312
cycle = 4  norm(lambda1,lambda2) = 0.000579773
cycle = 5  norm(lambda1,lambda2) = 0.000335373
cycle = 6  norm(lambda1,lambda2) = 0.000178981
cycle = 7  norm(lambda1,lambda2) = 0.000103664
cycle = 8  norm(lambda1,lambda2) = 4.91219e-05
cycle = 9  norm(lambda1,lambda2) = 1.70633e-05
cycle = 10  norm(lambda1,lambda2) = 8.27726e-06
--------------- CCSD_Scanner gradients ---------------
         x                y                z
0 N     0.0000390642    -0.0000000067    -0.0000001410
1 H    -0.0000390642     0.0000000067     0.0000001410
----------------------------------------------
cycle 7: E = -53.7204053412  dE = -1.93941e-06  norm(grad) = 5.52455e-05

Geometry optimization cycle 8
Cartesian coordinates (Angstrom)
 Atom        New coordinates             dX        dY        dZ
   N  -0.154420   0.000003   0.000015   -0.000191  0.000000  0.000005
   H   1.154420  -0.000003  -0.000015    0.000191 -0.000000 -0.000005
New geometry
   1 N     -0.154420484895   0.000002716706   0.000014642491 AA   -0.291812424474   0.000005133829   0.000027670298 Bohr

   2 H      1.154420484750  -0.000002716706  -0.000014642491 AA    2.181538548765  -0.000005133829  -0.000027670298 Bohr



******** <class 'pyscf.scf.hf.as_scanner.<locals>.SCF_Scanner'> ********
method = SCF_Scanner-RHF
initial guess = minao
damping factor = 0
level_shift factor = 0
DIIS = <class 'pyscf.scf.diis.CDIIS'>
diis_start_cycle = 1
diis_space = 16
SCF conv_tol = 1e-09
SCF conv_tol_grad = 1e-06
SCF max_cycles = 200
direct_scf = True
direct_scf_tol = 1e-13
max_memory 48000 MB (current use 335 MB)
init E= -53.5519226518057
  HOMO = -1.49398417380063  LUMO = -0.86425204479101
cycle= 1 E= -53.5522330125747  delta_E= -0.00031  |g|= 0.000104  |ddm|= 0.000178
  HOMO = -1.49388594596946  LUMO = -0.86412728008125
cycle= 2 E= -53.5522330148506  delta_E= -2.28e-09  |g|= 1.5e-05  |ddm|= 6.06e-05
  HOMO = -1.49389392901883  LUMO = -0.86413815457262
cycle= 3 E= -53.5522330149329  delta_E= -8.23e-11  |g|= 2.69e-06  |ddm|= 1.1e-05
  HOMO = -1.49389255002775  LUMO = -0.864136247140723
cycle= 4 E= -53.5522330149358  delta_E= -2.91e-12  |g|= 6.78e-07  |ddm|= 2.39e-06
  HOMO = -1.49389264499399  LUMO = -0.864136376150919
Extra cycle  E= -53.5522330149365  delta_E= -7.25e-13  |g|= 5.11e-07  |ddm|= 5e-07
converged SCF energy = -53.5522330149365

******** <class 'pyscf.cc.ccsd.as_scanner.<locals>.CCSD_Scanner'> ********
CC2 = 0
CCSD nocc = 3, nmo = 146
max_cycle = 200
direct = 0
conv_tol = 1e-07
conv_tol_normt = 1e-05
diis_space = 12
diis_start_cycle = 0
diis_start_energy_diff = 1e+09
max_memory 48000 MB (current use 1712 MB)
Init E_corr(CCSD) = -0.160665787346794
cycle = 1  E_corr(CCSD) = -0.167397878292563  dE = -0.00673209095  norm(t1,t2) = 0.0343462
cycle = 2  E_corr(CCSD) = -0.167787756401011  dE = -0.000389878108  norm(t1,t2) = 0.00712991
cycle = 3  E_corr(CCSD) = -0.168047250759661  dE = -0.000259494359  norm(t1,t2) = 0.00216873
cycle = 4  E_corr(CCSD) = -0.168108988697858  dE = -6.17379382e-05  norm(t1,t2) = 0.000561402
cycle = 5  E_corr(CCSD) = -0.16815012444025  dE = -4.11357424e-05  norm(t1,t2) = 0.000314282
cycle = 6  E_corr(CCSD) = -0.168168687830899  dE = -1.85633906e-05  norm(t1,t2) = 0.000171028
cycle = 7  E_corr(CCSD) = -0.168171785917033  dE = -3.09808613e-06  norm(t1,t2) = 9.74538e-05
cycle = 8  E_corr(CCSD) = -0.168172062685878  dE = -2.76768845e-07  norm(t1,t2) = 4.87773e-05
cycle = 9  E_corr(CCSD) = -0.168172324385974  dE = -2.61700096e-07  norm(t1,t2) = 1.71928e-05
cycle = 10  E_corr(CCSD) = -0.168172336004624  dE = -1.16186501e-08  norm(t1,t2) = 8.11698e-06
CCSD_Scanner converged
E(CCSD_Scanner) = -53.72040535094115  E_corr = -0.1681723360046242
cycle = 1  norm(lambda1,lambda2) = 0.0325724
cycle = 2  norm(lambda1,lambda2) = 0.00665937
cycle = 3  norm(lambda1,lambda2) = 0.00204771
cycle = 4  norm(lambda1,lambda2) = 0.000567654
cycle = 5  norm(lambda1,lambda2) = 0.000321394
cycle = 6  norm(lambda1,lambda2) = 0.000171536
cycle = 7  norm(lambda1,lambda2) = 9.78315e-05
cycle = 8  norm(lambda1,lambda2) = 4.65618e-05
cycle = 9  norm(lambda1,lambda2) = 1.64783e-05
cycle = 10  norm(lambda1,lambda2) = 8.1041e-06
--------------- CCSD_Scanner gradients ---------------
         x                y                z
0 N     0.0000007488     0.0000000230     0.0000003077
1 H    -0.0000007488    -0.0000000230    -0.0000003077
----------------------------------------------
cycle 8: E = -53.7204053509  dE = -9.70588e-09  norm(grad) = 1.14527e-06
