#INFO: **** input file is /ihome/jkeith/amm503/projects/apdft/dimer-geo-opt/b.h/b.h.chrg1.mult4/b.h.chrg1.mult4.geomopt/b.h.chrg1.mult4.sep1.0-pyscf.apdft-ccsdt.ccpv5z/apdft-pyscf-calc.py ****

import os
import pathlib
import re
import numpy as np
import json
import pyscf
import pyscf.gto
import pyscf.qmmm
from pyscf import scf
import pyscf.dft
import pyscf.lib
import pyscf.mp
from pyscf.geomopt.geometric_solver import optimize
from pyscf import __version__ as pyscf_version
import findiff
import matplotlib.pyplot as plt

try:
    import cclib
    has_cclib = True
except:
    has_cclib = False

try:
    from mpi4pyscf import scf
except:
    pass

# Specifying system.
atoms = ['B', 'H']
dimer_sep = 1.0  # `None` if a single atom, float if dimer (in Angstroms).
charge = 1
multiplicity = 4
scf_conv_tol = 1e-09  # Default: 1e-9
scf_conv_tol_grad = 1e-06  # Default: 3.162e-6
cc_conv_tol = 1e-07  # Default: 1e-7
cc_conv_tol_normt = 1e-05  # Default: 1e-5

scf_diis_space = 16  # Default: 8
cc_diis_space = 12  # Default: 6

# Specifying calculation.
qc_method = 'CCSD(T)'
basis_set = 'cc-pV5Z'  # cc-pV5Z
n_cores = 6  # Number of cores used on SMP (used for max memory).





#####     NO CHANGES NEEDED BELOW     #####


# Setting up paths.
work_dir = str(pathlib.Path(__file__).parent.resolve())
if work_dir[-1] == '/': work_dir = work_dir[:-1]  # Ensures path does NOT end in '/'

_element_to_z = {
    'H': 1, 'He': 2, 'Li': 3, 'Be': 4, 'B': 5, 'C': 6, 'N': 7, 'O': 8, 'F': 9,
    'Ne': 10, 'Na': 11, 'Mg': 12, 'Al': 13, 'Si': 14, 'P': 15, 'S': 16,
    'Cl': 17, 'Ar': 18
}

def atoms_by_number(atom_list):
    return [_element_to_z[i] for i in atom_list]

qc_method_lower = qc_method.lower()
atomic_numbers = atoms_by_number(atoms)
qc_method_label = qc_method

# Plot colors
ref_color = 'dimgrey'

def get_sys_label(atoms, charge, multiplicity, dimer_sep=None):
    atoms_label = '.'.join([i.lower() for i in atoms])
    return f'{atoms_label}.chrg{charge}.mult{multiplicity}'

def get_calc_label(sys_label, qc_method, basis_set):
    pattern = re.compile('[\W_]+')
    qc_method_label = pattern.sub('', qc_method.lower())
    basis_set_label = pattern.sub('', basis_set.lower())
    return f'{sys_label}-pyscf-{qc_method_label}.{basis_set_label}'

# Prepares molecular structures.
mol = pyscf.gto.Mole()

## Atomic coordinates in units of Angstrom.
mol.unit = 'angstrom'  # Insures Angstroms are enforced.
coords = np.array([np.zeros(3)])
mol.atom = [[atoms[0], coords[0]]]
if len(atoms) == 2:
    assert dimer_sep is not None
    coords = np.vstack((coords, np.array([dimer_sep, 0, 0])))
    mol.atom.extend([[atoms[1], coords[1]]])
elif len(atoms) == 1:
    assert dimer_sep is None

mol.charge = charge
mol.multiplicity = multiplicity
mol.basis = basis_set

# Handles cores and memory.
os.environ['OMP_NUM_THREADS'] = f'{n_cores}'  # For CRC jobs only.
mol.max_memory = 8000 * n_cores

# Handles calculation logging.
mol.verbose = 4  # Controls print level; 4 is recommended.
system_label = get_sys_label(atoms, charge, multiplicity, dimer_sep=dimer_sep)
calc_label = get_calc_label(system_label, qc_method_label, basis_set)
mol.output = f'{work_dir}/{calc_label}.log'  # Sets the output file.

# Builds the molecular structure. (Must go after everything else).
mol.build()



def _calc_distance(r1, r2):
    """Calculates the Euclidean distance between two points.

    Parameters
    ----------
    r1 : :obj:`numpy.ndarray`
        Cartesian coordinates of a point with shape ``(3,)``.
    r2 : :obj:`numpy.ndarray`
        Cartesian coordinates of a point with shape ``(3,)``.
    """
    return np.linalg.norm(r1 - r2)



calc = scf.HF(mol)

calc.chkfile = None

calc.max_cycle = 200  # Default: 50
calc.conv_tol = scf_conv_tol
calc.conv_tol_grad = scf_conv_tol_grad
calc.diis_space = scf_diis_space

cc_calc = pyscf.cc.CCSD(calc)
cc_calc.max_cycle = 200
cc_calc.conv_tol = cc_conv_tol
cc_calc.conv_tol_normt = cc_conv_tol_normt
cc_calc.diis_space = cc_diis_space

mol_eq = optimize(cc_calc, maxsteps=100)

coords = mol_eq.atom_coords(unit='Angstrom')
distance = _calc_distance(coords[0], coords[1])
print(f'Optimized bond length = {distance} A')
#INFO: ******************** input file end ********************


System: uname_result(system='Linux', node='smp-n142.crc.pitt.edu', release='3.10.0-1160.15.2.el7.x86_64', version='#1 SMP Thu Jan 21 16:15:07 EST 2021', machine='x86_64', processor='x86_64')  Threads 6
Python 3.7.0 (default, Jun 28 2018, 13:15:42) 
[GCC 7.2.0]
numpy 1.21.2  scipy 1.7.1
Date: Mon Nov 15 13:36:42 2021
PySCF version 1.7.6
PySCF path  /ihome/jkeith/amm503/.local/lib/python3.7/site-packages/pyscf

[CONFIG] conf_file None
[INPUT] verbose = 4
[INPUT] num. atoms = 2
[INPUT] num. electrons = 5
[INPUT] charge = 1
[INPUT] spin (= nelec alpha-beta = 2S) = 3
[INPUT] symmetry False subgroup None
[INPUT] Mole.unit = angstrom
[INPUT]  1 B      0.000000000000   0.000000000000   0.000000000000 AA    0.000000000000   0.000000000000   0.000000000000 Bohr
[INPUT]  2 H      1.000000000000   0.000000000000   0.000000000000 AA    1.889726124565   0.000000000000   0.000000000000 Bohr

nuclear repulsion = 2.6458860546
number of shells = 35
number of NR pGTOs = 166
number of NR cGTOs = 146
basis = cc-pV5Z
ecp = {}
CPU time:         2.65
Create scanner for <class 'pyscf.grad.uccsd.Gradients'>
Set <class 'pyscf.cc.uccsd.UCCSD'> as a scanner
Create scanner for <class 'pyscf.scf.uhf.UHF'>

Geometry optimization cycle 1
Cartesian coordinates (Angstrom)
 Atom        New coordinates             dX        dY        dZ
   B   0.000000   0.000000   0.000000    0.000000  0.000000  0.000000
   H   1.000000   0.000000   0.000000    0.000000  0.000000  0.000000
New geometry
   1 B      0.000000000000   0.000000000000   0.000000000000 AA    0.000000000000   0.000000000000   0.000000000000 Bohr

   2 H      1.000000000000   0.000000000000   0.000000000000 AA    1.889726124565   0.000000000000   0.000000000000 Bohr



******** <class 'pyscf.scf.hf.as_scanner.<locals>.SCF_Scanner'> ********
method = SCF_Scanner-UHF
initial guess = minao
damping factor = 0
level_shift factor = 0
DIIS = <class 'pyscf.scf.diis.CDIIS'>
diis_start_cycle = 1
diis_space = 16
SCF conv_tol = 1e-09
SCF conv_tol_grad = 1e-06
SCF max_cycles = 200
direct_scf = True
direct_scf_tol = 1e-13
max_memory 48000 MB (current use 147 MB)
number electrons alpha = 4  beta = 1
init E= -25.01066233011

WARN: alpha nocc = 4  HOMO -0.00327050733411623 >= LUMO -0.00327050733411298

  beta  nocc = 1  HOMO = -7.65998066527944  LUMO = -0.760690679000591

WARN: system HOMO -0.00327050733411623 >= system LUMO -0.760690679000591

cycle= 1 E= -24.3304913369174  delta_E= 0.68  |g|= 0.368  |ddm|= 0.935
  alpha nocc = 4  HOMO = -0.759912013424444  LUMO = -0.461654160291118
  beta  nocc = 1  HOMO = -8.42462870942075  LUMO = -0.7180991574499
cycle= 2 E= -24.5186461824805  delta_E= -0.188  |g|= 0.0857  |ddm|= 0.601
  alpha nocc = 4  HOMO = -0.741866146004981  LUMO = -0.30906547776006
  beta  nocc = 1  HOMO = -8.03924707335694  LUMO = -0.518006322071978
cycle= 3 E= -24.5283876517609  delta_E= -0.00974  |g|= 0.0173  |ddm|= 0.14
  alpha nocc = 4  HOMO = -0.740689913220583  LUMO = -0.308277474676354
  beta  nocc = 1  HOMO = -8.04983220356178  LUMO = -0.51740238229435
cycle= 4 E= -24.5288086385837  delta_E= -0.000421  |g|= 0.00338  |ddm|= 0.04
  alpha nocc = 4  HOMO = -0.741995022885091  LUMO = -0.306319108421684
  beta  nocc = 1  HOMO = -8.04361017110712  LUMO = -0.514965447823612
cycle= 5 E= -24.5288239273979  delta_E= -1.53e-05  |g|= 0.000622  |ddm|= 0.00601
  alpha nocc = 4  HOMO = -0.742237293330343  LUMO = -0.306220224828116
  beta  nocc = 1  HOMO = -8.04333600513367  LUMO = -0.514741389039109
cycle= 6 E= -24.5288244965039  delta_E= -5.69e-07  |g|= 0.000114  |ddm|= 0.00103
  alpha nocc = 4  HOMO = -0.742206630794518  LUMO = -0.306276680602012
  beta  nocc = 1  HOMO = -8.04344093617462  LUMO = -0.514791952877779
cycle= 7 E= -24.5288245145444  delta_E= -1.8e-08  |g|= 1.77e-05  |ddm|= 0.000205
  alpha nocc = 4  HOMO = -0.742213927863373  LUMO = -0.306269097149513
  beta  nocc = 1  HOMO = -8.04343070274147  LUMO = -0.514783178369304
cycle= 8 E= -24.5288245149185  delta_E= -3.74e-10  |g|= 2.66e-06  |ddm|= 3.91e-05
  alpha nocc = 4  HOMO = -0.742213170886505  LUMO = -0.306270497351279
  beta  nocc = 1  HOMO = -8.04343358436392  LUMO = -0.514784941989175
cycle= 9 E= -24.5288245149268  delta_E= -8.31e-12  |g|= 3.31e-07  |ddm|= 5.24e-06
  alpha nocc = 4  HOMO = -0.742213182760562  LUMO = -0.306270512006203
  beta  nocc = 1  HOMO = -8.04343368578743  LUMO = -0.514785027695454
Extra cycle  E= -24.5288245149269  delta_E= -1.49e-13  |g|= 1.09e-07  |ddm|= 8.53e-07
converged SCF energy = -24.5288245149269  <S^2> = 3.7500096  2S+1 = 4.0000048

******** <class 'pyscf.cc.ccsd.as_scanner.<locals>.CCSD_Scanner'> ********
CC2 = 0
CCSD nocc = (4, 1), nmo = (146, 146)
max_cycle = 200
direct = 0
conv_tol = 1e-07
conv_tol_normt = 1e-05
diis_space = 12
diis_start_cycle = 0
diis_start_energy_diff = 1e+09
max_memory 48000 MB (current use 3342 MB)
Init t2, MP2 energy = -0.0397474739743554
Init E_corr(CCSD) = -0.0397474739743653
cycle = 1  E_corr(CCSD) = -0.0444631454891771  dE = -0.00471567151  norm(t1,t2) = 0.0180036
cycle = 2  E_corr(CCSD) = -0.045423317741857  dE = -0.000960172253  norm(t1,t2) = 0.00643829
cycle = 3  E_corr(CCSD) = -0.0458577829389392  dE = -0.000434465197  norm(t1,t2) = 0.00262613
cycle = 4  E_corr(CCSD) = -0.045831964085194  dE = 2.58188537e-05  norm(t1,t2) = 0.000466278
cycle = 5  E_corr(CCSD) = -0.0458386397617195  dE = -6.67567653e-06  norm(t1,t2) = 8.62669e-05
cycle = 6  E_corr(CCSD) = -0.045837104040646  dE = 1.53572107e-06  norm(t1,t2) = 1.52163e-05
cycle = 7  E_corr(CCSD) = -0.0458372894557106  dE = -1.85415065e-07  norm(t1,t2) = 1.99379e-06
cycle = 8  E_corr(CCSD) = -0.0458372755784039  dE = 1.38773067e-08  norm(t1,t2) = 3.40722e-07
CCSD_Scanner converged
E(CCSD_Scanner) = -24.57466179050531  E_corr = -0.04583727557840391
cycle = 1  norm(lambda1,lambda2) = 0.000589905
cycle = 2  norm(lambda1,lambda2) = 0.000177603
cycle = 3  norm(lambda1,lambda2) = 6.1585e-05
cycle = 4  norm(lambda1,lambda2) = 9.97075e-06
--------------- CCSD_Scanner gradients ---------------
         x                y                z
0 B     0.2711567205     0.0000000000    -0.0000000000
1 H    -0.2711567205    -0.0000000000     0.0000000000
----------------------------------------------
cycle 1: E = -24.5746617905  dE = -24.5747  norm(grad) = 0.383474

Geometry optimization cycle 2
Cartesian coordinates (Angstrom)
 Atom        New coordinates             dX        dY        dZ
   B  -0.100000  -0.000000   0.000000   -0.100000 -0.000000  0.000000
   H   1.100000   0.000000  -0.000000    0.100000  0.000000 -0.000000
New geometry
   1 B     -0.100000000019  -0.000000000000   0.000000000000 AA   -0.188972612493  -0.000000000000   0.000000000000 Bohr

   2 H      1.099999999981   0.000000000000  -0.000000000000 AA    2.078698736985   0.000000000000  -0.000000000000 Bohr



******** <class 'pyscf.scf.hf.as_scanner.<locals>.SCF_Scanner'> ********
method = SCF_Scanner-UHF
initial guess = minao
damping factor = 0
level_shift factor = 0
DIIS = <class 'pyscf.scf.diis.CDIIS'>
diis_start_cycle = 1
diis_space = 16
SCF conv_tol = 1e-09
SCF conv_tol_grad = 1e-06
SCF max_cycles = 200
direct_scf = True
direct_scf_tol = 1e-13
max_memory 48000 MB (current use 365 MB)
number electrons alpha = 4  beta = 1
init E= -24.508047657643
  alpha nocc = 4  HOMO = -0.728664584817253  LUMO = -0.305241418347446
  beta  nocc = 1  HOMO = -8.04597135459573  LUMO = -0.494699958618459
cycle= 1 E= -24.5966121117015  delta_E= -0.0886  |g|= 0.0247  |ddm|= 0.0554
  alpha nocc = 4  HOMO = -0.721448843194008  LUMO = -0.29253757166342
  beta  nocc = 1  HOMO = -8.03293787227582  LUMO = -0.470950885038309
cycle= 2 E= -24.5970431412025  delta_E= -0.000431  |g|= 0.0069  |ddm|= 0.02
  alpha nocc = 4  HOMO = -0.723947028056901  LUMO = -0.295054122412367
  beta  nocc = 1  HOMO = -8.03965862514594  LUMO = -0.474912439328813
cycle= 3 E= -24.5971016020802  delta_E= -5.85e-05  |g|= 0.00147  |ddm|= 0.00998
  alpha nocc = 4  HOMO = -0.724251120978045  LUMO = -0.295091757568496
  beta  nocc = 1  HOMO = -8.03907764236927  LUMO = -0.474592106774668
cycle= 4 E= -24.5971053224857  delta_E= -3.72e-06  |g|= 0.000397  |ddm|= 0.00266
  alpha nocc = 4  HOMO = -0.724364430542512  LUMO = -0.295073988187287
  beta  nocc = 1  HOMO = -8.03902388206068  LUMO = -0.474422518564821
cycle= 5 E= -24.5971056295757  delta_E= -3.07e-07  |g|= 7.92e-05  |ddm|= 0.000824
  alpha nocc = 4  HOMO = -0.724387777283439  LUMO = -0.295078882052792
  beta  nocc = 1  HOMO = -8.0390364371178  LUMO = -0.474423513005136
cycle= 6 E= -24.5971056386889  delta_E= -9.11e-09  |g|= 7.17e-06  |ddm|= 0.000124
  alpha nocc = 4  HOMO = -0.724388888552061  LUMO = -0.295079915267521
  beta  nocc = 1  HOMO = -8.03904002668261  LUMO = -0.474426825610285
cycle= 7 E= -24.5971056387411  delta_E= -5.22e-11  |g|= 7.99e-07  |ddm|= 1.01e-05
  alpha nocc = 4  HOMO = -0.724388755038876  LUMO = -0.295079863580333
  beta  nocc = 1  HOMO = -8.03903960324553  LUMO = -0.474426834869433
Extra cycle  E= -24.5971056387417  delta_E= -5.65e-13  |g|= 2.58e-07  |ddm|= 2.07e-06
converged SCF energy = -24.5971056387417  <S^2> = 3.7500087  2S+1 = 4.0000044

******** <class 'pyscf.cc.ccsd.as_scanner.<locals>.CCSD_Scanner'> ********
CC2 = 0
CCSD nocc = (4, 1), nmo = (146, 146)
max_cycle = 200
direct = 0
conv_tol = 1e-07
conv_tol_normt = 1e-05
diis_space = 12
diis_start_cycle = 0
diis_start_energy_diff = 1e+09
max_memory 48000 MB (current use 3501 MB)
Init E_corr(CCSD) = -0.0139494572397603
cycle = 1  E_corr(CCSD) = -0.0405234475389036  dE = -0.0265739903  norm(t1,t2) = 0.0832357
cycle = 2  E_corr(CCSD) = -0.0437025541005522  dE = -0.00317910656  norm(t1,t2) = 0.0192438
cycle = 3  E_corr(CCSD) = -0.0446383516546739  dE = -0.000935797554  norm(t1,t2) = 0.00643794
cycle = 4  E_corr(CCSD) = -0.0446390861179874  dE = -7.34463313e-07  norm(t1,t2) = 0.00109295
cycle = 5  E_corr(CCSD) = -0.0446459672210266  dE = -6.88110304e-06  norm(t1,t2) = 0.000236781
cycle = 6  E_corr(CCSD) = -0.0446476971935775  dE = -1.72997255e-06  norm(t1,t2) = 5.19965e-05
cycle = 7  E_corr(CCSD) = -0.0446472239364244  dE = 4.73257153e-07  norm(t1,t2) = 1.29968e-05
cycle = 8  E_corr(CCSD) = -0.0446472085898226  dE = 1.53466018e-08  norm(t1,t2) = 4.62403e-06
CCSD_Scanner converged
E(CCSD_Scanner) = -24.64175284733154  E_corr = -0.04464720858982258
cycle = 1  norm(lambda1,lambda2) = 0.0830783
cycle = 2  norm(lambda1,lambda2) = 0.018831
cycle = 3  norm(lambda1,lambda2) = 0.00629022
cycle = 4  norm(lambda1,lambda2) = 0.00105642
cycle = 5  norm(lambda1,lambda2) = 0.000228506
cycle = 6  norm(lambda1,lambda2) = 4.96946e-05
cycle = 7  norm(lambda1,lambda2) = 1.20598e-05
cycle = 8  norm(lambda1,lambda2) = 4.32806e-06
--------------- CCSD_Scanner gradients ---------------
         x                y                z
0 B     0.1064154145    -0.0000000279    -0.0000000446
1 H    -0.1064154145     0.0000000279     0.0000000446
----------------------------------------------
cycle 2: E = -24.6417528473  dE = -0.0670911  norm(grad) = 0.150494

Geometry optimization cycle 3
Cartesian coordinates (Angstrom)
 Atom        New coordinates             dX        dY        dZ
   B  -0.164595   0.000001   0.000002   -0.064595  0.000001  0.000002
   H   1.164595  -0.000001  -0.000002    0.064595 -0.000001 -0.000002
New geometry
   1 B     -0.164595466151   0.000001398550   0.000002239286 AA   -0.311040352371   0.000002642876   0.000004231637 Bohr

   2 H      1.164595466189  -0.000001398550  -0.000002239286 AA    2.200766477007  -0.000002642876  -0.000004231637 Bohr



******** <class 'pyscf.scf.hf.as_scanner.<locals>.SCF_Scanner'> ********
method = SCF_Scanner-UHF
initial guess = minao
damping factor = 0
level_shift factor = 0
DIIS = <class 'pyscf.scf.diis.CDIIS'>
diis_start_cycle = 1
diis_space = 16
SCF conv_tol = 1e-09
SCF conv_tol_grad = 1e-06
SCF max_cycles = 200
direct_scf = True
direct_scf_tol = 1e-13
max_memory 48000 MB (current use 340 MB)
number electrons alpha = 4  beta = 1
init E= -24.5685498002583
  alpha nocc = 4  HOMO = -0.720644775235361  LUMO = -0.296279782492056
  beta  nocc = 1  HOMO = -8.04566974018086  LUMO = -0.464832590522197
cycle= 1 E= -24.6170140530121  delta_E= -0.0485  |g|= 0.0138  |ddm|= 0.042
  alpha nocc = 4  HOMO = -0.714968578186714  LUMO = -0.287975322155677
  beta  nocc = 1  HOMO = -8.03685168504771  LUMO = -0.448313893612769
cycle= 2 E= -24.617182444918  delta_E= -0.000168  |g|= 0.00454  |ddm|= 0.0115
  alpha nocc = 4  HOMO = -0.716656183894104  LUMO = -0.289475901238176
  beta  nocc = 1  HOMO = -8.04048932580596  LUMO = -0.450264980543216
cycle= 3 E= -24.6172149955049  delta_E= -3.26e-05  |g|= 0.00123  |ddm|= 0.00699
  alpha nocc = 4  HOMO = -0.716993129947333  LUMO = -0.289520386612971
  beta  nocc = 1  HOMO = -8.04009594010324  LUMO = -0.449869081206658
cycle= 4 E= -24.6172182829425  delta_E= -3.29e-06  |g|= 0.000306  |ddm|= 0.0026
  alpha nocc = 4  HOMO = -0.717103952552725  LUMO = -0.289519463532657
  beta  nocc = 1  HOMO = -8.04010951309167  LUMO = -0.449736985733373
cycle= 5 E= -24.6172184846749  delta_E= -2.02e-07  |g|= 5.82e-05  |ddm|= 0.00067
  alpha nocc = 4  HOMO = -0.717118939842835  LUMO = -0.289524818123486
  beta  nocc = 1  HOMO = -8.04012709720208  LUMO = -0.44974565997076
cycle= 6 E= -24.6172184887995  delta_E= -4.12e-09  |g|= 5.74e-06  |ddm|= 6.8e-05
  alpha nocc = 4  HOMO = -0.717119746811829  LUMO = -0.289525223417234
  beta  nocc = 1  HOMO = -8.0401284798115  LUMO = -0.449747690881332
cycle= 7 E= -24.6172184888341  delta_E= -3.46e-11  |g|= 6e-07  |ddm|= 8.26e-06
  alpha nocc = 4  HOMO = -0.717119650395164  LUMO = -0.289525130503893
  beta  nocc = 1  HOMO = -8.04012804184809  LUMO = -0.449747631692568
Extra cycle  E= -24.6172184888346  delta_E= -4.69e-13  |g|= 2e-07  |ddm|= 1.53e-06
converged SCF energy = -24.6172184888346  <S^2> = 3.7500087  2S+1 = 4.0000043

******** <class 'pyscf.cc.ccsd.as_scanner.<locals>.CCSD_Scanner'> ********
CC2 = 0
CCSD nocc = (4, 1), nmo = (146, 146)
max_cycle = 200
direct = 0
conv_tol = 1e-07
conv_tol_normt = 1e-05
diis_space = 12
diis_start_cycle = 0
diis_start_energy_diff = 1e+09
max_memory 48000 MB (current use 3524 MB)
Init E_corr(CCSD) = -0.0145745593002257
cycle = 1  E_corr(CCSD) = -0.039790743067552  dE = -0.0252161838  norm(t1,t2) = 0.0835325
cycle = 2  E_corr(CCSD) = -0.0427831930389213  dE = -0.00299244997  norm(t1,t2) = 0.0181998
cycle = 3  E_corr(CCSD) = -0.0436513008794195  dE = -0.00086810784  norm(t1,t2) = 0.00587199
cycle = 4  E_corr(CCSD) = -0.0436672348556383  dE = -1.59339762e-05  norm(t1,t2) = 0.00106394
cycle = 5  E_corr(CCSD) = -0.0436760697054921  dE = -8.83484985e-06  norm(t1,t2) = 0.000281779
cycle = 6  E_corr(CCSD) = -0.0436780194211678  dE = -1.94971568e-06  norm(t1,t2) = 7.06265e-05
cycle = 7  E_corr(CCSD) = -0.043677457136521  dE = 5.62284647e-07  norm(t1,t2) = 1.87145e-05
cycle = 8  E_corr(CCSD) = -0.0436774420635788  dE = 1.50729422e-08  norm(t1,t2) = 6.1266e-06
CCSD_Scanner converged
E(CCSD_Scanner) = -24.66089593089816  E_corr = -0.04367744206357876
cycle = 1  norm(lambda1,lambda2) = 0.0833154
cycle = 2  norm(lambda1,lambda2) = 0.0178045
cycle = 3  norm(lambda1,lambda2) = 0.00574276
cycle = 4  norm(lambda1,lambda2) = 0.00103251
cycle = 5  norm(lambda1,lambda2) = 0.000270485
cycle = 6  norm(lambda1,lambda2) = 6.74706e-05
cycle = 7  norm(lambda1,lambda2) = 1.80709e-05
cycle = 8  norm(lambda1,lambda2) = 6.28688e-06
--------------- CCSD_Scanner gradients ---------------
         x                y                z
0 B     0.0553104314    -0.0000000833    -0.0000001268
1 H    -0.0553104314     0.0000000833     0.0000001268
----------------------------------------------
cycle 3: E = -24.6608959309  dE = -0.0191431  norm(grad) = 0.0782208

Geometry optimization cycle 4
Cartesian coordinates (Angstrom)
 Atom        New coordinates             dX        dY        dZ
   B  -0.234507  -0.000001  -0.000001   -0.069911 -0.000002 -0.000004
   H   1.234507   0.000001   0.000001    0.069911  0.000002  0.000004
New geometry
   1 B     -0.234506517526  -0.000000533470  -0.000001368235 AA   -0.443153092550  -0.000001008113  -0.000002585590 Bohr

   2 H      1.234506517788   0.000000533470   0.000001368235 AA    2.332879217611   0.000001008113   0.000002585590 Bohr



******** <class 'pyscf.scf.hf.as_scanner.<locals>.SCF_Scanner'> ********
method = SCF_Scanner-UHF
initial guess = minao
damping factor = 0
level_shift factor = 0
DIIS = <class 'pyscf.scf.diis.CDIIS'>
diis_start_cycle = 1
diis_space = 16
SCF conv_tol = 1e-09
SCF conv_tol_grad = 1e-06
SCF max_cycles = 200
direct_scf = True
direct_scf_tol = 1e-13
max_memory 48000 MB (current use 348 MB)
number electrons alpha = 4  beta = 1
init E= -24.5846266391335
  alpha nocc = 4  HOMO = -0.716045040426129  LUMO = -0.291944876715852
  beta  nocc = 1  HOMO = -8.04802429846217  LUMO = -0.442607458827825
cycle= 1 E= -24.627965087629  delta_E= -0.0433  |g|= 0.0133  |ddm|= 0.0489
  alpha nocc = 4  HOMO = -0.70995533318308  LUMO = -0.283461238436747
  beta  nocc = 1  HOMO = -8.04029355062233  LUMO = -0.424567130301484
cycle= 2 E= -24.6281518982256  delta_E= -0.000187  |g|= 0.00503  |ddm|= 0.0121
  alpha nocc = 4  HOMO = -0.712031883087511  LUMO = -0.285068075523609
  beta  nocc = 1  HOMO = -8.043960214307  LUMO = -0.426072227519565
cycle= 3 E= -24.628201738302  delta_E= -4.98e-05  |g|= 0.00163  |ddm|= 0.00841
  alpha nocc = 4  HOMO = -0.71264857549111  LUMO = -0.285187090799797
  beta  nocc = 1  HOMO = -8.04360454806785  LUMO = -0.425437301796562
cycle= 4 E= -24.6282086915516  delta_E= -6.95e-06  |g|= 0.000318  |ddm|= 0.0041
  alpha nocc = 4  HOMO = -0.712778916606672  LUMO = -0.285195308567571
  beta  nocc = 1  HOMO = -8.04365396733797  LUMO = -0.42530509277379
cycle= 5 E= -24.6282089066435  delta_E= -2.15e-07  |g|= 6.63e-05  |ddm|= 0.00067
  alpha nocc = 4  HOMO = -0.712792838616977  LUMO = -0.285202394668035
  beta  nocc = 1  HOMO = -8.04368421947062  LUMO = -0.425320402598525
cycle= 6 E= -24.6282089120395  delta_E= -5.4e-09  |g|= 7.52e-06  |ddm|= 8.95e-05
  alpha nocc = 4  HOMO = -0.71279370206062  LUMO = -0.285202417370667
  beta  nocc = 1  HOMO = -8.04368411550055  LUMO = -0.425322480706687
cycle= 7 E= -24.6282089121055  delta_E= -6.61e-11  |g|= 8.54e-07  |ddm|= 1.16e-05
  alpha nocc = 4  HOMO = -0.712793570397038  LUMO = -0.285202252297905
  beta  nocc = 1  HOMO = -8.04368343780344  LUMO = -0.425322361486102
Extra cycle  E= -24.6282089121065  delta_E= -9.63e-13  |g|= 3.07e-07  |ddm|= 2.01e-06
converged SCF energy = -24.6282089121065  <S^2> = 3.7500089  2S+1 = 4.0000045

******** <class 'pyscf.cc.ccsd.as_scanner.<locals>.CCSD_Scanner'> ********
CC2 = 0
CCSD nocc = (4, 1), nmo = (146, 146)
max_cycle = 200
direct = 0
conv_tol = 1e-07
conv_tol_normt = 1e-05
diis_space = 12
diis_start_cycle = 0
diis_start_energy_diff = 1e+09
max_memory 48000 MB (current use 3532 MB)
Init E_corr(CCSD) = -0.0210538926504133
cycle = 1  E_corr(CCSD) = -0.0403517029682892  dE = -0.0192978103  norm(t1,t2) = 0.0616053
cycle = 2  E_corr(CCSD) = -0.0423373783974726  dE = -0.00198567543  norm(t1,t2) = 0.0127496
cycle = 3  E_corr(CCSD) = -0.0428332329429061  dE = -0.000495854545  norm(t1,t2) = 0.00418018
cycle = 4  E_corr(CCSD) = -0.0428322209178717  dE = 1.01202503e-06  norm(t1,t2) = 0.000867137
cycle = 5  E_corr(CCSD) = -0.0428398224393425  dE = -7.60152147e-06  norm(t1,t2) = 0.000319037
cycle = 6  E_corr(CCSD) = -0.0428437376410013  dE = -3.91520166e-06  norm(t1,t2) = 0.000141365
cycle = 7  E_corr(CCSD) = -0.0428421694536854  dE = 1.56818732e-06  norm(t1,t2) = 7.29931e-05
cycle = 8  E_corr(CCSD) = -0.0428421673190878  dE = 2.13459767e-09  norm(t1,t2) = 2.7415e-05
cycle = 9  E_corr(CCSD) = -0.0428423047395448  dE = -1.37420457e-07  norm(t1,t2) = 7.05296e-06
cycle = 10  E_corr(CCSD) = -0.0428422914722031  dE = 1.32673417e-08  norm(t1,t2) = 1.66922e-06
CCSD_Scanner converged
E(CCSD_Scanner) = -24.67105120357871  E_corr = -0.04284229147220311
cycle = 1  norm(lambda1,lambda2) = 0.0613042
cycle = 2  norm(lambda1,lambda2) = 0.0125406
cycle = 3  norm(lambda1,lambda2) = 0.00411974
cycle = 4  norm(lambda1,lambda2) = 0.000859911
cycle = 5  norm(lambda1,lambda2) = 0.000312527
cycle = 6  norm(lambda1,lambda2) = 0.000135834
cycle = 7  norm(lambda1,lambda2) = 6.95914e-05
cycle = 8  norm(lambda1,lambda2) = 2.6658e-05
cycle = 9  norm(lambda1,lambda2) = 6.98035e-06
--------------- CCSD_Scanner gradients ---------------
         x                y                z
0 B     0.0246027905     0.0000000158     0.0000000351
1 H    -0.0246027905    -0.0000000158    -0.0000000351
----------------------------------------------
cycle 4: E = -24.6710512036  dE = -0.0101553  norm(grad) = 0.0347936

Geometry optimization cycle 5
Cartesian coordinates (Angstrom)
 Atom        New coordinates             dX        dY        dZ
   B  -0.290519  -0.000001  -0.000002   -0.056012 -0.000000 -0.000000
   H   1.290519   0.000001   0.000002    0.056012  0.000000  0.000000
New geometry
   1 B     -0.290518861584  -0.000000974191  -0.000001697555 AA   -0.549001082413  -0.000001840954  -0.000003207914 Bohr

   2 H      1.290518861888   0.000000974191   0.000001697555 AA    2.438727207554   0.000001840954   0.000003207914 Bohr



******** <class 'pyscf.scf.hf.as_scanner.<locals>.SCF_Scanner'> ********
method = SCF_Scanner-UHF
initial guess = minao
damping factor = 0
level_shift factor = 0
DIIS = <class 'pyscf.scf.diis.CDIIS'>
diis_start_cycle = 1
diis_space = 16
SCF conv_tol = 1e-09
SCF conv_tol_grad = 1e-06
SCF max_cycles = 200
direct_scf = True
direct_scf_tol = 1e-13
max_memory 48000 MB (current use 357 MB)
number electrons alpha = 4  beta = 1
init E= -24.6027212957211
  alpha nocc = 4  HOMO = -0.713070873377749  LUMO = -0.287273308362442
  beta  nocc = 1  HOMO = -8.04905561584033  LUMO = -0.421180311601034
cycle= 1 E= -24.6321988458545  delta_E= -0.0295  |g|= 0.0098  |ddm|= 0.0343
  alpha nocc = 4  HOMO = -0.70896854639734  LUMO = -0.281524679388208
  beta  nocc = 1  HOMO = -8.04516091845394  LUMO = -0.407800146268331
cycle= 2 E= -24.6323154379702  delta_E= -0.000117  |g|= 0.00414  |ddm|= 0.00915
  alpha nocc = 4  HOMO = -0.710948833019873  LUMO = -0.28290437513117
  beta  nocc = 1  HOMO = -8.04816182958725  LUMO = -0.408747463045586
cycle= 3 E= -24.6323551259294  delta_E= -3.97e-05  |g|= 0.00145  |ddm|= 0.00749
  alpha nocc = 4  HOMO = -0.711642237723088  LUMO = -0.283066228198658
  beta  nocc = 1  HOMO = -8.04796646687356  LUMO = -0.40815543215796
cycle= 4 E= -24.6323613214309  delta_E= -6.2e-06  |g|= 0.000219  |ddm|= 0.00408
  alpha nocc = 4  HOMO = -0.711726336197648  LUMO = -0.283069401259353
  beta  nocc = 1  HOMO = -8.0479901576732  LUMO = -0.408064956396112
cycle= 5 E= -24.6323614138517  delta_E= -9.24e-08  |g|= 4.4e-05  |ddm|= 0.000447
  alpha nocc = 4  HOMO = -0.711732852340746  LUMO = -0.283074739901779
  beta  nocc = 1  HOMO = -8.04801783144284  LUMO = -0.408077740105853
cycle= 6 E= -24.6323614165407  delta_E= -2.69e-09  |g|= 6.06e-06  |ddm|= 8e-05
  alpha nocc = 4  HOMO = -0.711733308776002  LUMO = -0.283074589569948
  beta  nocc = 1  HOMO = -8.04801738707346  LUMO = -0.408079367925505
cycle= 7 E= -24.6323614165885  delta_E= -4.79e-11  |g|= 7.61e-07  |ddm|= 9.77e-06
  alpha nocc = 4  HOMO = -0.711733197838882  LUMO = -0.283074417901906
  beta  nocc = 1  HOMO = -8.04801672954392  LUMO = -0.408079269517347
Extra cycle  E= -24.6323614165893  delta_E= -7.25e-13  |g|= 2.85e-07  |ddm|= 1.72e-06
converged SCF energy = -24.6323614165893  <S^2> = 3.7500093  2S+1 = 4.0000047

******** <class 'pyscf.cc.ccsd.as_scanner.<locals>.CCSD_Scanner'> ********
CC2 = 0
CCSD nocc = (4, 1), nmo = (146, 146)
max_cycle = 200
direct = 0
conv_tol = 1e-07
conv_tol_normt = 1e-05
diis_space = 12
diis_start_cycle = 0
diis_start_energy_diff = 1e+09
max_memory 48000 MB (current use 3541 MB)
Init E_corr(CCSD) = -0.0205364275837047
cycle = 1  E_corr(CCSD) = -0.0393174745350192  dE = -0.018781047  norm(t1,t2) = 0.0685296
cycle = 2  E_corr(CCSD) = -0.041569825631911  dE = -0.0022523511  norm(t1,t2) = 0.0163325
cycle = 3  E_corr(CCSD) = -0.0422370676376965  dE = -0.000667242006  norm(t1,t2) = 0.00555398
cycle = 4  E_corr(CCSD) = -0.0422407434196759  dE = -3.67578198e-06  norm(t1,t2) = 0.00108338
cycle = 5  E_corr(CCSD) = -0.0422534457409373  dE = -1.27023213e-05  norm(t1,t2) = 0.000306595
cycle = 6  E_corr(CCSD) = -0.0422579321249454  dE = -4.48638401e-06  norm(t1,t2) = 9.01798e-05
cycle = 7  E_corr(CCSD) = -0.042257430237639  dE = 5.01887306e-07  norm(t1,t2) = 2.79615e-05
cycle = 8  E_corr(CCSD) = -0.0422574434112357  dE = -1.31735967e-08  norm(t1,t2) = 9.54673e-06
CCSD_Scanner converged
E(CCSD_Scanner) = -24.6746188600005  E_corr = -0.04225744341123569
cycle = 1  norm(lambda1,lambda2) = 0.0682165
cycle = 2  norm(lambda1,lambda2) = 0.0160459
cycle = 3  norm(lambda1,lambda2) = 0.00545081
cycle = 4  norm(lambda1,lambda2) = 0.00107034
cycle = 5  norm(lambda1,lambda2) = 0.000303748
cycle = 6  norm(lambda1,lambda2) = 8.94109e-05
cycle = 7  norm(lambda1,lambda2) = 2.86446e-05
cycle = 8  norm(lambda1,lambda2) = 1.07214e-05
cycle = 9  norm(lambda1,lambda2) = 5.56076e-06
--------------- CCSD_Scanner gradients ---------------
         x                y                z
0 B     0.0102257733     0.0000000467     0.0000000873
1 H    -0.0102257733    -0.0000000467    -0.0000000873
----------------------------------------------
cycle 5: E = -24.67461886  dE = -0.00356766  norm(grad) = 0.0144614

Geometry optimization cycle 6
Cartesian coordinates (Angstrom)
 Atom        New coordinates             dX        dY        dZ
   B  -0.330358  -0.000004  -0.000008   -0.039839 -0.000003 -0.000007
   H   1.330358   0.000004   0.000008    0.039839  0.000003  0.000007
New geometry
   1 B     -0.330358108040  -0.000004465105  -0.000008237517 AA   -0.624286347225  -0.000008437825  -0.000015566651 Bohr

   2 H      1.330358108409   0.000004465105   0.000008237517 AA    2.514012472487   0.000008437825   0.000015566651 Bohr



******** <class 'pyscf.scf.hf.as_scanner.<locals>.SCF_Scanner'> ********
method = SCF_Scanner-UHF
initial guess = minao
damping factor = 0
level_shift factor = 0
DIIS = <class 'pyscf.scf.diis.CDIIS'>
diis_start_cycle = 1
diis_space = 16
SCF conv_tol = 1e-09
SCF conv_tol_grad = 1e-06
SCF max_cycles = 200
direct_scf = True
direct_scf_tol = 1e-13
max_memory 48000 MB (current use 381 MB)
number electrons alpha = 4  beta = 1
init E= -24.6151526096168
  alpha nocc = 4  HOMO = -0.71227475649839  LUMO = -0.284482515047539
  beta  nocc = 1  HOMO = -8.05124668009857  LUMO = -0.40568796664954
cycle= 1 E= -24.6337158010374  delta_E= -0.0186  |g|= 0.00658  |ddm|= 0.0197
  alpha nocc = 4  HOMO = -0.709947953213075  LUMO = -0.281104436536334
  beta  nocc = 1  HOMO = -8.04971952192461  LUMO = -0.397248833021895
cycle= 2 E= -24.6337729109246  delta_E= -5.71e-05  |g|= 0.00296  |ddm|= 0.0063
  alpha nocc = 4  HOMO = -0.711489514869817  LUMO = -0.282120701674853
  beta  nocc = 1  HOMO = -8.05182460680032  LUMO = -0.397855215254681
cycle= 3 E= -24.6337950401939  delta_E= -2.21e-05  |g|= 0.00105  |ddm|= 0.00565
  alpha nocc = 4  HOMO = -0.712053090089272  LUMO = -0.282271037161275
  beta  nocc = 1  HOMO = -8.05175099103086  LUMO = -0.397454959540667
cycle= 4 E= -24.633798505902  delta_E= -3.47e-06  |g|= 0.000145  |ddm|= 0.00309
  alpha nocc = 4  HOMO = -0.712103347742787  LUMO = -0.282271829486547
  beta  nocc = 1  HOMO = -8.05175264263623  LUMO = -0.397394803481211
cycle= 5 E= -24.6337985439985  delta_E= -3.81e-08  |g|= 2.29e-05  |ddm|= 0.000304
  alpha nocc = 4  HOMO = -0.712106377197431  LUMO = -0.282275600147427
  beta  nocc = 1  HOMO = -8.0517718052662  LUMO = -0.397401897043125
cycle= 6 E= -24.6337985447756  delta_E= -7.77e-10  |g|= 3.66e-06  |ddm|= 4.95e-05
  alpha nocc = 4  HOMO = -0.712106610762634  LUMO = -0.282275565796013
  beta  nocc = 1  HOMO = -8.05177189030649  LUMO = -0.397402978461237
cycle= 7 E= -24.6337985447948  delta_E= -1.92e-11  |g|= 5.19e-07  |ddm|= 5.99e-06
  alpha nocc = 4  HOMO = -0.712106546810656  LUMO = -0.282275443445592
  beta  nocc = 1  HOMO = -8.05177145855347  LUMO = -0.397402925727246
Extra cycle  E= -24.6337985447951  delta_E= -3.66e-13  |g|= 2.03e-07  |ddm|= 1.14e-06
converged SCF energy = -24.6337985447951  <S^2> = 3.7500097  2S+1 = 4.0000049

******** <class 'pyscf.cc.ccsd.as_scanner.<locals>.CCSD_Scanner'> ********
CC2 = 0
CCSD nocc = (4, 1), nmo = (146, 146)
max_cycle = 200
direct = 0
conv_tol = 1e-07
conv_tol_normt = 1e-05
diis_space = 12
diis_start_cycle = 0
diis_start_energy_diff = 1e+09
max_memory 48000 MB (current use 3541 MB)
Init E_corr(CCSD) = -0.023690128675624
cycle = 1  E_corr(CCSD) = -0.0393090574114127  dE = -0.0156189287  norm(t1,t2) = 0.0688831
cycle = 2  E_corr(CCSD) = -0.0411224181016894  dE = -0.00181336069  norm(t1,t2) = 0.018815
cycle = 3  E_corr(CCSD) = -0.0417737920473159  dE = -0.000651373946  norm(t1,t2) = 0.00768107
cycle = 4  E_corr(CCSD) = -0.041797454890247  dE = -2.36628429e-05  norm(t1,t2) = 0.00181393
cycle = 5  E_corr(CCSD) = -0.0418180169189166  dE = -2.05620287e-05  norm(t1,t2) = 0.000445274
cycle = 6  E_corr(CCSD) = -0.0418216191902993  dE = -3.60227138e-06  norm(t1,t2) = 0.000151255
cycle = 7  E_corr(CCSD) = -0.0418212204200723  dE = 3.98770227e-07  norm(t1,t2) = 6.46078e-05
cycle = 8  E_corr(CCSD) = -0.0418214014201213  dE = -1.81000049e-07  norm(t1,t2) = 3.10647e-05
cycle = 9  E_corr(CCSD) = -0.0418212955837174  dE = 1.05836404e-07  norm(t1,t2) = 1.54446e-05
cycle = 10  E_corr(CCSD) = -0.0418212080779783  dE = 8.7505739e-08  norm(t1,t2) = 5.11276e-06
CCSD_Scanner converged
E(CCSD_Scanner) = -24.67561975287311  E_corr = -0.04182120807797834
cycle = 1  norm(lambda1,lambda2) = 0.0686516
cycle = 2  norm(lambda1,lambda2) = 0.0185396
cycle = 3  norm(lambda1,lambda2) = 0.00755103
cycle = 4  norm(lambda1,lambda2) = 0.0017569
cycle = 5  norm(lambda1,lambda2) = 0.000423346
cycle = 6  norm(lambda1,lambda2) = 0.000147641
cycle = 7  norm(lambda1,lambda2) = 6.73022e-05
cycle = 8  norm(lambda1,lambda2) = 3.28652e-05
cycle = 9  norm(lambda1,lambda2) = 1.53868e-05
cycle = 10  norm(lambda1,lambda2) = 4.8514e-06
--------------- CCSD_Scanner gradients ---------------
         x                y                z
0 B     0.0034610971     0.0000000278     0.0000000272
1 H    -0.0034610971    -0.0000000278    -0.0000000272
----------------------------------------------
cycle 6: E = -24.6756197529  dE = -0.00100089  norm(grad) = 0.00489473

Geometry optimization cycle 7
Cartesian coordinates (Angstrom)
 Atom        New coordinates             dX        dY        dZ
   B  -0.350742  -0.000006  -0.000009   -0.020383 -0.000002 -0.000001
   H   1.350742   0.000006   0.000009    0.020383  0.000002  0.000001
New geometry
   1 B     -0.350741567201  -0.000006181382  -0.000009250596 AA   -0.662805502511  -0.000011681118  -0.000017481092 Bohr

   2 H      1.350741567587   0.000006181382   0.000009250596 AA    2.552531627806   0.000011681118   0.000017481092 Bohr



******** <class 'pyscf.scf.hf.as_scanner.<locals>.SCF_Scanner'> ********
method = SCF_Scanner-UHF
initial guess = minao
damping factor = 0
level_shift factor = 0
DIIS = <class 'pyscf.scf.diis.CDIIS'>
diis_start_cycle = 1
diis_space = 16
SCF conv_tol = 1e-09
SCF conv_tol_grad = 1e-06
SCF max_cycles = 200
direct_scf = True
direct_scf_tol = 1e-13
max_memory 48000 MB (current use 404 MB)
number electrons alpha = 4  beta = 1
init E= -24.6254105007339
  alpha nocc = 4  HOMO = -0.712462744006624  LUMO = -0.282958184238118
  beta  nocc = 1  HOMO = -8.05327463291778  LUMO = -0.396305906656933
cycle= 1 E= -24.6341771770013  delta_E= -0.00877  |g|= 0.00324  |ddm|= 0.00916
  alpha nocc = 4  HOMO = -0.711480322545044  LUMO = -0.2814787370665
  beta  nocc = 1  HOMO = -8.05284860589525  LUMO = -0.392440392756048
cycle= 2 E= -24.6341915971783  delta_E= -1.44e-05  |g|= 0.0015  |ddm|= 0.00319
  alpha nocc = 4  HOMO = -0.712288059104694  LUMO = -0.281997641732306
  beta  nocc = 1  HOMO = -8.05388335482409  LUMO = -0.39273955881479
cycle= 3 E= -24.6341975001836  delta_E= -5.9e-06  |g|= 0.000531  |ddm|= 0.00294
  alpha nocc = 4  HOMO = -0.712586021195346  LUMO = -0.282082939750476
  beta  nocc = 1  HOMO = -8.05386678226741  LUMO = -0.392551751618383
cycle= 4 E= -24.6341984066158  delta_E= -9.06e-07  |g|= 7.26e-05  |ddm|= 0.00158
  alpha nocc = 4  HOMO = -0.712609584262641  LUMO = -0.282083229113373
  beta  nocc = 1  HOMO = -8.05386367067861  LUMO = -0.392522030218508
cycle= 5 E= -24.634198416013  delta_E= -9.4e-09  |g|= 9.54e-06  |ddm|= 0.000155
  alpha nocc = 4  HOMO = -0.712610875347612  LUMO = -0.282085190155128
  beta  nocc = 1  HOMO = -8.05387314622062  LUMO = -0.392525033364345
cycle= 6 E= -24.6341984161484  delta_E= -1.35e-10  |g|= 1.54e-06  |ddm|= 2.22e-05
  alpha nocc = 4  HOMO = -0.712610983945326  LUMO = -0.282085228220669
  beta  nocc = 1  HOMO = -8.05387336732947  LUMO = -0.392525524356371
cycle= 7 E= -24.6341984161519  delta_E= -3.44e-12  |g|= 2.37e-07  |ddm|= 2.58e-06
  alpha nocc = 4  HOMO = -0.712610958679877  LUMO = -0.282085173088322
  beta  nocc = 1  HOMO = -8.05387318625455  LUMO = -0.392525505744044
Extra cycle  E= -24.6341984161519  delta_E= -6.75e-14  |g|= 9.56e-08  |ddm|= 5.01e-07
converged SCF energy = -24.6341984161519  <S^2> = 3.7500099  2S+1 = 4.0000049

******** <class 'pyscf.cc.ccsd.as_scanner.<locals>.CCSD_Scanner'> ********
CC2 = 0
CCSD nocc = (4, 1), nmo = (146, 146)
max_cycle = 200
direct = 0
conv_tol = 1e-07
conv_tol_normt = 1e-05
diis_space = 12
diis_start_cycle = 0
diis_start_energy_diff = 1e+09
max_memory 48000 MB (current use 3539 MB)
Init E_corr(CCSD) = -0.022919415493614
cycle = 1  E_corr(CCSD) = -0.0385679754887268  dE = -0.01564856  norm(t1,t2) = 0.0731851
cycle = 2  E_corr(CCSD) = -0.0407148535683491  dE = -0.00214687808  norm(t1,t2) = 0.0206255
cycle = 3  E_corr(CCSD) = -0.0415425636095057  dE = -0.000827710041  norm(t1,t2) = 0.00855165
cycle = 4  E_corr(CCSD) = -0.041560606355425  dE = -1.80427459e-05  norm(t1,t2) = 0.00216676
cycle = 5  E_corr(CCSD) = -0.0415780338252845  dE = -1.74274699e-05  norm(t1,t2) = 0.000519897
cycle = 6  E_corr(CCSD) = -0.0415832321961294  dE = -5.19837084e-06  norm(t1,t2) = 0.000162168
cycle = 7  E_corr(CCSD) = -0.0415830060887897  dE = 2.2610734e-07  norm(t1,t2) = 4.92478e-05
cycle = 8  E_corr(CCSD) = -0.0415832693826392  dE = -2.6329385e-07  norm(t1,t2) = 1.15418e-05
cycle = 9  E_corr(CCSD) = -0.0415832973417812  dE = -2.79591419e-08  norm(t1,t2) = 3.42218e-06
CCSD_Scanner converged
E(CCSD_Scanner) = -24.67578171349371  E_corr = -0.04158329734178116
cycle = 1  norm(lambda1,lambda2) = 0.0728413
cycle = 2  norm(lambda1,lambda2) = 0.0203258
cycle = 3  norm(lambda1,lambda2) = 0.00840455
cycle = 4  norm(lambda1,lambda2) = 0.00209784
cycle = 5  norm(lambda1,lambda2) = 0.000497244
cycle = 6  norm(lambda1,lambda2) = 0.000153561
cycle = 7  norm(lambda1,lambda2) = 4.66202e-05
cycle = 8  norm(lambda1,lambda2) = 1.10392e-05
cycle = 9  norm(lambda1,lambda2) = 3.30335e-06
--------------- CCSD_Scanner gradients ---------------
         x                y                z
0 B     0.0008234128     0.0000000235     0.0000000010
1 H    -0.0008234128    -0.0000000235    -0.0000000010
----------------------------------------------
cycle 7: E = -24.6757817135  dE = -0.000161961  norm(grad) = 0.00116448

Geometry optimization cycle 8
Cartesian coordinates (Angstrom)
 Atom        New coordinates             dX        dY        dZ
   B  -0.357105  -0.000008  -0.000009   -0.006363 -0.000002  0.000000
   H   1.357105   0.000008   0.000009    0.006363  0.000002 -0.000000
New geometry
   1 B     -0.357104724710  -0.000007968597  -0.000009064457 AA   -0.674830127490  -0.000015058467  -0.000017129341 Bohr

   2 H      1.357104725097   0.000007968597   0.000009064457 AA    2.564556252787   0.000015058467   0.000017129341 Bohr



******** <class 'pyscf.scf.hf.as_scanner.<locals>.SCF_Scanner'> ********
method = SCF_Scanner-UHF
initial guess = minao
damping factor = 0
level_shift factor = 0
DIIS = <class 'pyscf.scf.diis.CDIIS'>
diis_start_cycle = 1
diis_space = 16
SCF conv_tol = 1e-09
SCF conv_tol_grad = 1e-06
SCF max_cycles = 200
direct_scf = True
direct_scf_tol = 1e-13
max_memory 48000 MB (current use 363 MB)
number electrons alpha = 4  beta = 1
init E= -24.6316484651456
  alpha nocc = 4  HOMO = -0.712730677584724  LUMO = -0.282291073055183
  beta  nocc = 1  HOMO = -8.05432474194367  LUMO = -0.39219753461259
cycle= 1 E= -24.6342839554903  delta_E= -0.00264  |g|= 0.000995  |ddm|= 0.00279
  alpha nocc = 4  HOMO = -0.712454456236942  LUMO = -0.281866044784157
  beta  nocc = 1  HOMO = -8.0542375451922  LUMO = -0.39106155311257
cycle= 2 E= -24.6342853311116  delta_E= -1.38e-06  |g|= 0.000464  |ddm|= 0.000989
  alpha nocc = 4  HOMO = -0.712706993396415  LUMO = -0.28202673720817
  beta  nocc = 1  HOMO = -8.05455227916275  LUMO = -0.39115368102555
cycle= 3 E= -24.6342859043392  delta_E= -5.73e-07  |g|= 0.000164  |ddm|= 0.000921
  alpha nocc = 4  HOMO = -0.712800080439355  LUMO = -0.282054006065071
  beta  nocc = 1  HOMO = -8.05454961566539  LUMO = -0.391097422594381
cycle= 4 E= -24.6342859910866  delta_E= -8.67e-08  |g|= 2.25e-05  |ddm|= 0.00049
  alpha nocc = 4  HOMO = -0.712807169583688  LUMO = -0.282054064300875
  beta  nocc = 1  HOMO = -8.05454813137605  LUMO = -0.391088247018257
cycle= 5 E= -24.6342859919861  delta_E= -9e-10  |g|= 2.78e-06  |ddm|= 4.82e-05
  alpha nocc = 4  HOMO = -0.712807550052613  LUMO = -0.282054680665801
  beta  nocc = 1  HOMO = -8.05455105982562  LUMO = -0.391089127348778
cycle= 6 E= -24.6342859919976  delta_E= -1.14e-11  |g|= 4.41e-07  |ddm|= 6.59e-06
  alpha nocc = 4  HOMO = -0.712807570442301  LUMO = -0.282054682697115
  beta  nocc = 1  HOMO = -8.05455106176182  LUMO = -0.391089209871546
Extra cycle  E= -24.6342859919977  delta_E= -1.71e-13  |g|= 1.9e-07  |ddm|= 4.59e-07
converged SCF energy = -24.6342859919977  <S^2> = 3.75001  2S+1 = 4.000005

******** <class 'pyscf.cc.ccsd.as_scanner.<locals>.CCSD_Scanner'> ********
CC2 = 0
CCSD nocc = (4, 1), nmo = (146, 146)
max_cycle = 200
direct = 0
conv_tol = 1e-07
conv_tol_normt = 1e-05
diis_space = 12
diis_start_cycle = 0
diis_start_energy_diff = 1e+09
max_memory 48000 MB (current use 3546 MB)
Init E_corr(CCSD) = -0.0358202014992959
cycle = 1  E_corr(CCSD) = -0.0409550413144271  dE = -0.00513483982  norm(t1,t2) = 0.0248683
cycle = 2  E_corr(CCSD) = -0.0414254688128103  dE = -0.000470427498  norm(t1,t2) = 0.00390296
cycle = 3  E_corr(CCSD) = -0.0415071704272559  dE = -8.17016144e-05  norm(t1,t2) = 0.000992538
cycle = 4  E_corr(CCSD) = -0.0415056310671162  dE = 1.53936014e-06  norm(t1,t2) = 0.000193029
cycle = 5  E_corr(CCSD) = -0.0415056010684146  dE = 2.99987016e-08  norm(t1,t2) = 7.17548e-05
cycle = 6  E_corr(CCSD) = -0.0415066174086209  dE = -1.01634021e-06  norm(t1,t2) = 2.48175e-05
cycle = 7  E_corr(CCSD) = -0.0415066509673319  dE = -3.3558711e-08  norm(t1,t2) = 4.6698e-06
CCSD_Scanner converged
E(CCSD_Scanner) = -24.67579264296508  E_corr = -0.04150665096733187
cycle = 1  norm(lambda1,lambda2) = 0.024757
cycle = 2  norm(lambda1,lambda2) = 0.00387384
cycle = 3  norm(lambda1,lambda2) = 0.000984855
cycle = 4  norm(lambda1,lambda2) = 0.000193455
cycle = 5  norm(lambda1,lambda2) = 7.27058e-05
cycle = 6  norm(lambda1,lambda2) = 2.50691e-05
cycle = 7  norm(lambda1,lambda2) = 4.69533e-06
--------------- CCSD_Scanner gradients ---------------
         x                y                z
0 B     0.0000963537    -0.0000000056     0.0000000034
1 H    -0.0000963537     0.0000000056    -0.0000000034
----------------------------------------------
cycle 8: E = -24.675792643  dE = -1.09295e-05  norm(grad) = 0.000136265

Geometry optimization cycle 9
Cartesian coordinates (Angstrom)
 Atom        New coordinates             dX        dY        dZ
   B  -0.357948  -0.000008  -0.000009   -0.000843  0.000000 -0.000000
   H   1.357948   0.000008   0.000009    0.000843 -0.000000  0.000000
New geometry
   1 B     -0.357948003711  -0.000007605471  -0.000009271358 AA   -0.676423693849  -0.000014372258  -0.000017520328 Bohr

   2 H      1.357948004083   0.000007605471   0.000009271358 AA    2.566149819117   0.000014372258   0.000017520328 Bohr



******** <class 'pyscf.scf.hf.as_scanner.<locals>.SCF_Scanner'> ********
method = SCF_Scanner-UHF
initial guess = minao
damping factor = 0
level_shift factor = 0
DIIS = <class 'pyscf.scf.diis.CDIIS'>
diis_start_cycle = 1
diis_space = 16
SCF conv_tol = 1e-09
SCF conv_tol_grad = 1e-06
SCF max_cycles = 200
direct_scf = True
direct_scf_tol = 1e-13
max_memory 48000 MB (current use 361 MB)
number electrons alpha = 4  beta = 1
init E= -24.6339508111755
  alpha nocc = 4  HOMO = -0.712823656290236  LUMO = -0.282081601299622
  beta  nocc = 1  HOMO = -8.05461024219586  LUMO = -0.391046193341827
cycle= 1 E= -24.634296350387  delta_E= -0.000346  |g|= 0.000131  |ddm|= 0.000368
  alpha nocc = 4  HOMO = -0.712788239532341  LUMO = -0.28202671806293
  beta  nocc = 1  HOMO = -8.05460037607175  LUMO = -0.390898381599928
cycle= 2 E= -24.6342963743853  delta_E= -2.4e-08  |g|= 6.13e-05  |ddm|= 0.000131
  alpha nocc = 4  HOMO = -0.712821676950084  LUMO = -0.282047943015649
  beta  nocc = 1  HOMO = -8.05464175589826  LUMO = -0.390910551620737
cycle= 3 E= -24.6342963844203  delta_E= -1e-08  |g|= 2.16e-05  |ddm|= 0.000122
  alpha nocc = 4  HOMO = -0.712833982674345  LUMO = -0.282051559577642
  beta  nocc = 1  HOMO = -8.05464147504879  LUMO = -0.390903162503967
cycle= 4 E= -24.6342963859311  delta_E= -1.51e-09  |g|= 2.97e-06  |ddm|= 6.46e-05
  alpha nocc = 4  HOMO = -0.712834912036398  LUMO = -0.282051564019339
  beta  nocc = 1  HOMO = -8.05464125531079  LUMO = -0.390901945601164
cycle= 5 E= -24.6342963859467  delta_E= -1.56e-11  |g|= 3.63e-07  |ddm|= 6.38e-06
  alpha nocc = 4  HOMO = -0.712834969626232  LUMO = -0.282051637145403
  beta  nocc = 1  HOMO = -8.05464155825942  LUMO = -0.390902036841385
Extra cycle  E= -24.6342963859469  delta_E= -2.56e-13  |g|= 1.42e-07  |ddm|= 5.64e-07
converged SCF energy = -24.6342963859469  <S^2> = 3.75001  2S+1 = 4.000005

******** <class 'pyscf.cc.ccsd.as_scanner.<locals>.CCSD_Scanner'> ********
CC2 = 0
CCSD nocc = (4, 1), nmo = (146, 146)
max_cycle = 200
direct = 0
conv_tol = 1e-07
conv_tol_normt = 1e-05
diis_space = 12
diis_start_cycle = 0
diis_start_energy_diff = 1e+09
max_memory 48000 MB (current use 3544 MB)
Init E_corr(CCSD) = -0.0413879079019979
cycle = 1  E_corr(CCSD) = -0.0414865709640617  dE = -9.86630621e-05  norm(t1,t2) = 0.0031726
cycle = 2  E_corr(CCSD) = -0.0414948745177114  dE = -8.30355365e-06  norm(t1,t2) = 0.000364328
cycle = 3  E_corr(CCSD) = -0.0414962365883098  dE = -1.3620706e-06  norm(t1,t2) = 6.19484e-05
cycle = 4  E_corr(CCSD) = -0.0414963550238496  dE = -1.1843554e-07  norm(t1,t2) = 1.39741e-05
cycle = 5  E_corr(CCSD) = -0.0414964053053599  dE = -5.02815103e-08  norm(t1,t2) = 5.30361e-06
CCSD_Scanner converged
E(CCSD_Scanner) = -24.67579279125231  E_corr = -0.04149640530535992
cycle = 1  norm(lambda1,lambda2) = 0.00315644
cycle = 2  norm(lambda1,lambda2) = 0.000363211
cycle = 3  norm(lambda1,lambda2) = 6.16305e-05
cycle = 4  norm(lambda1,lambda2) = 1.37095e-05
cycle = 5  norm(lambda1,lambda2) = 5.25351e-06
--------------- CCSD_Scanner gradients ---------------
         x                y                z
0 B     0.0000031883     0.0000000013    -0.0000000005
1 H    -0.0000031883    -0.0000000013     0.0000000005
----------------------------------------------
cycle 9: E = -24.6757927913  dE = -1.48287e-07  norm(grad) = 4.50888e-06
