-=#  geomeTRIC started. Version: 0.9.7.2  #=-
geometric-optimize called with the following command line:
apdft-pyscf-calc.py
6 internal coordinates being used (instead of 6 Cartesians)
Internal coordinate system (atoms numbered from 1):
Distance 1-2
Translation-X 1-2
Translation-Y 1-2
Translation-Z 1-2
Rotation-A 1-2
Rotation-B 1-2
Rotation-C 1-2
<class 'geometric.internal.Distance'> : 1
<class 'geometric.internal.TranslationX'> : 1
<class 'geometric.internal.TranslationY'> : 1
<class 'geometric.internal.TranslationZ'> : 1
<class 'geometric.internal.RotationA'> : 1
<class 'geometric.internal.RotationB'> : 1
<class 'geometric.internal.RotationC'> : 1
WARN: HOMO -0.430043885065026 == LUMO -0.430043885065013
Step    0 : Gradient = 1.684e-02/1.684e-02 (rms/max) Energy = -75.1247739450
Hessian Eigenvalues: 5.00000e-02 5.00000e-02 5.00000e-02 ... 5.00000e-02 5.00000e-02 4.76883e-01
Step    1 : Displace = 9.346e-03/9.346e-03 (rms/max) Trust = 1.000e-01 (=) Grad = 2.764e-03/2.764e-03 (rms/max) E (change) = -75.1251150211 (-3.411e-04) Quality = 1.146
Hessian Eigenvalues: 5.00000e-02 5.00000e-02 5.00000e-02 ... 5.00000e-02 5.00000e-02 3.98632e-01
Step    2 : Displace = 1.835e-03/1.835e-03 (rms/max) Trust = 1.414e-01 (+) Grad = 2.047e-04/2.047e-04 (rms/max) E (change) = -75.1251252685 (-1.025e-05) Quality = 1.069
Hessian Eigenvalues: 5.00000e-02 5.00000e-02 5.00000e-02 ... 5.00000e-02 5.00000e-02 3.69105e-01
Step    3 : Displace = 1.468e-04/1.468e-04 (rms/max) Trust = 2.000e-01 (+) Grad = 2.304e-06/2.304e-06 (rms/max) E (change) = -75.1251253607 (-9.221e-08) Quality = 1.624
Converged! =D

    #==========================================================================#
    #| If this code has benefited your research, please support us by citing: |#
    #|                                                                        |#
    #| Wang, L.-P.; Song, C.C. (2016) "Geometry optimization made simple with |#
    #| translation and rotation coordinates", J. Chem, Phys. 144, 214108.     |#
    #| http://dx.doi.org/10.1063/1.4952956                                    |#
    #==========================================================================#
    
Time elapsed since start of run_optimizer: 376.298 seconds
output file: /ihome/jkeith/amm503/projects/apdft/dimer-geo-opt/o.h/o.h.chrg1.mult1/o.h.chrg1.mult1.geomopt/o.h.chrg1.mult1.sep1.0-pyscf.qa-ccsdt.ccpv5z/o.h.chrg1.mult1-pyscf-ccsdt.ccpv5z.log
Optimized bond length = 1.0226549307046358 A

