-=#  geomeTRIC started. Version: 0.9.7.2  #=-
geometric-optimize called with the following command line:
apdft-pyscf-calc.py
6 internal coordinates being used (instead of 6 Cartesians)
Internal coordinate system (atoms numbered from 1):
Distance 1-2
Translation-X 1-2
Translation-Y 1-2
Translation-Z 1-2
Rotation-A 1-2
Rotation-B 1-2
Rotation-C 1-2
<class 'geometric.internal.Distance'> : 1
<class 'geometric.internal.TranslationX'> : 1
<class 'geometric.internal.TranslationY'> : 1
<class 'geometric.internal.TranslationZ'> : 1
<class 'geometric.internal.RotationA'> : 1
<class 'geometric.internal.RotationB'> : 1
<class 'geometric.internal.RotationC'> : 1
WARN: alpha nocc = 4  HOMO 0.0255384696860288 >= LUMO 0.0255384696860291
WARN: system HOMO 0.0255384696860288 >= system LUMO -0.329760091752253
Step    0 : Gradient = 2.128e-01/2.128e-01 (rms/max) Energy = -7.8308470615
Hessian Eigenvalues: 5.00000e-02 5.00000e-02 5.00000e-02 ... 5.00000e-02 5.00000e-02 4.76883e-01
Step    1 : Displace = 1.000e-01/1.000e-01 (rms/max) Trust = 1.000e-01 (=) Grad = 1.056e-01/1.056e-01 (rms/max) E (change) = -7.8886977034 (-5.785e-02) Quality = 1.248
Hessian Eigenvalues: 5.00000e-02 5.00000e-02 5.00000e-02 ... 5.00000e-02 5.00000e-02 2.83647e-01
Step    2 : Displace = 9.848e-02/9.848e-02 (rms/max) Trust = 1.414e-01 (+) Grad = 5.178e-02/5.178e-02 (rms/max) E (change) = -7.9168660176 (-2.817e-02) Quality = 1.434
Hessian Eigenvalues: 5.00000e-02 5.00000e-02 5.00000e-02 ... 5.00000e-02 5.00000e-02 1.44527e-01
Step    3 : Displace = 9.480e-02/9.480e-02 (rms/max) Trust = 2.000e-01 (+) Grad = 2.633e-02/2.633e-02 (rms/max) E (change) = -7.9302983278 (-1.343e-02) Quality = 1.448
Hessian Eigenvalues: 5.00000e-02 5.00000e-02 5.00000e-02 ... 5.00000e-02 5.00000e-02 7.10302e-02
Step    4 : Displace = 9.809e-02/9.809e-02 (rms/max) Trust = 2.828e-01 (+) Grad = 1.330e-02/1.330e-02 (rms/max) E (change) = -7.9373970674 (-7.099e-03) Quality = 1.454
Hessian Eigenvalues: 3.51507e-02 5.00000e-02 5.00000e-02 ... 5.00000e-02 5.00000e-02 5.00000e-02
Step    5 : Displace = 1.001e-01/1.001e-01 (rms/max) Trust = 3.000e-01 (+) Grad = 6.339e-03/6.339e-03 (rms/max) E (change) = -7.9409462596 (-3.549e-03) Quality = 1.410
Hessian Eigenvalues: 1.83988e-02 5.00000e-02 5.00000e-02 ... 5.00000e-02 5.00000e-02 5.00000e-02
Step    6 : Displace = 9.116e-02/9.116e-02 (rms/max) Trust = 3.000e-01 (=) Grad = 3.895e-03/3.895e-03 (rms/max) E (change) = -7.9426275955 (-1.681e-03) Quality = 1.540
Hessian Eigenvalues: 7.09511e-03 5.00000e-02 5.00000e-02 ... 5.00000e-02 5.00000e-02 5.00000e-02
Step    7 : Displace = 1.452e-01/1.452e-01 (rms/max) Trust = 3.000e-01 (=) Grad = 3.285e-03/3.285e-03 (rms/max) E (change) = -7.9445233726 (-1.896e-03) Quality = 1.774
Hessian Eigenvalues: 1.11007e-03 5.00000e-02 5.00000e-02 ... 5.00000e-02 5.00000e-02 5.00000e-02
Step    8 : Displace = 3.000e-01/3.000e-01 (rms/max) Trust = 3.000e-01 (=) Grad = 2.111e-03/2.111e-03 (rms/max) E (change) = -7.9476881086 (-3.165e-03) Quality = 1.051
Hessian Eigenvalues: 1.03581e-03 5.00000e-02 5.00000e-02 ... 5.00000e-02 5.00000e-02 5.00000e-02
Step    9 : Displace = 3.000e-01/3.000e-01 (rms/max) Trust = 3.000e-01 (=) Grad = 1.034e-03/1.034e-03 (rms/max) E (change) = -7.9494203550 (-1.732e-03) Quality = 1.003
Hessian Eigenvalues: 9.49600e-04 5.00000e-02 5.00000e-02 ... 5.00000e-02 5.00000e-02 5.00000e-02
Step   10 : Displace = 2.881e-01/2.881e-01 (rms/max) Trust = 3.000e-01 (=) Grad = 4.271e-04/4.271e-04 (rms/max) E (change) = -7.9501834041 (-7.630e-04) Quality = 1.355
Hessian Eigenvalues: 5.57412e-04 5.00000e-02 5.00000e-02 ... 5.00000e-02 5.00000e-02 5.00000e-02
Step   11 : Displace = 2.027e-01/2.027e-01 (rms/max) Trust = 3.000e-01 (=) Grad = 1.933e-04/1.933e-04 (rms/max) E (change) = -7.9504124472 (-2.290e-04) Quality = 1.400
Hessian Eigenvalues: 3.05091e-04 5.00000e-02 5.00000e-02 ... 5.00000e-02 5.00000e-02 5.00000e-02
Step   12 : Displace = 1.677e-01/1.677e-01 (rms/max) Trust = 3.000e-01 (=) Grad = 8.556e-05/8.556e-05 (rms/max) E (change) = -7.9504975639 (-8.512e-05) Quality = 1.389
Hessian Eigenvalues: 1.70080e-04 5.00000e-02 5.00000e-02 ... 5.00000e-02 5.00000e-02 5.00000e-02
Step   13 : Displace = 1.331e-01/1.331e-01 (rms/max) Trust = 3.000e-01 (=) Grad = 3.599e-05/3.599e-05 (rms/max) E (change) = -7.9505270993 (-2.954e-05) Quality = 1.373
Hessian Eigenvalues: 9.85334e-05 5.00000e-02 5.00000e-02 ... 5.00000e-02 5.00000e-02 5.00000e-02
Step   14 : Displace = 9.664e-02/9.664e-02 (rms/max) Trust = 3.000e-01 (=) Grad = 1.344e-05/1.344e-05 (rms/max) E (change) = -7.9505358468 (-8.748e-06) Quality = 1.331
Hessian Eigenvalues: 6.17479e-05 5.00000e-02 5.00000e-02 ... 5.00000e-02 5.00000e-02 5.00000e-02
Step   15 : Displace = 5.757e-02/5.757e-02 (rms/max) Trust = 3.000e-01 (=) Grad = 3.953e-06/3.953e-06 (rms/max) E (change) = -7.9505376881 (-1.841e-06) Quality = 1.260
Hessian Eigenvalues: 4.35807e-05 5.00000e-02 5.00000e-02 ... 5.00000e-02 5.00000e-02 5.00000e-02
Step   16 : Displace = 2.400e-02/2.400e-02 (rms/max) Trust = 3.000e-01 (=) Grad = 7.165e-07/7.165e-07 (rms/max) E (change) = -7.9505379040 (-2.159e-07) Quality = 1.204
Hessian Eigenvalues: 3.56814e-05 5.00000e-02 5.00000e-02 ... 5.00000e-02 5.00000e-02 5.00000e-02
Step   17 : Displace = 5.313e-03/5.313e-03 (rms/max) Trust = 3.000e-01 (=) Grad = 4.646e-08/4.646e-08 (rms/max) E (change) = -7.9505379122 (-8.226e-09) Quality = 1.143
Hessian Eigenvalues: 3.56814e-05 5.00000e-02 5.00000e-02 ... 5.00000e-02 5.00000e-02 5.00000e-02
Step   18 : Displace = 3.445e-04/3.445e-04 (rms/max) Trust = 3.000e-01 (=) Grad = 2.157e-09/2.157e-09 (rms/max) E (change) = -7.9505379123 (-2.876e-11) Quality = 0.951
Converged! =D

    #==========================================================================#
    #| If this code has benefited your research, please support us by citing: |#
    #|                                                                        |#
    #| Wang, L.-P.; Song, C.C. (2016) "Geometry optimization made simple with |#
    #| translation and rotation coordinates", J. Chem, Phys. 144, 214108.     |#
    #| http://dx.doi.org/10.1063/1.4952956                                    |#
    #==========================================================================#
    
Time elapsed since start of run_optimizer: 2581.092 seconds
output file: /ihome/jkeith/amm503/projects/apdft/dimer-geo-opt/li.h/li.h.chrg-1.mult4/li.h.chrg-1.mult4.geomopt/li.h.chrg-1.mult4.sep1.0-pyscf.qa-ccsdt.ccpv5z/li.h.chrg-1.mult4-pyscf-ccsdt.ccpv5z.log
Optimized bond length = 5.60684572462511 A
