-=#  geomeTRIC started. Version: 0.9.7.2  #=-
geometric-optimize called with the following command line:
apdft-pyscf-calc.py
6 internal coordinates being used (instead of 6 Cartesians)
Internal coordinate system (atoms numbered from 1):
Distance 1-2
Translation-X 1-2
Translation-Y 1-2
Translation-Z 1-2
Rotation-A 1-2
Rotation-B 1-2
Rotation-C 1-2
<class 'geometric.internal.Distance'> : 1
<class 'geometric.internal.TranslationX'> : 1
<class 'geometric.internal.TranslationY'> : 1
<class 'geometric.internal.TranslationZ'> : 1
<class 'geometric.internal.RotationA'> : 1
<class 'geometric.internal.RotationB'> : 1
<class 'geometric.internal.RotationC'> : 1
Step    0 : Gradient = 3.578e-02/3.578e-02 (rms/max) Energy = -75.7490540840
Hessian Eigenvalues: 5.00000e-02 5.00000e-02 5.00000e-02 ... 5.00000e-02 5.00000e-02 4.76883e-01
Step    1 : Displace = 1.985e-02/1.985e-02 (rms/max) Trust = 1.000e-01 (=) Grad = 2.641e-03/2.641e-03 (rms/max) E (change) = -75.7505577067 (-1.504e-03) Quality = 1.120
Hessian Eigenvalues: 5.00000e-02 5.00000e-02 5.00000e-02 ... 5.00000e-02 5.00000e-02 4.41684e-01
Step    2 : Displace = 1.582e-03/1.582e-03 (rms/max) Trust = 1.414e-01 (+) Grad = 4.488e-04/4.488e-04 (rms/max) E (change) = -75.7505642906 (-6.584e-06) Quality = 0.834
Hessian Eigenvalues: 5.00000e-02 5.00000e-02 5.00000e-02 ... 5.00000e-02 5.00000e-02 5.16740e-01
Step    3 : Displace = 2.298e-04/2.298e-04 (rms/max) Trust = 2.000e-01 (+) Grad = 4.287e-06/4.287e-06 (rms/max) E (change) = -75.7505645362 (-2.456e-07) Quality = 1.260
Converged! =D

    #==========================================================================#
    #| If this code has benefited your research, please support us by citing: |#
    #|                                                                        |#
    #| Wang, L.-P.; Song, C.C. (2016) "Geometry optimization made simple with |#
    #| translation and rotation coordinates", J. Chem, Phys. 144, 214108.     |#
    #| http://dx.doi.org/10.1063/1.4952956                                    |#
    #==========================================================================#
    
Time elapsed since start of run_optimizer: 444.109 seconds
output file: /ihome/jkeith/amm503/projects/apdft/dimer-geo-opt/o.h/o.h.chrg-1.mult1/o.h.chrg-1.mult1.geomopt/o.h.chrg-1.mult1.sep1.0-pyscf.qa-ccsdt.ccpv5z/o.h.chrg-1.mult1-pyscf-ccsdt.ccpv5z.log
Optimized bond length = 0.9575894631401823 A

