#INFO: **** input file is /ihome/jkeith/amm503/projects/apdft/dimer-geo-opt/o.h/o.h.chrg-1.mult1/o.h.chrg-1.mult1.geomopt/o.h.chrg-1.mult1.sep1.0-pyscf.qa-ccsdt.ccpv5z/apdft-pyscf-calc.py ****

import os
import pathlib
import re
import numpy as np
import json
import pyscf
import pyscf.gto
import pyscf.qmmm
from pyscf import scf
import pyscf.dft
import pyscf.lib
import pyscf.mp
from pyscf.geomopt.geometric_solver import optimize
from pyscf import __version__ as pyscf_version
import findiff
import matplotlib.pyplot as plt

try:
    import cclib
    has_cclib = True
except:
    has_cclib = False

try:
    from mpi4pyscf import scf
except:
    pass

# Specifying system.
atoms = ['O', 'H']
dimer_sep = 1.0  # `None` if a single atom, float if dimer (in Angstroms).
charge = -1
multiplicity = 1
scf_conv_tol = 1e-09  # Default: 1e-9
scf_conv_tol_grad = 1e-06  # Default: 3.162e-6
cc_conv_tol = 1e-07  # Default: 1e-7
cc_conv_tol_normt = 1e-05  # Default: 1e-5

scf_diis_space = 16  # Default: 8
cc_diis_space = 12  # Default: 6

# Specifying calculation.
qc_method = 'CCSD(T)'
basis_set = 'cc-pV5Z'  # cc-pV5Z
n_cores = 6  # Number of cores used on SMP (used for max memory).





#####     NO CHANGES NEEDED BELOW     #####


# Setting up paths.
work_dir = str(pathlib.Path(__file__).parent.resolve())
if work_dir[-1] == '/': work_dir = work_dir[:-1]  # Ensures path does NOT end in '/'

_element_to_z = {
    'H': 1, 'He': 2, 'Li': 3, 'Be': 4, 'B': 5, 'C': 6, 'N': 7, 'O': 8, 'F': 9,
    'Ne': 10, 'Na': 11, 'Mg': 12, 'Al': 13, 'Si': 14, 'P': 15, 'S': 16,
    'Cl': 17, 'Ar': 18
}

def atoms_by_number(atom_list):
    return [_element_to_z[i] for i in atom_list]

qc_method_lower = qc_method.lower()
atomic_numbers = atoms_by_number(atoms)
qc_method_label = qc_method

# Plot colors
ref_color = 'dimgrey'

def get_sys_label(atoms, charge, multiplicity, dimer_sep=None):
    atoms_label = '.'.join([i.lower() for i in atoms])
    return f'{atoms_label}.chrg{charge}.mult{multiplicity}'

def get_calc_label(sys_label, qc_method, basis_set):
    pattern = re.compile('[\W_]+')
    qc_method_label = pattern.sub('', qc_method.lower())
    basis_set_label = pattern.sub('', basis_set.lower())
    return f'{sys_label}-pyscf-{qc_method_label}.{basis_set_label}'

# Prepares molecular structures.
mol = pyscf.gto.Mole()

## Atomic coordinates in units of Angstrom.
mol.unit = 'angstrom'  # Insures Angstroms are enforced.
coords = np.array([np.zeros(3)])
mol.atom = [[atoms[0], coords[0]]]
if len(atoms) == 2:
    assert dimer_sep is not None
    coords = np.vstack((coords, np.array([dimer_sep, 0, 0])))
    mol.atom.extend([[atoms[1], coords[1]]])
elif len(atoms) == 1:
    assert dimer_sep is None

mol.charge = charge
mol.multiplicity = multiplicity
mol.basis = basis_set

# Handles cores and memory.
os.environ['OMP_NUM_THREADS'] = f'{n_cores}'  # For CRC jobs only.
mol.max_memory = 8000 * n_cores

# Handles calculation logging.
mol.verbose = 4  # Controls print level; 4 is recommended.
system_label = get_sys_label(atoms, charge, multiplicity, dimer_sep=dimer_sep)
calc_label = get_calc_label(system_label, qc_method_label, basis_set)
mol.output = f'{work_dir}/{calc_label}.log'  # Sets the output file.

# Builds the molecular structure. (Must go after everything else).
mol.build()



def _calc_distance(r1, r2):
    """Calculates the Euclidean distance between two points.

    Parameters
    ----------
    r1 : :obj:`numpy.ndarray`
        Cartesian coordinates of a point with shape ``(3,)``.
    r2 : :obj:`numpy.ndarray`
        Cartesian coordinates of a point with shape ``(3,)``.
    """
    return np.linalg.norm(r1 - r2)



calc = scf.HF(mol)

calc.chkfile = None

calc.max_cycle = 200  # Default: 50
calc.conv_tol = scf_conv_tol
calc.conv_tol_grad = scf_conv_tol_grad
calc.diis_space = scf_diis_space

cc_calc = pyscf.cc.CCSD(calc)
cc_calc.max_cycle = 200
cc_calc.conv_tol = cc_conv_tol
cc_calc.conv_tol_normt = cc_conv_tol_normt
cc_calc.diis_space = cc_diis_space

mol_eq = optimize(cc_calc, maxsteps=100)

coords = mol_eq.atom_coords(unit='Angstrom')
distance = _calc_distance(coords[0], coords[1])
print(f'Optimized bond length = {distance} A')
#INFO: ******************** input file end ********************


System: uname_result(system='Linux', node='smp-n28.crc.pitt.edu', release='3.10.0-1160.15.2.el7.x86_64', version='#1 SMP Thu Jan 21 16:15:07 EST 2021', machine='x86_64', processor='x86_64')  Threads 6
Python 3.7.0 (default, Jun 28 2018, 13:15:42) 
[GCC 7.2.0]
numpy 1.21.2  scipy 1.7.1
Date: Mon Nov 15 13:36:42 2021
PySCF version 1.7.6
PySCF path  /ihome/jkeith/amm503/.local/lib/python3.7/site-packages/pyscf

[CONFIG] conf_file None
[INPUT] verbose = 4
[INPUT] num. atoms = 2
[INPUT] num. electrons = 10
[INPUT] charge = -1
[INPUT] spin (= nelec alpha-beta = 2S) = 0
[INPUT] symmetry False subgroup None
[INPUT] Mole.unit = angstrom
[INPUT]  1 O      0.000000000000   0.000000000000   0.000000000000 AA    0.000000000000   0.000000000000   0.000000000000 Bohr
[INPUT]  2 H      1.000000000000   0.000000000000   0.000000000000 AA    1.889726124565   0.000000000000   0.000000000000 Bohr

nuclear repulsion = 4.23341768736
number of shells = 35
number of NR pGTOs = 166
number of NR cGTOs = 146
basis = cc-pV5Z
ecp = {}
CPU time:         2.50
Create scanner for <class 'pyscf.grad.ccsd.Gradients'>
Set <class 'pyscf.cc.ccsd.CCSD'> as a scanner
Create scanner for <class 'pyscf.scf.hf.RHF'>

Geometry optimization cycle 1
Cartesian coordinates (Angstrom)
 Atom        New coordinates             dX        dY        dZ
   O   0.000000   0.000000   0.000000    0.000000  0.000000  0.000000
   H   1.000000   0.000000   0.000000    0.000000  0.000000  0.000000
New geometry
   1 O      0.000000000000   0.000000000000   0.000000000000 AA    0.000000000000   0.000000000000   0.000000000000 Bohr

   2 H      1.000000000000   0.000000000000   0.000000000000 AA    1.889726124565   0.000000000000   0.000000000000 Bohr



******** <class 'pyscf.scf.hf.as_scanner.<locals>.SCF_Scanner'> ********
method = SCF_Scanner-RHF
initial guess = minao
damping factor = 0
level_shift factor = 0
DIIS = <class 'pyscf.scf.diis.CDIIS'>
diis_start_cycle = 1
diis_space = 16
SCF conv_tol = 1e-09
SCF conv_tol_grad = 1e-06
SCF max_cycles = 200
direct_scf = True
direct_scf_tol = 1e-13
max_memory 48000 MB (current use 145 MB)
init E= -75.0300121843385
  HOMO = -0.430043885065021  LUMO = 0.0734432383920657
cycle= 1 E= -75.2756535035534  delta_E= -0.246  |g|= 0.785  |ddm|= 0.732
  HOMO = 0.0995754923652541  LUMO = 0.325475240521445
cycle= 2 E= -75.3153814022205  delta_E= -0.0397  |g|= 0.735  |ddm|= 0.768
  HOMO = -0.0930326541125095  LUMO = 0.319630268789791
cycle= 3 E= -75.4099517699612  delta_E= -0.0946  |g|= 0.0217  |ddm|= 0.323
  HOMO = -0.0963081298827475  LUMO = 0.322184177624964
cycle= 4 E= -75.4101021330555  delta_E= -0.00015  |g|= 0.00602  |ddm|= 0.0223
  HOMO = -0.098247831417216  LUMO = 0.32210537598827
cycle= 5 E= -75.4101197261592  delta_E= -1.76e-05  |g|= 0.00159  |ddm|= 0.0105
  HOMO = -0.097976158798312  LUMO = 0.322164576141697
cycle= 6 E= -75.4101216122659  delta_E= -1.89e-06  |g|= 0.000513  |ddm|= 0.00305
  HOMO = -0.0979429837340164  LUMO = 0.322217630939862
cycle= 7 E= -75.4101218029585  delta_E= -1.91e-07  |g|= 8.68e-05  |ddm|= 0.000922
  HOMO = -0.0979650858472341  LUMO = 0.322224329388536
cycle= 8 E= -75.4101218107941  delta_E= -7.84e-09  |g|= 1.34e-05  |ddm|= 0.000278
  HOMO = -0.0979681806729759  LUMO = 0.322224608083091
cycle= 9 E= -75.4101218109291  delta_E= -1.35e-10  |g|= 2.04e-06  |ddm|= 7.44e-05
  HOMO = -0.0979675728165554  LUMO = 0.32222463600431
cycle= 10 E= -75.4101218109301  delta_E= -1.08e-12  |g|= 2.49e-07  |ddm|= 8.89e-06
  HOMO = -0.0979674758241149  LUMO = 0.322224652654194
Extra cycle  E= -75.4101218109302  delta_E= -1.42e-14  |g|= 1.45e-07  |ddm|= 3.45e-07
converged SCF energy = -75.4101218109302

******** <class 'pyscf.cc.ccsd.as_scanner.<locals>.CCSD_Scanner'> ********
CC2 = 0
CCSD nocc = 5, nmo = 146
max_cycle = 200
direct = 0
conv_tol = 1e-07
conv_tol_normt = 1e-05
diis_space = 12
diis_start_cycle = 0
diis_start_energy_diff = 1e+09
max_memory 48000 MB (current use 1522 MB)
Init t2, MP2 energy = -75.7552761230126  E_corr(MP2) -0.345154312082498
Init E_corr(CCSD) = -0.345154312082501
cycle = 1  E_corr(CCSD) = -0.329655073603524  dE = 0.0154992385  norm(t1,t2) = 0.0407415
cycle = 2  E_corr(CCSD) = -0.339085281612262  dE = -0.00943020801  norm(t1,t2) = 0.0155771
cycle = 3  E_corr(CCSD) = -0.338241345713671  dE = 0.000843935899  norm(t1,t2) = 0.00629869
cycle = 4  E_corr(CCSD) = -0.338775552150202  dE = -0.000534206437  norm(t1,t2) = 0.00233034
cycle = 5  E_corr(CCSD) = -0.338971247408565  dE = -0.000195695258  norm(t1,t2) = 0.00051671
cycle = 6  E_corr(CCSD) = -0.338937132201995  dE = 3.41152066e-05  norm(t1,t2) = 0.00019712
cycle = 7  E_corr(CCSD) = -0.338929430155744  dE = 7.70204625e-06  norm(t1,t2) = 5.36532e-05
cycle = 8  E_corr(CCSD) = -0.338932734052823  dE = -3.30389708e-06  norm(t1,t2) = 2.21512e-05
cycle = 9  E_corr(CCSD) = -0.338932532532928  dE = 2.01519895e-07  norm(t1,t2) = 4.70895e-06
cycle = 10  E_corr(CCSD) = -0.338932240417662  dE = 2.92115266e-07  norm(t1,t2) = 1.3148e-06
cycle = 11  E_corr(CCSD) = -0.338932273051939  dE = -3.26342766e-08  norm(t1,t2) = 3.82347e-07
CCSD_Scanner converged
E(CCSD_Scanner) = -75.74905408398209  E_corr = -0.3389322730519387
cycle = 1  norm(lambda1,lambda2) = 0.0128674
cycle = 2  norm(lambda1,lambda2) = 0.0029646
cycle = 3  norm(lambda1,lambda2) = 0.00177989
cycle = 4  norm(lambda1,lambda2) = 0.000633104
cycle = 5  norm(lambda1,lambda2) = 8.15469e-05
cycle = 6  norm(lambda1,lambda2) = 3.45154e-05
cycle = 7  norm(lambda1,lambda2) = 6.05101e-06
--------------- CCSD_Scanner gradients ---------------
         x                y                z
0 O    -0.0357820659    -0.0000000000     0.0000000000
1 H     0.0357820659     0.0000000000    -0.0000000000
----------------------------------------------
cycle 1: E = -75.749054084  dE = -75.7491  norm(grad) = 0.0506035

Geometry optimization cycle 2
Cartesian coordinates (Angstrom)
 Atom        New coordinates             dX        dY        dZ
   O   0.019853   0.000000  -0.000000    0.019853  0.000000 -0.000000
   H   0.980147  -0.000000   0.000000   -0.019853 -0.000000  0.000000
New geometry
   1 O      0.019852921849   0.000000000000  -0.000000000000 AA    0.037516585066   0.000000000000  -0.000000000000 Bohr

   2 H      0.980147078146  -0.000000000000   0.000000000000 AA    1.852209539489  -0.000000000000   0.000000000000 Bohr



******** <class 'pyscf.scf.hf.as_scanner.<locals>.SCF_Scanner'> ********
method = SCF_Scanner-RHF
initial guess = minao
damping factor = 0
level_shift factor = 0
DIIS = <class 'pyscf.scf.diis.CDIIS'>
diis_start_cycle = 1
diis_space = 16
SCF conv_tol = 1e-09
SCF conv_tol_grad = 1e-06
SCF max_cycles = 200
direct_scf = True
direct_scf_tol = 1e-13
max_memory 48000 MB (current use 383 MB)
init E= -75.4257790571378
  HOMO = -0.0875419866712026  LUMO = 0.331301523817206
cycle= 1 E= -75.4126996323479  delta_E= 0.0131  |g|= 0.0215  |ddm|= 0.0405
  HOMO = -0.10167029374052  LUMO = 0.323079013666755
cycle= 2 E= -75.4128053383384  delta_E= -0.000106  |g|= 0.0142  |ddm|= 0.0158
  HOMO = -0.0964795423610229  LUMO = 0.323534258390412
cycle= 3 E= -75.4128404203708  delta_E= -3.51e-05  |g|= 0.00438  |ddm|= 0.00717
  HOMO = -0.0969468469729729  LUMO = 0.323523364369066
cycle= 4 E= -75.4128476781514  delta_E= -7.26e-06  |g|= 0.0014  |ddm|= 0.00284
  HOMO = -0.0966185027907106  LUMO = 0.323394837397455
cycle= 5 E= -75.4128496107632  delta_E= -1.93e-06  |g|= 0.000358  |ddm|= 0.00272
  HOMO = -0.0967019593583014  LUMO = 0.323361287153099
cycle= 6 E= -75.4128496597421  delta_E= -4.9e-08  |g|= 3.18e-05  |ddm|= 0.000492
  HOMO = -0.0967017115382521  LUMO = 0.323360922469281
cycle= 7 E= -75.412849660383  delta_E= -6.41e-10  |g|= 6.4e-06  |ddm|= 6.83e-05
  HOMO = -0.0967005861355062  LUMO = 0.323361321434693
cycle= 8 E= -75.4128496604109  delta_E= -2.8e-11  |g|= 8.1e-07  |ddm|= 1.52e-05
  HOMO = -0.0967004260332893  LUMO = 0.323361369725755
Extra cycle  E= -75.4128496604112  delta_E= -2.42e-13  |g|= 3.59e-07  |ddm|= 2.47e-06
converged SCF energy = -75.4128496604112

******** <class 'pyscf.cc.ccsd.as_scanner.<locals>.CCSD_Scanner'> ********
CC2 = 0
CCSD nocc = 5, nmo = 146
max_cycle = 200
direct = 0
conv_tol = 1e-07
conv_tol_normt = 1e-05
diis_space = 12
diis_start_cycle = 0
diis_start_energy_diff = 1e+09
max_memory 48000 MB (current use 1701 MB)
Init E_corr(CCSD) = -0.105942893379569
cycle = 1  E_corr(CCSD) = -0.347354874371138  dE = -0.241411981  norm(t1,t2) = 0.198674
cycle = 2  E_corr(CCSD) = -0.330400932123915  dE = 0.0169539422  norm(t1,t2) = 0.0557589
cycle = 3  E_corr(CCSD) = -0.337326451283975  dE = -0.00692551916  norm(t1,t2) = 0.0158581
cycle = 4  E_corr(CCSD) = -0.337863124106715  dE = -0.000536672823  norm(t1,t2) = 0.00751531
cycle = 5  E_corr(CCSD) = -0.337635980428568  dE = 0.000227143678  norm(t1,t2) = 0.00193044
cycle = 6  E_corr(CCSD) = -0.337712348916905  dE = -7.63684883e-05  norm(t1,t2) = 0.000658984
cycle = 7  E_corr(CCSD) = -0.337717962162155  dE = -5.61324525e-06  norm(t1,t2) = 0.000163143
cycle = 8  E_corr(CCSD) = -0.337708849890865  dE = 9.11227129e-06  norm(t1,t2) = 5.01506e-05
cycle = 9  E_corr(CCSD) = -0.3377085197073  dE = 3.30183565e-07  norm(t1,t2) = 1.15094e-05
cycle = 10  E_corr(CCSD) = -0.337708186719523  dE = 3.32987777e-07  norm(t1,t2) = 3.36101e-06
cycle = 11  E_corr(CCSD) = -0.337708034592472  dE = 1.52127051e-07  norm(t1,t2) = 1.22108e-06
cycle = 12  E_corr(CCSD) = -0.337708046271335  dE = -1.16788624e-08  norm(t1,t2) = 5.95882e-07
CCSD_Scanner converged
E(CCSD_Scanner) = -75.75055770668246  E_corr = -0.3377080462713349
cycle = 1  norm(lambda1,lambda2) = 0.199538
cycle = 2  norm(lambda1,lambda2) = 0.0447611
cycle = 3  norm(lambda1,lambda2) = 0.0137413
cycle = 4  norm(lambda1,lambda2) = 0.00537412
cycle = 5  norm(lambda1,lambda2) = 0.00138292
cycle = 6  norm(lambda1,lambda2) = 0.000488419
cycle = 7  norm(lambda1,lambda2) = 0.000132067
cycle = 8  norm(lambda1,lambda2) = 4.04923e-05
cycle = 9  norm(lambda1,lambda2) = 1.03441e-05
cycle = 10  norm(lambda1,lambda2) = 3.5398e-06
--------------- CCSD_Scanner gradients ---------------
         x                y                z
0 O    -0.0026411248     0.0000000151    -0.0000000490
1 H     0.0026411248    -0.0000000151     0.0000000490
----------------------------------------------
cycle 2: E = -75.7505577067  dE = -0.00150362  norm(grad) = 0.00373511

Geometry optimization cycle 3
Cartesian coordinates (Angstrom)
 Atom        New coordinates             dX        dY        dZ
   O   0.021435  -0.000000   0.000001    0.001582 -0.000000  0.000001
   H   0.978565   0.000000  -0.000001   -0.001582  0.000000 -0.000001
New geometry
   1 O      0.021435075038  -0.000000318066   0.000001032579 AA    0.040506421281  -0.000000601057   0.000001951292 Bohr

   2 H      0.978564924989   0.000000318066  -0.000001032579 AA    1.849219703335   0.000000601057  -0.000001951292 Bohr



******** <class 'pyscf.scf.hf.as_scanner.<locals>.SCF_Scanner'> ********
method = SCF_Scanner-RHF
initial guess = minao
damping factor = 0
level_shift factor = 0
DIIS = <class 'pyscf.scf.diis.CDIIS'>
diis_start_cycle = 1
diis_space = 16
SCF conv_tol = 1e-09
SCF conv_tol_grad = 1e-06
SCF max_cycles = 200
direct_scf = True
direct_scf_tol = 1e-13
max_memory 48000 MB (current use 440 MB)
init E= -75.4141170954883
  HOMO = -0.0957003480333708  LUMO = 0.324169168979133
cycle= 1 E= -75.4129516077844  delta_E= 0.00117  |g|= 0.00197  |ddm|= 0.00337
  HOMO = -0.0971028517504  LUMO = 0.323426369278786
cycle= 2 E= -75.4129523645501  delta_E= -7.57e-07  |g|= 0.00144  |ddm|= 0.00151
  HOMO = -0.0966119570133626  LUMO = 0.323465515431022
cycle= 3 E= -75.4129527106959  delta_E= -3.46e-07  |g|= 0.000337  |ddm|= 0.000666
  HOMO = -0.0966341322976189  LUMO = 0.323467038222962
cycle= 4 E= -75.4129527575496  delta_E= -4.69e-08  |g|= 0.000111  |ddm|= 0.000232
  HOMO = -0.096609925432442  LUMO = 0.32345681700084
cycle= 5 E= -75.4129527697693  delta_E= -1.22e-08  |g|= 2.96e-05  |ddm|= 0.000211
  HOMO = -0.0966168377218739  LUMO = 0.32345410998259
cycle= 6 E= -75.4129527701104  delta_E= -3.41e-10  |g|= 2.69e-06  |ddm|= 4.11e-05
  HOMO = -0.0966169107794338  LUMO = 0.323454037214904
cycle= 7 E= -75.412952770115  delta_E= -4.58e-12  |g|= 5.38e-07  |ddm|= 5.89e-06
  HOMO = -0.0966167549255878  LUMO = 0.323454063311335
Extra cycle  E= -75.4129527701149  delta_E= 5.68e-14  |g|= 2.77e-07  |ddm|= 8.96e-07
converged SCF energy = -75.4129527701149

******** <class 'pyscf.cc.ccsd.as_scanner.<locals>.CCSD_Scanner'> ********
CC2 = 0
CCSD nocc = 5, nmo = 146
max_cycle = 200
direct = 0
conv_tol = 1e-07
conv_tol_normt = 1e-05
diis_space = 12
diis_start_cycle = 0
diis_start_energy_diff = 1e+09
max_memory 48000 MB (current use 1758 MB)
Init E_corr(CCSD) = -0.247259171162123
cycle = 1  E_corr(CCSD) = -0.33975554168599  dE = -0.0924963705  norm(t1,t2) = 0.101807
cycle = 2  E_corr(CCSD) = -0.336229772219881  dE = 0.00352576947  norm(t1,t2) = 0.0246309
cycle = 3  E_corr(CCSD) = -0.338037052934252  dE = -0.00180728071  norm(t1,t2) = 0.00692303
cycle = 4  E_corr(CCSD) = -0.337636368766504  dE = 0.000400684168  norm(t1,t2) = 0.0035024
cycle = 5  E_corr(CCSD) = -0.337619249964088  dE = 1.71188024e-05  norm(t1,t2) = 0.000969618
cycle = 6  E_corr(CCSD) = -0.337611073889552  dE = 8.17607454e-06  norm(t1,t2) = 0.000246598
cycle = 7  E_corr(CCSD) = -0.337611097781238  dE = -2.38916852e-08  norm(t1,t2) = 7.16327e-05
cycle = 8  E_corr(CCSD) = -0.337611835748067  dE = -7.37966829e-07  norm(t1,t2) = 1.9964e-05
cycle = 9  E_corr(CCSD) = -0.33761144405657  dE = 3.91691497e-07  norm(t1,t2) = 5.73772e-06
cycle = 10  E_corr(CCSD) = -0.337611520441821  dE = -7.63852505e-08  norm(t1,t2) = 1.52531e-06
CCSD_Scanner converged
E(CCSD_Scanner) = -75.7505642905568  E_corr = -0.3376115204418205
cycle = 1  norm(lambda1,lambda2) = 0.100036
cycle = 2  norm(lambda1,lambda2) = 0.0211405
cycle = 3  norm(lambda1,lambda2) = 0.00570352
cycle = 4  norm(lambda1,lambda2) = 0.00288919
cycle = 5  norm(lambda1,lambda2) = 0.000793537
cycle = 6  norm(lambda1,lambda2) = 0.000214557
cycle = 7  norm(lambda1,lambda2) = 5.93767e-05
cycle = 8  norm(lambda1,lambda2) = 1.90811e-05
cycle = 9  norm(lambda1,lambda2) = 5.04868e-06
--------------- CCSD_Scanner gradients ---------------
         x                y                z
0 O     0.0004488109     0.0000000010    -0.0000000021
1 H    -0.0004488109    -0.0000000010     0.0000000021
----------------------------------------------
cycle 3: E = -75.7505642906  dE = -6.58387e-06  norm(grad) = 0.000634714

Geometry optimization cycle 4
Cartesian coordinates (Angstrom)
 Atom        New coordinates             dX        dY        dZ
   O   0.021205  -0.000000   0.000001   -0.000230 -0.000000  0.000000
   H   0.978795   0.000000  -0.000001    0.000230  0.000000 -0.000000
New geometry
   1 O      0.021205268432  -0.000000325578   0.000001040618 AA    0.040072149735  -0.000000615254   0.000001966482 Bohr

   2 H      0.978794731570   0.000000325578  -0.000001040618 AA    1.849653974835   0.000000615254  -0.000001966482 Bohr



******** <class 'pyscf.scf.hf.as_scanner.<locals>.SCF_Scanner'> ********
method = SCF_Scanner-RHF
initial guess = minao
damping factor = 0
level_shift factor = 0
DIIS = <class 'pyscf.scf.diis.CDIIS'>
diis_start_cycle = 1
diis_space = 16
SCF conv_tol = 1e-09
SCF conv_tol_grad = 1e-06
SCF max_cycles = 200
direct_scf = True
direct_scf_tol = 1e-13
max_memory 48000 MB (current use 402 MB)
init E= -75.4127681453099
  HOMO = -0.0967642560799375  LUMO = 0.323335696275668
cycle= 1 E= -75.4129389297093  delta_E= -0.000171  |g|= 0.00029  |ddm|= 0.000491
  HOMO = -0.0965569967191258  LUMO = 0.323444674233938
cycle= 2 E= -75.412938945855  delta_E= -1.61e-08  |g|= 0.000213  |ddm|= 0.000223
  HOMO = -0.0966293223476065  LUMO = 0.323438949918788
cycle= 3 E= -75.4129389534357  delta_E= -7.58e-09  |g|= 4.88e-05  |ddm|= 9.81e-05
  HOMO = -0.0966262960047788  LUMO = 0.323438704433671
cycle= 4 E= -75.4129389544261  delta_E= -9.9e-10  |g|= 1.62e-05  |ddm|= 3.38e-05
  HOMO = -0.0966298011534916  LUMO = 0.323440192248375
cycle= 5 E= -75.4129389546846  delta_E= -2.59e-10  |g|= 4.31e-06  |ddm|= 3.07e-05
  HOMO = -0.0966287945088749  LUMO = 0.323440586607032
cycle= 6 E= -75.4129389546917  delta_E= -7.01e-12  |g|= 3.94e-07  |ddm|= 6e-06
  HOMO = -0.0966287995759468  LUMO = 0.323440590210414
Extra cycle  E= -75.4129389546921  delta_E= -4.26e-13  |g|= 1.5e-07  |ddm|= 6.21e-07
converged SCF energy = -75.4129389546921

******** <class 'pyscf.cc.ccsd.as_scanner.<locals>.CCSD_Scanner'> ********
CC2 = 0
CCSD nocc = 5, nmo = 146
max_cycle = 200
direct = 0
conv_tol = 1e-07
conv_tol_normt = 1e-05
diis_space = 12
diis_start_cycle = 0
diis_start_energy_diff = 1e+09
max_memory 48000 MB (current use 1741 MB)
Init E_corr(CCSD) = -0.16735863819968
cycle = 1  E_corr(CCSD) = -0.350328145965302  dE = -0.182969508  norm(t1,t2) = 0.168124
cycle = 2  E_corr(CCSD) = -0.332854131724046  dE = 0.0174740142  norm(t1,t2) = 0.0501037
cycle = 3  E_corr(CCSD) = -0.338010211683313  dE = -0.00515607996  norm(t1,t2) = 0.0150481
cycle = 4  E_corr(CCSD) = -0.337866060689865  dE = 0.000144150993  norm(t1,t2) = 0.00714786
cycle = 5  E_corr(CCSD) = -0.33755299767683  dE = 0.000313063013  norm(t1,t2) = 0.00177102
cycle = 6  E_corr(CCSD) = -0.337620469625821  dE = -6.7471949e-05  norm(t1,t2) = 0.000641979
cycle = 7  E_corr(CCSD) = -0.337632347598202  dE = -1.18779724e-05  norm(t1,t2) = 0.000167459
cycle = 8  E_corr(CCSD) = -0.337625610507123  dE = 6.73709108e-06  norm(t1,t2) = 4.38364e-05
cycle = 9  E_corr(CCSD) = -0.337625612392996  dE = -1.88587279e-09  norm(t1,t2) = 1.64487e-05
cycle = 10  E_corr(CCSD) = -0.337625581475847  dE = 3.09171492e-08  norm(t1,t2) = 5.66828e-06
CCSD_Scanner converged
E(CCSD_Scanner) = -75.75056453616793  E_corr = -0.3376255814758466
cycle = 1  norm(lambda1,lambda2) = 0.168311
cycle = 2  norm(lambda1,lambda2) = 0.0381621
cycle = 3  norm(lambda1,lambda2) = 0.012477
cycle = 4  norm(lambda1,lambda2) = 0.00500059
cycle = 5  norm(lambda1,lambda2) = 0.00123323
cycle = 6  norm(lambda1,lambda2) = 0.000473589
cycle = 7  norm(lambda1,lambda2) = 0.000131771
cycle = 8  norm(lambda1,lambda2) = 3.33788e-05
cycle = 9  norm(lambda1,lambda2) = 1.15337e-05
cycle = 10  norm(lambda1,lambda2) = 4.39307e-06
--------------- CCSD_Scanner gradients ---------------
         x                y                z
0 O    -0.0000042874    -0.0000000000     0.0000000000
1 H     0.0000042875     0.0000000000    -0.0000000000
----------------------------------------------
cycle 4: E = -75.7505645362  dE = -2.45611e-07  norm(grad) = 6.06337e-06
