-=#  geomeTRIC started. Version: 0.9.7.2  #=-
geometric-optimize called with the following command line:
apdft-pyscf-calc.py
6 internal coordinates being used (instead of 6 Cartesians)
Internal coordinate system (atoms numbered from 1):
Distance 1-2
Translation-X 1-2
Translation-Y 1-2
Translation-Z 1-2
Rotation-A 1-2
Rotation-B 1-2
Rotation-C 1-2
<class 'geometric.internal.Distance'> : 1
<class 'geometric.internal.TranslationX'> : 1
<class 'geometric.internal.TranslationY'> : 1
<class 'geometric.internal.TranslationZ'> : 1
<class 'geometric.internal.RotationA'> : 1
<class 'geometric.internal.RotationB'> : 1
<class 'geometric.internal.RotationC'> : 1
WARN: alpha nocc = 4  HOMO -0.0801286435089685 >= LUMO -0.0801286435089642
WARN: system HOMO -0.0801286435089685 >= system LUMO -0.270229664905762
Step    0 : Gradient = 9.620e-02/9.620e-02 (rms/max) Energy = -38.0076033739
Hessian Eigenvalues: 5.00000e-02 5.00000e-02 5.00000e-02 ... 5.00000e-02 5.00000e-02 4.76883e-01
Step    1 : Displace = 5.338e-02/5.338e-02 (rms/max) Trust = 1.000e-01 (=) Grad = 1.077e-02/1.077e-02 (rms/max) E (change) = -38.0174796980 (-9.876e-03) Quality = 1.018
Hessian Eigenvalues: 5.00000e-02 5.00000e-02 5.00000e-02 ... 5.00000e-02 5.00000e-02 4.23484e-01
Step    2 : Displace = 6.731e-03/6.731e-03 (rms/max) Trust = 1.414e-01 (+) Grad = 3.461e-03/3.461e-03 (rms/max) E (change) = -38.0176593042 (-1.796e-04) Quality = 1.311
Hessian Eigenvalues: 5.00000e-02 5.00000e-02 5.00000e-02 ... 5.00000e-02 5.00000e-02 2.87425e-01
Step    3 : Displace = 3.186e-03/3.186e-03 (rms/max) Trust = 2.000e-01 (+) Grad = 2.156e-04/2.156e-04 (rms/max) E (change) = -38.0176812865 (-2.198e-05) Quality = 1.055
Hessian Eigenvalues: 5.00000e-02 5.00000e-02 5.00000e-02 ... 5.00000e-02 5.00000e-02 2.69522e-01
Step    4 : Displace = 2.116e-04/2.116e-04 (rms/max) Trust = 2.828e-01 (+) Grad = 4.230e-06/4.230e-06 (rms/max) E (change) = -38.0176812483 (+3.822e-08) Quality = -0.443
Converged! =D

    #==========================================================================#
    #| If this code has benefited your research, please support us by citing: |#
    #|                                                                        |#
    #| Wang, L.-P.; Song, C.C. (2016) "Geometry optimization made simple with |#
    #| translation and rotation coordinates", J. Chem, Phys. 144, 214108.     |#
    #| http://dx.doi.org/10.1063/1.4952956                                    |#
    #==========================================================================#
    
Time elapsed since start of run_optimizer: 536.101 seconds
output file: /ihome/jkeith/amm503/projects/apdft/dimer-geo-opt/c.h/c.h.chrg1.mult3/c.h.chrg1.mult3.geomopt/c.h.chrg1.mult3.sep1.0-pyscf.apdft-ccsdt.ccpv5z/c.h.chrg1.mult3-pyscf-ccsdt.ccpv5z.log
Optimized bond length = 1.1270102468663101 A

